ARM GAS  /tmp/ccc9Mioa.s 			page 1


   1              		.syntax unified
   2              		.cpu cortex-m4
   3              		.fpu softvfp
   4              		.eabi_attribute 20, 1
   5              		.eabi_attribute 21, 1
   6              		.eabi_attribute 23, 3
   7              		.eabi_attribute 24, 1
   8              		.eabi_attribute 25, 1
   9              		.eabi_attribute 26, 1
  10              		.eabi_attribute 30, 2
  11              		.eabi_attribute 34, 1
  12              		.eabi_attribute 18, 4
  13              		.thumb
  14              		.file	"bluetooth.c"
  15              		.text
  16              	.Ltext0:
  17              		.cfi_sections	.debug_frame
  18              		.section	.text.btReset,"ax",%progbits
  19              		.align	2
  20              		.p2align 4,,15
  21              		.global	btReset
  22              		.thumb
  23              		.thumb_func
  24              		.type	btReset, %function
  25              	btReset:
  26              	.LFB118:
  27              		.file 1 "bluetooth.c"
  28              		.loc 1 7 0
  29              		.cfi_startproc
  30              		@ args = 0, pretend = 0, frame = 0
  31              		@ frame_needed = 0, uses_anonymous_args = 0
  32              	.LVL0:
  33 0000 38B5     		push	{r3, r4, r5, lr}
  34              	.LCFI0:
  35              		.cfi_def_cfa_offset 16
  36              		.cfi_offset 3, -16
  37              		.cfi_offset 4, -12
  38              		.cfi_offset 5, -8
  39              		.cfi_offset 14, -4
  40              		.loc 1 9 0
  41 0002 044C     		ldr	r4, .L2
  42 0004 0225     		movs	r5, #2
  43              		.loc 1 10 0
  44 0006 0A20     		movs	r0, #10
  45              	.LVL1:
  46              		.loc 1 9 0
  47 0008 6583     		strh	r5, [r4, #26]	@ movhi
  48              		.loc 1 10 0
  49 000a FFF7FEFF 		bl	chThdSleep
  50              	.LVL2:
  51              		.loc 1 11 0
  52 000e 2583     		strh	r5, [r4, #24]	@ movhi
  53 0010 38BD     		pop	{r3, r4, r5, pc}
  54              	.L3:
  55 0012 00BF     		.align	2
  56              	.L2:
  57 0014 000C0240 		.word	1073875968
ARM GAS  /tmp/ccc9Mioa.s 			page 2


  58              		.cfi_endproc
  59              	.LFE118:
  60              		.size	btReset, .-btReset
  61 0018 AFF30080 		.text
  61      AFF30080 
  62              	.Letext0:
  63              		.file 2 "/home/dpeter/CodeSourcery/Sourcery_CodeBench_Lite_for_ARM_EABI/bin/../lib/gcc/arm-none-ea
  64              		.file 3 "/home/dpeter/CodeSourcery/Sourcery_CodeBench_Lite_for_ARM_EABI/bin/../lib/gcc/arm-none-ea
  65              		.file 4 "/home/dpeter/devel/sources/ChibiOS-RT/os/ports/GCC/ARMCMx/chtypes.h"
  66              		.file 5 "/home/dpeter/devel/sources/ChibiOS-RT/os/kernel/include/chlists.h"
  67              		.file 6 "/home/dpeter/devel/sources/ChibiOS-RT/os/kernel/include/chthreads.h"
  68              		.file 7 "/home/dpeter/devel/sources/ChibiOS-RT/os/ports/GCC/ARMCMx/chcore_v7m.h"
  69              		.file 8 "/home/dpeter/devel/sources/ChibiOS-RT/os/kernel/include/chmtx.h"
  70              		.file 9 "/home/dpeter/devel/sources/ChibiOS-RT/os/kernel/include/chevents.h"
  71              		.file 10 "/home/dpeter/devel/sources/ChibiOS-RT/os/kernel/include/chqueues.h"
  72              		.file 11 "/home/dpeter/devel/sources/ChibiOS-RT/os/hal/platforms/STM32F4xx/stm32f4xx.h"
  73              		.file 12 "/home/dpeter/devel/sources/ChibiOS-RT/os/hal/platforms/STM32/GPIOv2/pal_lld.h"
  74              		.file 13 "/home/dpeter/devel/sources/ChibiOS-RT/os/hal/include/serial.h"
  75              		.file 14 "bluetooth.h"
  76              		.file 15 "/home/dpeter/devel/sources/ChibiOS-RT/os/ports/common/ARMCMx/CMSIS/include/core_cm4.h"
  77              		.section	.debug_info,"",%progbits
  78              	.Ldebug_info0:
  79 0000 A10A0000 		.4byte	0xaa1
  80 0004 0200     		.2byte	0x2
  81 0006 00000000 		.4byte	.Ldebug_abbrev0
  82 000a 04       		.byte	0x4
  83 000b 01       		.uleb128 0x1
  84 000c 99020000 		.4byte	.LASF129
  85 0010 01       		.byte	0x1
  86 0011 55040000 		.4byte	.LASF130
  87 0015 B6010000 		.4byte	.LASF131
  88 0019 00000000 		.4byte	.Ldebug_ranges0+0
  89 001d 00000000 		.4byte	0
  90 0021 00000000 		.4byte	0
  91 0025 00000000 		.4byte	.Ldebug_line0
  92 0029 02       		.uleb128 0x2
  93 002a 04       		.byte	0x4
  94 002b 05       		.byte	0x5
  95 002c 696E7400 		.ascii	"int\000"
  96 0030 03       		.uleb128 0x3
  97 0031 00000000 		.4byte	.LASF2
  98 0035 02       		.byte	0x2
  99 0036 D5       		.byte	0xd5
 100 0037 3B000000 		.4byte	0x3b
 101 003b 04       		.uleb128 0x4
 102 003c 04       		.byte	0x4
 103 003d 07       		.byte	0x7
 104 003e 52010000 		.4byte	.LASF0
 105 0042 04       		.uleb128 0x4
 106 0043 01       		.byte	0x1
 107 0044 06       		.byte	0x6
 108 0045 A1000000 		.4byte	.LASF1
 109 0049 03       		.uleb128 0x3
 110 004a 84040000 		.4byte	.LASF3
 111 004e 03       		.byte	0x3
 112 004f 2A       		.byte	0x2a
 113 0050 54000000 		.4byte	0x54
ARM GAS  /tmp/ccc9Mioa.s 			page 3


 114 0054 04       		.uleb128 0x4
 115 0055 01       		.byte	0x1
 116 0056 08       		.byte	0x8
 117 0057 2B030000 		.4byte	.LASF4
 118 005b 04       		.uleb128 0x4
 119 005c 02       		.byte	0x2
 120 005d 05       		.byte	0x5
 121 005e 58030000 		.4byte	.LASF5
 122 0062 03       		.uleb128 0x3
 123 0063 5F010000 		.4byte	.LASF6
 124 0067 03       		.byte	0x3
 125 0068 36       		.byte	0x36
 126 0069 6D000000 		.4byte	0x6d
 127 006d 04       		.uleb128 0x4
 128 006e 02       		.byte	0x2
 129 006f 07       		.byte	0x7
 130 0070 9D010000 		.4byte	.LASF7
 131 0074 03       		.uleb128 0x3
 132 0075 23030000 		.4byte	.LASF8
 133 0079 03       		.byte	0x3
 134 007a 4F       		.byte	0x4f
 135 007b 7F000000 		.4byte	0x7f
 136 007f 04       		.uleb128 0x4
 137 0080 04       		.byte	0x4
 138 0081 05       		.byte	0x5
 139 0082 D7000000 		.4byte	.LASF9
 140 0086 03       		.uleb128 0x3
 141 0087 42040000 		.4byte	.LASF10
 142 008b 03       		.byte	0x3
 143 008c 50       		.byte	0x50
 144 008d 91000000 		.4byte	0x91
 145 0091 04       		.uleb128 0x4
 146 0092 04       		.byte	0x4
 147 0093 07       		.byte	0x7
 148 0094 ED030000 		.4byte	.LASF11
 149 0098 04       		.uleb128 0x4
 150 0099 08       		.byte	0x8
 151 009a 05       		.byte	0x5
 152 009b 93000000 		.4byte	.LASF12
 153 009f 04       		.uleb128 0x4
 154 00a0 08       		.byte	0x8
 155 00a1 07       		.byte	0x7
 156 00a2 49000000 		.4byte	.LASF13
 157 00a6 04       		.uleb128 0x4
 158 00a7 01       		.byte	0x1
 159 00a8 02       		.byte	0x2
 160 00a9 1D030000 		.4byte	.LASF14
 161 00ad 03       		.uleb128 0x3
 162 00ae 06020000 		.4byte	.LASF15
 163 00b2 04       		.byte	0x4
 164 00b3 25       		.byte	0x25
 165 00b4 49000000 		.4byte	0x49
 166 00b8 03       		.uleb128 0x3
 167 00b9 E0000000 		.4byte	.LASF16
 168 00bd 04       		.byte	0x4
 169 00be 26       		.byte	0x26
 170 00bf 49000000 		.4byte	0x49
ARM GAS  /tmp/ccc9Mioa.s 			page 4


 171 00c3 03       		.uleb128 0x3
 172 00c4 C2020000 		.4byte	.LASF17
 173 00c8 04       		.byte	0x4
 174 00c9 27       		.byte	0x27
 175 00ca 49000000 		.4byte	0x49
 176 00ce 03       		.uleb128 0x3
 177 00cf C7000000 		.4byte	.LASF18
 178 00d3 04       		.byte	0x4
 179 00d4 28       		.byte	0x28
 180 00d5 49000000 		.4byte	0x49
 181 00d9 03       		.uleb128 0x3
 182 00da 0D030000 		.4byte	.LASF19
 183 00de 04       		.byte	0x4
 184 00df 29       		.byte	0x29
 185 00e0 86000000 		.4byte	0x86
 186 00e4 03       		.uleb128 0x3
 187 00e5 E4010000 		.4byte	.LASF20
 188 00e9 04       		.byte	0x4
 189 00ea 2A       		.byte	0x2a
 190 00eb 74000000 		.4byte	0x74
 191 00ef 03       		.uleb128 0x3
 192 00f0 1A020000 		.4byte	.LASF21
 193 00f4 04       		.byte	0x4
 194 00f5 2C       		.byte	0x2c
 195 00f6 86000000 		.4byte	0x86
 196 00fa 03       		.uleb128 0x3
 197 00fb A6030000 		.4byte	.LASF22
 198 00ff 04       		.byte	0x4
 199 0100 2D       		.byte	0x2d
 200 0101 86000000 		.4byte	0x86
 201 0105 03       		.uleb128 0x3
 202 0106 15040000 		.4byte	.LASF23
 203 010a 04       		.byte	0x4
 204 010b 2E       		.byte	0x2e
 205 010c 86000000 		.4byte	0x86
 206 0110 03       		.uleb128 0x3
 207 0111 9A030000 		.4byte	.LASF24
 208 0115 05       		.byte	0x5
 209 0116 23       		.byte	0x23
 210 0117 1B010000 		.4byte	0x11b
 211 011b 05       		.uleb128 0x5
 212 011c 9A030000 		.4byte	.LASF24
 213 0120 48       		.byte	0x48
 214 0121 06       		.byte	0x6
 215 0122 57       		.byte	0x57
 216 0123 40020000 		.4byte	0x240
 217 0127 06       		.uleb128 0x6
 218 0128 7B030000 		.4byte	.LASF25
 219 012c 06       		.byte	0x6
 220 012d 58       		.byte	0x58
 221 012e 65020000 		.4byte	0x265
 222 0132 02       		.byte	0x2
 223 0133 23       		.byte	0x23
 224 0134 00       		.uleb128 0
 225 0135 06       		.uleb128 0x6
 226 0136 FC020000 		.4byte	.LASF26
 227 013a 06       		.byte	0x6
ARM GAS  /tmp/ccc9Mioa.s 			page 5


 228 013b 5A       		.byte	0x5a
 229 013c 65020000 		.4byte	0x265
 230 0140 02       		.byte	0x2
 231 0141 23       		.byte	0x23
 232 0142 04       		.uleb128 0x4
 233 0143 06       		.uleb128 0x6
 234 0144 7C000000 		.4byte	.LASF27
 235 0148 06       		.byte	0x6
 236 0149 5C       		.byte	0x5c
 237 014a D9000000 		.4byte	0xd9
 238 014e 02       		.byte	0x2
 239 014f 23       		.byte	0x23
 240 0150 08       		.uleb128 0x8
 241 0151 06       		.uleb128 0x6
 242 0152 C4040000 		.4byte	.LASF28
 243 0156 06       		.byte	0x6
 244 0157 5D       		.byte	0x5d
 245 0158 33030000 		.4byte	0x333
 246 015c 02       		.byte	0x2
 247 015d 23       		.byte	0x23
 248 015e 0C       		.uleb128 0xc
 249 015f 06       		.uleb128 0x6
 250 0160 10010000 		.4byte	.LASF29
 251 0164 06       		.byte	0x6
 252 0165 5F       		.byte	0x5f
 253 0166 65020000 		.4byte	0x265
 254 016a 02       		.byte	0x2
 255 016b 23       		.byte	0x23
 256 016c 10       		.uleb128 0x10
 257 016d 06       		.uleb128 0x6
 258 016e 81020000 		.4byte	.LASF30
 259 0172 06       		.byte	0x6
 260 0173 60       		.byte	0x60
 261 0174 65020000 		.4byte	0x265
 262 0178 02       		.byte	0x2
 263 0179 23       		.byte	0x23
 264 017a 14       		.uleb128 0x14
 265 017b 06       		.uleb128 0x6
 266 017c 67040000 		.4byte	.LASF31
 267 0180 06       		.byte	0x6
 268 0181 67       		.byte	0x67
 269 0182 60040000 		.4byte	0x460
 270 0186 02       		.byte	0x2
 271 0187 23       		.byte	0x23
 272 0188 18       		.uleb128 0x18
 273 0189 06       		.uleb128 0x6
 274 018a 62030000 		.4byte	.LASF32
 275 018e 06       		.byte	0x6
 276 018f 72       		.byte	0x72
 277 0190 B8000000 		.4byte	0xb8
 278 0194 02       		.byte	0x2
 279 0195 23       		.byte	0x23
 280 0196 1C       		.uleb128 0x1c
 281 0197 06       		.uleb128 0x6
 282 0198 82030000 		.4byte	.LASF33
 283 019c 06       		.byte	0x6
 284 019d 76       		.byte	0x76
ARM GAS  /tmp/ccc9Mioa.s 			page 6


 285 019e AD000000 		.4byte	0xad
 286 01a2 02       		.byte	0x2
 287 01a3 23       		.byte	0x23
 288 01a4 1D       		.uleb128 0x1d
 289 01a5 06       		.uleb128 0x6
 290 01a6 E9000000 		.4byte	.LASF34
 291 01aa 06       		.byte	0x6
 292 01ab 7B       		.byte	0x7b
 293 01ac C3000000 		.4byte	0xc3
 294 01b0 02       		.byte	0x2
 295 01b1 23       		.byte	0x23
 296 01b2 1E       		.uleb128 0x1e
 297 01b3 06       		.uleb128 0x6
 298 01b4 6A030000 		.4byte	.LASF35
 299 01b8 06       		.byte	0x6
 300 01b9 81       		.byte	0x81
 301 01ba CE000000 		.4byte	0xce
 302 01be 02       		.byte	0x2
 303 01bf 23       		.byte	0x23
 304 01c0 1F       		.uleb128 0x1f
 305 01c1 06       		.uleb128 0x6
 306 01c2 01010000 		.4byte	.LASF36
 307 01c6 06       		.byte	0x6
 308 01c7 88       		.byte	0x88
 309 01c8 62030000 		.4byte	0x362
 310 01cc 02       		.byte	0x2
 311 01cd 23       		.byte	0x23
 312 01ce 20       		.uleb128 0x20
 313 01cf 07       		.uleb128 0x7
 314 01d0 705F7500 		.ascii	"p_u\000"
 315 01d4 06       		.byte	0x6
 316 01d5 AD       		.byte	0xad
 317 01d6 2B040000 		.4byte	0x42b
 318 01da 02       		.byte	0x2
 319 01db 23       		.byte	0x23
 320 01dc 24       		.uleb128 0x24
 321 01dd 06       		.uleb128 0x6
 322 01de CA040000 		.4byte	.LASF37
 323 01e2 06       		.byte	0x6
 324 01e3 B2       		.byte	0xb2
 325 01e4 8D020000 		.4byte	0x28d
 326 01e8 02       		.byte	0x2
 327 01e9 23       		.byte	0x23
 328 01ea 28       		.uleb128 0x28
 329 01eb 06       		.uleb128 0x6
 330 01ec 75010000 		.4byte	.LASF38
 331 01f0 06       		.byte	0x6
 332 01f1 B8       		.byte	0xb8
 333 01f2 6B020000 		.4byte	0x26b
 334 01f6 02       		.byte	0x2
 335 01f7 23       		.byte	0x23
 336 01f8 2C       		.uleb128 0x2c
 337 01f9 06       		.uleb128 0x6
 338 01fa AA040000 		.4byte	.LASF39
 339 01fe 06       		.byte	0x6
 340 01ff BC       		.byte	0xbc
 341 0200 E4000000 		.4byte	0xe4
ARM GAS  /tmp/ccc9Mioa.s 			page 7


 342 0204 02       		.byte	0x2
 343 0205 23       		.byte	0x23
 344 0206 34       		.uleb128 0x34
 345 0207 06       		.uleb128 0x6
 346 0208 B2030000 		.4byte	.LASF40
 347 020c 06       		.byte	0x6
 348 020d C2       		.byte	0xc2
 349 020e EF000000 		.4byte	0xef
 350 0212 02       		.byte	0x2
 351 0213 23       		.byte	0x23
 352 0214 38       		.uleb128 0x38
 353 0215 06       		.uleb128 0x6
 354 0216 4E030000 		.4byte	.LASF41
 355 021a 06       		.byte	0x6
 356 021b C9       		.byte	0xc9
 357 021c 72040000 		.4byte	0x472
 358 0220 02       		.byte	0x2
 359 0221 23       		.byte	0x23
 360 0222 3C       		.uleb128 0x3c
 361 0223 06       		.uleb128 0x6
 362 0224 1F040000 		.4byte	.LASF42
 363 0228 06       		.byte	0x6
 364 0229 CD       		.byte	0xcd
 365 022a D9000000 		.4byte	0xd9
 366 022e 02       		.byte	0x2
 367 022f 23       		.byte	0x23
 368 0230 40       		.uleb128 0x40
 369 0231 06       		.uleb128 0x6
 370 0232 B7000000 		.4byte	.LASF43
 371 0236 06       		.byte	0x6
 372 0237 D3       		.byte	0xd3
 373 0238 A3020000 		.4byte	0x2a3
 374 023c 02       		.byte	0x2
 375 023d 23       		.byte	0x23
 376 023e 44       		.uleb128 0x44
 377 023f 00       		.byte	0
 378 0240 08       		.uleb128 0x8
 379 0241 08       		.byte	0x8
 380 0242 05       		.byte	0x5
 381 0243 5A       		.byte	0x5a
 382 0244 65020000 		.4byte	0x265
 383 0248 06       		.uleb128 0x6
 384 0249 7B030000 		.4byte	.LASF25
 385 024d 05       		.byte	0x5
 386 024e 5B       		.byte	0x5b
 387 024f 65020000 		.4byte	0x265
 388 0253 02       		.byte	0x2
 389 0254 23       		.byte	0x23
 390 0255 00       		.uleb128 0
 391 0256 06       		.uleb128 0x6
 392 0257 FC020000 		.4byte	.LASF26
 393 025b 05       		.byte	0x5
 394 025c 5D       		.byte	0x5d
 395 025d 65020000 		.4byte	0x265
 396 0261 02       		.byte	0x2
 397 0262 23       		.byte	0x23
 398 0263 04       		.uleb128 0x4
ARM GAS  /tmp/ccc9Mioa.s 			page 8


 399 0264 00       		.byte	0
 400 0265 09       		.uleb128 0x9
 401 0266 04       		.byte	0x4
 402 0267 10010000 		.4byte	0x110
 403 026b 03       		.uleb128 0x3
 404 026c 48020000 		.4byte	.LASF44
 405 0270 05       		.byte	0x5
 406 0271 5F       		.byte	0x5f
 407 0272 40020000 		.4byte	0x240
 408 0276 08       		.uleb128 0x8
 409 0277 04       		.byte	0x4
 410 0278 05       		.byte	0x5
 411 0279 64       		.byte	0x64
 412 027a 8D020000 		.4byte	0x28d
 413 027e 06       		.uleb128 0x6
 414 027f 7B030000 		.4byte	.LASF25
 415 0283 05       		.byte	0x5
 416 0284 66       		.byte	0x66
 417 0285 65020000 		.4byte	0x265
 418 0289 02       		.byte	0x2
 419 028a 23       		.byte	0x23
 420 028b 00       		.uleb128 0
 421 028c 00       		.byte	0
 422 028d 03       		.uleb128 0x3
 423 028e 0E020000 		.4byte	.LASF45
 424 0292 05       		.byte	0x5
 425 0293 69       		.byte	0x69
 426 0294 76020000 		.4byte	0x276
 427 0298 03       		.uleb128 0x3
 428 0299 37010000 		.4byte	.LASF46
 429 029d 07       		.byte	0x7
 430 029e DE       		.byte	0xde
 431 029f A3020000 		.4byte	0x2a3
 432 02a3 0A       		.uleb128 0xa
 433 02a4 04       		.byte	0x4
 434 02a5 0B       		.uleb128 0xb
 435 02a6 32040000 		.4byte	.LASF47
 436 02aa 24       		.byte	0x24
 437 02ab 07       		.byte	0x7
 438 02ac 0501     		.2byte	0x105
 439 02ae 33030000 		.4byte	0x333
 440 02b2 0C       		.uleb128 0xc
 441 02b3 723400   		.ascii	"r4\000"
 442 02b6 07       		.byte	0x7
 443 02b7 1801     		.2byte	0x118
 444 02b9 98020000 		.4byte	0x298
 445 02bd 02       		.byte	0x2
 446 02be 23       		.byte	0x23
 447 02bf 00       		.uleb128 0
 448 02c0 0C       		.uleb128 0xc
 449 02c1 723500   		.ascii	"r5\000"
 450 02c4 07       		.byte	0x7
 451 02c5 1901     		.2byte	0x119
 452 02c7 98020000 		.4byte	0x298
 453 02cb 02       		.byte	0x2
 454 02cc 23       		.byte	0x23
 455 02cd 04       		.uleb128 0x4
ARM GAS  /tmp/ccc9Mioa.s 			page 9


 456 02ce 0C       		.uleb128 0xc
 457 02cf 723600   		.ascii	"r6\000"
 458 02d2 07       		.byte	0x7
 459 02d3 1A01     		.2byte	0x11a
 460 02d5 98020000 		.4byte	0x298
 461 02d9 02       		.byte	0x2
 462 02da 23       		.byte	0x23
 463 02db 08       		.uleb128 0x8
 464 02dc 0C       		.uleb128 0xc
 465 02dd 723700   		.ascii	"r7\000"
 466 02e0 07       		.byte	0x7
 467 02e1 1B01     		.2byte	0x11b
 468 02e3 98020000 		.4byte	0x298
 469 02e7 02       		.byte	0x2
 470 02e8 23       		.byte	0x23
 471 02e9 0C       		.uleb128 0xc
 472 02ea 0C       		.uleb128 0xc
 473 02eb 723800   		.ascii	"r8\000"
 474 02ee 07       		.byte	0x7
 475 02ef 1C01     		.2byte	0x11c
 476 02f1 98020000 		.4byte	0x298
 477 02f5 02       		.byte	0x2
 478 02f6 23       		.byte	0x23
 479 02f7 10       		.uleb128 0x10
 480 02f8 0C       		.uleb128 0xc
 481 02f9 723900   		.ascii	"r9\000"
 482 02fc 07       		.byte	0x7
 483 02fd 1D01     		.2byte	0x11d
 484 02ff 98020000 		.4byte	0x298
 485 0303 02       		.byte	0x2
 486 0304 23       		.byte	0x23
 487 0305 14       		.uleb128 0x14
 488 0306 0C       		.uleb128 0xc
 489 0307 72313000 		.ascii	"r10\000"
 490 030b 07       		.byte	0x7
 491 030c 1E01     		.2byte	0x11e
 492 030e 98020000 		.4byte	0x298
 493 0312 02       		.byte	0x2
 494 0313 23       		.byte	0x23
 495 0314 18       		.uleb128 0x18
 496 0315 0C       		.uleb128 0xc
 497 0316 72313100 		.ascii	"r11\000"
 498 031a 07       		.byte	0x7
 499 031b 1F01     		.2byte	0x11f
 500 031d 98020000 		.4byte	0x298
 501 0321 02       		.byte	0x2
 502 0322 23       		.byte	0x23
 503 0323 1C       		.uleb128 0x1c
 504 0324 0C       		.uleb128 0xc
 505 0325 6C7200   		.ascii	"lr\000"
 506 0328 07       		.byte	0x7
 507 0329 2001     		.2byte	0x120
 508 032b 98020000 		.4byte	0x298
 509 032f 02       		.byte	0x2
 510 0330 23       		.byte	0x23
 511 0331 20       		.uleb128 0x20
 512 0332 00       		.byte	0
ARM GAS  /tmp/ccc9Mioa.s 			page 10


 513 0333 0B       		.uleb128 0xb
 514 0334 2A040000 		.4byte	.LASF48
 515 0338 04       		.byte	0x4
 516 0339 07       		.byte	0x7
 517 033a 2A01     		.2byte	0x12a
 518 033c 50030000 		.4byte	0x350
 519 0340 0C       		.uleb128 0xc
 520 0341 72313300 		.ascii	"r13\000"
 521 0345 07       		.byte	0x7
 522 0346 2B01     		.2byte	0x12b
 523 0348 50030000 		.4byte	0x350
 524 034c 02       		.byte	0x2
 525 034d 23       		.byte	0x23
 526 034e 00       		.uleb128 0
 527 034f 00       		.byte	0
 528 0350 09       		.uleb128 0x9
 529 0351 04       		.byte	0x4
 530 0352 A5020000 		.4byte	0x2a5
 531 0356 0D       		.uleb128 0xd
 532 0357 86000000 		.4byte	0x86
 533 035b 04       		.uleb128 0x4
 534 035c 04       		.byte	0x4
 535 035d 07       		.byte	0x7
 536 035e 60020000 		.4byte	.LASF49
 537 0362 0D       		.uleb128 0xd
 538 0363 05010000 		.4byte	0x105
 539 0367 05       		.uleb128 0x5
 540 0368 76020000 		.4byte	.LASF50
 541 036c 10       		.byte	0x10
 542 036d 08       		.byte	0x8
 543 036e 25       		.byte	0x25
 544 036f 9E030000 		.4byte	0x39e
 545 0373 06       		.uleb128 0x6
 546 0374 BF000000 		.4byte	.LASF51
 547 0378 08       		.byte	0x8
 548 0379 26       		.byte	0x26
 549 037a 6B020000 		.4byte	0x26b
 550 037e 02       		.byte	0x2
 551 037f 23       		.byte	0x23
 552 0380 00       		.uleb128 0
 553 0381 06       		.uleb128 0x6
 554 0382 BC040000 		.4byte	.LASF52
 555 0386 08       		.byte	0x8
 556 0387 28       		.byte	0x28
 557 0388 65020000 		.4byte	0x265
 558 038c 02       		.byte	0x2
 559 038d 23       		.byte	0x23
 560 038e 08       		.uleb128 0x8
 561 038f 06       		.uleb128 0x6
 562 0390 0E040000 		.4byte	.LASF53
 563 0394 08       		.byte	0x8
 564 0395 2A       		.byte	0x2a
 565 0396 9E030000 		.4byte	0x39e
 566 039a 02       		.byte	0x2
 567 039b 23       		.byte	0x23
 568 039c 0C       		.uleb128 0xc
 569 039d 00       		.byte	0
ARM GAS  /tmp/ccc9Mioa.s 			page 11


 570 039e 09       		.uleb128 0x9
 571 039f 04       		.byte	0x4
 572 03a0 67030000 		.4byte	0x367
 573 03a4 03       		.uleb128 0x3
 574 03a5 76020000 		.4byte	.LASF50
 575 03a9 08       		.byte	0x8
 576 03aa 2C       		.byte	0x2c
 577 03ab 67030000 		.4byte	0x367
 578 03af 03       		.uleb128 0x3
 579 03b0 8C040000 		.4byte	.LASF54
 580 03b4 09       		.byte	0x9
 581 03b5 25       		.byte	0x25
 582 03b6 BA030000 		.4byte	0x3ba
 583 03ba 05       		.uleb128 0x5
 584 03bb 8C040000 		.4byte	.LASF54
 585 03bf 10       		.byte	0x10
 586 03c0 09       		.byte	0x9
 587 03c1 2A       		.byte	0x2a
 588 03c2 FF030000 		.4byte	0x3ff
 589 03c6 06       		.uleb128 0x6
 590 03c7 8A030000 		.4byte	.LASF55
 591 03cb 09       		.byte	0x9
 592 03cc 2B       		.byte	0x2b
 593 03cd FF030000 		.4byte	0x3ff
 594 03d1 02       		.byte	0x2
 595 03d2 23       		.byte	0x23
 596 03d3 00       		.uleb128 0
 597 03d4 06       		.uleb128 0x6
 598 03d5 39030000 		.4byte	.LASF56
 599 03d9 09       		.byte	0x9
 600 03da 2E       		.byte	0x2e
 601 03db 65020000 		.4byte	0x265
 602 03df 02       		.byte	0x2
 603 03e0 23       		.byte	0x23
 604 03e1 04       		.uleb128 0x4
 605 03e2 06       		.uleb128 0x6
 606 03e3 A5020000 		.4byte	.LASF57
 607 03e7 09       		.byte	0x9
 608 03e8 30       		.byte	0x30
 609 03e9 EF000000 		.4byte	0xef
 610 03ed 02       		.byte	0x2
 611 03ee 23       		.byte	0x23
 612 03ef 08       		.uleb128 0x8
 613 03f0 06       		.uleb128 0x6
 614 03f1 45030000 		.4byte	.LASF58
 615 03f5 09       		.byte	0x9
 616 03f6 33       		.byte	0x33
 617 03f7 FA000000 		.4byte	0xfa
 618 03fb 02       		.byte	0x2
 619 03fc 23       		.byte	0x23
 620 03fd 0C       		.uleb128 0xc
 621 03fe 00       		.byte	0
 622 03ff 09       		.uleb128 0x9
 623 0400 04       		.byte	0x4
 624 0401 AF030000 		.4byte	0x3af
 625 0405 05       		.uleb128 0x5
 626 0406 40010000 		.4byte	.LASF59
ARM GAS  /tmp/ccc9Mioa.s 			page 12


 627 040a 04       		.byte	0x4
 628 040b 09       		.byte	0x9
 629 040c 3A       		.byte	0x3a
 630 040d 20040000 		.4byte	0x420
 631 0411 06       		.uleb128 0x6
 632 0412 6E040000 		.4byte	.LASF60
 633 0416 09       		.byte	0x9
 634 0417 3B       		.byte	0x3b
 635 0418 FF030000 		.4byte	0x3ff
 636 041c 02       		.byte	0x2
 637 041d 23       		.byte	0x23
 638 041e 00       		.uleb128 0
 639 041f 00       		.byte	0
 640 0420 03       		.uleb128 0x3
 641 0421 40010000 		.4byte	.LASF59
 642 0425 09       		.byte	0x9
 643 0426 3E       		.byte	0x3e
 644 0427 05040000 		.4byte	0x405
 645 042b 0E       		.uleb128 0xe
 646 042c 04       		.byte	0x4
 647 042d 06       		.byte	0x6
 648 042e 8F       		.byte	0x8f
 649 042f 60040000 		.4byte	0x460
 650 0433 0F       		.uleb128 0xf
 651 0434 0E000000 		.4byte	.LASF61
 652 0438 06       		.byte	0x6
 653 0439 96       		.byte	0x96
 654 043a E4000000 		.4byte	0xe4
 655 043e 0F       		.uleb128 0xf
 656 043f 66000000 		.4byte	.LASF62
 657 0443 06       		.byte	0x6
 658 0444 9D       		.byte	0x9d
 659 0445 E4000000 		.4byte	0xe4
 660 0449 0F       		.uleb128 0xf
 661 044a 9A040000 		.4byte	.LASF63
 662 044e 06       		.byte	0x6
 663 044f A4       		.byte	0xa4
 664 0450 A3020000 		.4byte	0x2a3
 665 0454 0F       		.uleb128 0xf
 666 0455 74030000 		.4byte	.LASF64
 667 0459 06       		.byte	0x6
 668 045a AB       		.byte	0xab
 669 045b EF000000 		.4byte	0xef
 670 045f 00       		.byte	0
 671 0460 09       		.uleb128 0x9
 672 0461 04       		.byte	0x4
 673 0462 66040000 		.4byte	0x466
 674 0466 10       		.uleb128 0x10
 675 0467 6B040000 		.4byte	0x46b
 676 046b 04       		.uleb128 0x4
 677 046c 01       		.byte	0x1
 678 046d 08       		.byte	0x8
 679 046e 04040000 		.4byte	.LASF65
 680 0472 09       		.uleb128 0x9
 681 0473 04       		.byte	0x4
 682 0474 A4030000 		.4byte	0x3a4
 683 0478 09       		.uleb128 0x9
ARM GAS  /tmp/ccc9Mioa.s 			page 13


 684 0479 04       		.byte	0x4
 685 047a 7E040000 		.4byte	0x47e
 686 047e 11       		.uleb128 0x11
 687 047f 01       		.byte	0x1
 688 0480 E4000000 		.4byte	0xe4
 689 0484 8E040000 		.4byte	0x48e
 690 0488 12       		.uleb128 0x12
 691 0489 A3020000 		.4byte	0x2a3
 692 048d 00       		.byte	0
 693 048e 03       		.uleb128 0x3
 694 048f 3B020000 		.4byte	.LASF66
 695 0493 0A       		.byte	0xa
 696 0494 30       		.byte	0x30
 697 0495 99040000 		.4byte	0x499
 698 0499 05       		.uleb128 0x5
 699 049a 3B020000 		.4byte	.LASF66
 700 049e 24       		.byte	0x24
 701 049f 0A       		.byte	0xa
 702 04a0 3E       		.byte	0x3e
 703 04a1 16050000 		.4byte	0x516
 704 04a5 06       		.uleb128 0x6
 705 04a6 89000000 		.4byte	.LASF67
 706 04aa 0A       		.byte	0xa
 707 04ab 3F       		.byte	0x3f
 708 04ac 6B020000 		.4byte	0x26b
 709 04b0 02       		.byte	0x2
 710 04b1 23       		.byte	0x23
 711 04b2 00       		.uleb128 0
 712 04b3 06       		.uleb128 0x6
 713 04b4 D1030000 		.4byte	.LASF68
 714 04b8 0A       		.byte	0xa
 715 04b9 40       		.byte	0x40
 716 04ba 30000000 		.4byte	0x30
 717 04be 02       		.byte	0x2
 718 04bf 23       		.byte	0x23
 719 04c0 08       		.uleb128 0x8
 720 04c1 06       		.uleb128 0x6
 721 04c2 F0000000 		.4byte	.LASF69
 722 04c6 0A       		.byte	0xa
 723 04c7 41       		.byte	0x41
 724 04c8 39050000 		.4byte	0x539
 725 04cc 02       		.byte	0x2
 726 04cd 23       		.byte	0x23
 727 04ce 0C       		.uleb128 0xc
 728 04cf 06       		.uleb128 0x6
 729 04d0 61040000 		.4byte	.LASF70
 730 04d4 0A       		.byte	0xa
 731 04d5 42       		.byte	0x42
 732 04d6 39050000 		.4byte	0x539
 733 04da 02       		.byte	0x2
 734 04db 23       		.byte	0x23
 735 04dc 10       		.uleb128 0x10
 736 04dd 06       		.uleb128 0x6
 737 04de F9000000 		.4byte	.LASF71
 738 04e2 0A       		.byte	0xa
 739 04e3 44       		.byte	0x44
 740 04e4 39050000 		.4byte	0x539
ARM GAS  /tmp/ccc9Mioa.s 			page 14


 741 04e8 02       		.byte	0x2
 742 04e9 23       		.byte	0x23
 743 04ea 14       		.uleb128 0x14
 744 04eb 06       		.uleb128 0x6
 745 04ec 15030000 		.4byte	.LASF72
 746 04f0 0A       		.byte	0xa
 747 04f1 45       		.byte	0x45
 748 04f2 39050000 		.4byte	0x539
 749 04f6 02       		.byte	0x2
 750 04f7 23       		.byte	0x23
 751 04f8 18       		.uleb128 0x18
 752 04f9 06       		.uleb128 0x6
 753 04fa 7B040000 		.4byte	.LASF73
 754 04fe 0A       		.byte	0xa
 755 04ff 46       		.byte	0x46
 756 0500 16050000 		.4byte	0x516
 757 0504 02       		.byte	0x2
 758 0505 23       		.byte	0x23
 759 0506 1C       		.uleb128 0x1c
 760 0507 06       		.uleb128 0x6
 761 0508 B0040000 		.4byte	.LASF74
 762 050c 0A       		.byte	0xa
 763 050d 47       		.byte	0x47
 764 050e A3020000 		.4byte	0x2a3
 765 0512 02       		.byte	0x2
 766 0513 23       		.byte	0x23
 767 0514 20       		.uleb128 0x20
 768 0515 00       		.byte	0
 769 0516 03       		.uleb128 0x3
 770 0517 31020000 		.4byte	.LASF75
 771 051b 0A       		.byte	0xa
 772 051c 33       		.byte	0x33
 773 051d 21050000 		.4byte	0x521
 774 0521 09       		.uleb128 0x9
 775 0522 04       		.byte	0x4
 776 0523 27050000 		.4byte	0x527
 777 0527 13       		.uleb128 0x13
 778 0528 01       		.byte	0x1
 779 0529 33050000 		.4byte	0x533
 780 052d 12       		.uleb128 0x12
 781 052e 33050000 		.4byte	0x533
 782 0532 00       		.byte	0
 783 0533 09       		.uleb128 0x9
 784 0534 04       		.byte	0x4
 785 0535 8E040000 		.4byte	0x48e
 786 0539 09       		.uleb128 0x9
 787 053a 04       		.byte	0x4
 788 053b 49000000 		.4byte	0x49
 789 053f 03       		.uleb128 0x3
 790 0540 26020000 		.4byte	.LASF76
 791 0544 0A       		.byte	0xa
 792 0545 7B       		.byte	0x7b
 793 0546 8E040000 		.4byte	0x48e
 794 054a 03       		.uleb128 0x3
 795 054b 1E000000 		.4byte	.LASF77
 796 054f 0A       		.byte	0xa
 797 0550 EE       		.byte	0xee
ARM GAS  /tmp/ccc9Mioa.s 			page 15


 798 0551 8E040000 		.4byte	0x48e
 799 0555 11       		.uleb128 0x11
 800 0556 01       		.byte	0x1
 801 0557 30000000 		.4byte	0x30
 802 055b 6F050000 		.4byte	0x56f
 803 055f 12       		.uleb128 0x12
 804 0560 A3020000 		.4byte	0x2a3
 805 0564 12       		.uleb128 0x12
 806 0565 6F050000 		.4byte	0x56f
 807 0569 12       		.uleb128 0x12
 808 056a 30000000 		.4byte	0x30
 809 056e 00       		.byte	0
 810 056f 09       		.uleb128 0x9
 811 0570 04       		.byte	0x4
 812 0571 75050000 		.4byte	0x575
 813 0575 10       		.uleb128 0x10
 814 0576 49000000 		.4byte	0x49
 815 057a 09       		.uleb128 0x9
 816 057b 04       		.byte	0x4
 817 057c 55050000 		.4byte	0x555
 818 0580 11       		.uleb128 0x11
 819 0581 01       		.byte	0x1
 820 0582 30000000 		.4byte	0x30
 821 0586 9A050000 		.4byte	0x59a
 822 058a 12       		.uleb128 0x12
 823 058b A3020000 		.4byte	0x2a3
 824 058f 12       		.uleb128 0x12
 825 0590 39050000 		.4byte	0x539
 826 0594 12       		.uleb128 0x12
 827 0595 30000000 		.4byte	0x30
 828 0599 00       		.byte	0
 829 059a 09       		.uleb128 0x9
 830 059b 04       		.byte	0x4
 831 059c 80050000 		.4byte	0x580
 832 05a0 11       		.uleb128 0x11
 833 05a1 01       		.byte	0x1
 834 05a2 E4000000 		.4byte	0xe4
 835 05a6 B5050000 		.4byte	0x5b5
 836 05aa 12       		.uleb128 0x12
 837 05ab A3020000 		.4byte	0x2a3
 838 05af 12       		.uleb128 0x12
 839 05b0 49000000 		.4byte	0x49
 840 05b4 00       		.byte	0
 841 05b5 09       		.uleb128 0x9
 842 05b6 04       		.byte	0x4
 843 05b7 A0050000 		.4byte	0x5a0
 844 05bb 0D       		.uleb128 0xd
 845 05bc 62000000 		.4byte	0x62
 846 05c0 0D       		.uleb128 0xd
 847 05c1 74000000 		.4byte	0x74
 848 05c5 14       		.uleb128 0x14
 849 05c6 1C       		.byte	0x1c
 850 05c7 0B       		.byte	0xb
 851 05c8 2905     		.2byte	0x529
 852 05ca 9F060000 		.4byte	0x69f
 853 05ce 0C       		.uleb128 0xc
 854 05cf 535200   		.ascii	"SR\000"
ARM GAS  /tmp/ccc9Mioa.s 			page 16


 855 05d2 0B       		.byte	0xb
 856 05d3 2B05     		.2byte	0x52b
 857 05d5 BB050000 		.4byte	0x5bb
 858 05d9 02       		.byte	0x2
 859 05da 23       		.byte	0x23
 860 05db 00       		.uleb128 0
 861 05dc 15       		.uleb128 0x15
 862 05dd CA020000 		.4byte	.LASF78
 863 05e1 0B       		.byte	0xb
 864 05e2 2C05     		.2byte	0x52c
 865 05e4 62000000 		.4byte	0x62
 866 05e8 02       		.byte	0x2
 867 05e9 23       		.byte	0x23
 868 05ea 02       		.uleb128 0x2
 869 05eb 0C       		.uleb128 0xc
 870 05ec 445200   		.ascii	"DR\000"
 871 05ef 0B       		.byte	0xb
 872 05f0 2D05     		.2byte	0x52d
 873 05f2 BB050000 		.4byte	0x5bb
 874 05f6 02       		.byte	0x2
 875 05f7 23       		.byte	0x23
 876 05f8 04       		.uleb128 0x4
 877 05f9 15       		.uleb128 0x15
 878 05fa D4020000 		.4byte	.LASF79
 879 05fe 0B       		.byte	0xb
 880 05ff 2E05     		.2byte	0x52e
 881 0601 62000000 		.4byte	0x62
 882 0605 02       		.byte	0x2
 883 0606 23       		.byte	0x23
 884 0607 06       		.uleb128 0x6
 885 0608 0C       		.uleb128 0xc
 886 0609 42525200 		.ascii	"BRR\000"
 887 060d 0B       		.byte	0xb
 888 060e 2F05     		.2byte	0x52f
 889 0610 BB050000 		.4byte	0x5bb
 890 0614 02       		.byte	0x2
 891 0615 23       		.byte	0x23
 892 0616 08       		.uleb128 0x8
 893 0617 15       		.uleb128 0x15
 894 0618 DE020000 		.4byte	.LASF80
 895 061c 0B       		.byte	0xb
 896 061d 3005     		.2byte	0x530
 897 061f 62000000 		.4byte	0x62
 898 0623 02       		.byte	0x2
 899 0624 23       		.byte	0x23
 900 0625 0A       		.uleb128 0xa
 901 0626 0C       		.uleb128 0xc
 902 0627 43523100 		.ascii	"CR1\000"
 903 062b 0B       		.byte	0xb
 904 062c 3105     		.2byte	0x531
 905 062e BB050000 		.4byte	0x5bb
 906 0632 02       		.byte	0x2
 907 0633 23       		.byte	0x23
 908 0634 0C       		.uleb128 0xc
 909 0635 15       		.uleb128 0x15
 910 0636 E8020000 		.4byte	.LASF81
 911 063a 0B       		.byte	0xb
ARM GAS  /tmp/ccc9Mioa.s 			page 17


 912 063b 3205     		.2byte	0x532
 913 063d 62000000 		.4byte	0x62
 914 0641 02       		.byte	0x2
 915 0642 23       		.byte	0x23
 916 0643 0E       		.uleb128 0xe
 917 0644 0C       		.uleb128 0xc
 918 0645 43523200 		.ascii	"CR2\000"
 919 0649 0B       		.byte	0xb
 920 064a 3305     		.2byte	0x533
 921 064c BB050000 		.4byte	0x5bb
 922 0650 02       		.byte	0x2
 923 0651 23       		.byte	0x23
 924 0652 10       		.uleb128 0x10
 925 0653 15       		.uleb128 0x15
 926 0654 F2020000 		.4byte	.LASF82
 927 0658 0B       		.byte	0xb
 928 0659 3405     		.2byte	0x534
 929 065b 62000000 		.4byte	0x62
 930 065f 02       		.byte	0x2
 931 0660 23       		.byte	0x23
 932 0661 12       		.uleb128 0x12
 933 0662 0C       		.uleb128 0xc
 934 0663 43523300 		.ascii	"CR3\000"
 935 0667 0B       		.byte	0xb
 936 0668 3505     		.2byte	0x535
 937 066a BB050000 		.4byte	0x5bb
 938 066e 02       		.byte	0x2
 939 066f 23       		.byte	0x23
 940 0670 14       		.uleb128 0x14
 941 0671 15       		.uleb128 0x15
 942 0672 C7030000 		.4byte	.LASF83
 943 0676 0B       		.byte	0xb
 944 0677 3605     		.2byte	0x536
 945 0679 62000000 		.4byte	0x62
 946 067d 02       		.byte	0x2
 947 067e 23       		.byte	0x23
 948 067f 16       		.uleb128 0x16
 949 0680 15       		.uleb128 0x15
 950 0681 B2000000 		.4byte	.LASF84
 951 0685 0B       		.byte	0xb
 952 0686 3705     		.2byte	0x537
 953 0688 BB050000 		.4byte	0x5bb
 954 068c 02       		.byte	0x2
 955 068d 23       		.byte	0x23
 956 068e 18       		.uleb128 0x18
 957 068f 15       		.uleb128 0x15
 958 0690 03030000 		.4byte	.LASF85
 959 0694 0B       		.byte	0xb
 960 0695 3805     		.2byte	0x538
 961 0697 62000000 		.4byte	0x62
 962 069b 02       		.byte	0x2
 963 069c 23       		.byte	0x23
 964 069d 1A       		.uleb128 0x1a
 965 069e 00       		.byte	0
 966 069f 16       		.uleb128 0x16
 967 06a0 F1010000 		.4byte	.LASF86
 968 06a4 0B       		.byte	0xb
ARM GAS  /tmp/ccc9Mioa.s 			page 18


 969 06a5 3905     		.2byte	0x539
 970 06a7 C5050000 		.4byte	0x5c5
 971 06ab 11       		.uleb128 0x11
 972 06ac 01       		.byte	0x1
 973 06ad E4000000 		.4byte	0xe4
 974 06b1 C5060000 		.4byte	0x6c5
 975 06b5 12       		.uleb128 0x12
 976 06b6 A3020000 		.4byte	0x2a3
 977 06ba 12       		.uleb128 0x12
 978 06bb 49000000 		.4byte	0x49
 979 06bf 12       		.uleb128 0x12
 980 06c0 05010000 		.4byte	0x105
 981 06c4 00       		.byte	0
 982 06c5 09       		.uleb128 0x9
 983 06c6 04       		.byte	0x4
 984 06c7 AB060000 		.4byte	0x6ab
 985 06cb 11       		.uleb128 0x11
 986 06cc 01       		.byte	0x1
 987 06cd E4000000 		.4byte	0xe4
 988 06d1 E0060000 		.4byte	0x6e0
 989 06d5 12       		.uleb128 0x12
 990 06d6 A3020000 		.4byte	0x2a3
 991 06da 12       		.uleb128 0x12
 992 06db 05010000 		.4byte	0x105
 993 06df 00       		.byte	0
 994 06e0 09       		.uleb128 0x9
 995 06e1 04       		.byte	0x4
 996 06e2 CB060000 		.4byte	0x6cb
 997 06e6 11       		.uleb128 0x11
 998 06e7 01       		.byte	0x1
 999 06e8 30000000 		.4byte	0x30
 1000 06ec 05070000 		.4byte	0x705
 1001 06f0 12       		.uleb128 0x12
 1002 06f1 A3020000 		.4byte	0x2a3
 1003 06f5 12       		.uleb128 0x12
 1004 06f6 6F050000 		.4byte	0x56f
 1005 06fa 12       		.uleb128 0x12
 1006 06fb 30000000 		.4byte	0x30
 1007 06ff 12       		.uleb128 0x12
 1008 0700 05010000 		.4byte	0x105
 1009 0704 00       		.byte	0
 1010 0705 09       		.uleb128 0x9
 1011 0706 04       		.byte	0x4
 1012 0707 E6060000 		.4byte	0x6e6
 1013 070b 11       		.uleb128 0x11
 1014 070c 01       		.byte	0x1
 1015 070d 30000000 		.4byte	0x30
 1016 0711 2A070000 		.4byte	0x72a
 1017 0715 12       		.uleb128 0x12
 1018 0716 A3020000 		.4byte	0x2a3
 1019 071a 12       		.uleb128 0x12
 1020 071b 39050000 		.4byte	0x539
 1021 071f 12       		.uleb128 0x12
 1022 0720 30000000 		.4byte	0x30
 1023 0724 12       		.uleb128 0x12
 1024 0725 05010000 		.4byte	0x105
 1025 0729 00       		.byte	0
ARM GAS  /tmp/ccc9Mioa.s 			page 19


 1026 072a 09       		.uleb128 0x9
 1027 072b 04       		.byte	0x4
 1028 072c 0B070000 		.4byte	0x70b
 1029 0730 08       		.uleb128 0x8
 1030 0731 04       		.byte	0x4
 1031 0732 0C       		.byte	0xc
 1032 0733 96       		.byte	0x96
 1033 0734 55070000 		.4byte	0x755
 1034 0738 07       		.uleb128 0x7
 1035 0739 73657400 		.ascii	"set\000"
 1036 073d 0C       		.byte	0xc
 1037 073e 97       		.byte	0x97
 1038 073f 62000000 		.4byte	0x62
 1039 0743 02       		.byte	0x2
 1040 0744 23       		.byte	0x23
 1041 0745 00       		.uleb128 0
 1042 0746 06       		.uleb128 0x6
 1043 0747 70020000 		.4byte	.LASF87
 1044 074b 0C       		.byte	0xc
 1045 074c 98       		.byte	0x98
 1046 074d 62000000 		.4byte	0x62
 1047 0751 02       		.byte	0x2
 1048 0752 23       		.byte	0x23
 1049 0753 02       		.uleb128 0x2
 1050 0754 00       		.byte	0
 1051 0755 0E       		.uleb128 0xe
 1052 0756 04       		.byte	0x4
 1053 0757 0C       		.byte	0xc
 1054 0758 94       		.byte	0x94
 1055 0759 70070000 		.4byte	0x770
 1056 075d 17       		.uleb128 0x17
 1057 075e 5700     		.ascii	"W\000"
 1058 0760 0C       		.byte	0xc
 1059 0761 95       		.byte	0x95
 1060 0762 86000000 		.4byte	0x86
 1061 0766 17       		.uleb128 0x17
 1062 0767 4800     		.ascii	"H\000"
 1063 0769 0C       		.byte	0xc
 1064 076a 99       		.byte	0x99
 1065 076b 30070000 		.4byte	0x730
 1066 076f 00       		.byte	0
 1067 0770 08       		.uleb128 0x8
 1068 0771 28       		.byte	0x28
 1069 0772 0C       		.byte	0xc
 1070 0773 8C       		.byte	0x8c
 1071 0774 05080000 		.4byte	0x805
 1072 0778 06       		.uleb128 0x6
 1073 0779 43000000 		.4byte	.LASF88
 1074 077d 0C       		.byte	0xc
 1075 077e 8E       		.byte	0x8e
 1076 077f 56030000 		.4byte	0x356
 1077 0783 02       		.byte	0x2
 1078 0784 23       		.byte	0x23
 1079 0785 00       		.uleb128 0
 1080 0786 06       		.uleb128 0x6
 1081 0787 2A000000 		.4byte	.LASF89
 1082 078b 0C       		.byte	0xc
ARM GAS  /tmp/ccc9Mioa.s 			page 20


 1083 078c 8F       		.byte	0x8f
 1084 078d 56030000 		.4byte	0x356
 1085 0791 02       		.byte	0x2
 1086 0792 23       		.byte	0x23
 1087 0793 04       		.uleb128 0x4
 1088 0794 06       		.uleb128 0x6
 1089 0795 2F010000 		.4byte	.LASF90
 1090 0799 0C       		.byte	0xc
 1091 079a 90       		.byte	0x90
 1092 079b 56030000 		.4byte	0x356
 1093 079f 02       		.byte	0x2
 1094 07a0 23       		.byte	0x23
 1095 07a1 08       		.uleb128 0x8
 1096 07a2 06       		.uleb128 0x6
 1097 07a3 60000000 		.4byte	.LASF91
 1098 07a7 0C       		.byte	0xc
 1099 07a8 91       		.byte	0x91
 1100 07a9 56030000 		.4byte	0x356
 1101 07ad 02       		.byte	0x2
 1102 07ae 23       		.byte	0x23
 1103 07af 0C       		.uleb128 0xc
 1104 07b0 07       		.uleb128 0x7
 1105 07b1 49445200 		.ascii	"IDR\000"
 1106 07b5 0C       		.byte	0xc
 1107 07b6 92       		.byte	0x92
 1108 07b7 56030000 		.4byte	0x356
 1109 07bb 02       		.byte	0x2
 1110 07bc 23       		.byte	0x23
 1111 07bd 10       		.uleb128 0x10
 1112 07be 07       		.uleb128 0x7
 1113 07bf 4F445200 		.ascii	"ODR\000"
 1114 07c3 0C       		.byte	0xc
 1115 07c4 93       		.byte	0x93
 1116 07c5 56030000 		.4byte	0x356
 1117 07c9 02       		.byte	0x2
 1118 07ca 23       		.byte	0x23
 1119 07cb 14       		.uleb128 0x14
 1120 07cc 06       		.uleb128 0x6
 1121 07cd 76040000 		.4byte	.LASF92
 1122 07d1 0C       		.byte	0xc
 1123 07d2 9A       		.byte	0x9a
 1124 07d3 05080000 		.4byte	0x805
 1125 07d7 02       		.byte	0x2
 1126 07d8 23       		.byte	0x23
 1127 07d9 18       		.uleb128 0x18
 1128 07da 06       		.uleb128 0x6
 1129 07db A1030000 		.4byte	.LASF93
 1130 07df 0C       		.byte	0xc
 1131 07e0 9B       		.byte	0x9b
 1132 07e1 56030000 		.4byte	0x356
 1133 07e5 02       		.byte	0x2
 1134 07e6 23       		.byte	0x23
 1135 07e7 1C       		.uleb128 0x1c
 1136 07e8 06       		.uleb128 0x6
 1137 07e9 BD020000 		.4byte	.LASF94
 1138 07ed 0C       		.byte	0xc
 1139 07ee 9C       		.byte	0x9c
ARM GAS  /tmp/ccc9Mioa.s 			page 21


 1140 07ef 56030000 		.4byte	0x356
 1141 07f3 02       		.byte	0x2
 1142 07f4 23       		.byte	0x23
 1143 07f5 20       		.uleb128 0x20
 1144 07f6 06       		.uleb128 0x6
 1145 07f7 B8020000 		.4byte	.LASF95
 1146 07fb 0C       		.byte	0xc
 1147 07fc 9D       		.byte	0x9d
 1148 07fd 56030000 		.4byte	0x356
 1149 0801 02       		.byte	0x2
 1150 0802 23       		.byte	0x23
 1151 0803 24       		.uleb128 0x24
 1152 0804 00       		.byte	0
 1153 0805 0D       		.uleb128 0xd
 1154 0806 55070000 		.4byte	0x755
 1155 080a 03       		.uleb128 0x3
 1156 080b 80010000 		.4byte	.LASF96
 1157 080f 0C       		.byte	0xc
 1158 0810 9E       		.byte	0x9e
 1159 0811 70070000 		.4byte	0x770
 1160 0815 03       		.uleb128 0x3
 1161 0816 36000000 		.4byte	.LASF97
 1162 081a 0C       		.byte	0xc
 1163 081b E8       		.byte	0xe8
 1164 081c 86000000 		.4byte	0x86
 1165 0820 18       		.uleb128 0x18
 1166 0821 01       		.byte	0x1
 1167 0822 0D       		.byte	0xd
 1168 0823 5D       		.byte	0x5d
 1169 0824 3B080000 		.4byte	0x83b
 1170 0828 19       		.uleb128 0x19
 1171 0829 BD030000 		.4byte	.LASF98
 1172 082d 00       		.sleb128 0
 1173 082e 19       		.uleb128 0x19
 1174 082f 92030000 		.4byte	.LASF99
 1175 0833 01       		.sleb128 1
 1176 0834 19       		.uleb128 0x19
 1177 0835 39040000 		.4byte	.LASF100
 1178 0839 02       		.sleb128 2
 1179 083a 00       		.byte	0
 1180 083b 03       		.uleb128 0x3
 1181 083c 4B040000 		.4byte	.LASF101
 1182 0840 0D       		.byte	0xd
 1183 0841 61       		.byte	0x61
 1184 0842 20080000 		.4byte	0x820
 1185 0846 03       		.uleb128 0x3
 1186 0847 E0030000 		.4byte	.LASF102
 1187 084b 0D       		.byte	0xd
 1188 084c 66       		.byte	0x66
 1189 084d 51080000 		.4byte	0x851
 1190 0851 05       		.uleb128 0x5
 1191 0852 E0030000 		.4byte	.LASF102
 1192 0856 78       		.byte	0x78
 1193 0857 0D       		.byte	0xd
 1194 0858 80       		.byte	0x80
 1195 0859 CC080000 		.4byte	0x8cc
 1196 085d 07       		.uleb128 0x7
ARM GAS  /tmp/ccc9Mioa.s 			page 22


 1197 085e 766D7400 		.ascii	"vmt\000"
 1198 0862 0D       		.byte	0xd
 1199 0863 82       		.byte	0x82
 1200 0864 49090000 		.4byte	0x949
 1201 0868 02       		.byte	0x2
 1202 0869 23       		.byte	0x23
 1203 086a 00       		.uleb128 0
 1204 086b 06       		.uleb128 0x6
 1205 086c 97010000 		.4byte	.LASF103
 1206 0870 0D       		.byte	0xd
 1207 0871 83       		.byte	0x83
 1208 0872 20040000 		.4byte	0x420
 1209 0876 02       		.byte	0x2
 1210 0877 23       		.byte	0x23
 1211 0878 04       		.uleb128 0x4
 1212 0879 06       		.uleb128 0x6
 1213 087a D1000000 		.4byte	.LASF104
 1214 087e 0D       		.byte	0xd
 1215 087f 83       		.byte	0x83
 1216 0880 3B080000 		.4byte	0x83b
 1217 0884 02       		.byte	0x2
 1218 0885 23       		.byte	0x23
 1219 0886 08       		.uleb128 0x8
 1220 0887 06       		.uleb128 0x6
 1221 0888 6E010000 		.4byte	.LASF105
 1222 088c 0D       		.byte	0xd
 1223 088d 83       		.byte	0x83
 1224 088e 3F050000 		.4byte	0x53f
 1225 0892 02       		.byte	0x2
 1226 0893 23       		.byte	0x23
 1227 0894 0C       		.uleb128 0xc
 1228 0895 06       		.uleb128 0x6
 1229 0896 EA010000 		.4byte	.LASF106
 1230 089a 0D       		.byte	0xd
 1231 089b 83       		.byte	0x83
 1232 089c 4A050000 		.4byte	0x54a
 1233 08a0 02       		.byte	0x2
 1234 08a1 23       		.byte	0x23
 1235 08a2 30       		.uleb128 0x30
 1236 08a3 07       		.uleb128 0x7
 1237 08a4 696200   		.ascii	"ib\000"
 1238 08a7 0D       		.byte	0xd
 1239 08a8 83       		.byte	0x83
 1240 08a9 54090000 		.4byte	0x954
 1241 08ad 02       		.byte	0x2
 1242 08ae 23       		.byte	0x23
 1243 08af 54       		.uleb128 0x54
 1244 08b0 07       		.uleb128 0x7
 1245 08b1 6F6200   		.ascii	"ob\000"
 1246 08b4 0D       		.byte	0xd
 1247 08b5 83       		.byte	0x83
 1248 08b6 54090000 		.4byte	0x954
 1249 08ba 02       		.byte	0x2
 1250 08bb 23       		.byte	0x23
 1251 08bc 64       		.uleb128 0x64
 1252 08bd 06       		.uleb128 0x6
 1253 08be 4C010000 		.4byte	.LASF107
ARM GAS  /tmp/ccc9Mioa.s 			page 23


 1254 08c2 0D       		.byte	0xd
 1255 08c3 83       		.byte	0x83
 1256 08c4 64090000 		.4byte	0x964
 1257 08c8 02       		.byte	0x2
 1258 08c9 23       		.byte	0x23
 1259 08ca 74       		.uleb128 0x74
 1260 08cb 00       		.byte	0
 1261 08cc 05       		.uleb128 0x5
 1262 08cd 89020000 		.4byte	.LASF108
 1263 08d1 20       		.byte	0x20
 1264 08d2 0D       		.byte	0xd
 1265 08d3 75       		.byte	0x75
 1266 08d4 49090000 		.4byte	0x949
 1267 08d8 06       		.uleb128 0x6
 1268 08d9 55020000 		.4byte	.LASF109
 1269 08dd 0D       		.byte	0xd
 1270 08de 76       		.byte	0x76
 1271 08df 7A050000 		.4byte	0x57a
 1272 08e3 02       		.byte	0x2
 1273 08e4 23       		.byte	0x23
 1274 08e5 00       		.uleb128 0
 1275 08e6 06       		.uleb128 0x6
 1276 08e7 FF030000 		.4byte	.LASF110
 1277 08eb 0D       		.byte	0xd
 1278 08ec 76       		.byte	0x76
 1279 08ed 9A050000 		.4byte	0x59a
 1280 08f1 02       		.byte	0x2
 1281 08f2 23       		.byte	0x23
 1282 08f3 04       		.uleb128 0x4
 1283 08f4 07       		.uleb128 0x7
 1284 08f5 70757400 		.ascii	"put\000"
 1285 08f9 0D       		.byte	0xd
 1286 08fa 76       		.byte	0x76
 1287 08fb B5050000 		.4byte	0x5b5
 1288 08ff 02       		.byte	0x2
 1289 0900 23       		.byte	0x23
 1290 0901 08       		.uleb128 0x8
 1291 0902 07       		.uleb128 0x7
 1292 0903 67657400 		.ascii	"get\000"
 1293 0907 0D       		.byte	0xd
 1294 0908 76       		.byte	0x76
 1295 0909 78040000 		.4byte	0x478
 1296 090d 02       		.byte	0x2
 1297 090e 23       		.byte	0x23
 1298 090f 0C       		.uleb128 0xc
 1299 0910 06       		.uleb128 0x6
 1300 0911 5B020000 		.4byte	.LASF111
 1301 0915 0D       		.byte	0xd
 1302 0916 76       		.byte	0x76
 1303 0917 C5060000 		.4byte	0x6c5
 1304 091b 02       		.byte	0x2
 1305 091c 23       		.byte	0x23
 1306 091d 10       		.uleb128 0x10
 1307 091e 06       		.uleb128 0x6
 1308 091f 8D010000 		.4byte	.LASF112
 1309 0923 0D       		.byte	0xd
 1310 0924 76       		.byte	0x76
ARM GAS  /tmp/ccc9Mioa.s 			page 24


 1311 0925 E0060000 		.4byte	0x6e0
 1312 0929 02       		.byte	0x2
 1313 092a 23       		.byte	0x23
 1314 092b 14       		.uleb128 0x14
 1315 092c 06       		.uleb128 0x6
 1316 092d FF010000 		.4byte	.LASF113
 1317 0931 0D       		.byte	0xd
 1318 0932 76       		.byte	0x76
 1319 0933 05070000 		.4byte	0x705
 1320 0937 02       		.byte	0x2
 1321 0938 23       		.byte	0x23
 1322 0939 18       		.uleb128 0x18
 1323 093a 06       		.uleb128 0x6
 1324 093b 83000000 		.4byte	.LASF114
 1325 093f 0D       		.byte	0xd
 1326 0940 76       		.byte	0x76
 1327 0941 2A070000 		.4byte	0x72a
 1328 0945 02       		.byte	0x2
 1329 0946 23       		.byte	0x23
 1330 0947 1C       		.uleb128 0x1c
 1331 0948 00       		.byte	0
 1332 0949 09       		.uleb128 0x9
 1333 094a 04       		.byte	0x4
 1334 094b 4F090000 		.4byte	0x94f
 1335 094f 10       		.uleb128 0x10
 1336 0950 CC080000 		.4byte	0x8cc
 1337 0954 1A       		.uleb128 0x1a
 1338 0955 49000000 		.4byte	0x49
 1339 0959 64090000 		.4byte	0x964
 1340 095d 1B       		.uleb128 0x1b
 1341 095e 5B030000 		.4byte	0x35b
 1342 0962 0F       		.byte	0xf
 1343 0963 00       		.byte	0
 1344 0964 09       		.uleb128 0x9
 1345 0965 04       		.byte	0x4
 1346 0966 9F060000 		.4byte	0x69f
 1347 096a 1C       		.uleb128 0x1c
 1348 096b A1040000 		.4byte	.LASF117
 1349 096f 01       		.byte	0x1
 1350 0970 0E       		.byte	0xe
 1351 0971 12       		.byte	0x12
 1352 0972 83090000 		.4byte	0x983
 1353 0976 19       		.uleb128 0x19
 1354 0977 68010000 		.4byte	.LASF115
 1355 097b 00       		.sleb128 0
 1356 097c 19       		.uleb128 0x19
 1357 097d 69020000 		.4byte	.LASF116
 1358 0981 01       		.sleb128 1
 1359 0982 00       		.byte	0
 1360 0983 03       		.uleb128 0x3
 1361 0984 A1040000 		.4byte	.LASF117
 1362 0988 0E       		.byte	0xe
 1363 0989 15       		.byte	0x15
 1364 098a 6A090000 		.4byte	0x96a
 1365 098e 1C       		.uleb128 0x1c
 1366 098f 15000000 		.4byte	.LASF118
 1367 0993 01       		.byte	0x1
ARM GAS  /tmp/ccc9Mioa.s 			page 25


 1368 0994 0E       		.byte	0xe
 1369 0995 17       		.byte	0x17
 1370 0996 B9090000 		.4byte	0x9b9
 1371 099a 19       		.uleb128 0x19
 1372 099b 7C020000 		.4byte	.LASF119
 1373 099f 00       		.sleb128 0
 1374 09a0 19       		.uleb128 0x19
 1375 09a1 AD000000 		.4byte	.LASF120
 1376 09a5 01       		.sleb128 1
 1377 09a6 19       		.uleb128 0x19
 1378 09a7 31000000 		.4byte	.LASF121
 1379 09ab 02       		.sleb128 2
 1380 09ac 1D       		.uleb128 0x1d
 1381 09ad 6F646400 		.ascii	"odd\000"
 1382 09b1 03       		.sleb128 3
 1383 09b2 19       		.uleb128 0x19
 1384 09b3 B0010000 		.4byte	.LASF122
 1385 09b7 04       		.sleb128 4
 1386 09b8 00       		.byte	0
 1387 09b9 03       		.uleb128 0x3
 1388 09ba 15000000 		.4byte	.LASF118
 1389 09be 0E       		.byte	0xe
 1390 09bf 1D       		.byte	0x1d
 1391 09c0 8E090000 		.4byte	0x98e
 1392 09c4 05       		.uleb128 0x5
 1393 09c5 18010000 		.4byte	.LASF123
 1394 09c9 34       		.byte	0x34
 1395 09ca 0E       		.byte	0xe
 1396 09cb 1F       		.byte	0x1f
 1397 09cc 250A0000 		.4byte	0xa25
 1398 09d0 06       		.uleb128 0x6
 1399 09d1 DB030000 		.4byte	.LASF124
 1400 09d5 0E       		.byte	0xe
 1401 09d6 21       		.byte	0x21
 1402 09d7 29000000 		.4byte	0x29
 1403 09db 02       		.byte	0x2
 1404 09dc 23       		.byte	0x23
 1405 09dd 00       		.uleb128 0
 1406 09de 06       		.uleb128 0x6
 1407 09df 28010000 		.4byte	.LASF125
 1408 09e3 0E       		.byte	0xe
 1409 09e4 22       		.byte	0x22
 1410 09e5 B9090000 		.4byte	0x9b9
 1411 09e9 02       		.byte	0x2
 1412 09ea 23       		.byte	0x23
 1413 09eb 04       		.uleb128 0x4
 1414 09ec 06       		.uleb128 0x6
 1415 09ed B7040000 		.4byte	.LASF126
 1416 09f1 0E       		.byte	0xe
 1417 09f2 23       		.byte	0x23
 1418 09f3 29000000 		.4byte	0x29
 1419 09f7 02       		.byte	0x2
 1420 09f8 23       		.byte	0x23
 1421 09f9 08       		.uleb128 0x8
 1422 09fa 06       		.uleb128 0x6
 1423 09fb 92010000 		.4byte	.LASF127
 1424 09ff 0E       		.byte	0xe
ARM GAS  /tmp/ccc9Mioa.s 			page 26


 1425 0a00 24       		.byte	0x24
 1426 0a01 250A0000 		.4byte	0xa25
 1427 0a05 02       		.byte	0x2
 1428 0a06 23       		.byte	0x23
 1429 0a07 0C       		.uleb128 0xc
 1430 0a08 06       		.uleb128 0x6
 1431 0a09 09040000 		.4byte	.LASF128
 1432 0a0d 0E       		.byte	0xe
 1433 0a0e 25       		.byte	0x25
 1434 0a0f 83090000 		.4byte	0x983
 1435 0a13 02       		.byte	0x2
 1436 0a14 23       		.byte	0x23
 1437 0a15 2C       		.uleb128 0x2c
 1438 0a16 07       		.uleb128 0x7
 1439 0a17 73647000 		.ascii	"sdp\000"
 1440 0a1b 0E       		.byte	0xe
 1441 0a1c 26       		.byte	0x26
 1442 0a1d 350A0000 		.4byte	0xa35
 1443 0a21 02       		.byte	0x2
 1444 0a22 23       		.byte	0x23
 1445 0a23 30       		.uleb128 0x30
 1446 0a24 00       		.byte	0
 1447 0a25 1A       		.uleb128 0x1a
 1448 0a26 6B040000 		.4byte	0x46b
 1449 0a2a 350A0000 		.4byte	0xa35
 1450 0a2e 1B       		.uleb128 0x1b
 1451 0a2f 5B030000 		.4byte	0x35b
 1452 0a33 1F       		.byte	0x1f
 1453 0a34 00       		.byte	0
 1454 0a35 09       		.uleb128 0x9
 1455 0a36 04       		.byte	0x4
 1456 0a37 46080000 		.4byte	0x846
 1457 0a3b 03       		.uleb128 0x3
 1458 0a3c 18010000 		.4byte	.LASF123
 1459 0a40 0E       		.byte	0xe
 1460 0a41 27       		.byte	0x27
 1461 0a42 C4090000 		.4byte	0x9c4
 1462 0a46 1E       		.uleb128 0x1e
 1463 0a47 01       		.byte	0x1
 1464 0a48 08010000 		.4byte	.LASF132
 1465 0a4c 01       		.byte	0x1
 1466 0a4d 06       		.byte	0x6
 1467 0a4e 01       		.byte	0x1
 1468 0a4f 00000000 		.4byte	.LFB118
 1469 0a53 18000000 		.4byte	.LFE118
 1470 0a57 00000000 		.4byte	.LLST0
 1471 0a5b 01       		.byte	0x1
 1472 0a5c 7F0A0000 		.4byte	0xa7f
 1473 0a60 1F       		.uleb128 0x1f
 1474 0a61 07000000 		.4byte	.LASF133
 1475 0a65 01       		.byte	0x1
 1476 0a66 06       		.byte	0x6
 1477 0a67 7F0A0000 		.4byte	0xa7f
 1478 0a6b 20000000 		.4byte	.LLST1
 1479 0a6f 20       		.uleb128 0x20
 1480 0a70 0E000000 		.4byte	.LVL2
 1481 0a74 930A0000 		.4byte	0xa93
ARM GAS  /tmp/ccc9Mioa.s 			page 27


 1482 0a78 21       		.uleb128 0x21
 1483 0a79 01       		.byte	0x1
 1484 0a7a 50       		.byte	0x50
 1485 0a7b 01       		.byte	0x1
 1486 0a7c 3A       		.byte	0x3a
 1487 0a7d 00       		.byte	0
 1488 0a7e 00       		.byte	0
 1489 0a7f 09       		.uleb128 0x9
 1490 0a80 04       		.byte	0x4
 1491 0a81 3B0A0000 		.4byte	0xa3b
 1492 0a85 22       		.uleb128 0x22
 1493 0a86 6F000000 		.4byte	.LASF134
 1494 0a8a 0F       		.byte	0xf
 1495 0a8b 9806     		.2byte	0x698
 1496 0a8d C0050000 		.4byte	0x5c0
 1497 0a91 01       		.byte	0x1
 1498 0a92 01       		.byte	0x1
 1499 0a93 23       		.uleb128 0x23
 1500 0a94 01       		.byte	0x1
 1501 0a95 AD020000 		.4byte	.LASF135
 1502 0a99 06       		.byte	0x6
 1503 0a9a 6E01     		.2byte	0x16e
 1504 0a9c 01       		.byte	0x1
 1505 0a9d 01       		.byte	0x1
 1506 0a9e 12       		.uleb128 0x12
 1507 0a9f 05010000 		.4byte	0x105
 1508 0aa3 00       		.byte	0
 1509 0aa4 00       		.byte	0
 1510              		.section	.debug_abbrev,"",%progbits
 1511              	.Ldebug_abbrev0:
 1512 0000 01       		.uleb128 0x1
 1513 0001 11       		.uleb128 0x11
 1514 0002 01       		.byte	0x1
 1515 0003 25       		.uleb128 0x25
 1516 0004 0E       		.uleb128 0xe
 1517 0005 13       		.uleb128 0x13
 1518 0006 0B       		.uleb128 0xb
 1519 0007 03       		.uleb128 0x3
 1520 0008 0E       		.uleb128 0xe
 1521 0009 1B       		.uleb128 0x1b
 1522 000a 0E       		.uleb128 0xe
 1523 000b 55       		.uleb128 0x55
 1524 000c 06       		.uleb128 0x6
 1525 000d 11       		.uleb128 0x11
 1526 000e 01       		.uleb128 0x1
 1527 000f 52       		.uleb128 0x52
 1528 0010 01       		.uleb128 0x1
 1529 0011 10       		.uleb128 0x10
 1530 0012 06       		.uleb128 0x6
 1531 0013 00       		.byte	0
 1532 0014 00       		.byte	0
 1533 0015 02       		.uleb128 0x2
 1534 0016 24       		.uleb128 0x24
 1535 0017 00       		.byte	0
 1536 0018 0B       		.uleb128 0xb
 1537 0019 0B       		.uleb128 0xb
 1538 001a 3E       		.uleb128 0x3e
ARM GAS  /tmp/ccc9Mioa.s 			page 28


 1539 001b 0B       		.uleb128 0xb
 1540 001c 03       		.uleb128 0x3
 1541 001d 08       		.uleb128 0x8
 1542 001e 00       		.byte	0
 1543 001f 00       		.byte	0
 1544 0020 03       		.uleb128 0x3
 1545 0021 16       		.uleb128 0x16
 1546 0022 00       		.byte	0
 1547 0023 03       		.uleb128 0x3
 1548 0024 0E       		.uleb128 0xe
 1549 0025 3A       		.uleb128 0x3a
 1550 0026 0B       		.uleb128 0xb
 1551 0027 3B       		.uleb128 0x3b
 1552 0028 0B       		.uleb128 0xb
 1553 0029 49       		.uleb128 0x49
 1554 002a 13       		.uleb128 0x13
 1555 002b 00       		.byte	0
 1556 002c 00       		.byte	0
 1557 002d 04       		.uleb128 0x4
 1558 002e 24       		.uleb128 0x24
 1559 002f 00       		.byte	0
 1560 0030 0B       		.uleb128 0xb
 1561 0031 0B       		.uleb128 0xb
 1562 0032 3E       		.uleb128 0x3e
 1563 0033 0B       		.uleb128 0xb
 1564 0034 03       		.uleb128 0x3
 1565 0035 0E       		.uleb128 0xe
 1566 0036 00       		.byte	0
 1567 0037 00       		.byte	0
 1568 0038 05       		.uleb128 0x5
 1569 0039 13       		.uleb128 0x13
 1570 003a 01       		.byte	0x1
 1571 003b 03       		.uleb128 0x3
 1572 003c 0E       		.uleb128 0xe
 1573 003d 0B       		.uleb128 0xb
 1574 003e 0B       		.uleb128 0xb
 1575 003f 3A       		.uleb128 0x3a
 1576 0040 0B       		.uleb128 0xb
 1577 0041 3B       		.uleb128 0x3b
 1578 0042 0B       		.uleb128 0xb
 1579 0043 01       		.uleb128 0x1
 1580 0044 13       		.uleb128 0x13
 1581 0045 00       		.byte	0
 1582 0046 00       		.byte	0
 1583 0047 06       		.uleb128 0x6
 1584 0048 0D       		.uleb128 0xd
 1585 0049 00       		.byte	0
 1586 004a 03       		.uleb128 0x3
 1587 004b 0E       		.uleb128 0xe
 1588 004c 3A       		.uleb128 0x3a
 1589 004d 0B       		.uleb128 0xb
 1590 004e 3B       		.uleb128 0x3b
 1591 004f 0B       		.uleb128 0xb
 1592 0050 49       		.uleb128 0x49
 1593 0051 13       		.uleb128 0x13
 1594 0052 38       		.uleb128 0x38
 1595 0053 0A       		.uleb128 0xa
ARM GAS  /tmp/ccc9Mioa.s 			page 29


 1596 0054 00       		.byte	0
 1597 0055 00       		.byte	0
 1598 0056 07       		.uleb128 0x7
 1599 0057 0D       		.uleb128 0xd
 1600 0058 00       		.byte	0
 1601 0059 03       		.uleb128 0x3
 1602 005a 08       		.uleb128 0x8
 1603 005b 3A       		.uleb128 0x3a
 1604 005c 0B       		.uleb128 0xb
 1605 005d 3B       		.uleb128 0x3b
 1606 005e 0B       		.uleb128 0xb
 1607 005f 49       		.uleb128 0x49
 1608 0060 13       		.uleb128 0x13
 1609 0061 38       		.uleb128 0x38
 1610 0062 0A       		.uleb128 0xa
 1611 0063 00       		.byte	0
 1612 0064 00       		.byte	0
 1613 0065 08       		.uleb128 0x8
 1614 0066 13       		.uleb128 0x13
 1615 0067 01       		.byte	0x1
 1616 0068 0B       		.uleb128 0xb
 1617 0069 0B       		.uleb128 0xb
 1618 006a 3A       		.uleb128 0x3a
 1619 006b 0B       		.uleb128 0xb
 1620 006c 3B       		.uleb128 0x3b
 1621 006d 0B       		.uleb128 0xb
 1622 006e 01       		.uleb128 0x1
 1623 006f 13       		.uleb128 0x13
 1624 0070 00       		.byte	0
 1625 0071 00       		.byte	0
 1626 0072 09       		.uleb128 0x9
 1627 0073 0F       		.uleb128 0xf
 1628 0074 00       		.byte	0
 1629 0075 0B       		.uleb128 0xb
 1630 0076 0B       		.uleb128 0xb
 1631 0077 49       		.uleb128 0x49
 1632 0078 13       		.uleb128 0x13
 1633 0079 00       		.byte	0
 1634 007a 00       		.byte	0
 1635 007b 0A       		.uleb128 0xa
 1636 007c 0F       		.uleb128 0xf
 1637 007d 00       		.byte	0
 1638 007e 0B       		.uleb128 0xb
 1639 007f 0B       		.uleb128 0xb
 1640 0080 00       		.byte	0
 1641 0081 00       		.byte	0
 1642 0082 0B       		.uleb128 0xb
 1643 0083 13       		.uleb128 0x13
 1644 0084 01       		.byte	0x1
 1645 0085 03       		.uleb128 0x3
 1646 0086 0E       		.uleb128 0xe
 1647 0087 0B       		.uleb128 0xb
 1648 0088 0B       		.uleb128 0xb
 1649 0089 3A       		.uleb128 0x3a
 1650 008a 0B       		.uleb128 0xb
 1651 008b 3B       		.uleb128 0x3b
 1652 008c 05       		.uleb128 0x5
ARM GAS  /tmp/ccc9Mioa.s 			page 30


 1653 008d 01       		.uleb128 0x1
 1654 008e 13       		.uleb128 0x13
 1655 008f 00       		.byte	0
 1656 0090 00       		.byte	0
 1657 0091 0C       		.uleb128 0xc
 1658 0092 0D       		.uleb128 0xd
 1659 0093 00       		.byte	0
 1660 0094 03       		.uleb128 0x3
 1661 0095 08       		.uleb128 0x8
 1662 0096 3A       		.uleb128 0x3a
 1663 0097 0B       		.uleb128 0xb
 1664 0098 3B       		.uleb128 0x3b
 1665 0099 05       		.uleb128 0x5
 1666 009a 49       		.uleb128 0x49
 1667 009b 13       		.uleb128 0x13
 1668 009c 38       		.uleb128 0x38
 1669 009d 0A       		.uleb128 0xa
 1670 009e 00       		.byte	0
 1671 009f 00       		.byte	0
 1672 00a0 0D       		.uleb128 0xd
 1673 00a1 35       		.uleb128 0x35
 1674 00a2 00       		.byte	0
 1675 00a3 49       		.uleb128 0x49
 1676 00a4 13       		.uleb128 0x13
 1677 00a5 00       		.byte	0
 1678 00a6 00       		.byte	0
 1679 00a7 0E       		.uleb128 0xe
 1680 00a8 17       		.uleb128 0x17
 1681 00a9 01       		.byte	0x1
 1682 00aa 0B       		.uleb128 0xb
 1683 00ab 0B       		.uleb128 0xb
 1684 00ac 3A       		.uleb128 0x3a
 1685 00ad 0B       		.uleb128 0xb
 1686 00ae 3B       		.uleb128 0x3b
 1687 00af 0B       		.uleb128 0xb
 1688 00b0 01       		.uleb128 0x1
 1689 00b1 13       		.uleb128 0x13
 1690 00b2 00       		.byte	0
 1691 00b3 00       		.byte	0
 1692 00b4 0F       		.uleb128 0xf
 1693 00b5 0D       		.uleb128 0xd
 1694 00b6 00       		.byte	0
 1695 00b7 03       		.uleb128 0x3
 1696 00b8 0E       		.uleb128 0xe
 1697 00b9 3A       		.uleb128 0x3a
 1698 00ba 0B       		.uleb128 0xb
 1699 00bb 3B       		.uleb128 0x3b
 1700 00bc 0B       		.uleb128 0xb
 1701 00bd 49       		.uleb128 0x49
 1702 00be 13       		.uleb128 0x13
 1703 00bf 00       		.byte	0
 1704 00c0 00       		.byte	0
 1705 00c1 10       		.uleb128 0x10
 1706 00c2 26       		.uleb128 0x26
 1707 00c3 00       		.byte	0
 1708 00c4 49       		.uleb128 0x49
 1709 00c5 13       		.uleb128 0x13
ARM GAS  /tmp/ccc9Mioa.s 			page 31


 1710 00c6 00       		.byte	0
 1711 00c7 00       		.byte	0
 1712 00c8 11       		.uleb128 0x11
 1713 00c9 15       		.uleb128 0x15
 1714 00ca 01       		.byte	0x1
 1715 00cb 27       		.uleb128 0x27
 1716 00cc 0C       		.uleb128 0xc
 1717 00cd 49       		.uleb128 0x49
 1718 00ce 13       		.uleb128 0x13
 1719 00cf 01       		.uleb128 0x1
 1720 00d0 13       		.uleb128 0x13
 1721 00d1 00       		.byte	0
 1722 00d2 00       		.byte	0
 1723 00d3 12       		.uleb128 0x12
 1724 00d4 05       		.uleb128 0x5
 1725 00d5 00       		.byte	0
 1726 00d6 49       		.uleb128 0x49
 1727 00d7 13       		.uleb128 0x13
 1728 00d8 00       		.byte	0
 1729 00d9 00       		.byte	0
 1730 00da 13       		.uleb128 0x13
 1731 00db 15       		.uleb128 0x15
 1732 00dc 01       		.byte	0x1
 1733 00dd 27       		.uleb128 0x27
 1734 00de 0C       		.uleb128 0xc
 1735 00df 01       		.uleb128 0x1
 1736 00e0 13       		.uleb128 0x13
 1737 00e1 00       		.byte	0
 1738 00e2 00       		.byte	0
 1739 00e3 14       		.uleb128 0x14
 1740 00e4 13       		.uleb128 0x13
 1741 00e5 01       		.byte	0x1
 1742 00e6 0B       		.uleb128 0xb
 1743 00e7 0B       		.uleb128 0xb
 1744 00e8 3A       		.uleb128 0x3a
 1745 00e9 0B       		.uleb128 0xb
 1746 00ea 3B       		.uleb128 0x3b
 1747 00eb 05       		.uleb128 0x5
 1748 00ec 01       		.uleb128 0x1
 1749 00ed 13       		.uleb128 0x13
 1750 00ee 00       		.byte	0
 1751 00ef 00       		.byte	0
 1752 00f0 15       		.uleb128 0x15
 1753 00f1 0D       		.uleb128 0xd
 1754 00f2 00       		.byte	0
 1755 00f3 03       		.uleb128 0x3
 1756 00f4 0E       		.uleb128 0xe
 1757 00f5 3A       		.uleb128 0x3a
 1758 00f6 0B       		.uleb128 0xb
 1759 00f7 3B       		.uleb128 0x3b
 1760 00f8 05       		.uleb128 0x5
 1761 00f9 49       		.uleb128 0x49
 1762 00fa 13       		.uleb128 0x13
 1763 00fb 38       		.uleb128 0x38
 1764 00fc 0A       		.uleb128 0xa
 1765 00fd 00       		.byte	0
 1766 00fe 00       		.byte	0
ARM GAS  /tmp/ccc9Mioa.s 			page 32


 1767 00ff 16       		.uleb128 0x16
 1768 0100 16       		.uleb128 0x16
 1769 0101 00       		.byte	0
 1770 0102 03       		.uleb128 0x3
 1771 0103 0E       		.uleb128 0xe
 1772 0104 3A       		.uleb128 0x3a
 1773 0105 0B       		.uleb128 0xb
 1774 0106 3B       		.uleb128 0x3b
 1775 0107 05       		.uleb128 0x5
 1776 0108 49       		.uleb128 0x49
 1777 0109 13       		.uleb128 0x13
 1778 010a 00       		.byte	0
 1779 010b 00       		.byte	0
 1780 010c 17       		.uleb128 0x17
 1781 010d 0D       		.uleb128 0xd
 1782 010e 00       		.byte	0
 1783 010f 03       		.uleb128 0x3
 1784 0110 08       		.uleb128 0x8
 1785 0111 3A       		.uleb128 0x3a
 1786 0112 0B       		.uleb128 0xb
 1787 0113 3B       		.uleb128 0x3b
 1788 0114 0B       		.uleb128 0xb
 1789 0115 49       		.uleb128 0x49
 1790 0116 13       		.uleb128 0x13
 1791 0117 00       		.byte	0
 1792 0118 00       		.byte	0
 1793 0119 18       		.uleb128 0x18
 1794 011a 04       		.uleb128 0x4
 1795 011b 01       		.byte	0x1
 1796 011c 0B       		.uleb128 0xb
 1797 011d 0B       		.uleb128 0xb
 1798 011e 3A       		.uleb128 0x3a
 1799 011f 0B       		.uleb128 0xb
 1800 0120 3B       		.uleb128 0x3b
 1801 0121 0B       		.uleb128 0xb
 1802 0122 01       		.uleb128 0x1
 1803 0123 13       		.uleb128 0x13
 1804 0124 00       		.byte	0
 1805 0125 00       		.byte	0
 1806 0126 19       		.uleb128 0x19
 1807 0127 28       		.uleb128 0x28
 1808 0128 00       		.byte	0
 1809 0129 03       		.uleb128 0x3
 1810 012a 0E       		.uleb128 0xe
 1811 012b 1C       		.uleb128 0x1c
 1812 012c 0D       		.uleb128 0xd
 1813 012d 00       		.byte	0
 1814 012e 00       		.byte	0
 1815 012f 1A       		.uleb128 0x1a
 1816 0130 01       		.uleb128 0x1
 1817 0131 01       		.byte	0x1
 1818 0132 49       		.uleb128 0x49
 1819 0133 13       		.uleb128 0x13
 1820 0134 01       		.uleb128 0x1
 1821 0135 13       		.uleb128 0x13
 1822 0136 00       		.byte	0
 1823 0137 00       		.byte	0
ARM GAS  /tmp/ccc9Mioa.s 			page 33


 1824 0138 1B       		.uleb128 0x1b
 1825 0139 21       		.uleb128 0x21
 1826 013a 00       		.byte	0
 1827 013b 49       		.uleb128 0x49
 1828 013c 13       		.uleb128 0x13
 1829 013d 2F       		.uleb128 0x2f
 1830 013e 0B       		.uleb128 0xb
 1831 013f 00       		.byte	0
 1832 0140 00       		.byte	0
 1833 0141 1C       		.uleb128 0x1c
 1834 0142 04       		.uleb128 0x4
 1835 0143 01       		.byte	0x1
 1836 0144 03       		.uleb128 0x3
 1837 0145 0E       		.uleb128 0xe
 1838 0146 0B       		.uleb128 0xb
 1839 0147 0B       		.uleb128 0xb
 1840 0148 3A       		.uleb128 0x3a
 1841 0149 0B       		.uleb128 0xb
 1842 014a 3B       		.uleb128 0x3b
 1843 014b 0B       		.uleb128 0xb
 1844 014c 01       		.uleb128 0x1
 1845 014d 13       		.uleb128 0x13
 1846 014e 00       		.byte	0
 1847 014f 00       		.byte	0
 1848 0150 1D       		.uleb128 0x1d
 1849 0151 28       		.uleb128 0x28
 1850 0152 00       		.byte	0
 1851 0153 03       		.uleb128 0x3
 1852 0154 08       		.uleb128 0x8
 1853 0155 1C       		.uleb128 0x1c
 1854 0156 0D       		.uleb128 0xd
 1855 0157 00       		.byte	0
 1856 0158 00       		.byte	0
 1857 0159 1E       		.uleb128 0x1e
 1858 015a 2E       		.uleb128 0x2e
 1859 015b 01       		.byte	0x1
 1860 015c 3F       		.uleb128 0x3f
 1861 015d 0C       		.uleb128 0xc
 1862 015e 03       		.uleb128 0x3
 1863 015f 0E       		.uleb128 0xe
 1864 0160 3A       		.uleb128 0x3a
 1865 0161 0B       		.uleb128 0xb
 1866 0162 3B       		.uleb128 0x3b
 1867 0163 0B       		.uleb128 0xb
 1868 0164 27       		.uleb128 0x27
 1869 0165 0C       		.uleb128 0xc
 1870 0166 11       		.uleb128 0x11
 1871 0167 01       		.uleb128 0x1
 1872 0168 12       		.uleb128 0x12
 1873 0169 01       		.uleb128 0x1
 1874 016a 40       		.uleb128 0x40
 1875 016b 06       		.uleb128 0x6
 1876 016c 9742     		.uleb128 0x2117
 1877 016e 0C       		.uleb128 0xc
 1878 016f 01       		.uleb128 0x1
 1879 0170 13       		.uleb128 0x13
 1880 0171 00       		.byte	0
ARM GAS  /tmp/ccc9Mioa.s 			page 34


 1881 0172 00       		.byte	0
 1882 0173 1F       		.uleb128 0x1f
 1883 0174 05       		.uleb128 0x5
 1884 0175 00       		.byte	0
 1885 0176 03       		.uleb128 0x3
 1886 0177 0E       		.uleb128 0xe
 1887 0178 3A       		.uleb128 0x3a
 1888 0179 0B       		.uleb128 0xb
 1889 017a 3B       		.uleb128 0x3b
 1890 017b 0B       		.uleb128 0xb
 1891 017c 49       		.uleb128 0x49
 1892 017d 13       		.uleb128 0x13
 1893 017e 02       		.uleb128 0x2
 1894 017f 06       		.uleb128 0x6
 1895 0180 00       		.byte	0
 1896 0181 00       		.byte	0
 1897 0182 20       		.uleb128 0x20
 1898 0183 898201   		.uleb128 0x4109
 1899 0186 01       		.byte	0x1
 1900 0187 11       		.uleb128 0x11
 1901 0188 01       		.uleb128 0x1
 1902 0189 31       		.uleb128 0x31
 1903 018a 13       		.uleb128 0x13
 1904 018b 00       		.byte	0
 1905 018c 00       		.byte	0
 1906 018d 21       		.uleb128 0x21
 1907 018e 8A8201   		.uleb128 0x410a
 1908 0191 00       		.byte	0
 1909 0192 02       		.uleb128 0x2
 1910 0193 0A       		.uleb128 0xa
 1911 0194 9142     		.uleb128 0x2111
 1912 0196 0A       		.uleb128 0xa
 1913 0197 00       		.byte	0
 1914 0198 00       		.byte	0
 1915 0199 22       		.uleb128 0x22
 1916 019a 34       		.uleb128 0x34
 1917 019b 00       		.byte	0
 1918 019c 03       		.uleb128 0x3
 1919 019d 0E       		.uleb128 0xe
 1920 019e 3A       		.uleb128 0x3a
 1921 019f 0B       		.uleb128 0xb
 1922 01a0 3B       		.uleb128 0x3b
 1923 01a1 05       		.uleb128 0x5
 1924 01a2 49       		.uleb128 0x49
 1925 01a3 13       		.uleb128 0x13
 1926 01a4 3F       		.uleb128 0x3f
 1927 01a5 0C       		.uleb128 0xc
 1928 01a6 3C       		.uleb128 0x3c
 1929 01a7 0C       		.uleb128 0xc
 1930 01a8 00       		.byte	0
 1931 01a9 00       		.byte	0
 1932 01aa 23       		.uleb128 0x23
 1933 01ab 2E       		.uleb128 0x2e
 1934 01ac 01       		.byte	0x1
 1935 01ad 3F       		.uleb128 0x3f
 1936 01ae 0C       		.uleb128 0xc
 1937 01af 03       		.uleb128 0x3
ARM GAS  /tmp/ccc9Mioa.s 			page 35


 1938 01b0 0E       		.uleb128 0xe
 1939 01b1 3A       		.uleb128 0x3a
 1940 01b2 0B       		.uleb128 0xb
 1941 01b3 3B       		.uleb128 0x3b
 1942 01b4 05       		.uleb128 0x5
 1943 01b5 27       		.uleb128 0x27
 1944 01b6 0C       		.uleb128 0xc
 1945 01b7 3C       		.uleb128 0x3c
 1946 01b8 0C       		.uleb128 0xc
 1947 01b9 00       		.byte	0
 1948 01ba 00       		.byte	0
 1949 01bb 00       		.byte	0
 1950              		.section	.debug_loc,"",%progbits
 1951              	.Ldebug_loc0:
 1952              	.LLST0:
 1953 0000 00000000 		.4byte	.LFB118
 1954 0004 02000000 		.4byte	.LCFI0
 1955 0008 0200     		.2byte	0x2
 1956 000a 7D       		.byte	0x7d
 1957 000b 00       		.sleb128 0
 1958 000c 02000000 		.4byte	.LCFI0
 1959 0010 18000000 		.4byte	.LFE118
 1960 0014 0200     		.2byte	0x2
 1961 0016 7D       		.byte	0x7d
 1962 0017 10       		.sleb128 16
 1963 0018 00000000 		.4byte	0
 1964 001c 00000000 		.4byte	0
 1965              	.LLST1:
 1966 0020 00000000 		.4byte	.LVL0
 1967 0024 08000000 		.4byte	.LVL1
 1968 0028 0100     		.2byte	0x1
 1969 002a 50       		.byte	0x50
 1970 002b 08000000 		.4byte	.LVL1
 1971 002f 18000000 		.4byte	.LFE118
 1972 0033 0400     		.2byte	0x4
 1973 0035 F3       		.byte	0xf3
 1974 0036 01       		.uleb128 0x1
 1975 0037 50       		.byte	0x50
 1976 0038 9F       		.byte	0x9f
 1977 0039 00000000 		.4byte	0
 1978 003d 00000000 		.4byte	0
 1979              		.section	.debug_aranges,"",%progbits
 1980 0000 1C000000 		.4byte	0x1c
 1981 0004 0200     		.2byte	0x2
 1982 0006 00000000 		.4byte	.Ldebug_info0
 1983 000a 04       		.byte	0x4
 1984 000b 00       		.byte	0
 1985 000c 0000     		.2byte	0
 1986 000e 0000     		.2byte	0
 1987 0010 00000000 		.4byte	.LFB118
 1988 0014 18000000 		.4byte	.LFE118-.LFB118
 1989 0018 00000000 		.4byte	0
 1990 001c 00000000 		.4byte	0
 1991              		.section	.debug_ranges,"",%progbits
 1992              	.Ldebug_ranges0:
 1993 0000 00000000 		.4byte	.LFB118
 1994 0004 18000000 		.4byte	.LFE118
ARM GAS  /tmp/ccc9Mioa.s 			page 36


 1995 0008 00000000 		.4byte	0
 1996 000c 00000000 		.4byte	0
 1997              		.section	.debug_line,"",%progbits
 1998              	.Ldebug_line0:
 1999 0000 5C030000 		.section	.debug_str,"MS",%progbits,1
 1999      02004403 
 1999      00000201 
 1999      FB0E0D00 
 1999      01010101 
 2000              	.LASF2:
 2001 0000 73697A65 		.ascii	"size_t\000"
 2001      5F7400
 2002              	.LASF133:
 2003 0007 6274636F 		.ascii	"btconf\000"
 2003      6E6600
 2004              	.LASF61:
 2005 000e 7264796D 		.ascii	"rdymsg\000"
 2005      736700
 2006              	.LASF118:
 2007 0015 62747061 		.ascii	"btparity\000"
 2007      72697479 
 2007      00
 2008              	.LASF77:
 2009 001e 4F757470 		.ascii	"OutputQueue\000"
 2009      75745175 
 2009      65756500 
 2010              	.LASF89:
 2011 002a 4F545950 		.ascii	"OTYPER\000"
 2011      455200
 2012              	.LASF121:
 2013 0031 6E6F6E65 		.ascii	"none\000"
 2013      00
 2014              	.LASF97:
 2015 0036 696F706F 		.ascii	"ioportmask_t\000"
 2015      72746D61 
 2015      736B5F74 
 2015      00
 2016              	.LASF88:
 2017 0043 4D4F4445 		.ascii	"MODER\000"
 2017      5200
 2018              	.LASF13:
 2019 0049 6C6F6E67 		.ascii	"long long unsigned int\000"
 2019      206C6F6E 
 2019      6720756E 
 2019      7369676E 
 2019      65642069 
 2020              	.LASF91:
 2021 0060 50555044 		.ascii	"PUPDR\000"
 2021      5200
 2022              	.LASF62:
 2023 0066 65786974 		.ascii	"exitcode\000"
 2023      636F6465 
 2023      00
 2024              	.LASF134:
 2025 006f 49544D5F 		.ascii	"ITM_RxBuffer\000"
 2025      52784275 
 2025      66666572 
ARM GAS  /tmp/ccc9Mioa.s 			page 37


 2025      00
 2026              	.LASF27:
 2027 007c 705F7072 		.ascii	"p_prio\000"
 2027      696F00
 2028              	.LASF114:
 2029 0083 72656164 		.ascii	"readt\000"
 2029      7400
 2030              	.LASF67:
 2031 0089 715F7761 		.ascii	"q_waiting\000"
 2031      6974696E 
 2031      6700
 2032              	.LASF12:
 2033 0093 6C6F6E67 		.ascii	"long long int\000"
 2033      206C6F6E 
 2033      6720696E 
 2033      7400
 2034              	.LASF1:
 2035 00a1 7369676E 		.ascii	"signed char\000"
 2035      65642063 
 2035      68617200 
 2036              	.LASF120:
 2037 00ad 6D61726B 		.ascii	"mark\000"
 2037      00
 2038              	.LASF84:
 2039 00b2 47545052 		.ascii	"GTPR\000"
 2039      00
 2040              	.LASF43:
 2041 00b7 705F6D70 		.ascii	"p_mpool\000"
 2041      6F6F6C00 
 2042              	.LASF51:
 2043 00bf 6D5F7175 		.ascii	"m_queue\000"
 2043      65756500 
 2044              	.LASF18:
 2045 00c7 74736C69 		.ascii	"tslices_t\000"
 2045      6365735F 
 2045      7400
 2046              	.LASF104:
 2047 00d1 73746174 		.ascii	"state\000"
 2047      6500
 2048              	.LASF9:
 2049 00d7 6C6F6E67 		.ascii	"long int\000"
 2049      20696E74 
 2049      00
 2050              	.LASF16:
 2051 00e0 74737461 		.ascii	"tstate_t\000"
 2051      74655F74 
 2051      00
 2052              	.LASF34:
 2053 00e9 705F7265 		.ascii	"p_refs\000"
 2053      667300
 2054              	.LASF69:
 2055 00f0 715F6275 		.ascii	"q_buffer\000"
 2055      66666572 
 2055      00
 2056              	.LASF71:
 2057 00f9 715F7772 		.ascii	"q_wrptr\000"
 2057      70747200 
ARM GAS  /tmp/ccc9Mioa.s 			page 38


 2058              	.LASF36:
 2059 0101 705F7469 		.ascii	"p_time\000"
 2059      6D6500
 2060              	.LASF132:
 2061 0108 62745265 		.ascii	"btReset\000"
 2061      73657400 
 2062              	.LASF29:
 2063 0110 705F6E65 		.ascii	"p_newer\000"
 2063      77657200 
 2064              	.LASF123:
 2065 0118 626C7565 		.ascii	"bluetoothConfig\000"
 2065      746F6F74 
 2065      68436F6E 
 2065      66696700 
 2066              	.LASF125:
 2067 0128 70617269 		.ascii	"parity\000"
 2067      747900
 2068              	.LASF90:
 2069 012f 4F535045 		.ascii	"OSPEEDR\000"
 2069      45445200 
 2070              	.LASF46:
 2071 0137 72656761 		.ascii	"regarm_t\000"
 2071      726D5F74 
 2071      00
 2072              	.LASF59:
 2073 0140 4576656E 		.ascii	"EventSource\000"
 2073      74536F75 
 2073      72636500 
 2074              	.LASF107:
 2075 014c 75736172 		.ascii	"usart\000"
 2075      7400
 2076              	.LASF0:
 2077 0152 756E7369 		.ascii	"unsigned int\000"
 2077      676E6564 
 2077      20696E74 
 2077      00
 2078              	.LASF6:
 2079 015f 75696E74 		.ascii	"uint16_t\000"
 2079      31365F74 
 2079      00
 2080              	.LASF115:
 2081 0168 736C6176 		.ascii	"slave\000"
 2081      6500
 2082              	.LASF105:
 2083 016e 69717565 		.ascii	"iqueue\000"
 2083      756500
 2084              	.LASF38:
 2085 0175 705F6D73 		.ascii	"p_msgqueue\000"
 2085      67717565 
 2085      756500
 2086              	.LASF96:
 2087 0180 4750494F 		.ascii	"GPIO_TypeDef\000"
 2087      5F547970 
 2087      65446566 
 2087      00
 2088              	.LASF112:
 2089 018d 67657474 		.ascii	"gett\000"
ARM GAS  /tmp/ccc9Mioa.s 			page 39


 2089      00
 2090              	.LASF127:
 2091 0192 6E616D65 		.ascii	"name\000"
 2091      00
 2092              	.LASF103:
 2093 0197 6576656E 		.ascii	"event\000"
 2093      7400
 2094              	.LASF7:
 2095 019d 73686F72 		.ascii	"short unsigned int\000"
 2095      7420756E 
 2095      7369676E 
 2095      65642069 
 2095      6E7400
 2096              	.LASF122:
 2097 01b0 73706163 		.ascii	"space\000"
 2097      6500
 2098              	.LASF131:
 2099 01b6 2F686F6D 		.ascii	"/home/dpeter/devel/projects/chibios-bluetooth\000"
 2099      652F6470 
 2099      65746572 
 2099      2F646576 
 2099      656C2F70 
 2100              	.LASF20:
 2101 01e4 6D73675F 		.ascii	"msg_t\000"
 2101      7400
 2102              	.LASF106:
 2103 01ea 6F717565 		.ascii	"oqueue\000"
 2103      756500
 2104              	.LASF86:
 2105 01f1 55534152 		.ascii	"USART_TypeDef\000"
 2105      545F5479 
 2105      70654465 
 2105      6600
 2106              	.LASF113:
 2107 01ff 77726974 		.ascii	"writet\000"
 2107      657400
 2108              	.LASF15:
 2109 0206 746D6F64 		.ascii	"tmode_t\000"
 2109      655F7400 
 2110              	.LASF45:
 2111 020e 54687265 		.ascii	"ThreadsList\000"
 2111      6164734C 
 2111      69737400 
 2112              	.LASF21:
 2113 021a 6576656E 		.ascii	"eventmask_t\000"
 2113      746D6173 
 2113      6B5F7400 
 2114              	.LASF76:
 2115 0226 496E7075 		.ascii	"InputQueue\000"
 2115      74517565 
 2115      756500
 2116              	.LASF75:
 2117 0231 716E6F74 		.ascii	"qnotify_t\000"
 2117      6966795F 
 2117      7400
 2118              	.LASF66:
 2119 023b 47656E65 		.ascii	"GenericQueue\000"
ARM GAS  /tmp/ccc9Mioa.s 			page 40


 2119      72696351 
 2119      75657565 
 2119      00
 2120              	.LASF44:
 2121 0248 54687265 		.ascii	"ThreadsQueue\000"
 2121      61647351 
 2121      75657565 
 2121      00
 2122              	.LASF109:
 2123 0255 77726974 		.ascii	"write\000"
 2123      6500
 2124              	.LASF111:
 2125 025b 70757474 		.ascii	"putt\000"
 2125      00
 2126              	.LASF49:
 2127 0260 73697A65 		.ascii	"sizetype\000"
 2127      74797065 
 2127      00
 2128              	.LASF116:
 2129 0269 6D617374 		.ascii	"master\000"
 2129      657200
 2130              	.LASF87:
 2131 0270 636C6561 		.ascii	"clear\000"
 2131      7200
 2132              	.LASF50:
 2133 0276 4D757465 		.ascii	"Mutex\000"
 2133      7800
 2134              	.LASF119:
 2135 027c 6576656E 		.ascii	"even\000"
 2135      00
 2136              	.LASF30:
 2137 0281 705F6F6C 		.ascii	"p_older\000"
 2137      64657200 
 2138              	.LASF108:
 2139 0289 53657269 		.ascii	"SerialDriverVMT\000"
 2139      616C4472 
 2139      69766572 
 2139      564D5400 
 2140              	.LASF129:
 2141 0299 474E5520 		.ascii	"GNU C 4.7.3\000"
 2141      4320342E 
 2141      372E3300 
 2142              	.LASF57:
 2143 02a5 656C5F6D 		.ascii	"el_mask\000"
 2143      61736B00 
 2144              	.LASF135:
 2145 02ad 63685468 		.ascii	"chThdSleep\000"
 2145      64536C65 
 2145      657000
 2146              	.LASF95:
 2147 02b8 41465248 		.ascii	"AFRH\000"
 2147      00
 2148              	.LASF94:
 2149 02bd 4146524C 		.ascii	"AFRL\000"
 2149      00
 2150              	.LASF17:
 2151 02c2 74726566 		.ascii	"trefs_t\000"
ARM GAS  /tmp/ccc9Mioa.s 			page 41


 2151      735F7400 
 2152              	.LASF78:
 2153 02ca 52455345 		.ascii	"RESERVED0\000"
 2153      52564544 
 2153      3000
 2154              	.LASF79:
 2155 02d4 52455345 		.ascii	"RESERVED1\000"
 2155      52564544 
 2155      3100
 2156              	.LASF80:
 2157 02de 52455345 		.ascii	"RESERVED2\000"
 2157      52564544 
 2157      3200
 2158              	.LASF81:
 2159 02e8 52455345 		.ascii	"RESERVED3\000"
 2159      52564544 
 2159      3300
 2160              	.LASF82:
 2161 02f2 52455345 		.ascii	"RESERVED4\000"
 2161      52564544 
 2161      3400
 2162              	.LASF26:
 2163 02fc 705F7072 		.ascii	"p_prev\000"
 2163      657600
 2164              	.LASF85:
 2165 0303 52455345 		.ascii	"RESERVED6\000"
 2165      52564544 
 2165      3600
 2166              	.LASF19:
 2167 030d 74707269 		.ascii	"tprio_t\000"
 2167      6F5F7400 
 2168              	.LASF72:
 2169 0315 715F7264 		.ascii	"q_rdptr\000"
 2169      70747200 
 2170              	.LASF14:
 2171 031d 5F426F6F 		.ascii	"_Bool\000"
 2171      6C00
 2172              	.LASF8:
 2173 0323 696E7433 		.ascii	"int32_t\000"
 2173      325F7400 
 2174              	.LASF4:
 2175 032b 756E7369 		.ascii	"unsigned char\000"
 2175      676E6564 
 2175      20636861 
 2175      7200
 2176              	.LASF56:
 2177 0339 656C5F6C 		.ascii	"el_listener\000"
 2177      69737465 
 2177      6E657200 
 2178              	.LASF58:
 2179 0345 656C5F66 		.ascii	"el_flags\000"
 2179      6C616773 
 2179      00
 2180              	.LASF41:
 2181 034e 705F6D74 		.ascii	"p_mtxlist\000"
 2181      786C6973 
 2181      7400
ARM GAS  /tmp/ccc9Mioa.s 			page 42


 2182              	.LASF5:
 2183 0358 73686F72 		.ascii	"short int\000"
 2183      7420696E 
 2183      7400
 2184              	.LASF32:
 2185 0362 705F7374 		.ascii	"p_state\000"
 2185      61746500 
 2186              	.LASF35:
 2187 036a 705F7072 		.ascii	"p_preempt\000"
 2187      65656D70 
 2187      7400
 2188              	.LASF64:
 2189 0374 65776D61 		.ascii	"ewmask\000"
 2189      736B00
 2190              	.LASF25:
 2191 037b 705F6E65 		.ascii	"p_next\000"
 2191      787400
 2192              	.LASF33:
 2193 0382 705F666C 		.ascii	"p_flags\000"
 2193      61677300 
 2194              	.LASF55:
 2195 038a 656C5F6E 		.ascii	"el_next\000"
 2195      65787400 
 2196              	.LASF99:
 2197 0392 53445F53 		.ascii	"SD_STOP\000"
 2197      544F5000 
 2198              	.LASF24:
 2199 039a 54687265 		.ascii	"Thread\000"
 2199      616400
 2200              	.LASF93:
 2201 03a1 4C434B52 		.ascii	"LCKR\000"
 2201      00
 2202              	.LASF22:
 2203 03a6 666C6167 		.ascii	"flagsmask_t\000"
 2203      736D6173 
 2203      6B5F7400 
 2204              	.LASF40:
 2205 03b2 705F6570 		.ascii	"p_epending\000"
 2205      656E6469 
 2205      6E6700
 2206              	.LASF98:
 2207 03bd 53445F55 		.ascii	"SD_UNINIT\000"
 2207      4E494E49 
 2207      5400
 2208              	.LASF83:
 2209 03c7 52455345 		.ascii	"RESERVED5\000"
 2209      52564544 
 2209      3500
 2210              	.LASF68:
 2211 03d1 715F636F 		.ascii	"q_counter\000"
 2211      756E7465 
 2211      7200
 2212              	.LASF124:
 2213 03db 62617564 		.ascii	"baud\000"
 2213      00
 2214              	.LASF102:
 2215 03e0 53657269 		.ascii	"SerialDriver\000"
ARM GAS  /tmp/ccc9Mioa.s 			page 43


 2215      616C4472 
 2215      69766572 
 2215      00
 2216              	.LASF11:
 2217 03ed 6C6F6E67 		.ascii	"long unsigned int\000"
 2217      20756E73 
 2217      69676E65 
 2217      6420696E 
 2217      7400
 2218              	.LASF110:
 2219 03ff 72656164 		.ascii	"read\000"
 2219      00
 2220              	.LASF65:
 2221 0404 63686172 		.ascii	"char\000"
 2221      00
 2222              	.LASF128:
 2223 0409 6D6F6465 		.ascii	"mode\000"
 2223      00
 2224              	.LASF53:
 2225 040e 6D5F6E65 		.ascii	"m_next\000"
 2225      787400
 2226              	.LASF23:
 2227 0415 73797374 		.ascii	"systime_t\000"
 2227      696D655F 
 2227      7400
 2228              	.LASF42:
 2229 041f 705F7265 		.ascii	"p_realprio\000"
 2229      616C7072 
 2229      696F00
 2230              	.LASF48:
 2231 042a 636F6E74 		.ascii	"context\000"
 2231      65787400 
 2232              	.LASF47:
 2233 0432 696E7463 		.ascii	"intctx\000"
 2233      747800
 2234              	.LASF100:
 2235 0439 53445F52 		.ascii	"SD_READY\000"
 2235      45414459 
 2235      00
 2236              	.LASF10:
 2237 0442 75696E74 		.ascii	"uint32_t\000"
 2237      33325F74 
 2237      00
 2238              	.LASF101:
 2239 044b 73647374 		.ascii	"sdstate_t\000"
 2239      6174655F 
 2239      7400
 2240              	.LASF130:
 2241 0455 626C7565 		.ascii	"bluetooth.c\000"
 2241      746F6F74 
 2241      682E6300 
 2242              	.LASF70:
 2243 0461 715F746F 		.ascii	"q_top\000"
 2243      7000
 2244              	.LASF31:
 2245 0467 705F6E61 		.ascii	"p_name\000"
 2245      6D6500
ARM GAS  /tmp/ccc9Mioa.s 			page 44


 2246              	.LASF60:
 2247 046e 65735F6E 		.ascii	"es_next\000"
 2247      65787400 
 2248              	.LASF92:
 2249 0476 42535252 		.ascii	"BSRR\000"
 2249      00
 2250              	.LASF73:
 2251 047b 715F6E6F 		.ascii	"q_notify\000"
 2251      74696679 
 2251      00
 2252              	.LASF3:
 2253 0484 75696E74 		.ascii	"uint8_t\000"
 2253      385F7400 
 2254              	.LASF54:
 2255 048c 4576656E 		.ascii	"EventListener\000"
 2255      744C6973 
 2255      74656E65 
 2255      7200
 2256              	.LASF63:
 2257 049a 77746F62 		.ascii	"wtobjp\000"
 2257      6A7000
 2258              	.LASF117:
 2259 04a1 62745F6D 		.ascii	"bt_modes\000"
 2259      6F646573 
 2259      00
 2260              	.LASF39:
 2261 04aa 705F6D73 		.ascii	"p_msg\000"
 2261      6700
 2262              	.LASF74:
 2263 04b0 715F6C69 		.ascii	"q_link\000"
 2263      6E6B00
 2264              	.LASF126:
 2265 04b7 73746F70 		.ascii	"stop\000"
 2265      00
 2266              	.LASF52:
 2267 04bc 6D5F6F77 		.ascii	"m_owner\000"
 2267      6E657200 
 2268              	.LASF28:
 2269 04c4 705F6374 		.ascii	"p_ctx\000"
 2269      7800
 2270              	.LASF37:
 2271 04ca 705F7761 		.ascii	"p_waiting\000"
 2271      6974696E 
 2271      6700
 2272              		.ident	"GCC: (Sourcery CodeBench Lite 2013.05-23) 4.7.3"
ARM GAS  /tmp/ccc9Mioa.s 			page 45


DEFINED SYMBOLS
                            *ABS*:00000000 bluetooth.c
     /tmp/ccc9Mioa.s:19     .text.btReset:00000000 $t
     /tmp/ccc9Mioa.s:25     .text.btReset:00000000 btReset
     /tmp/ccc9Mioa.s:57     .text.btReset:00000014 $d
                     .debug_frame:00000010 $d
     /tmp/ccc9Mioa.s:61     .text.btReset:00000018 $t

UNDEFINED SYMBOLS
chThdSleep
