ARM GAS  /tmp/ccRtUsYs.s 			page 1


   1              		.syntax unified
   2              		.cpu cortex-m4
   3              		.fpu softvfp
   4              		.eabi_attribute 20, 1
   5              		.eabi_attribute 21, 1
   6              		.eabi_attribute 23, 3
   7              		.eabi_attribute 24, 1
   8              		.eabi_attribute 25, 1
   9              		.eabi_attribute 26, 1
  10              		.eabi_attribute 30, 2
  11              		.eabi_attribute 34, 1
  12              		.eabi_attribute 18, 4
  13              		.thumb
  14              		.file	"chcore_v7m.c"
  15              		.text
  16              	.Ltext0:
  17              		.cfi_sections	.debug_frame
  18              		.section	.text._port_switch_from_isr,"ax",%progbits
  19              		.align	2
  20              		.p2align 4,,15
  21              		.global	_port_switch_from_isr
  22              		.thumb
  23              		.thumb_func
  24              		.type	_port_switch_from_isr, %function
  25              	_port_switch_from_isr:
  26              	.LFB11:
  27              		.file 1 "/home/dpeter/devel/sources/ChibiOS-RT/os/ports/GCC/ARMCMx/chcore_v7m.c"
  28              		.loc 1 200 0
  29              		.cfi_startproc
  30              		@ Naked Function: prologue and epilogue provided by programmer.
  31              		@ args = 0, pretend = 0, frame = 0
  32              		@ frame_needed = 0, uses_anonymous_args = 0
  33              		.loc 1 203 0
  34 0000 FFF7FEFF 		bl	chSchDoReschedule
  35              	.LVL0:
  36              		.loc 1 205 0
  37              	@ 205 "/home/dpeter/devel/sources/ChibiOS-RT/os/ports/GCC/ARMCMx/chcore_v7m.c" 1
  38              		_port_exit_from_isr:
  39              	@ 0 "" 2
  40              		.loc 1 207 0
  41              	@ 207 "/home/dpeter/devel/sources/ChibiOS-RT/os/ports/GCC/ARMCMx/chcore_v7m.c" 1
  42 0004 00DF     		svc     #0
  43              	@ 0 "" 2
  44              		.loc 1 214 0
  45              		.thumb
  46              		.cfi_endproc
  47              	.LFE11:
  48              		.size	_port_switch_from_isr, .-_port_switch_from_isr
  49 0006 00BFAFF3 		.section	.text.SVCallVector,"ax",%progbits
  49      0080AFF3 
  49      0080
  50              		.align	2
  51              		.p2align 4,,15
  52              		.global	SVCallVector
  53              		.thumb
  54              		.thumb_func
  55              		.type	SVCallVector, %function
ARM GAS  /tmp/ccRtUsYs.s 			page 2


  56              	SVCallVector:
  57              	.LFB8:
  58              		.loc 1 58 0
  59              		.cfi_startproc
  60              		@ args = 0, pretend = 0, frame = 0
  61              		@ frame_needed = 0, uses_anonymous_args = 0
  62              		@ link register save eliminated.
  63              		.loc 1 62 0
  64              	@ 62 "/home/dpeter/devel/sources/ChibiOS-RT/os/ports/GCC/ARMCMx/chcore_v7m.c" 1
  65 0000 EFF30983 		mrs     r3, PSP
  66              	@ 0 "" 2
  67              	.LVL1:
  68              		.loc 1 66 0
  69              		.thumb
  70 0004 2033     		adds	r3, r3, #32
  71              	.LVL2:
  72              		.loc 1 73 0
  73              	@ 73 "/home/dpeter/devel/sources/ChibiOS-RT/os/ports/GCC/ARMCMx/chcore_v7m.c" 1
  74 0006 83F30988 		msr     PSP, r3
  75              	@ 0 "" 2
  76              		.thumb
  77              	.LBB2:
  78              		.loc 1 74 0
  79 000a 0023     		movs	r3, #0
  80              	.LVL3:
  81              	@ 74 "/home/dpeter/devel/sources/ChibiOS-RT/os/ports/GCC/ARMCMx/chcore_v7m.c" 1
  82 000c 83F31188 		msr     BASEPRI, r3
  83              	@ 0 "" 2
  84              	.LVL4:
  85              		.thumb
  86 0010 7047     		bx	lr
  87              	.LBE2:
  88              		.cfi_endproc
  89              	.LFE8:
  90              		.size	SVCallVector, .-SVCallVector
  91 0012 00BFAFF3 		.section	.text._port_init,"ax",%progbits
  91      0080AFF3 
  91      0080AFF3 
  91      0080
  92              		.align	2
  93              		.p2align 4,,15
  94              		.global	_port_init
  95              		.thumb
  96              		.thumb_func
  97              		.type	_port_init, %function
  98              	_port_init:
  99              	.LFB9:
 100              		.loc 1 111 0
 101              		.cfi_startproc
 102              		@ args = 0, pretend = 0, frame = 0
 103              		@ frame_needed = 0, uses_anonymous_args = 0
 104 0000 08B5     		push	{r3, lr}
 105              	.LCFI0:
 106              		.cfi_def_cfa_offset 8
 107              		.cfi_offset 3, -8
 108              		.cfi_offset 14, -4
 109              		.loc 1 114 0
ARM GAS  /tmp/ccRtUsYs.s 			page 3


 110 0002 0A4B     		ldr	r3, .L4
 111 0004 0022     		movs	r2, #0
 112 0006 9A60     		str	r2, [r3, #8]
 113              		.loc 1 115 0
 114 0008 094A     		ldr	r2, .L4+4
 115              		.loc 1 118 0
 116 000a 0720     		movs	r0, #7
 117 000c 1021     		movs	r1, #16
 118              		.loc 1 115 0
 119 000e DA60     		str	r2, [r3, #12]
 120              		.loc 1 118 0
 121 0010 FFF7FEFF 		bl	nvicSetSystemHandlerPriority
 122              	.LVL5:
 123              		.loc 1 120 0
 124 0014 0A20     		movs	r0, #10
 125 0016 4FF40071 		mov	r1, #512
 126 001a FFF7FEFF 		bl	nvicSetSystemHandlerPriority
 127              	.LVL6:
 128              		.loc 1 122 0
 129 001e 0B20     		movs	r0, #11
 130 0020 8021     		movs	r1, #128
 131              		.loc 1 124 0
 132 0022 BDE80840 		pop	{r3, lr}
 133              		.loc 1 122 0
 134 0026 FFF7FEBF 		b	nvicSetSystemHandlerPriority
 135              	.LVL7:
 136              	.L5:
 137 002a 00BF     		.align	2
 138              	.L4:
 139 002c 00ED00E0 		.word	-536810240
 140 0030 0003FA05 		.word	100270848
 141              		.cfi_endproc
 142              	.LFE9:
 143              		.size	_port_init, .-_port_init
 144 0034 AFF30080 		.section	.text._port_irq_epilogue,"ax",%progbits
 144      AFF30080 
 144      AFF30080 
 145              		.align	2
 146              		.p2align 4,,15
 147              		.global	_port_irq_epilogue
 148              		.thumb
 149              		.thumb_func
 150              		.type	_port_irq_epilogue, %function
 151              	_port_irq_epilogue:
 152              	.LFB10:
 153              		.loc 1 141 0
 154              		.cfi_startproc
 155              		@ args = 0, pretend = 0, frame = 0
 156              		@ frame_needed = 0, uses_anonymous_args = 0
 157              		@ link register save eliminated.
 158              	.LBB3:
 159              		.loc 1 143 0
 160 0000 2023     		movs	r3, #32
 161              	.LVL8:
 162              	@ 143 "/home/dpeter/devel/sources/ChibiOS-RT/os/ports/GCC/ARMCMx/chcore_v7m.c" 1
 163 0002 83F31188 		msr     BASEPRI, r3
 164              	@ 0 "" 2
ARM GAS  /tmp/ccRtUsYs.s 			page 4


 165              	.LVL9:
 166              		.thumb
 167              	.LBE3:
 168              		.loc 1 144 0
 169 0006 164B     		ldr	r3, .L14
 170              	.LVL10:
 171 0008 5B68     		ldr	r3, [r3, #4]
 172 000a 13F40063 		ands	r3, r3, #2048
 173 000e 19D0     		beq	.L7
 174              	.LBB4:
 175              		.loc 1 148 0
 176              	@ 148 "/home/dpeter/devel/sources/ChibiOS-RT/os/ports/GCC/ARMCMx/chcore_v7m.c" 1
 177 0010 EFF30983 		mrs     r3, PSP
 178              	@ 0 "" 2
 179              	.LVL11:
 180              		.loc 1 152 0
 181              		.thumb
 182 0014 A3F12002 		sub	r2, r3, #32
 183              	.LVL12:
 184              		.loc 1 153 0
 185              	@ 153 "/home/dpeter/devel/sources/ChibiOS-RT/os/ports/GCC/ARMCMx/chcore_v7m.c" 1
 186 0018 82F30988 		msr     PSP, r2
 187              	@ 0 "" 2
 188              		.loc 1 158 0
 189              		.thumb
 190 001c 1149     		ldr	r1, .L14+4
 191              		.loc 1 154 0
 192 001e 4FF08070 		mov	r0, #16777216
 193              		.loc 1 158 0
 194 0022 8A69     		ldr	r2, [r1, #24]
 195              	.LVL13:
 196              		.loc 1 154 0
 197 0024 43F8040C 		str	r0, [r3, #-4]
 198              		.loc 1 158 0
 199 0028 D07F     		ldrb	r0, [r2, #31]	@ zero_extendqisi2
 200 002a 0968     		ldr	r1, [r1, #0]
 201 002c 9268     		ldr	r2, [r2, #8]
 202 002e 8968     		ldr	r1, [r1, #8]
 203 0030 58B1     		cbz	r0, .L8
 204              		.loc 1 158 0 is_stmt 0 discriminator 1
 205 0032 9142     		cmp	r1, r2
 206 0034 94BF     		ite	ls
 207 0036 0022     		movls	r2, #0
 208 0038 0122     		movhi	r2, #1
 209 003a 62B1     		cbz	r2, .L10
 210              	.L13:
 211              		.loc 1 160 0 is_stmt 1
 212 003c 0A4A     		ldr	r2, .L14+8
 213 003e 43F8082C 		str	r2, [r3, #-8]
 214 0042 7047     		bx	lr
 215              	.LVL14:
 216              	.L7:
 217              	.LBE4:
 218              	.LBB5:
 219              		.loc 1 190 0
 220              	@ 190 "/home/dpeter/devel/sources/ChibiOS-RT/os/ports/GCC/ARMCMx/chcore_v7m.c" 1
 221 0044 83F31188 		msr     BASEPRI, r3
ARM GAS  /tmp/ccRtUsYs.s 			page 5


 222              	@ 0 "" 2
 223              	.LVL15:
 224              		.thumb
 225 0048 7047     		bx	lr
 226              	.LVL16:
 227              	.L8:
 228              	.LBE5:
 229              	.LBB6:
 230              		.loc 1 158 0 discriminator 2
 231 004a 9142     		cmp	r1, r2
 232 004c 34BF     		ite	cc
 233 004e 0022     		movcc	r2, #0
 234 0050 0122     		movcs	r2, #1
 235 0052 002A     		cmp	r2, #0
 236 0054 F2D1     		bne	.L13
 237              	.L10:
 238              		.loc 1 169 0
 239 0056 054A     		ldr	r2, .L14+12
 240 0058 43F8082C 		str	r2, [r3, #-8]
 241 005c 7047     		bx	lr
 242              	.L15:
 243 005e 00BF     		.align	2
 244              	.L14:
 245 0060 00ED00E0 		.word	-536810240
 246 0064 00000000 		.word	rlist
 247 0068 00000000 		.word	_port_switch_from_isr
 248 006c 04000000 		.word	_port_exit_from_isr
 249              	.LBE6:
 250              		.cfi_endproc
 251              	.LFE10:
 252              		.size	_port_irq_epilogue, .-_port_irq_epilogue
 253              		.section	.text.SysTickVector,"ax",%progbits
 254              		.align	2
 255              		.p2align 4,,15
 256              		.global	SysTickVector
 257              		.thumb
 258              		.thumb_func
 259              		.type	SysTickVector, %function
 260              	SysTickVector:
 261              	.LFB7:
 262              		.loc 1 40 0
 263              		.cfi_startproc
 264              		@ args = 0, pretend = 0, frame = 0
 265              		@ frame_needed = 0, uses_anonymous_args = 0
 266 0000 08B5     		push	{r3, lr}
 267              	.LCFI1:
 268              		.cfi_def_cfa_offset 8
 269              		.cfi_offset 3, -8
 270              		.cfi_offset 14, -4
 271              	.LBB7:
 272              		.loc 1 44 0
 273 0002 2023     		movs	r3, #32
 274              	.LVL17:
 275              	@ 44 "/home/dpeter/devel/sources/ChibiOS-RT/os/ports/GCC/ARMCMx/chcore_v7m.c" 1
 276 0004 83F31188 		msr     BASEPRI, r3
 277              	@ 0 "" 2
 278              	.LVL18:
ARM GAS  /tmp/ccRtUsYs.s 			page 6


 279              		.thumb
 280              	.LBE7:
 281              		.loc 1 45 0
 282 0008 FFF7FEFF 		bl	chSysTimerHandlerI
 283              	.LVL19:
 284              	.LBB8:
 285              		.loc 1 46 0
 286 000c 0023     		movs	r3, #0
 287              	.LVL20:
 288              	@ 46 "/home/dpeter/devel/sources/ChibiOS-RT/os/ports/GCC/ARMCMx/chcore_v7m.c" 1
 289 000e 83F31188 		msr     BASEPRI, r3
 290              	@ 0 "" 2
 291              	.LVL21:
 292              		.thumb
 293              	.LBE8:
 294              		.loc 1 49 0
 295 0012 BDE80840 		pop	{r3, lr}
 296              		.loc 1 48 0
 297 0016 FFF7FEBF 		b	_port_irq_epilogue
 298              	.LVL22:
 299              		.cfi_endproc
 300              	.LFE7:
 301              		.size	SysTickVector, .-SysTickVector
 302              		.section	.text._port_switch,"ax",%progbits
 303              		.align	2
 304              		.p2align 4,,15
 305              		.global	_port_switch
 306              		.thumb
 307              		.thumb_func
 308              		.type	_port_switch, %function
 309              	_port_switch:
 310              	.LFB12:
 311              		.loc 1 229 0
 312              		.cfi_startproc
 313              		@ Naked Function: prologue and epilogue provided by programmer.
 314              		@ args = 0, pretend = 0, frame = 0
 315              		@ frame_needed = 0, uses_anonymous_args = 0
 316              	.LVL23:
 317              		.loc 1 231 0
 318              	@ 231 "/home/dpeter/devel/sources/ChibiOS-RT/os/ports/GCC/ARMCMx/chcore_v7m.c" 1
 319 0000 2DE9F04F 		push    {r4, r5, r6, r7, r8, r9, r10, r11, lr}
 320              	@ 0 "" 2
 321              		.loc 1 237 0
 322              	@ 237 "/home/dpeter/devel/sources/ChibiOS-RT/os/ports/GCC/ARMCMx/chcore_v7m.c" 1
 323 0004 C1F80CD0 		str     sp, [r1, #12]                          
 324 0008 D0F80CD0 		ldr     sp, [r0, #12]
 325              	@ 0 "" 2
 326              		.loc 1 243 0
 327              	@ 243 "/home/dpeter/devel/sources/ChibiOS-RT/os/ports/GCC/ARMCMx/chcore_v7m.c" 1
 328 000c BDE8F08F 		pop     {r4, r5, r6, r7, r8, r9, r10, r11, pc}
 329              	@ 0 "" 2
 330              		.loc 1 245 0
 331              		.thumb
 332              		.cfi_endproc
 333              	.LFE12:
 334              		.size	_port_switch, .-_port_switch
 335              		.section	.text._port_thread_start,"ax",%progbits
ARM GAS  /tmp/ccRtUsYs.s 			page 7


 336              		.align	2
 337              		.p2align 4,,15
 338              		.global	_port_thread_start
 339              		.thumb
 340              		.thumb_func
 341              		.type	_port_thread_start, %function
 342              	_port_thread_start:
 343              	.LFB13:
 344              		.loc 1 252 0
 345              		.cfi_startproc
 346              		@ args = 0, pretend = 0, frame = 0
 347              		@ frame_needed = 0, uses_anonymous_args = 0
 348              		@ link register save eliminated.
 349              	.LBB9:
 350              		.loc 1 254 0
 351 0000 0023     		movs	r3, #0
 352              	.LVL24:
 353              	@ 254 "/home/dpeter/devel/sources/ChibiOS-RT/os/ports/GCC/ARMCMx/chcore_v7m.c" 1
 354 0002 83F31188 		msr     BASEPRI, r3
 355              	@ 0 "" 2
 356              	.LVL25:
 357              		.thumb
 358              	.LBE9:
 359              		.loc 1 255 0
 360              	@ 255 "/home/dpeter/devel/sources/ChibiOS-RT/os/ports/GCC/ARMCMx/chcore_v7m.c" 1
 361 0006 2846     		mov     r0, r5                                 
 362 0008 A047     		blx     r4                                     
 363 000a FFF7FEFF 		bl      chThdExit
 364              	@ 0 "" 2
 365              		.thumb
 366 000e 7047     		bx	lr
 367              		.cfi_endproc
 368              	.LFE13:
 369              		.size	_port_thread_start, .-_port_thread_start
 370              		.text
 371              	.Letext0:
 372              		.file 2 "/home/dpeter/CodeSourcery/Sourcery_CodeBench_Lite_for_ARM_EABI/bin/../lib/gcc/arm-none-ea
 373              		.file 3 "/home/dpeter/devel/sources/ChibiOS-RT/os/ports/GCC/ARMCMx/chtypes.h"
 374              		.file 4 "/home/dpeter/devel/sources/ChibiOS-RT/os/kernel/include/chlists.h"
 375              		.file 5 "/home/dpeter/devel/sources/ChibiOS-RT/os/kernel/include/chthreads.h"
 376              		.file 6 "/home/dpeter/devel/sources/ChibiOS-RT/os/ports/GCC/ARMCMx/chcore_v7m.h"
 377              		.file 7 "/home/dpeter/devel/sources/ChibiOS-RT/os/ports/common/ARMCMx/nvic.h"
 378              		.file 8 "/home/dpeter/devel/sources/ChibiOS-RT/os/kernel/include/chschd.h"
 379              		.file 9 "/home/dpeter/devel/sources/ChibiOS-RT/os/kernel/include/chmtx.h"
 380              		.file 10 "/home/dpeter/devel/sources/ChibiOS-RT/os/kernel/include/chsys.h"
 381              		.section	.debug_info,"",%progbits
 382              	.Ldebug_info0:
 383 0000 94080000 		.4byte	0x894
 384 0004 0200     		.2byte	0x2
 385 0006 00000000 		.4byte	.Ldebug_abbrev0
 386 000a 04       		.byte	0x4
 387 000b 01       		.uleb128 0x1
 388 000c 3E020000 		.4byte	.LASF93
 389 0010 01       		.byte	0x1
 390 0011 5C000000 		.4byte	.LASF94
 391 0015 18000000 		.4byte	.Ldebug_ranges0+0x18
 392 0019 00000000 		.4byte	0
ARM GAS  /tmp/ccRtUsYs.s 			page 8


 393 001d 00000000 		.4byte	0
 394 0021 00000000 		.4byte	.Ldebug_line0
 395 0025 02       		.uleb128 0x2
 396 0026 04       		.byte	0x4
 397 0027 05       		.byte	0x5
 398 0028 696E7400 		.ascii	"int\000"
 399 002c 03       		.uleb128 0x3
 400 002d 04       		.byte	0x4
 401 002e 07       		.byte	0x7
 402 002f 50010000 		.4byte	.LASF0
 403 0033 03       		.uleb128 0x3
 404 0034 01       		.byte	0x1
 405 0035 06       		.byte	0x6
 406 0036 B8000000 		.4byte	.LASF1
 407 003a 04       		.uleb128 0x4
 408 003b 82030000 		.4byte	.LASF5
 409 003f 02       		.byte	0x2
 410 0040 2A       		.byte	0x2a
 411 0041 45000000 		.4byte	0x45
 412 0045 03       		.uleb128 0x3
 413 0046 01       		.byte	0x1
 414 0047 08       		.byte	0x8
 415 0048 7C020000 		.4byte	.LASF2
 416 004c 03       		.uleb128 0x3
 417 004d 02       		.byte	0x2
 418 004e 05       		.byte	0x5
 419 004f 9A020000 		.4byte	.LASF3
 420 0053 03       		.uleb128 0x3
 421 0054 02       		.byte	0x2
 422 0055 07       		.byte	0x7
 423 0056 AD010000 		.4byte	.LASF4
 424 005a 04       		.uleb128 0x4
 425 005b 74020000 		.4byte	.LASF6
 426 005f 02       		.byte	0x2
 427 0060 4F       		.byte	0x4f
 428 0061 65000000 		.4byte	0x65
 429 0065 03       		.uleb128 0x3
 430 0066 04       		.byte	0x4
 431 0067 05       		.byte	0x5
 432 0068 DE000000 		.4byte	.LASF7
 433 006c 04       		.uleb128 0x4
 434 006d EA020000 		.4byte	.LASF8
 435 0071 02       		.byte	0x2
 436 0072 50       		.byte	0x50
 437 0073 77000000 		.4byte	0x77
 438 0077 03       		.uleb128 0x3
 439 0078 04       		.byte	0x4
 440 0079 07       		.byte	0x7
 441 007a 78010000 		.4byte	.LASF9
 442 007e 03       		.uleb128 0x3
 443 007f 08       		.byte	0x8
 444 0080 05       		.byte	0x5
 445 0081 AA000000 		.4byte	.LASF10
 446 0085 03       		.uleb128 0x3
 447 0086 08       		.byte	0x8
 448 0087 07       		.byte	0x7
 449 0088 36000000 		.4byte	.LASF11
ARM GAS  /tmp/ccRtUsYs.s 			page 9


 450 008c 03       		.uleb128 0x3
 451 008d 01       		.byte	0x1
 452 008e 02       		.byte	0x2
 453 008f 6E020000 		.4byte	.LASF12
 454 0093 04       		.uleb128 0x4
 455 0094 EF010000 		.4byte	.LASF13
 456 0098 03       		.byte	0x3
 457 0099 25       		.byte	0x25
 458 009a 3A000000 		.4byte	0x3a
 459 009e 04       		.uleb128 0x4
 460 009f E7000000 		.4byte	.LASF14
 461 00a3 03       		.byte	0x3
 462 00a4 26       		.byte	0x26
 463 00a5 3A000000 		.4byte	0x3a
 464 00a9 04       		.uleb128 0x4
 465 00aa 52020000 		.4byte	.LASF15
 466 00ae 03       		.byte	0x3
 467 00af 27       		.byte	0x27
 468 00b0 3A000000 		.4byte	0x3a
 469 00b4 04       		.uleb128 0x4
 470 00b5 D4000000 		.4byte	.LASF16
 471 00b9 03       		.byte	0x3
 472 00ba 28       		.byte	0x28
 473 00bb 3A000000 		.4byte	0x3a
 474 00bf 04       		.uleb128 0x4
 475 00c0 66020000 		.4byte	.LASF17
 476 00c4 03       		.byte	0x3
 477 00c5 29       		.byte	0x29
 478 00c6 6C000000 		.4byte	0x6c
 479 00ca 04       		.uleb128 0x4
 480 00cb C5010000 		.4byte	.LASF18
 481 00cf 03       		.byte	0x3
 482 00d0 2A       		.byte	0x2a
 483 00d1 5A000000 		.4byte	0x5a
 484 00d5 04       		.uleb128 0x4
 485 00d6 03020000 		.4byte	.LASF19
 486 00da 03       		.byte	0x3
 487 00db 2C       		.byte	0x2c
 488 00dc 6C000000 		.4byte	0x6c
 489 00e0 04       		.uleb128 0x4
 490 00e1 26030000 		.4byte	.LASF20
 491 00e5 03       		.byte	0x3
 492 00e6 2E       		.byte	0x2e
 493 00e7 6C000000 		.4byte	0x6c
 494 00eb 04       		.uleb128 0x4
 495 00ec D8020000 		.4byte	.LASF21
 496 00f0 04       		.byte	0x4
 497 00f1 23       		.byte	0x23
 498 00f2 F6000000 		.4byte	0xf6
 499 00f6 05       		.uleb128 0x5
 500 00f7 D8020000 		.4byte	.LASF21
 501 00fb 48       		.byte	0x48
 502 00fc 05       		.byte	0x5
 503 00fd 57       		.byte	0x57
 504 00fe 1B020000 		.4byte	0x21b
 505 0102 06       		.uleb128 0x6
 506 0103 C9020000 		.4byte	.LASF22
ARM GAS  /tmp/ccRtUsYs.s 			page 10


 507 0107 05       		.byte	0x5
 508 0108 58       		.byte	0x58
 509 0109 40020000 		.4byte	0x240
 510 010d 02       		.byte	0x2
 511 010e 23       		.byte	0x23
 512 010f 00       		.uleb128 0
 513 0110 06       		.uleb128 0x6
 514 0111 5F020000 		.4byte	.LASF23
 515 0115 05       		.byte	0x5
 516 0116 5A       		.byte	0x5a
 517 0117 40020000 		.4byte	0x240
 518 011b 02       		.byte	0x2
 519 011c 23       		.byte	0x23
 520 011d 04       		.uleb128 0x4
 521 011e 06       		.uleb128 0x6
 522 011f A3000000 		.4byte	.LASF24
 523 0123 05       		.byte	0x5
 524 0124 5C       		.byte	0x5c
 525 0125 BF000000 		.4byte	0xbf
 526 0129 02       		.byte	0x2
 527 012a 23       		.byte	0x23
 528 012b 08       		.uleb128 0x8
 529 012c 06       		.uleb128 0x6
 530 012d B6030000 		.4byte	.LASF25
 531 0131 05       		.byte	0x5
 532 0132 5D       		.byte	0x5d
 533 0133 86030000 		.4byte	0x386
 534 0137 02       		.byte	0x2
 535 0138 23       		.byte	0x23
 536 0139 0C       		.uleb128 0xc
 537 013a 06       		.uleb128 0x6
 538 013b 03010000 		.4byte	.LASF26
 539 013f 05       		.byte	0x5
 540 0140 5F       		.byte	0x5f
 541 0141 40020000 		.4byte	0x240
 542 0145 02       		.byte	0x2
 543 0146 23       		.byte	0x23
 544 0147 10       		.uleb128 0x10
 545 0148 06       		.uleb128 0x6
 546 0149 23020000 		.4byte	.LASF27
 547 014d 05       		.byte	0x5
 548 014e 60       		.byte	0x60
 549 014f 40020000 		.4byte	0x240
 550 0153 02       		.byte	0x2
 551 0154 23       		.byte	0x23
 552 0155 14       		.uleb128 0x14
 553 0156 06       		.uleb128 0x6
 554 0157 9C030000 		.4byte	.LASF28
 555 015b 05       		.byte	0x5
 556 015c 67       		.byte	0x67
 557 015d 3E060000 		.4byte	0x63e
 558 0161 02       		.byte	0x2
 559 0162 23       		.byte	0x23
 560 0163 18       		.uleb128 0x18
 561 0164 06       		.uleb128 0x6
 562 0165 A4020000 		.4byte	.LASF29
 563 0169 05       		.byte	0x5
ARM GAS  /tmp/ccRtUsYs.s 			page 11


 564 016a 72       		.byte	0x72
 565 016b 9E000000 		.4byte	0x9e
 566 016f 02       		.byte	0x2
 567 0170 23       		.byte	0x23
 568 0171 1C       		.uleb128 0x1c
 569 0172 06       		.uleb128 0x6
 570 0173 D0020000 		.4byte	.LASF30
 571 0177 05       		.byte	0x5
 572 0178 76       		.byte	0x76
 573 0179 93000000 		.4byte	0x93
 574 017d 02       		.byte	0x2
 575 017e 23       		.byte	0x23
 576 017f 1D       		.uleb128 0x1d
 577 0180 06       		.uleb128 0x6
 578 0181 66030000 		.4byte	.LASF31
 579 0185 05       		.byte	0x5
 580 0186 7B       		.byte	0x7b
 581 0187 A9000000 		.4byte	0xa9
 582 018b 02       		.byte	0x2
 583 018c 23       		.byte	0x23
 584 018d 1E       		.uleb128 0x1e
 585 018e 06       		.uleb128 0x6
 586 018f AC020000 		.4byte	.LASF32
 587 0193 05       		.byte	0x5
 588 0194 81       		.byte	0x81
 589 0195 B4000000 		.4byte	0xb4
 590 0199 02       		.byte	0x2
 591 019a 23       		.byte	0x23
 592 019b 1F       		.uleb128 0x1f
 593 019c 06       		.uleb128 0x6
 594 019d 48030000 		.4byte	.LASF33
 595 01a1 05       		.byte	0x5
 596 01a2 88       		.byte	0x88
 597 01a3 54050000 		.4byte	0x554
 598 01a7 02       		.byte	0x2
 599 01a8 23       		.byte	0x23
 600 01a9 20       		.uleb128 0x20
 601 01aa 07       		.uleb128 0x7
 602 01ab 705F7500 		.ascii	"p_u\000"
 603 01af 05       		.byte	0x5
 604 01b0 AD       		.byte	0xad
 605 01b1 09060000 		.4byte	0x609
 606 01b5 02       		.byte	0x2
 607 01b6 23       		.byte	0x23
 608 01b7 24       		.uleb128 0x24
 609 01b8 06       		.uleb128 0x6
 610 01b9 BC030000 		.4byte	.LASF34
 611 01bd 05       		.byte	0x5
 612 01be B2       		.byte	0xb2
 613 01bf 68020000 		.4byte	0x268
 614 01c3 02       		.byte	0x2
 615 01c4 23       		.byte	0x23
 616 01c5 28       		.uleb128 0x28
 617 01c6 06       		.uleb128 0x6
 618 01c7 5B030000 		.4byte	.LASF35
 619 01cb 05       		.byte	0x5
 620 01cc B8       		.byte	0xb8
ARM GAS  /tmp/ccRtUsYs.s 			page 12


 621 01cd 46020000 		.4byte	0x246
 622 01d1 02       		.byte	0x2
 623 01d2 23       		.byte	0x23
 624 01d3 2C       		.uleb128 0x2c
 625 01d4 06       		.uleb128 0x6
 626 01d5 00000000 		.4byte	.LASF36
 627 01d9 05       		.byte	0x5
 628 01da BC       		.byte	0xbc
 629 01db CA000000 		.4byte	0xca
 630 01df 02       		.byte	0x2
 631 01e0 23       		.byte	0x23
 632 01e1 34       		.uleb128 0x34
 633 01e2 06       		.uleb128 0x6
 634 01e3 DF020000 		.4byte	.LASF37
 635 01e7 05       		.byte	0x5
 636 01e8 C2       		.byte	0xc2
 637 01e9 D5000000 		.4byte	0xd5
 638 01ed 02       		.byte	0x2
 639 01ee 23       		.byte	0x23
 640 01ef 38       		.uleb128 0x38
 641 01f0 06       		.uleb128 0x6
 642 01f1 90020000 		.4byte	.LASF38
 643 01f5 05       		.byte	0x5
 644 01f6 C9       		.byte	0xc9
 645 01f7 50060000 		.4byte	0x650
 646 01fb 02       		.byte	0x2
 647 01fc 23       		.byte	0x23
 648 01fd 3C       		.uleb128 0x3c
 649 01fe 06       		.uleb128 0x6
 650 01ff 30030000 		.4byte	.LASF39
 651 0203 05       		.byte	0x5
 652 0204 CD       		.byte	0xcd
 653 0205 BF000000 		.4byte	0xbf
 654 0209 02       		.byte	0x2
 655 020a 23       		.byte	0x23
 656 020b 40       		.uleb128 0x40
 657 020c 06       		.uleb128 0x6
 658 020d C4000000 		.4byte	.LASF40
 659 0211 05       		.byte	0x5
 660 0212 D3       		.byte	0xd3
 661 0213 7E020000 		.4byte	0x27e
 662 0217 02       		.byte	0x2
 663 0218 23       		.byte	0x23
 664 0219 44       		.uleb128 0x44
 665 021a 00       		.byte	0
 666 021b 08       		.uleb128 0x8
 667 021c 08       		.byte	0x8
 668 021d 04       		.byte	0x4
 669 021e 5A       		.byte	0x5a
 670 021f 40020000 		.4byte	0x240
 671 0223 06       		.uleb128 0x6
 672 0224 C9020000 		.4byte	.LASF22
 673 0228 04       		.byte	0x4
 674 0229 5B       		.byte	0x5b
 675 022a 40020000 		.4byte	0x240
 676 022e 02       		.byte	0x2
 677 022f 23       		.byte	0x23
ARM GAS  /tmp/ccRtUsYs.s 			page 13


 678 0230 00       		.uleb128 0
 679 0231 06       		.uleb128 0x6
 680 0232 5F020000 		.4byte	.LASF23
 681 0236 04       		.byte	0x4
 682 0237 5D       		.byte	0x5d
 683 0238 40020000 		.4byte	0x240
 684 023c 02       		.byte	0x2
 685 023d 23       		.byte	0x23
 686 023e 04       		.uleb128 0x4
 687 023f 00       		.byte	0
 688 0240 09       		.uleb128 0x9
 689 0241 04       		.byte	0x4
 690 0242 EB000000 		.4byte	0xeb
 691 0246 04       		.uleb128 0x4
 692 0247 31020000 		.4byte	.LASF41
 693 024b 04       		.byte	0x4
 694 024c 5F       		.byte	0x5f
 695 024d 1B020000 		.4byte	0x21b
 696 0251 08       		.uleb128 0x8
 697 0252 04       		.byte	0x4
 698 0253 04       		.byte	0x4
 699 0254 64       		.byte	0x64
 700 0255 68020000 		.4byte	0x268
 701 0259 06       		.uleb128 0x6
 702 025a C9020000 		.4byte	.LASF22
 703 025e 04       		.byte	0x4
 704 025f 66       		.byte	0x66
 705 0260 40020000 		.4byte	0x240
 706 0264 02       		.byte	0x2
 707 0265 23       		.byte	0x23
 708 0266 00       		.uleb128 0
 709 0267 00       		.byte	0
 710 0268 04       		.uleb128 0x4
 711 0269 F7010000 		.4byte	.LASF42
 712 026d 04       		.byte	0x4
 713 026e 69       		.byte	0x69
 714 026f 51020000 		.4byte	0x251
 715 0273 04       		.uleb128 0x4
 716 0274 35010000 		.4byte	.LASF43
 717 0278 06       		.byte	0x6
 718 0279 DE       		.byte	0xde
 719 027a 7E020000 		.4byte	0x27e
 720 027e 0A       		.uleb128 0xa
 721 027f 04       		.byte	0x4
 722 0280 05       		.uleb128 0x5
 723 0281 64010000 		.4byte	.LASF44
 724 0285 20       		.byte	0x20
 725 0286 06       		.byte	0x6
 726 0287 E6       		.byte	0xe6
 727 0288 F8020000 		.4byte	0x2f8
 728 028c 07       		.uleb128 0x7
 729 028d 723000   		.ascii	"r0\000"
 730 0290 06       		.byte	0x6
 731 0291 E7       		.byte	0xe7
 732 0292 73020000 		.4byte	0x273
 733 0296 02       		.byte	0x2
 734 0297 23       		.byte	0x23
ARM GAS  /tmp/ccRtUsYs.s 			page 14


 735 0298 00       		.uleb128 0
 736 0299 07       		.uleb128 0x7
 737 029a 723100   		.ascii	"r1\000"
 738 029d 06       		.byte	0x6
 739 029e E8       		.byte	0xe8
 740 029f 73020000 		.4byte	0x273
 741 02a3 02       		.byte	0x2
 742 02a4 23       		.byte	0x23
 743 02a5 04       		.uleb128 0x4
 744 02a6 07       		.uleb128 0x7
 745 02a7 723200   		.ascii	"r2\000"
 746 02aa 06       		.byte	0x6
 747 02ab E9       		.byte	0xe9
 748 02ac 73020000 		.4byte	0x273
 749 02b0 02       		.byte	0x2
 750 02b1 23       		.byte	0x23
 751 02b2 08       		.uleb128 0x8
 752 02b3 07       		.uleb128 0x7
 753 02b4 723300   		.ascii	"r3\000"
 754 02b7 06       		.byte	0x6
 755 02b8 EA       		.byte	0xea
 756 02b9 73020000 		.4byte	0x273
 757 02bd 02       		.byte	0x2
 758 02be 23       		.byte	0x23
 759 02bf 0C       		.uleb128 0xc
 760 02c0 07       		.uleb128 0x7
 761 02c1 72313200 		.ascii	"r12\000"
 762 02c5 06       		.byte	0x6
 763 02c6 EB       		.byte	0xeb
 764 02c7 73020000 		.4byte	0x273
 765 02cb 02       		.byte	0x2
 766 02cc 23       		.byte	0x23
 767 02cd 10       		.uleb128 0x10
 768 02ce 06       		.uleb128 0x6
 769 02cf 5D010000 		.4byte	.LASF45
 770 02d3 06       		.byte	0x6
 771 02d4 EC       		.byte	0xec
 772 02d5 73020000 		.4byte	0x273
 773 02d9 02       		.byte	0x2
 774 02da 23       		.byte	0x23
 775 02db 14       		.uleb128 0x14
 776 02dc 07       		.uleb128 0x7
 777 02dd 706300   		.ascii	"pc\000"
 778 02e0 06       		.byte	0x6
 779 02e1 ED       		.byte	0xed
 780 02e2 73020000 		.4byte	0x273
 781 02e6 02       		.byte	0x2
 782 02e7 23       		.byte	0x23
 783 02e8 18       		.uleb128 0x18
 784 02e9 06       		.uleb128 0x6
 785 02ea B6020000 		.4byte	.LASF46
 786 02ee 06       		.byte	0x6
 787 02ef EE       		.byte	0xee
 788 02f0 73020000 		.4byte	0x273
 789 02f4 02       		.byte	0x2
 790 02f5 23       		.byte	0x23
 791 02f6 1C       		.uleb128 0x1c
ARM GAS  /tmp/ccRtUsYs.s 			page 15


 792 02f7 00       		.byte	0
 793 02f8 0B       		.uleb128 0xb
 794 02f9 54030000 		.4byte	.LASF47
 795 02fd 24       		.byte	0x24
 796 02fe 06       		.byte	0x6
 797 02ff 0501     		.2byte	0x105
 798 0301 86030000 		.4byte	0x386
 799 0305 0C       		.uleb128 0xc
 800 0306 723400   		.ascii	"r4\000"
 801 0309 06       		.byte	0x6
 802 030a 1801     		.2byte	0x118
 803 030c 73020000 		.4byte	0x273
 804 0310 02       		.byte	0x2
 805 0311 23       		.byte	0x23
 806 0312 00       		.uleb128 0
 807 0313 0C       		.uleb128 0xc
 808 0314 723500   		.ascii	"r5\000"
 809 0317 06       		.byte	0x6
 810 0318 1901     		.2byte	0x119
 811 031a 73020000 		.4byte	0x273
 812 031e 02       		.byte	0x2
 813 031f 23       		.byte	0x23
 814 0320 04       		.uleb128 0x4
 815 0321 0C       		.uleb128 0xc
 816 0322 723600   		.ascii	"r6\000"
 817 0325 06       		.byte	0x6
 818 0326 1A01     		.2byte	0x11a
 819 0328 73020000 		.4byte	0x273
 820 032c 02       		.byte	0x2
 821 032d 23       		.byte	0x23
 822 032e 08       		.uleb128 0x8
 823 032f 0C       		.uleb128 0xc
 824 0330 723700   		.ascii	"r7\000"
 825 0333 06       		.byte	0x6
 826 0334 1B01     		.2byte	0x11b
 827 0336 73020000 		.4byte	0x273
 828 033a 02       		.byte	0x2
 829 033b 23       		.byte	0x23
 830 033c 0C       		.uleb128 0xc
 831 033d 0C       		.uleb128 0xc
 832 033e 723800   		.ascii	"r8\000"
 833 0341 06       		.byte	0x6
 834 0342 1C01     		.2byte	0x11c
 835 0344 73020000 		.4byte	0x273
 836 0348 02       		.byte	0x2
 837 0349 23       		.byte	0x23
 838 034a 10       		.uleb128 0x10
 839 034b 0C       		.uleb128 0xc
 840 034c 723900   		.ascii	"r9\000"
 841 034f 06       		.byte	0x6
 842 0350 1D01     		.2byte	0x11d
 843 0352 73020000 		.4byte	0x273
 844 0356 02       		.byte	0x2
 845 0357 23       		.byte	0x23
 846 0358 14       		.uleb128 0x14
 847 0359 0C       		.uleb128 0xc
 848 035a 72313000 		.ascii	"r10\000"
ARM GAS  /tmp/ccRtUsYs.s 			page 16


 849 035e 06       		.byte	0x6
 850 035f 1E01     		.2byte	0x11e
 851 0361 73020000 		.4byte	0x273
 852 0365 02       		.byte	0x2
 853 0366 23       		.byte	0x23
 854 0367 18       		.uleb128 0x18
 855 0368 0C       		.uleb128 0xc
 856 0369 72313100 		.ascii	"r11\000"
 857 036d 06       		.byte	0x6
 858 036e 1F01     		.2byte	0x11f
 859 0370 73020000 		.4byte	0x273
 860 0374 02       		.byte	0x2
 861 0375 23       		.byte	0x23
 862 0376 1C       		.uleb128 0x1c
 863 0377 0C       		.uleb128 0xc
 864 0378 6C7200   		.ascii	"lr\000"
 865 037b 06       		.byte	0x6
 866 037c 2001     		.2byte	0x120
 867 037e 73020000 		.4byte	0x273
 868 0382 02       		.byte	0x2
 869 0383 23       		.byte	0x23
 870 0384 20       		.uleb128 0x20
 871 0385 00       		.byte	0
 872 0386 0B       		.uleb128 0xb
 873 0387 A5010000 		.4byte	.LASF48
 874 038b 04       		.byte	0x4
 875 038c 06       		.byte	0x6
 876 038d 2A01     		.2byte	0x12a
 877 038f A3030000 		.4byte	0x3a3
 878 0393 0C       		.uleb128 0xc
 879 0394 72313300 		.ascii	"r13\000"
 880 0398 06       		.byte	0x6
 881 0399 2B01     		.2byte	0x12b
 882 039b A3030000 		.4byte	0x3a3
 883 039f 02       		.byte	0x2
 884 03a0 23       		.byte	0x23
 885 03a1 00       		.uleb128 0
 886 03a2 00       		.byte	0
 887 03a3 09       		.uleb128 0x9
 888 03a4 04       		.byte	0x4
 889 03a5 F8020000 		.4byte	0x2f8
 890 03a9 04       		.uleb128 0x4
 891 03aa 17030000 		.4byte	.LASF49
 892 03ae 07       		.byte	0x7
 893 03af 33       		.byte	0x33
 894 03b0 B4030000 		.4byte	0x3b4
 895 03b4 0D       		.uleb128 0xd
 896 03b5 6C000000 		.4byte	0x6c
 897 03b9 03       		.uleb128 0x3
 898 03ba 04       		.byte	0x4
 899 03bb 07       		.byte	0x7
 900 03bc 15020000 		.4byte	.LASF50
 901 03c0 08       		.uleb128 0x8
 902 03c1 8C       		.byte	0x8c
 903 03c2 07       		.byte	0x7
 904 03c3 82       		.byte	0x82
 905 03c4 F0040000 		.4byte	0x4f0
ARM GAS  /tmp/ccRtUsYs.s 			page 17


 906 03c8 06       		.uleb128 0x6
 907 03c9 56000000 		.4byte	.LASF51
 908 03cd 07       		.byte	0x7
 909 03ce 83       		.byte	0x83
 910 03cf A9030000 		.4byte	0x3a9
 911 03d3 02       		.byte	0x2
 912 03d4 23       		.byte	0x23
 913 03d5 00       		.uleb128 0
 914 03d6 06       		.uleb128 0x6
 915 03d7 C0010000 		.4byte	.LASF52
 916 03db 07       		.byte	0x7
 917 03dc 84       		.byte	0x84
 918 03dd A9030000 		.4byte	0x3a9
 919 03e1 02       		.byte	0x2
 920 03e2 23       		.byte	0x23
 921 03e3 04       		.uleb128 0x4
 922 03e4 06       		.uleb128 0x6
 923 03e5 8A010000 		.4byte	.LASF53
 924 03e9 07       		.byte	0x7
 925 03ea 85       		.byte	0x85
 926 03eb A9030000 		.4byte	0x3a9
 927 03ef 02       		.byte	0x2
 928 03f0 23       		.byte	0x23
 929 03f1 08       		.uleb128 0x8
 930 03f2 06       		.uleb128 0x6
 931 03f3 CB010000 		.4byte	.LASF54
 932 03f7 07       		.byte	0x7
 933 03f8 86       		.byte	0x86
 934 03f9 A9030000 		.4byte	0x3a9
 935 03fd 02       		.byte	0x2
 936 03fe 23       		.byte	0x23
 937 03ff 0C       		.uleb128 0xc
 938 0400 07       		.uleb128 0x7
 939 0401 53435200 		.ascii	"SCR\000"
 940 0405 07       		.byte	0x7
 941 0406 87       		.byte	0x87
 942 0407 A9030000 		.4byte	0x3a9
 943 040b 02       		.byte	0x2
 944 040c 23       		.byte	0x23
 945 040d 10       		.uleb128 0x10
 946 040e 07       		.uleb128 0x7
 947 040f 43435200 		.ascii	"CCR\000"
 948 0413 07       		.byte	0x7
 949 0414 88       		.byte	0x88
 950 0415 A9030000 		.4byte	0x3a9
 951 0419 02       		.byte	0x2
 952 041a 23       		.byte	0x23
 953 041b 14       		.uleb128 0x14
 954 041c 06       		.uleb128 0x6
 955 041d 4F030000 		.4byte	.LASF55
 956 0421 07       		.byte	0x7
 957 0422 89       		.byte	0x89
 958 0423 00050000 		.4byte	0x500
 959 0427 02       		.byte	0x2
 960 0428 23       		.byte	0x23
 961 0429 18       		.uleb128 0x18
 962 042a 06       		.uleb128 0x6
ARM GAS  /tmp/ccRtUsYs.s 			page 18


 963 042b 8A020000 		.4byte	.LASF56
 964 042f 07       		.byte	0x7
 965 0430 8A       		.byte	0x8a
 966 0431 A9030000 		.4byte	0x3a9
 967 0435 02       		.byte	0x2
 968 0436 23       		.byte	0x23
 969 0437 24       		.uleb128 0x24
 970 0438 06       		.uleb128 0x6
 971 0439 1E020000 		.4byte	.LASF57
 972 043d 07       		.byte	0x7
 973 043e 8B       		.byte	0x8b
 974 043f A9030000 		.4byte	0x3a9
 975 0443 02       		.byte	0x2
 976 0444 23       		.byte	0x23
 977 0445 28       		.uleb128 0x28
 978 0446 06       		.uleb128 0x6
 979 0447 A9030000 		.4byte	.LASF58
 980 044b 07       		.byte	0x7
 981 044c 8C       		.byte	0x8c
 982 044d A9030000 		.4byte	0x3a9
 983 0451 02       		.byte	0x2
 984 0452 23       		.byte	0x23
 985 0453 2C       		.uleb128 0x2c
 986 0454 06       		.uleb128 0x6
 987 0455 D1010000 		.4byte	.LASF59
 988 0459 07       		.byte	0x7
 989 045a 8D       		.byte	0x8d
 990 045b A9030000 		.4byte	0x3a9
 991 045f 02       		.byte	0x2
 992 0460 23       		.byte	0x23
 993 0461 30       		.uleb128 0x30
 994 0462 06       		.uleb128 0x6
 995 0463 D6010000 		.4byte	.LASF60
 996 0467 07       		.byte	0x7
 997 0468 8E       		.byte	0x8e
 998 0469 A9030000 		.4byte	0x3a9
 999 046d 02       		.byte	0x2
 1000 046e 23       		.byte	0x23
 1001 046f 34       		.uleb128 0x34
 1002 0470 06       		.uleb128 0x6
 1003 0471 0B010000 		.4byte	.LASF61
 1004 0475 07       		.byte	0x7
 1005 0476 8F       		.byte	0x8f
 1006 0477 A9030000 		.4byte	0x3a9
 1007 047b 02       		.byte	0x2
 1008 047c 23       		.byte	0x23
 1009 047d 38       		.uleb128 0x38
 1010 047e 06       		.uleb128 0x6
 1011 047f FB020000 		.4byte	.LASF62
 1012 0483 07       		.byte	0x7
 1013 0484 90       		.byte	0x90
 1014 0485 A9030000 		.4byte	0x3a9
 1015 0489 02       		.byte	0x2
 1016 048a 23       		.byte	0x23
 1017 048b 3C       		.uleb128 0x3c
 1018 048c 07       		.uleb128 0x7
 1019 048d 50465200 		.ascii	"PFR\000"
ARM GAS  /tmp/ccRtUsYs.s 			page 19


 1020 0491 07       		.byte	0x7
 1021 0492 91       		.byte	0x91
 1022 0493 15050000 		.4byte	0x515
 1023 0497 02       		.byte	0x2
 1024 0498 23       		.byte	0x23
 1025 0499 40       		.uleb128 0x40
 1026 049a 07       		.uleb128 0x7
 1027 049b 44465200 		.ascii	"DFR\000"
 1028 049f 07       		.byte	0x7
 1029 04a0 92       		.byte	0x92
 1030 04a1 A9030000 		.4byte	0x3a9
 1031 04a5 02       		.byte	0x2
 1032 04a6 23       		.byte	0x23
 1033 04a7 48       		.uleb128 0x48
 1034 04a8 07       		.uleb128 0x7
 1035 04a9 41445200 		.ascii	"ADR\000"
 1036 04ad 07       		.byte	0x7
 1037 04ae 93       		.byte	0x93
 1038 04af A9030000 		.4byte	0x3a9
 1039 04b3 02       		.byte	0x2
 1040 04b4 23       		.byte	0x23
 1041 04b5 4C       		.uleb128 0x4c
 1042 04b6 06       		.uleb128 0x6
 1043 04b7 77030000 		.4byte	.LASF63
 1044 04bb 07       		.byte	0x7
 1045 04bc 94       		.byte	0x94
 1046 04bd 2A050000 		.4byte	0x52a
 1047 04c1 02       		.byte	0x2
 1048 04c2 23       		.byte	0x23
 1049 04c3 50       		.uleb128 0x50
 1050 04c4 07       		.uleb128 0x7
 1051 04c5 53415200 		.ascii	"SAR\000"
 1052 04c9 07       		.byte	0x7
 1053 04ca 95       		.byte	0x95
 1054 04cb 3F050000 		.4byte	0x53f
 1055 04cf 02       		.byte	0x2
 1056 04d0 23       		.byte	0x23
 1057 04d1 60       		.uleb128 0x60
 1058 04d2 06       		.uleb128 0x6
 1059 04d3 00030000 		.4byte	.LASF64
 1060 04d7 07       		.byte	0x7
 1061 04d8 96       		.byte	0x96
 1062 04d9 44050000 		.4byte	0x544
 1063 04dd 02       		.byte	0x2
 1064 04de 23       		.byte	0x23
 1065 04df 74       		.uleb128 0x74
 1066 04e0 06       		.uleb128 0x6
 1067 04e1 A3030000 		.4byte	.LASF65
 1068 04e5 07       		.byte	0x7
 1069 04e6 97       		.byte	0x97
 1070 04e7 A9030000 		.4byte	0x3a9
 1071 04eb 03       		.byte	0x3
 1072 04ec 23       		.byte	0x23
 1073 04ed 8801     		.uleb128 0x88
 1074 04ef 00       		.byte	0
 1075 04f0 0E       		.uleb128 0xe
 1076 04f1 A9030000 		.4byte	0x3a9
ARM GAS  /tmp/ccRtUsYs.s 			page 20


 1077 04f5 00050000 		.4byte	0x500
 1078 04f9 0F       		.uleb128 0xf
 1079 04fa B9030000 		.4byte	0x3b9
 1080 04fe 02       		.byte	0x2
 1081 04ff 00       		.byte	0
 1082 0500 0D       		.uleb128 0xd
 1083 0501 F0040000 		.4byte	0x4f0
 1084 0505 0E       		.uleb128 0xe
 1085 0506 A9030000 		.4byte	0x3a9
 1086 050a 15050000 		.4byte	0x515
 1087 050e 0F       		.uleb128 0xf
 1088 050f B9030000 		.4byte	0x3b9
 1089 0513 01       		.byte	0x1
 1090 0514 00       		.byte	0
 1091 0515 0D       		.uleb128 0xd
 1092 0516 05050000 		.4byte	0x505
 1093 051a 0E       		.uleb128 0xe
 1094 051b A9030000 		.4byte	0x3a9
 1095 051f 2A050000 		.4byte	0x52a
 1096 0523 0F       		.uleb128 0xf
 1097 0524 B9030000 		.4byte	0x3b9
 1098 0528 03       		.byte	0x3
 1099 0529 00       		.byte	0
 1100 052a 0D       		.uleb128 0xd
 1101 052b 1A050000 		.4byte	0x51a
 1102 052f 0E       		.uleb128 0xe
 1103 0530 A9030000 		.4byte	0x3a9
 1104 0534 3F050000 		.4byte	0x53f
 1105 0538 0F       		.uleb128 0xf
 1106 0539 B9030000 		.4byte	0x3b9
 1107 053d 04       		.byte	0x4
 1108 053e 00       		.byte	0
 1109 053f 0D       		.uleb128 0xd
 1110 0540 2F050000 		.4byte	0x52f
 1111 0544 0D       		.uleb128 0xd
 1112 0545 2F050000 		.4byte	0x52f
 1113 0549 04       		.uleb128 0x4
 1114 054a 0D000000 		.4byte	.LASF66
 1115 054e 07       		.byte	0x7
 1116 054f 98       		.byte	0x98
 1117 0550 C0030000 		.4byte	0x3c0
 1118 0554 0D       		.uleb128 0xd
 1119 0555 E0000000 		.4byte	0xe0
 1120 0559 08       		.uleb128 0x8
 1121 055a 1C       		.byte	0x1c
 1122 055b 08       		.byte	0x8
 1123 055c 57       		.byte	0x57
 1124 055d B6050000 		.4byte	0x5b6
 1125 0561 06       		.uleb128 0x6
 1126 0562 F3020000 		.4byte	.LASF67
 1127 0566 08       		.byte	0x8
 1128 0567 58       		.byte	0x58
 1129 0568 46020000 		.4byte	0x246
 1130 056c 02       		.byte	0x2
 1131 056d 23       		.byte	0x23
 1132 056e 00       		.uleb128 0
 1133 056f 06       		.uleb128 0x6
ARM GAS  /tmp/ccRtUsYs.s 			page 21


 1134 0570 BB020000 		.4byte	.LASF68
 1135 0574 08       		.byte	0x8
 1136 0575 59       		.byte	0x59
 1137 0576 BF000000 		.4byte	0xbf
 1138 057a 02       		.byte	0x2
 1139 057b 23       		.byte	0x23
 1140 057c 08       		.uleb128 0x8
 1141 057d 06       		.uleb128 0x6
 1142 057e 2B020000 		.4byte	.LASF69
 1143 0582 08       		.byte	0x8
 1144 0583 5B       		.byte	0x5b
 1145 0584 86030000 		.4byte	0x386
 1146 0588 02       		.byte	0x2
 1147 0589 23       		.byte	0x23
 1148 058a 0C       		.uleb128 0xc
 1149 058b 06       		.uleb128 0x6
 1150 058c 10010000 		.4byte	.LASF70
 1151 0590 08       		.byte	0x8
 1152 0591 5E       		.byte	0x5e
 1153 0592 40020000 		.4byte	0x240
 1154 0596 02       		.byte	0x2
 1155 0597 23       		.byte	0x23
 1156 0598 10       		.uleb128 0x10
 1157 0599 06       		.uleb128 0x6
 1158 059a 4A020000 		.4byte	.LASF71
 1159 059e 08       		.byte	0x8
 1160 059f 5F       		.byte	0x5f
 1161 05a0 40020000 		.4byte	0x240
 1162 05a4 02       		.byte	0x2
 1163 05a5 23       		.byte	0x23
 1164 05a6 14       		.uleb128 0x14
 1165 05a7 06       		.uleb128 0x6
 1166 05a8 08030000 		.4byte	.LASF72
 1167 05ac 08       		.byte	0x8
 1168 05ad 62       		.byte	0x62
 1169 05ae 40020000 		.4byte	0x240
 1170 05b2 02       		.byte	0x2
 1171 05b3 23       		.byte	0x23
 1172 05b4 18       		.uleb128 0x18
 1173 05b5 00       		.byte	0
 1174 05b6 04       		.uleb128 0x4
 1175 05b7 6D030000 		.4byte	.LASF73
 1176 05bb 08       		.byte	0x8
 1177 05bc 64       		.byte	0x64
 1178 05bd 59050000 		.4byte	0x559
 1179 05c1 05       		.uleb128 0x5
 1180 05c2 0F020000 		.4byte	.LASF74
 1181 05c6 10       		.byte	0x10
 1182 05c7 09       		.byte	0x9
 1183 05c8 25       		.byte	0x25
 1184 05c9 F8050000 		.4byte	0x5f8
 1185 05cd 06       		.uleb128 0x6
 1186 05ce CC000000 		.4byte	.LASF75
 1187 05d2 09       		.byte	0x9
 1188 05d3 26       		.byte	0x26
 1189 05d4 46020000 		.4byte	0x246
 1190 05d8 02       		.byte	0x2
ARM GAS  /tmp/ccRtUsYs.s 			page 22


 1191 05d9 23       		.byte	0x23
 1192 05da 00       		.uleb128 0
 1193 05db 06       		.uleb128 0x6
 1194 05dc AE030000 		.4byte	.LASF76
 1195 05e0 09       		.byte	0x9
 1196 05e1 28       		.byte	0x28
 1197 05e2 40020000 		.4byte	0x240
 1198 05e6 02       		.byte	0x2
 1199 05e7 23       		.byte	0x23
 1200 05e8 08       		.uleb128 0x8
 1201 05e9 06       		.uleb128 0x6
 1202 05ea 1F030000 		.4byte	.LASF77
 1203 05ee 09       		.byte	0x9
 1204 05ef 2A       		.byte	0x2a
 1205 05f0 F8050000 		.4byte	0x5f8
 1206 05f4 02       		.byte	0x2
 1207 05f5 23       		.byte	0x23
 1208 05f6 0C       		.uleb128 0xc
 1209 05f7 00       		.byte	0
 1210 05f8 09       		.uleb128 0x9
 1211 05f9 04       		.byte	0x4
 1212 05fa C1050000 		.4byte	0x5c1
 1213 05fe 04       		.uleb128 0x4
 1214 05ff 0F020000 		.4byte	.LASF74
 1215 0603 09       		.byte	0x9
 1216 0604 2C       		.byte	0x2c
 1217 0605 C1050000 		.4byte	0x5c1
 1218 0609 10       		.uleb128 0x10
 1219 060a 04       		.byte	0x4
 1220 060b 05       		.byte	0x5
 1221 060c 8F       		.byte	0x8f
 1222 060d 3E060000 		.4byte	0x63e
 1223 0611 11       		.uleb128 0x11
 1224 0612 06000000 		.4byte	.LASF78
 1225 0616 05       		.byte	0x5
 1226 0617 96       		.byte	0x96
 1227 0618 CA000000 		.4byte	0xca
 1228 061c 11       		.uleb128 0x11
 1229 061d 4D000000 		.4byte	.LASF79
 1230 0621 05       		.byte	0x5
 1231 0622 9D       		.byte	0x9d
 1232 0623 CA000000 		.4byte	0xca
 1233 0627 11       		.uleb128 0x11
 1234 0628 95030000 		.4byte	.LASF80
 1235 062c 05       		.byte	0x5
 1236 062d A4       		.byte	0xa4
 1237 062e 7E020000 		.4byte	0x27e
 1238 0632 11       		.uleb128 0x11
 1239 0633 C2020000 		.4byte	.LASF81
 1240 0637 05       		.byte	0x5
 1241 0638 AB       		.byte	0xab
 1242 0639 D5000000 		.4byte	0xd5
 1243 063d 00       		.byte	0
 1244 063e 09       		.uleb128 0x9
 1245 063f 04       		.byte	0x4
 1246 0640 44060000 		.4byte	0x644
 1247 0644 12       		.uleb128 0x12
ARM GAS  /tmp/ccRtUsYs.s 			page 23


 1248 0645 49060000 		.4byte	0x649
 1249 0649 03       		.uleb128 0x3
 1250 064a 01       		.byte	0x1
 1251 064b 08       		.byte	0x8
 1252 064c 12030000 		.4byte	.LASF82
 1253 0650 09       		.uleb128 0x9
 1254 0651 04       		.byte	0x4
 1255 0652 FE050000 		.4byte	0x5fe
 1256 0656 13       		.uleb128 0x13
 1257 0657 01       		.byte	0x1
 1258 0658 8F010000 		.4byte	.LASF83
 1259 065c 01       		.byte	0x1
 1260 065d C8       		.byte	0xc8
 1261 065e 01       		.byte	0x1
 1262 065f 00000000 		.4byte	.LFB11
 1263 0663 06000000 		.4byte	.LFE11
 1264 0667 02       		.byte	0x2
 1265 0668 7D       		.byte	0x7d
 1266 0669 00       		.sleb128 0
 1267 066a 01       		.byte	0x1
 1268 066b 79060000 		.4byte	0x679
 1269 066f 14       		.uleb128 0x14
 1270 0670 04000000 		.4byte	.LVL0
 1271 0674 69080000 		.4byte	0x869
 1272 0678 00       		.byte	0
 1273 0679 13       		.uleb128 0x13
 1274 067a 01       		.byte	0x1
 1275 067b 3B030000 		.4byte	.LASF84
 1276 067f 01       		.byte	0x1
 1277 0680 3A       		.byte	0x3a
 1278 0681 01       		.byte	0x1
 1279 0682 00000000 		.4byte	.LFB8
 1280 0686 12000000 		.4byte	.LFE8
 1281 068a 02       		.byte	0x2
 1282 068b 7D       		.byte	0x7d
 1283 068c 00       		.sleb128 0
 1284 068d 01       		.byte	0x1
 1285 068e BB060000 		.4byte	0x6bb
 1286 0692 15       		.uleb128 0x15
 1287 0693 5A020000 		.4byte	.LASF85
 1288 0697 01       		.byte	0x1
 1289 0698 3B       		.byte	0x3b
 1290 0699 BB060000 		.4byte	0x6bb
 1291 069d 00000000 		.4byte	.LLST0
 1292 06a1 16       		.uleb128 0x16
 1293 06a2 0A000000 		.4byte	.LBB2
 1294 06a6 12000000 		.4byte	.LBE2
 1295 06aa 17       		.uleb128 0x17
 1296 06ab 746D7000 		.ascii	"tmp\000"
 1297 06af 01       		.byte	0x1
 1298 06b0 4A       		.byte	0x4a
 1299 06b1 6C000000 		.4byte	0x6c
 1300 06b5 20000000 		.4byte	.LLST1
 1301 06b9 00       		.byte	0
 1302 06ba 00       		.byte	0
 1303 06bb 09       		.uleb128 0x9
 1304 06bc 04       		.byte	0x4
ARM GAS  /tmp/ccRtUsYs.s 			page 24


 1305 06bd 80020000 		.4byte	0x280
 1306 06c1 18       		.uleb128 0x18
 1307 06c2 01       		.byte	0x1
 1308 06c3 8A030000 		.4byte	.LASF86
 1309 06c7 01       		.byte	0x1
 1310 06c8 6F       		.byte	0x6f
 1311 06c9 01       		.byte	0x1
 1312 06ca 00000000 		.4byte	.LFB9
 1313 06ce 34000000 		.4byte	.LFE9
 1314 06d2 33000000 		.4byte	.LLST2
 1315 06d6 01       		.byte	0x1
 1316 06d7 24070000 		.4byte	0x724
 1317 06db 19       		.uleb128 0x19
 1318 06dc 14000000 		.4byte	.LVL5
 1319 06e0 73080000 		.4byte	0x873
 1320 06e4 F3060000 		.4byte	0x6f3
 1321 06e8 1A       		.uleb128 0x1a
 1322 06e9 01       		.byte	0x1
 1323 06ea 51       		.byte	0x51
 1324 06eb 01       		.byte	0x1
 1325 06ec 40       		.byte	0x40
 1326 06ed 1A       		.uleb128 0x1a
 1327 06ee 01       		.byte	0x1
 1328 06ef 50       		.byte	0x50
 1329 06f0 01       		.byte	0x1
 1330 06f1 37       		.byte	0x37
 1331 06f2 00       		.byte	0
 1332 06f3 19       		.uleb128 0x19
 1333 06f4 1E000000 		.4byte	.LVL6
 1334 06f8 73080000 		.4byte	0x873
 1335 06fc 0D070000 		.4byte	0x70d
 1336 0700 1A       		.uleb128 0x1a
 1337 0701 01       		.byte	0x1
 1338 0702 51       		.byte	0x51
 1339 0703 03       		.byte	0x3
 1340 0704 0A       		.byte	0xa
 1341 0705 0002     		.2byte	0x200
 1342 0707 1A       		.uleb128 0x1a
 1343 0708 01       		.byte	0x1
 1344 0709 50       		.byte	0x50
 1345 070a 01       		.byte	0x1
 1346 070b 3A       		.byte	0x3a
 1347 070c 00       		.byte	0
 1348 070d 1B       		.uleb128 0x1b
 1349 070e 2A000000 		.4byte	.LVL7
 1350 0712 01       		.byte	0x1
 1351 0713 73080000 		.4byte	0x873
 1352 0717 1A       		.uleb128 0x1a
 1353 0718 01       		.byte	0x1
 1354 0719 51       		.byte	0x51
 1355 071a 02       		.byte	0x2
 1356 071b 08       		.byte	0x8
 1357 071c 80       		.byte	0x80
 1358 071d 1A       		.uleb128 0x1a
 1359 071e 01       		.byte	0x1
 1360 071f 50       		.byte	0x50
 1361 0720 01       		.byte	0x1
ARM GAS  /tmp/ccRtUsYs.s 			page 25


 1362 0721 3B       		.byte	0x3b
 1363 0722 00       		.byte	0
 1364 0723 00       		.byte	0
 1365 0724 13       		.uleb128 0x13
 1366 0725 01       		.byte	0x1
 1367 0726 DC010000 		.4byte	.LASF87
 1368 072a 01       		.byte	0x1
 1369 072b 8D       		.byte	0x8d
 1370 072c 01       		.byte	0x1
 1371 072d 00000000 		.4byte	.LFB10
 1372 0731 70000000 		.4byte	.LFE10
 1373 0735 02       		.byte	0x2
 1374 0736 7D       		.byte	0x7d
 1375 0737 00       		.sleb128 0
 1376 0738 01       		.byte	0x1
 1377 0739 8D070000 		.4byte	0x78d
 1378 073d 1C       		.uleb128 0x1c
 1379 073e 00000000 		.4byte	.LBB3
 1380 0742 06000000 		.4byte	.LBE3
 1381 0746 5A070000 		.4byte	0x75a
 1382 074a 17       		.uleb128 0x17
 1383 074b 746D7000 		.ascii	"tmp\000"
 1384 074f 01       		.byte	0x1
 1385 0750 8F       		.byte	0x8f
 1386 0751 6C000000 		.4byte	0x6c
 1387 0755 53000000 		.4byte	.LLST3
 1388 0759 00       		.byte	0
 1389 075a 1D       		.uleb128 0x1d
 1390 075b 00000000 		.4byte	.Ldebug_ranges0+0
 1391 075f 73070000 		.4byte	0x773
 1392 0763 15       		.uleb128 0x15
 1393 0764 5A020000 		.4byte	.LASF85
 1394 0768 01       		.byte	0x1
 1395 0769 91       		.byte	0x91
 1396 076a BB060000 		.4byte	0x6bb
 1397 076e 66000000 		.4byte	.LLST4
 1398 0772 00       		.byte	0
 1399 0773 16       		.uleb128 0x16
 1400 0774 44000000 		.4byte	.LBB5
 1401 0778 4A000000 		.4byte	.LBE5
 1402 077c 17       		.uleb128 0x17
 1403 077d 746D7000 		.ascii	"tmp\000"
 1404 0781 01       		.byte	0x1
 1405 0782 BE       		.byte	0xbe
 1406 0783 6C000000 		.4byte	0x6c
 1407 0787 A0000000 		.4byte	.LLST5
 1408 078b 00       		.byte	0
 1409 078c 00       		.byte	0
 1410 078d 18       		.uleb128 0x18
 1411 078e 01       		.byte	0x1
 1412 078f 28000000 		.4byte	.LASF88
 1413 0793 01       		.byte	0x1
 1414 0794 28       		.byte	0x28
 1415 0795 01       		.byte	0x1
 1416 0796 00000000 		.4byte	.LFB7
 1417 079a 1A000000 		.4byte	.LFE7
 1418 079e B3000000 		.4byte	.LLST6
ARM GAS  /tmp/ccRtUsYs.s 			page 26


 1419 07a2 01       		.byte	0x1
 1420 07a3 F5070000 		.4byte	0x7f5
 1421 07a7 1C       		.uleb128 0x1c
 1422 07a8 02000000 		.4byte	.LBB7
 1423 07ac 08000000 		.4byte	.LBE7
 1424 07b0 C4070000 		.4byte	0x7c4
 1425 07b4 17       		.uleb128 0x17
 1426 07b5 746D7000 		.ascii	"tmp\000"
 1427 07b9 01       		.byte	0x1
 1428 07ba 2C       		.byte	0x2c
 1429 07bb 6C000000 		.4byte	0x6c
 1430 07bf D3000000 		.4byte	.LLST7
 1431 07c3 00       		.byte	0
 1432 07c4 1C       		.uleb128 0x1c
 1433 07c5 0C000000 		.4byte	.LBB8
 1434 07c9 12000000 		.4byte	.LBE8
 1435 07cd E1070000 		.4byte	0x7e1
 1436 07d1 17       		.uleb128 0x17
 1437 07d2 746D7000 		.ascii	"tmp\000"
 1438 07d6 01       		.byte	0x1
 1439 07d7 2E       		.byte	0x2e
 1440 07d8 6C000000 		.4byte	0x6c
 1441 07dc E6000000 		.4byte	.LLST8
 1442 07e0 00       		.byte	0
 1443 07e1 14       		.uleb128 0x14
 1444 07e2 0C000000 		.4byte	.LVL19
 1445 07e6 8D080000 		.4byte	0x88d
 1446 07ea 1E       		.uleb128 0x1e
 1447 07eb 1A000000 		.4byte	.LVL22
 1448 07ef 01       		.byte	0x1
 1449 07f0 24070000 		.4byte	0x724
 1450 07f4 00       		.byte	0
 1451 07f5 13       		.uleb128 0x13
 1452 07f6 01       		.byte	0x1
 1453 07f7 6B010000 		.4byte	.LASF89
 1454 07fb 01       		.byte	0x1
 1455 07fc E5       		.byte	0xe5
 1456 07fd 01       		.byte	0x1
 1457 07fe 00000000 		.4byte	.LFB12
 1458 0802 10000000 		.4byte	.LFE12
 1459 0806 02       		.byte	0x2
 1460 0807 7D       		.byte	0x7d
 1461 0808 00       		.sleb128 0
 1462 0809 01       		.byte	0x1
 1463 080a 29080000 		.4byte	0x829
 1464 080e 1F       		.uleb128 0x1f
 1465 080f 6E747000 		.ascii	"ntp\000"
 1466 0813 01       		.byte	0x1
 1467 0814 E5       		.byte	0xe5
 1468 0815 40020000 		.4byte	0x240
 1469 0819 01       		.byte	0x1
 1470 081a 50       		.byte	0x50
 1471 081b 1F       		.uleb128 0x1f
 1472 081c 6F747000 		.ascii	"otp\000"
 1473 0820 01       		.byte	0x1
 1474 0821 E5       		.byte	0xe5
 1475 0822 40020000 		.4byte	0x240
ARM GAS  /tmp/ccRtUsYs.s 			page 27


 1476 0826 01       		.byte	0x1
 1477 0827 51       		.byte	0x51
 1478 0828 00       		.byte	0
 1479 0829 13       		.uleb128 0x13
 1480 082a 01       		.byte	0x1
 1481 082b F0000000 		.4byte	.LASF90
 1482 082f 01       		.byte	0x1
 1483 0830 FC       		.byte	0xfc
 1484 0831 01       		.byte	0x1
 1485 0832 00000000 		.4byte	.LFB13
 1486 0836 10000000 		.4byte	.LFE13
 1487 083a 02       		.byte	0x2
 1488 083b 7D       		.byte	0x7d
 1489 083c 00       		.sleb128 0
 1490 083d 01       		.byte	0x1
 1491 083e 5C080000 		.4byte	0x85c
 1492 0842 16       		.uleb128 0x16
 1493 0843 00000000 		.4byte	.LBB9
 1494 0847 06000000 		.4byte	.LBE9
 1495 084b 17       		.uleb128 0x17
 1496 084c 746D7000 		.ascii	"tmp\000"
 1497 0850 01       		.byte	0x1
 1498 0851 FE       		.byte	0xfe
 1499 0852 6C000000 		.4byte	0x6c
 1500 0856 F9000000 		.4byte	.LLST9
 1501 085a 00       		.byte	0
 1502 085b 00       		.byte	0
 1503 085c 20       		.uleb128 0x20
 1504 085d 7C030000 		.4byte	.LASF95
 1505 0861 08       		.byte	0x8
 1506 0862 68       		.byte	0x68
 1507 0863 B6050000 		.4byte	0x5b6
 1508 0867 01       		.byte	0x1
 1509 0868 01       		.byte	0x1
 1510 0869 21       		.uleb128 0x21
 1511 086a 01       		.byte	0x1
 1512 086b 3E010000 		.4byte	.LASF91
 1513 086f 08       		.byte	0x8
 1514 0870 A1       		.byte	0xa1
 1515 0871 01       		.byte	0x1
 1516 0872 01       		.byte	0x1
 1517 0873 22       		.uleb128 0x22
 1518 0874 01       		.byte	0x1
 1519 0875 18010000 		.4byte	.LASF96
 1520 0879 07       		.byte	0x7
 1521 087a 1E01     		.2byte	0x11e
 1522 087c 01       		.byte	0x1
 1523 087d 01       		.byte	0x1
 1524 087e 8D080000 		.4byte	0x88d
 1525 0882 23       		.uleb128 0x23
 1526 0883 6C000000 		.4byte	0x6c
 1527 0887 23       		.uleb128 0x23
 1528 0888 6C000000 		.4byte	0x6c
 1529 088c 00       		.byte	0
 1530 088d 21       		.uleb128 0x21
 1531 088e 01       		.byte	0x1
 1532 088f 15000000 		.4byte	.LASF92
ARM GAS  /tmp/ccRtUsYs.s 			page 28


 1533 0893 0A       		.byte	0xa
 1534 0894 F0       		.byte	0xf0
 1535 0895 01       		.byte	0x1
 1536 0896 01       		.byte	0x1
 1537 0897 00       		.byte	0
 1538              		.section	.debug_abbrev,"",%progbits
 1539              	.Ldebug_abbrev0:
 1540 0000 01       		.uleb128 0x1
 1541 0001 11       		.uleb128 0x11
 1542 0002 01       		.byte	0x1
 1543 0003 25       		.uleb128 0x25
 1544 0004 0E       		.uleb128 0xe
 1545 0005 13       		.uleb128 0x13
 1546 0006 0B       		.uleb128 0xb
 1547 0007 03       		.uleb128 0x3
 1548 0008 0E       		.uleb128 0xe
 1549 0009 55       		.uleb128 0x55
 1550 000a 06       		.uleb128 0x6
 1551 000b 11       		.uleb128 0x11
 1552 000c 01       		.uleb128 0x1
 1553 000d 52       		.uleb128 0x52
 1554 000e 01       		.uleb128 0x1
 1555 000f 10       		.uleb128 0x10
 1556 0010 06       		.uleb128 0x6
 1557 0011 00       		.byte	0
 1558 0012 00       		.byte	0
 1559 0013 02       		.uleb128 0x2
 1560 0014 24       		.uleb128 0x24
 1561 0015 00       		.byte	0
 1562 0016 0B       		.uleb128 0xb
 1563 0017 0B       		.uleb128 0xb
 1564 0018 3E       		.uleb128 0x3e
 1565 0019 0B       		.uleb128 0xb
 1566 001a 03       		.uleb128 0x3
 1567 001b 08       		.uleb128 0x8
 1568 001c 00       		.byte	0
 1569 001d 00       		.byte	0
 1570 001e 03       		.uleb128 0x3
 1571 001f 24       		.uleb128 0x24
 1572 0020 00       		.byte	0
 1573 0021 0B       		.uleb128 0xb
 1574 0022 0B       		.uleb128 0xb
 1575 0023 3E       		.uleb128 0x3e
 1576 0024 0B       		.uleb128 0xb
 1577 0025 03       		.uleb128 0x3
 1578 0026 0E       		.uleb128 0xe
 1579 0027 00       		.byte	0
 1580 0028 00       		.byte	0
 1581 0029 04       		.uleb128 0x4
 1582 002a 16       		.uleb128 0x16
 1583 002b 00       		.byte	0
 1584 002c 03       		.uleb128 0x3
 1585 002d 0E       		.uleb128 0xe
 1586 002e 3A       		.uleb128 0x3a
 1587 002f 0B       		.uleb128 0xb
 1588 0030 3B       		.uleb128 0x3b
 1589 0031 0B       		.uleb128 0xb
ARM GAS  /tmp/ccRtUsYs.s 			page 29


 1590 0032 49       		.uleb128 0x49
 1591 0033 13       		.uleb128 0x13
 1592 0034 00       		.byte	0
 1593 0035 00       		.byte	0
 1594 0036 05       		.uleb128 0x5
 1595 0037 13       		.uleb128 0x13
 1596 0038 01       		.byte	0x1
 1597 0039 03       		.uleb128 0x3
 1598 003a 0E       		.uleb128 0xe
 1599 003b 0B       		.uleb128 0xb
 1600 003c 0B       		.uleb128 0xb
 1601 003d 3A       		.uleb128 0x3a
 1602 003e 0B       		.uleb128 0xb
 1603 003f 3B       		.uleb128 0x3b
 1604 0040 0B       		.uleb128 0xb
 1605 0041 01       		.uleb128 0x1
 1606 0042 13       		.uleb128 0x13
 1607 0043 00       		.byte	0
 1608 0044 00       		.byte	0
 1609 0045 06       		.uleb128 0x6
 1610 0046 0D       		.uleb128 0xd
 1611 0047 00       		.byte	0
 1612 0048 03       		.uleb128 0x3
 1613 0049 0E       		.uleb128 0xe
 1614 004a 3A       		.uleb128 0x3a
 1615 004b 0B       		.uleb128 0xb
 1616 004c 3B       		.uleb128 0x3b
 1617 004d 0B       		.uleb128 0xb
 1618 004e 49       		.uleb128 0x49
 1619 004f 13       		.uleb128 0x13
 1620 0050 38       		.uleb128 0x38
 1621 0051 0A       		.uleb128 0xa
 1622 0052 00       		.byte	0
 1623 0053 00       		.byte	0
 1624 0054 07       		.uleb128 0x7
 1625 0055 0D       		.uleb128 0xd
 1626 0056 00       		.byte	0
 1627 0057 03       		.uleb128 0x3
 1628 0058 08       		.uleb128 0x8
 1629 0059 3A       		.uleb128 0x3a
 1630 005a 0B       		.uleb128 0xb
 1631 005b 3B       		.uleb128 0x3b
 1632 005c 0B       		.uleb128 0xb
 1633 005d 49       		.uleb128 0x49
 1634 005e 13       		.uleb128 0x13
 1635 005f 38       		.uleb128 0x38
 1636 0060 0A       		.uleb128 0xa
 1637 0061 00       		.byte	0
 1638 0062 00       		.byte	0
 1639 0063 08       		.uleb128 0x8
 1640 0064 13       		.uleb128 0x13
 1641 0065 01       		.byte	0x1
 1642 0066 0B       		.uleb128 0xb
 1643 0067 0B       		.uleb128 0xb
 1644 0068 3A       		.uleb128 0x3a
 1645 0069 0B       		.uleb128 0xb
 1646 006a 3B       		.uleb128 0x3b
ARM GAS  /tmp/ccRtUsYs.s 			page 30


 1647 006b 0B       		.uleb128 0xb
 1648 006c 01       		.uleb128 0x1
 1649 006d 13       		.uleb128 0x13
 1650 006e 00       		.byte	0
 1651 006f 00       		.byte	0
 1652 0070 09       		.uleb128 0x9
 1653 0071 0F       		.uleb128 0xf
 1654 0072 00       		.byte	0
 1655 0073 0B       		.uleb128 0xb
 1656 0074 0B       		.uleb128 0xb
 1657 0075 49       		.uleb128 0x49
 1658 0076 13       		.uleb128 0x13
 1659 0077 00       		.byte	0
 1660 0078 00       		.byte	0
 1661 0079 0A       		.uleb128 0xa
 1662 007a 0F       		.uleb128 0xf
 1663 007b 00       		.byte	0
 1664 007c 0B       		.uleb128 0xb
 1665 007d 0B       		.uleb128 0xb
 1666 007e 00       		.byte	0
 1667 007f 00       		.byte	0
 1668 0080 0B       		.uleb128 0xb
 1669 0081 13       		.uleb128 0x13
 1670 0082 01       		.byte	0x1
 1671 0083 03       		.uleb128 0x3
 1672 0084 0E       		.uleb128 0xe
 1673 0085 0B       		.uleb128 0xb
 1674 0086 0B       		.uleb128 0xb
 1675 0087 3A       		.uleb128 0x3a
 1676 0088 0B       		.uleb128 0xb
 1677 0089 3B       		.uleb128 0x3b
 1678 008a 05       		.uleb128 0x5
 1679 008b 01       		.uleb128 0x1
 1680 008c 13       		.uleb128 0x13
 1681 008d 00       		.byte	0
 1682 008e 00       		.byte	0
 1683 008f 0C       		.uleb128 0xc
 1684 0090 0D       		.uleb128 0xd
 1685 0091 00       		.byte	0
 1686 0092 03       		.uleb128 0x3
 1687 0093 08       		.uleb128 0x8
 1688 0094 3A       		.uleb128 0x3a
 1689 0095 0B       		.uleb128 0xb
 1690 0096 3B       		.uleb128 0x3b
 1691 0097 05       		.uleb128 0x5
 1692 0098 49       		.uleb128 0x49
 1693 0099 13       		.uleb128 0x13
 1694 009a 38       		.uleb128 0x38
 1695 009b 0A       		.uleb128 0xa
 1696 009c 00       		.byte	0
 1697 009d 00       		.byte	0
 1698 009e 0D       		.uleb128 0xd
 1699 009f 35       		.uleb128 0x35
 1700 00a0 00       		.byte	0
 1701 00a1 49       		.uleb128 0x49
 1702 00a2 13       		.uleb128 0x13
 1703 00a3 00       		.byte	0
ARM GAS  /tmp/ccRtUsYs.s 			page 31


 1704 00a4 00       		.byte	0
 1705 00a5 0E       		.uleb128 0xe
 1706 00a6 01       		.uleb128 0x1
 1707 00a7 01       		.byte	0x1
 1708 00a8 49       		.uleb128 0x49
 1709 00a9 13       		.uleb128 0x13
 1710 00aa 01       		.uleb128 0x1
 1711 00ab 13       		.uleb128 0x13
 1712 00ac 00       		.byte	0
 1713 00ad 00       		.byte	0
 1714 00ae 0F       		.uleb128 0xf
 1715 00af 21       		.uleb128 0x21
 1716 00b0 00       		.byte	0
 1717 00b1 49       		.uleb128 0x49
 1718 00b2 13       		.uleb128 0x13
 1719 00b3 2F       		.uleb128 0x2f
 1720 00b4 0B       		.uleb128 0xb
 1721 00b5 00       		.byte	0
 1722 00b6 00       		.byte	0
 1723 00b7 10       		.uleb128 0x10
 1724 00b8 17       		.uleb128 0x17
 1725 00b9 01       		.byte	0x1
 1726 00ba 0B       		.uleb128 0xb
 1727 00bb 0B       		.uleb128 0xb
 1728 00bc 3A       		.uleb128 0x3a
 1729 00bd 0B       		.uleb128 0xb
 1730 00be 3B       		.uleb128 0x3b
 1731 00bf 0B       		.uleb128 0xb
 1732 00c0 01       		.uleb128 0x1
 1733 00c1 13       		.uleb128 0x13
 1734 00c2 00       		.byte	0
 1735 00c3 00       		.byte	0
 1736 00c4 11       		.uleb128 0x11
 1737 00c5 0D       		.uleb128 0xd
 1738 00c6 00       		.byte	0
 1739 00c7 03       		.uleb128 0x3
 1740 00c8 0E       		.uleb128 0xe
 1741 00c9 3A       		.uleb128 0x3a
 1742 00ca 0B       		.uleb128 0xb
 1743 00cb 3B       		.uleb128 0x3b
 1744 00cc 0B       		.uleb128 0xb
 1745 00cd 49       		.uleb128 0x49
 1746 00ce 13       		.uleb128 0x13
 1747 00cf 00       		.byte	0
 1748 00d0 00       		.byte	0
 1749 00d1 12       		.uleb128 0x12
 1750 00d2 26       		.uleb128 0x26
 1751 00d3 00       		.byte	0
 1752 00d4 49       		.uleb128 0x49
 1753 00d5 13       		.uleb128 0x13
 1754 00d6 00       		.byte	0
 1755 00d7 00       		.byte	0
 1756 00d8 13       		.uleb128 0x13
 1757 00d9 2E       		.uleb128 0x2e
 1758 00da 01       		.byte	0x1
 1759 00db 3F       		.uleb128 0x3f
 1760 00dc 0C       		.uleb128 0xc
ARM GAS  /tmp/ccRtUsYs.s 			page 32


 1761 00dd 03       		.uleb128 0x3
 1762 00de 0E       		.uleb128 0xe
 1763 00df 3A       		.uleb128 0x3a
 1764 00e0 0B       		.uleb128 0xb
 1765 00e1 3B       		.uleb128 0x3b
 1766 00e2 0B       		.uleb128 0xb
 1767 00e3 27       		.uleb128 0x27
 1768 00e4 0C       		.uleb128 0xc
 1769 00e5 11       		.uleb128 0x11
 1770 00e6 01       		.uleb128 0x1
 1771 00e7 12       		.uleb128 0x12
 1772 00e8 01       		.uleb128 0x1
 1773 00e9 40       		.uleb128 0x40
 1774 00ea 0A       		.uleb128 0xa
 1775 00eb 9742     		.uleb128 0x2117
 1776 00ed 0C       		.uleb128 0xc
 1777 00ee 01       		.uleb128 0x1
 1778 00ef 13       		.uleb128 0x13
 1779 00f0 00       		.byte	0
 1780 00f1 00       		.byte	0
 1781 00f2 14       		.uleb128 0x14
 1782 00f3 898201   		.uleb128 0x4109
 1783 00f6 00       		.byte	0
 1784 00f7 11       		.uleb128 0x11
 1785 00f8 01       		.uleb128 0x1
 1786 00f9 31       		.uleb128 0x31
 1787 00fa 13       		.uleb128 0x13
 1788 00fb 00       		.byte	0
 1789 00fc 00       		.byte	0
 1790 00fd 15       		.uleb128 0x15
 1791 00fe 34       		.uleb128 0x34
 1792 00ff 00       		.byte	0
 1793 0100 03       		.uleb128 0x3
 1794 0101 0E       		.uleb128 0xe
 1795 0102 3A       		.uleb128 0x3a
 1796 0103 0B       		.uleb128 0xb
 1797 0104 3B       		.uleb128 0x3b
 1798 0105 0B       		.uleb128 0xb
 1799 0106 49       		.uleb128 0x49
 1800 0107 13       		.uleb128 0x13
 1801 0108 02       		.uleb128 0x2
 1802 0109 06       		.uleb128 0x6
 1803 010a 00       		.byte	0
 1804 010b 00       		.byte	0
 1805 010c 16       		.uleb128 0x16
 1806 010d 0B       		.uleb128 0xb
 1807 010e 01       		.byte	0x1
 1808 010f 11       		.uleb128 0x11
 1809 0110 01       		.uleb128 0x1
 1810 0111 12       		.uleb128 0x12
 1811 0112 01       		.uleb128 0x1
 1812 0113 00       		.byte	0
 1813 0114 00       		.byte	0
 1814 0115 17       		.uleb128 0x17
 1815 0116 34       		.uleb128 0x34
 1816 0117 00       		.byte	0
 1817 0118 03       		.uleb128 0x3
ARM GAS  /tmp/ccRtUsYs.s 			page 33


 1818 0119 08       		.uleb128 0x8
 1819 011a 3A       		.uleb128 0x3a
 1820 011b 0B       		.uleb128 0xb
 1821 011c 3B       		.uleb128 0x3b
 1822 011d 0B       		.uleb128 0xb
 1823 011e 49       		.uleb128 0x49
 1824 011f 13       		.uleb128 0x13
 1825 0120 02       		.uleb128 0x2
 1826 0121 06       		.uleb128 0x6
 1827 0122 00       		.byte	0
 1828 0123 00       		.byte	0
 1829 0124 18       		.uleb128 0x18
 1830 0125 2E       		.uleb128 0x2e
 1831 0126 01       		.byte	0x1
 1832 0127 3F       		.uleb128 0x3f
 1833 0128 0C       		.uleb128 0xc
 1834 0129 03       		.uleb128 0x3
 1835 012a 0E       		.uleb128 0xe
 1836 012b 3A       		.uleb128 0x3a
 1837 012c 0B       		.uleb128 0xb
 1838 012d 3B       		.uleb128 0x3b
 1839 012e 0B       		.uleb128 0xb
 1840 012f 27       		.uleb128 0x27
 1841 0130 0C       		.uleb128 0xc
 1842 0131 11       		.uleb128 0x11
 1843 0132 01       		.uleb128 0x1
 1844 0133 12       		.uleb128 0x12
 1845 0134 01       		.uleb128 0x1
 1846 0135 40       		.uleb128 0x40
 1847 0136 06       		.uleb128 0x6
 1848 0137 9742     		.uleb128 0x2117
 1849 0139 0C       		.uleb128 0xc
 1850 013a 01       		.uleb128 0x1
 1851 013b 13       		.uleb128 0x13
 1852 013c 00       		.byte	0
 1853 013d 00       		.byte	0
 1854 013e 19       		.uleb128 0x19
 1855 013f 898201   		.uleb128 0x4109
 1856 0142 01       		.byte	0x1
 1857 0143 11       		.uleb128 0x11
 1858 0144 01       		.uleb128 0x1
 1859 0145 31       		.uleb128 0x31
 1860 0146 13       		.uleb128 0x13
 1861 0147 01       		.uleb128 0x1
 1862 0148 13       		.uleb128 0x13
 1863 0149 00       		.byte	0
 1864 014a 00       		.byte	0
 1865 014b 1A       		.uleb128 0x1a
 1866 014c 8A8201   		.uleb128 0x410a
 1867 014f 00       		.byte	0
 1868 0150 02       		.uleb128 0x2
 1869 0151 0A       		.uleb128 0xa
 1870 0152 9142     		.uleb128 0x2111
 1871 0154 0A       		.uleb128 0xa
 1872 0155 00       		.byte	0
 1873 0156 00       		.byte	0
 1874 0157 1B       		.uleb128 0x1b
ARM GAS  /tmp/ccRtUsYs.s 			page 34


 1875 0158 898201   		.uleb128 0x4109
 1876 015b 01       		.byte	0x1
 1877 015c 11       		.uleb128 0x11
 1878 015d 01       		.uleb128 0x1
 1879 015e 9542     		.uleb128 0x2115
 1880 0160 0C       		.uleb128 0xc
 1881 0161 31       		.uleb128 0x31
 1882 0162 13       		.uleb128 0x13
 1883 0163 00       		.byte	0
 1884 0164 00       		.byte	0
 1885 0165 1C       		.uleb128 0x1c
 1886 0166 0B       		.uleb128 0xb
 1887 0167 01       		.byte	0x1
 1888 0168 11       		.uleb128 0x11
 1889 0169 01       		.uleb128 0x1
 1890 016a 12       		.uleb128 0x12
 1891 016b 01       		.uleb128 0x1
 1892 016c 01       		.uleb128 0x1
 1893 016d 13       		.uleb128 0x13
 1894 016e 00       		.byte	0
 1895 016f 00       		.byte	0
 1896 0170 1D       		.uleb128 0x1d
 1897 0171 0B       		.uleb128 0xb
 1898 0172 01       		.byte	0x1
 1899 0173 55       		.uleb128 0x55
 1900 0174 06       		.uleb128 0x6
 1901 0175 01       		.uleb128 0x1
 1902 0176 13       		.uleb128 0x13
 1903 0177 00       		.byte	0
 1904 0178 00       		.byte	0
 1905 0179 1E       		.uleb128 0x1e
 1906 017a 898201   		.uleb128 0x4109
 1907 017d 00       		.byte	0
 1908 017e 11       		.uleb128 0x11
 1909 017f 01       		.uleb128 0x1
 1910 0180 9542     		.uleb128 0x2115
 1911 0182 0C       		.uleb128 0xc
 1912 0183 31       		.uleb128 0x31
 1913 0184 13       		.uleb128 0x13
 1914 0185 00       		.byte	0
 1915 0186 00       		.byte	0
 1916 0187 1F       		.uleb128 0x1f
 1917 0188 05       		.uleb128 0x5
 1918 0189 00       		.byte	0
 1919 018a 03       		.uleb128 0x3
 1920 018b 08       		.uleb128 0x8
 1921 018c 3A       		.uleb128 0x3a
 1922 018d 0B       		.uleb128 0xb
 1923 018e 3B       		.uleb128 0x3b
 1924 018f 0B       		.uleb128 0xb
 1925 0190 49       		.uleb128 0x49
 1926 0191 13       		.uleb128 0x13
 1927 0192 02       		.uleb128 0x2
 1928 0193 0A       		.uleb128 0xa
 1929 0194 00       		.byte	0
 1930 0195 00       		.byte	0
 1931 0196 20       		.uleb128 0x20
ARM GAS  /tmp/ccRtUsYs.s 			page 35


 1932 0197 34       		.uleb128 0x34
 1933 0198 00       		.byte	0
 1934 0199 03       		.uleb128 0x3
 1935 019a 0E       		.uleb128 0xe
 1936 019b 3A       		.uleb128 0x3a
 1937 019c 0B       		.uleb128 0xb
 1938 019d 3B       		.uleb128 0x3b
 1939 019e 0B       		.uleb128 0xb
 1940 019f 49       		.uleb128 0x49
 1941 01a0 13       		.uleb128 0x13
 1942 01a1 3F       		.uleb128 0x3f
 1943 01a2 0C       		.uleb128 0xc
 1944 01a3 3C       		.uleb128 0x3c
 1945 01a4 0C       		.uleb128 0xc
 1946 01a5 00       		.byte	0
 1947 01a6 00       		.byte	0
 1948 01a7 21       		.uleb128 0x21
 1949 01a8 2E       		.uleb128 0x2e
 1950 01a9 00       		.byte	0
 1951 01aa 3F       		.uleb128 0x3f
 1952 01ab 0C       		.uleb128 0xc
 1953 01ac 03       		.uleb128 0x3
 1954 01ad 0E       		.uleb128 0xe
 1955 01ae 3A       		.uleb128 0x3a
 1956 01af 0B       		.uleb128 0xb
 1957 01b0 3B       		.uleb128 0x3b
 1958 01b1 0B       		.uleb128 0xb
 1959 01b2 27       		.uleb128 0x27
 1960 01b3 0C       		.uleb128 0xc
 1961 01b4 3C       		.uleb128 0x3c
 1962 01b5 0C       		.uleb128 0xc
 1963 01b6 00       		.byte	0
 1964 01b7 00       		.byte	0
 1965 01b8 22       		.uleb128 0x22
 1966 01b9 2E       		.uleb128 0x2e
 1967 01ba 01       		.byte	0x1
 1968 01bb 3F       		.uleb128 0x3f
 1969 01bc 0C       		.uleb128 0xc
 1970 01bd 03       		.uleb128 0x3
 1971 01be 0E       		.uleb128 0xe
 1972 01bf 3A       		.uleb128 0x3a
 1973 01c0 0B       		.uleb128 0xb
 1974 01c1 3B       		.uleb128 0x3b
 1975 01c2 05       		.uleb128 0x5
 1976 01c3 27       		.uleb128 0x27
 1977 01c4 0C       		.uleb128 0xc
 1978 01c5 3C       		.uleb128 0x3c
 1979 01c6 0C       		.uleb128 0xc
 1980 01c7 01       		.uleb128 0x1
 1981 01c8 13       		.uleb128 0x13
 1982 01c9 00       		.byte	0
 1983 01ca 00       		.byte	0
 1984 01cb 23       		.uleb128 0x23
 1985 01cc 05       		.uleb128 0x5
 1986 01cd 00       		.byte	0
 1987 01ce 49       		.uleb128 0x49
 1988 01cf 13       		.uleb128 0x13
ARM GAS  /tmp/ccRtUsYs.s 			page 36


 1989 01d0 00       		.byte	0
 1990 01d1 00       		.byte	0
 1991 01d2 00       		.byte	0
 1992              		.section	.debug_loc,"",%progbits
 1993              	.Ldebug_loc0:
 1994              	.LLST0:
 1995 0000 04000000 		.4byte	.LVL1
 1996 0004 06000000 		.4byte	.LVL2
 1997 0008 0300     		.2byte	0x3
 1998 000a 73       		.byte	0x73
 1999 000b 20       		.sleb128 32
 2000 000c 9F       		.byte	0x9f
 2001 000d 06000000 		.4byte	.LVL2
 2002 0011 0C000000 		.4byte	.LVL3
 2003 0015 0100     		.2byte	0x1
 2004 0017 53       		.byte	0x53
 2005 0018 00000000 		.4byte	0
 2006 001c 00000000 		.4byte	0
 2007              	.LLST1:
 2008 0020 10000000 		.4byte	.LVL4
 2009 0024 12000000 		.4byte	.LFE8
 2010 0028 0100     		.2byte	0x1
 2011 002a 53       		.byte	0x53
 2012 002b 00000000 		.4byte	0
 2013 002f 00000000 		.4byte	0
 2014              	.LLST2:
 2015 0033 00000000 		.4byte	.LFB9
 2016 0037 02000000 		.4byte	.LCFI0
 2017 003b 0200     		.2byte	0x2
 2018 003d 7D       		.byte	0x7d
 2019 003e 00       		.sleb128 0
 2020 003f 02000000 		.4byte	.LCFI0
 2021 0043 34000000 		.4byte	.LFE9
 2022 0047 0200     		.2byte	0x2
 2023 0049 7D       		.byte	0x7d
 2024 004a 08       		.sleb128 8
 2025 004b 00000000 		.4byte	0
 2026 004f 00000000 		.4byte	0
 2027              	.LLST3:
 2028 0053 06000000 		.4byte	.LVL9
 2029 0057 08000000 		.4byte	.LVL10
 2030 005b 0100     		.2byte	0x1
 2031 005d 53       		.byte	0x53
 2032 005e 00000000 		.4byte	0
 2033 0062 00000000 		.4byte	0
 2034              	.LLST4:
 2035 0066 14000000 		.4byte	.LVL11
 2036 006a 18000000 		.4byte	.LVL12
 2037 006e 0300     		.2byte	0x3
 2038 0070 73       		.byte	0x73
 2039 0071 60       		.sleb128 -32
 2040 0072 9F       		.byte	0x9f
 2041 0073 18000000 		.4byte	.LVL12
 2042 0077 24000000 		.4byte	.LVL13
 2043 007b 0100     		.2byte	0x1
 2044 007d 52       		.byte	0x52
 2045 007e 24000000 		.4byte	.LVL13
ARM GAS  /tmp/ccRtUsYs.s 			page 37


 2046 0082 44000000 		.4byte	.LVL14
 2047 0086 0300     		.2byte	0x3
 2048 0088 73       		.byte	0x73
 2049 0089 60       		.sleb128 -32
 2050 008a 9F       		.byte	0x9f
 2051 008b 4A000000 		.4byte	.LVL16
 2052 008f 70000000 		.4byte	.LFE10
 2053 0093 0300     		.2byte	0x3
 2054 0095 73       		.byte	0x73
 2055 0096 60       		.sleb128 -32
 2056 0097 9F       		.byte	0x9f
 2057 0098 00000000 		.4byte	0
 2058 009c 00000000 		.4byte	0
 2059              	.LLST5:
 2060 00a0 48000000 		.4byte	.LVL15
 2061 00a4 4A000000 		.4byte	.LVL16
 2062 00a8 0100     		.2byte	0x1
 2063 00aa 53       		.byte	0x53
 2064 00ab 00000000 		.4byte	0
 2065 00af 00000000 		.4byte	0
 2066              	.LLST6:
 2067 00b3 00000000 		.4byte	.LFB7
 2068 00b7 02000000 		.4byte	.LCFI1
 2069 00bb 0200     		.2byte	0x2
 2070 00bd 7D       		.byte	0x7d
 2071 00be 00       		.sleb128 0
 2072 00bf 02000000 		.4byte	.LCFI1
 2073 00c3 1A000000 		.4byte	.LFE7
 2074 00c7 0200     		.2byte	0x2
 2075 00c9 7D       		.byte	0x7d
 2076 00ca 08       		.sleb128 8
 2077 00cb 00000000 		.4byte	0
 2078 00cf 00000000 		.4byte	0
 2079              	.LLST7:
 2080 00d3 08000000 		.4byte	.LVL18
 2081 00d7 0B000000 		.4byte	.LVL19-1
 2082 00db 0100     		.2byte	0x1
 2083 00dd 53       		.byte	0x53
 2084 00de 00000000 		.4byte	0
 2085 00e2 00000000 		.4byte	0
 2086              	.LLST8:
 2087 00e6 12000000 		.4byte	.LVL21
 2088 00ea 19000000 		.4byte	.LVL22-1
 2089 00ee 0100     		.2byte	0x1
 2090 00f0 53       		.byte	0x53
 2091 00f1 00000000 		.4byte	0
 2092 00f5 00000000 		.4byte	0
 2093              	.LLST9:
 2094 00f9 06000000 		.4byte	.LVL25
 2095 00fd 10000000 		.4byte	.LFE13
 2096 0101 0100     		.2byte	0x1
 2097 0103 53       		.byte	0x53
 2098 0104 00000000 		.4byte	0
 2099 0108 00000000 		.4byte	0
 2100              		.section	.debug_aranges,"",%progbits
 2101 0000 4C000000 		.4byte	0x4c
 2102 0004 0200     		.2byte	0x2
ARM GAS  /tmp/ccRtUsYs.s 			page 38


 2103 0006 00000000 		.4byte	.Ldebug_info0
 2104 000a 04       		.byte	0x4
 2105 000b 00       		.byte	0
 2106 000c 0000     		.2byte	0
 2107 000e 0000     		.2byte	0
 2108 0010 00000000 		.4byte	.LFB11
 2109 0014 06000000 		.4byte	.LFE11-.LFB11
 2110 0018 00000000 		.4byte	.LFB8
 2111 001c 12000000 		.4byte	.LFE8-.LFB8
 2112 0020 00000000 		.4byte	.LFB9
 2113 0024 34000000 		.4byte	.LFE9-.LFB9
 2114 0028 00000000 		.4byte	.LFB10
 2115 002c 70000000 		.4byte	.LFE10-.LFB10
 2116 0030 00000000 		.4byte	.LFB7
 2117 0034 1A000000 		.4byte	.LFE7-.LFB7
 2118 0038 00000000 		.4byte	.LFB12
 2119 003c 10000000 		.4byte	.LFE12-.LFB12
 2120 0040 00000000 		.4byte	.LFB13
 2121 0044 10000000 		.4byte	.LFE13-.LFB13
 2122 0048 00000000 		.4byte	0
 2123 004c 00000000 		.4byte	0
 2124              		.section	.debug_ranges,"",%progbits
 2125              	.Ldebug_ranges0:
 2126 0000 10000000 		.4byte	.LBB4
 2127 0004 44000000 		.4byte	.LBE4
 2128 0008 4A000000 		.4byte	.LBB6
 2129 000c 70000000 		.4byte	.LBE6
 2130 0010 00000000 		.4byte	0
 2131 0014 00000000 		.4byte	0
 2132 0018 00000000 		.4byte	.LFB11
 2133 001c 06000000 		.4byte	.LFE11
 2134 0020 00000000 		.4byte	.LFB8
 2135 0024 12000000 		.4byte	.LFE8
 2136 0028 00000000 		.4byte	.LFB9
 2137 002c 34000000 		.4byte	.LFE9
 2138 0030 00000000 		.4byte	.LFB10
 2139 0034 70000000 		.4byte	.LFE10
 2140 0038 00000000 		.4byte	.LFB7
 2141 003c 1A000000 		.4byte	.LFE7
 2142 0040 00000000 		.4byte	.LFB12
 2143 0044 10000000 		.4byte	.LFE12
 2144 0048 00000000 		.4byte	.LFB13
 2145 004c 10000000 		.4byte	.LFE13
 2146 0050 00000000 		.4byte	0
 2147 0054 00000000 		.4byte	0
 2148              		.section	.debug_line,"",%progbits
 2149              	.Ldebug_line0:
 2150 0000 7A020000 		.section	.debug_str,"MS",%progbits,1
 2150      0200C701 
 2150      00000201 
 2150      FB0E0D00 
 2150      01010101 
 2151              	.LASF36:
 2152 0000 705F6D73 		.ascii	"p_msg\000"
 2152      6700
 2153              	.LASF78:
 2154 0006 7264796D 		.ascii	"rdymsg\000"
ARM GAS  /tmp/ccRtUsYs.s 			page 39


 2154      736700
 2155              	.LASF66:
 2156 000d 434D785F 		.ascii	"CMx_SCB\000"
 2156      53434200 
 2157              	.LASF92:
 2158 0015 63685379 		.ascii	"chSysTimerHandlerI\000"
 2158      7354696D 
 2158      65724861 
 2158      6E646C65 
 2158      724900
 2159              	.LASF88:
 2160 0028 53797354 		.ascii	"SysTickVector\000"
 2160      69636B56 
 2160      6563746F 
 2160      7200
 2161              	.LASF11:
 2162 0036 6C6F6E67 		.ascii	"long long unsigned int\000"
 2162      206C6F6E 
 2162      6720756E 
 2162      7369676E 
 2162      65642069 
 2163              	.LASF79:
 2164 004d 65786974 		.ascii	"exitcode\000"
 2164      636F6465 
 2164      00
 2165              	.LASF51:
 2166 0056 43505549 		.ascii	"CPUID\000"
 2166      4400
 2167              	.LASF94:
 2168 005c 2F686F6D 		.ascii	"/home/dpeter/devel/sources/ChibiOS-RT/os/ports/GCC/"
 2168      652F6470 
 2168      65746572 
 2168      2F646576 
 2168      656C2F73 
 2169 008f 41524D43 		.ascii	"ARMCMx/chcore_v7m.c\000"
 2169      4D782F63 
 2169      68636F72 
 2169      655F7637 
 2169      6D2E6300 
 2170              	.LASF24:
 2171 00a3 705F7072 		.ascii	"p_prio\000"
 2171      696F00
 2172              	.LASF10:
 2173 00aa 6C6F6E67 		.ascii	"long long int\000"
 2173      206C6F6E 
 2173      6720696E 
 2173      7400
 2174              	.LASF1:
 2175 00b8 7369676E 		.ascii	"signed char\000"
 2175      65642063 
 2175      68617200 
 2176              	.LASF40:
 2177 00c4 705F6D70 		.ascii	"p_mpool\000"
 2177      6F6F6C00 
 2178              	.LASF75:
 2179 00cc 6D5F7175 		.ascii	"m_queue\000"
 2179      65756500 
ARM GAS  /tmp/ccRtUsYs.s 			page 40


 2180              	.LASF16:
 2181 00d4 74736C69 		.ascii	"tslices_t\000"
 2181      6365735F 
 2181      7400
 2182              	.LASF7:
 2183 00de 6C6F6E67 		.ascii	"long int\000"
 2183      20696E74 
 2183      00
 2184              	.LASF14:
 2185 00e7 74737461 		.ascii	"tstate_t\000"
 2185      74655F74 
 2185      00
 2186              	.LASF90:
 2187 00f0 5F706F72 		.ascii	"_port_thread_start\000"
 2187      745F7468 
 2187      72656164 
 2187      5F737461 
 2187      727400
 2188              	.LASF26:
 2189 0103 705F6E65 		.ascii	"p_newer\000"
 2189      77657200 
 2190              	.LASF61:
 2191 010b 42464152 		.ascii	"BFAR\000"
 2191      00
 2192              	.LASF70:
 2193 0110 725F6E65 		.ascii	"r_newer\000"
 2193      77657200 
 2194              	.LASF96:
 2195 0118 6E766963 		.ascii	"nvicSetSystemHandlerPriority\000"
 2195      53657453 
 2195      79737465 
 2195      6D48616E 
 2195      646C6572 
 2196              	.LASF43:
 2197 0135 72656761 		.ascii	"regarm_t\000"
 2197      726D5F74 
 2197      00
 2198              	.LASF91:
 2199 013e 63685363 		.ascii	"chSchDoReschedule\000"
 2199      68446F52 
 2199      65736368 
 2199      6564756C 
 2199      6500
 2200              	.LASF0:
 2201 0150 756E7369 		.ascii	"unsigned int\000"
 2201      676E6564 
 2201      20696E74 
 2201      00
 2202              	.LASF45:
 2203 015d 6C725F74 		.ascii	"lr_thd\000"
 2203      686400
 2204              	.LASF44:
 2205 0164 65787463 		.ascii	"extctx\000"
 2205      747800
 2206              	.LASF89:
 2207 016b 5F706F72 		.ascii	"_port_switch\000"
 2207      745F7377 
ARM GAS  /tmp/ccRtUsYs.s 			page 41


 2207      69746368 
 2207      00
 2208              	.LASF9:
 2209 0178 6C6F6E67 		.ascii	"long unsigned int\000"
 2209      20756E73 
 2209      69676E65 
 2209      6420696E 
 2209      7400
 2210              	.LASF53:
 2211 018a 56544F52 		.ascii	"VTOR\000"
 2211      00
 2212              	.LASF83:
 2213 018f 5F706F72 		.ascii	"_port_switch_from_isr\000"
 2213      745F7377 
 2213      69746368 
 2213      5F66726F 
 2213      6D5F6973 
 2214              	.LASF48:
 2215 01a5 636F6E74 		.ascii	"context\000"
 2215      65787400 
 2216              	.LASF4:
 2217 01ad 73686F72 		.ascii	"short unsigned int\000"
 2217      7420756E 
 2217      7369676E 
 2217      65642069 
 2217      6E7400
 2218              	.LASF52:
 2219 01c0 49435352 		.ascii	"ICSR\000"
 2219      00
 2220              	.LASF18:
 2221 01c5 6D73675F 		.ascii	"msg_t\000"
 2221      7400
 2222              	.LASF54:
 2223 01cb 41495243 		.ascii	"AIRCR\000"
 2223      5200
 2224              	.LASF59:
 2225 01d1 44465352 		.ascii	"DFSR\000"
 2225      00
 2226              	.LASF60:
 2227 01d6 4D4D4641 		.ascii	"MMFAR\000"
 2227      5200
 2228              	.LASF87:
 2229 01dc 5F706F72 		.ascii	"_port_irq_epilogue\000"
 2229      745F6972 
 2229      715F6570 
 2229      696C6F67 
 2229      756500
 2230              	.LASF13:
 2231 01ef 746D6F64 		.ascii	"tmode_t\000"
 2231      655F7400 
 2232              	.LASF42:
 2233 01f7 54687265 		.ascii	"ThreadsList\000"
 2233      6164734C 
 2233      69737400 
 2234              	.LASF19:
 2235 0203 6576656E 		.ascii	"eventmask_t\000"
 2235      746D6173 
ARM GAS  /tmp/ccRtUsYs.s 			page 42


 2235      6B5F7400 
 2236              	.LASF74:
 2237 020f 4D757465 		.ascii	"Mutex\000"
 2237      7800
 2238              	.LASF50:
 2239 0215 73697A65 		.ascii	"sizetype\000"
 2239      74797065 
 2239      00
 2240              	.LASF57:
 2241 021e 43465352 		.ascii	"CFSR\000"
 2241      00
 2242              	.LASF27:
 2243 0223 705F6F6C 		.ascii	"p_older\000"
 2243      64657200 
 2244              	.LASF69:
 2245 022b 725F6374 		.ascii	"r_ctx\000"
 2245      7800
 2246              	.LASF41:
 2247 0231 54687265 		.ascii	"ThreadsQueue\000"
 2247      61647351 
 2247      75657565 
 2247      00
 2248              	.LASF93:
 2249 023e 474E5520 		.ascii	"GNU C 4.7.3\000"
 2249      4320342E 
 2249      372E3300 
 2250              	.LASF71:
 2251 024a 725F6F6C 		.ascii	"r_older\000"
 2251      64657200 
 2252              	.LASF15:
 2253 0252 74726566 		.ascii	"trefs_t\000"
 2253      735F7400 
 2254              	.LASF85:
 2255 025a 63747870 		.ascii	"ctxp\000"
 2255      00
 2256              	.LASF23:
 2257 025f 705F7072 		.ascii	"p_prev\000"
 2257      657600
 2258              	.LASF17:
 2259 0266 74707269 		.ascii	"tprio_t\000"
 2259      6F5F7400 
 2260              	.LASF12:
 2261 026e 5F426F6F 		.ascii	"_Bool\000"
 2261      6C00
 2262              	.LASF6:
 2263 0274 696E7433 		.ascii	"int32_t\000"
 2263      325F7400 
 2264              	.LASF2:
 2265 027c 756E7369 		.ascii	"unsigned char\000"
 2265      676E6564 
 2265      20636861 
 2265      7200
 2266              	.LASF56:
 2267 028a 53484353 		.ascii	"SHCSR\000"
 2267      5200
 2268              	.LASF38:
 2269 0290 705F6D74 		.ascii	"p_mtxlist\000"
ARM GAS  /tmp/ccRtUsYs.s 			page 43


 2269      786C6973 
 2269      7400
 2270              	.LASF3:
 2271 029a 73686F72 		.ascii	"short int\000"
 2271      7420696E 
 2271      7400
 2272              	.LASF29:
 2273 02a4 705F7374 		.ascii	"p_state\000"
 2273      61746500 
 2274              	.LASF32:
 2275 02ac 705F7072 		.ascii	"p_preempt\000"
 2275      65656D70 
 2275      7400
 2276              	.LASF46:
 2277 02b6 78707372 		.ascii	"xpsr\000"
 2277      00
 2278              	.LASF68:
 2279 02bb 725F7072 		.ascii	"r_prio\000"
 2279      696F00
 2280              	.LASF81:
 2281 02c2 65776D61 		.ascii	"ewmask\000"
 2281      736B00
 2282              	.LASF22:
 2283 02c9 705F6E65 		.ascii	"p_next\000"
 2283      787400
 2284              	.LASF30:
 2285 02d0 705F666C 		.ascii	"p_flags\000"
 2285      61677300 
 2286              	.LASF21:
 2287 02d8 54687265 		.ascii	"Thread\000"
 2287      616400
 2288              	.LASF37:
 2289 02df 705F6570 		.ascii	"p_epending\000"
 2289      656E6469 
 2289      6E6700
 2290              	.LASF8:
 2291 02ea 75696E74 		.ascii	"uint32_t\000"
 2291      33325F74 
 2291      00
 2292              	.LASF67:
 2293 02f3 725F7175 		.ascii	"r_queue\000"
 2293      65756500 
 2294              	.LASF62:
 2295 02fb 41465352 		.ascii	"AFSR\000"
 2295      00
 2296              	.LASF64:
 2297 0300 756E7573 		.ascii	"unused1\000"
 2297      65643100 
 2298              	.LASF72:
 2299 0308 725F6375 		.ascii	"r_current\000"
 2299      7272656E 
 2299      7400
 2300              	.LASF82:
 2301 0312 63686172 		.ascii	"char\000"
 2301      00
 2302              	.LASF49:
 2303 0317 494F5245 		.ascii	"IOREG32\000"
ARM GAS  /tmp/ccRtUsYs.s 			page 44


 2303      47333200 
 2304              	.LASF77:
 2305 031f 6D5F6E65 		.ascii	"m_next\000"
 2305      787400
 2306              	.LASF20:
 2307 0326 73797374 		.ascii	"systime_t\000"
 2307      696D655F 
 2307      7400
 2308              	.LASF39:
 2309 0330 705F7265 		.ascii	"p_realprio\000"
 2309      616C7072 
 2309      696F00
 2310              	.LASF84:
 2311 033b 53564361 		.ascii	"SVCallVector\000"
 2311      6C6C5665 
 2311      63746F72 
 2311      00
 2312              	.LASF33:
 2313 0348 705F7469 		.ascii	"p_time\000"
 2313      6D6500
 2314              	.LASF55:
 2315 034f 53485052 		.ascii	"SHPR\000"
 2315      00
 2316              	.LASF47:
 2317 0354 696E7463 		.ascii	"intctx\000"
 2317      747800
 2318              	.LASF35:
 2319 035b 705F6D73 		.ascii	"p_msgqueue\000"
 2319      67717565 
 2319      756500
 2320              	.LASF31:
 2321 0366 705F7265 		.ascii	"p_refs\000"
 2321      667300
 2322              	.LASF73:
 2323 036d 52656164 		.ascii	"ReadyList\000"
 2323      794C6973 
 2323      7400
 2324              	.LASF63:
 2325 0377 4D4D4652 		.ascii	"MMFR\000"
 2325      00
 2326              	.LASF95:
 2327 037c 726C6973 		.ascii	"rlist\000"
 2327      7400
 2328              	.LASF5:
 2329 0382 75696E74 		.ascii	"uint8_t\000"
 2329      385F7400 
 2330              	.LASF86:
 2331 038a 5F706F72 		.ascii	"_port_init\000"
 2331      745F696E 
 2331      697400
 2332              	.LASF80:
 2333 0395 77746F62 		.ascii	"wtobjp\000"
 2333      6A7000
 2334              	.LASF28:
 2335 039c 705F6E61 		.ascii	"p_name\000"
 2335      6D6500
 2336              	.LASF65:
ARM GAS  /tmp/ccRtUsYs.s 			page 45


 2337 03a3 43504143 		.ascii	"CPACR\000"
 2337      5200
 2338              	.LASF58:
 2339 03a9 48465352 		.ascii	"HFSR\000"
 2339      00
 2340              	.LASF76:
 2341 03ae 6D5F6F77 		.ascii	"m_owner\000"
 2341      6E657200 
 2342              	.LASF25:
 2343 03b6 705F6374 		.ascii	"p_ctx\000"
 2343      7800
 2344              	.LASF34:
 2345 03bc 705F7761 		.ascii	"p_waiting\000"
 2345      6974696E 
 2345      6700
 2346              		.ident	"GCC: (Sourcery CodeBench Lite 2013.05-23) 4.7.3"
ARM GAS  /tmp/ccRtUsYs.s 			page 46


DEFINED SYMBOLS
                            *ABS*:00000000 chcore_v7m.c
     /tmp/ccRtUsYs.s:19     .text._port_switch_from_isr:00000000 $t
     /tmp/ccRtUsYs.s:25     .text._port_switch_from_isr:00000000 _port_switch_from_isr
     /tmp/ccRtUsYs.s:38     .text._port_switch_from_isr:00000004 _port_exit_from_isr
     /tmp/ccRtUsYs.s:50     .text.SVCallVector:00000000 $t
     /tmp/ccRtUsYs.s:56     .text.SVCallVector:00000000 SVCallVector
     /tmp/ccRtUsYs.s:92     .text._port_init:00000000 $t
     /tmp/ccRtUsYs.s:98     .text._port_init:00000000 _port_init
     /tmp/ccRtUsYs.s:139    .text._port_init:0000002c $d
     /tmp/ccRtUsYs.s:145    .text._port_irq_epilogue:00000000 $t
     /tmp/ccRtUsYs.s:151    .text._port_irq_epilogue:00000000 _port_irq_epilogue
     /tmp/ccRtUsYs.s:245    .text._port_irq_epilogue:00000060 $d
     /tmp/ccRtUsYs.s:254    .text.SysTickVector:00000000 $t
     /tmp/ccRtUsYs.s:260    .text.SysTickVector:00000000 SysTickVector
     /tmp/ccRtUsYs.s:303    .text._port_switch:00000000 $t
     /tmp/ccRtUsYs.s:309    .text._port_switch:00000000 _port_switch
     /tmp/ccRtUsYs.s:336    .text._port_thread_start:00000000 $t
     /tmp/ccRtUsYs.s:342    .text._port_thread_start:00000000 _port_thread_start
                     .debug_frame:00000010 $d
     /tmp/ccRtUsYs.s:144    .text._port_init:00000034 $t

UNDEFINED SYMBOLS
chSchDoReschedule
nvicSetSystemHandlerPriority
rlist
chSysTimerHandlerI
chThdExit
