ARM GAS  /tmp/cc8AqRFX.s 			page 1


   1              		.syntax unified
   2              		.cpu cortex-m4
   3              		.fpu softvfp
   4              		.eabi_attribute 20, 1
   5              		.eabi_attribute 21, 1
   6              		.eabi_attribute 23, 3
   7              		.eabi_attribute 24, 1
   8              		.eabi_attribute 25, 1
   9              		.eabi_attribute 26, 1
  10              		.eabi_attribute 30, 2
  11              		.eabi_attribute 34, 1
  12              		.eabi_attribute 18, 4
  13              		.thumb
  14              		.file	"chcore.c"
  15              		.text
  16              	.Ltext0:
  17              		.cfi_sections	.debug_frame
  18              		.section	.text.port_halt,"ax",%progbits
  19              		.align	2
  20              		.p2align 4,,15
  21              		.weak	port_halt
  22              		.thumb
  23              		.thumb_func
  24              		.type	port_halt, %function
  25              	port_halt:
  26              	.LFB7:
  27              		.file 1 "/home/dpeter/devel/sources/ChibiOS-RT/os/ports/GCC/ARMCMx/chcore.c"
  28              		.loc 1 39 0
  29              		.cfi_startproc
  30              		@ args = 0, pretend = 0, frame = 0
  31              		@ frame_needed = 0, uses_anonymous_args = 0
  32              		@ link register save eliminated.
  33              		.loc 1 41 0
  34              	@ 41 "/home/dpeter/devel/sources/ChibiOS-RT/os/ports/GCC/ARMCMx/chcore.c" 1
  35 0000 72B6     		cpsid   i
  36              	@ 0 "" 2
  37              		.thumb
  38              	.L2:
  39 0002 FEE7     		b	.L2
  40              		.cfi_endproc
  41              	.LFE7:
  42              		.size	port_halt, .-port_halt
  43 0004 AFF30080 		.text
  43      AFF30080 
  43      AFF30080 
  44              	.Letext0:
  45              		.section	.debug_info,"",%progbits
  46              	.Ldebug_info0:
  47 0000 92000000 		.4byte	0x92
  48 0004 0200     		.2byte	0x2
  49 0006 00000000 		.4byte	.Ldebug_abbrev0
  50 000a 04       		.byte	0x4
  51 000b 01       		.uleb128 0x1
  52 000c 5E000000 		.4byte	.LASF12
  53 0010 01       		.byte	0x1
  54 0011 1B000000 		.4byte	.LASF13
  55 0015 00000000 		.4byte	.Ldebug_ranges0+0
ARM GAS  /tmp/cc8AqRFX.s 			page 2


  56 0019 00000000 		.4byte	0
  57 001d 00000000 		.4byte	0
  58 0021 00000000 		.4byte	.Ldebug_line0
  59 0025 02       		.uleb128 0x2
  60 0026 04       		.byte	0x4
  61 0027 05       		.byte	0x5
  62 0028 696E7400 		.ascii	"int\000"
  63 002c 03       		.uleb128 0x3
  64 002d 04       		.byte	0x4
  65 002e 07       		.byte	0x7
  66 002f 0E000000 		.4byte	.LASF0
  67 0033 03       		.uleb128 0x3
  68 0034 01       		.byte	0x1
  69 0035 06       		.byte	0x6
  70 0036 C8000000 		.4byte	.LASF1
  71 003a 03       		.uleb128 0x3
  72 003b 01       		.byte	0x1
  73 003c 08       		.byte	0x8
  74 003d 93000000 		.4byte	.LASF2
  75 0041 03       		.uleb128 0x3
  76 0042 02       		.byte	0x2
  77 0043 05       		.byte	0x5
  78 0044 DE000000 		.4byte	.LASF3
  79 0048 03       		.uleb128 0x3
  80 0049 02       		.byte	0x2
  81 004a 07       		.byte	0x7
  82 004b B5000000 		.4byte	.LASF4
  83 004f 03       		.uleb128 0x3
  84 0050 04       		.byte	0x4
  85 0051 05       		.byte	0x5
  86 0052 A6000000 		.4byte	.LASF5
  87 0056 03       		.uleb128 0x3
  88 0057 04       		.byte	0x4
  89 0058 07       		.byte	0x7
  90 0059 6A000000 		.4byte	.LASF6
  91 005d 03       		.uleb128 0x3
  92 005e 08       		.byte	0x8
  93 005f 05       		.byte	0x5
  94 0060 00000000 		.4byte	.LASF7
  95 0064 03       		.uleb128 0x3
  96 0065 08       		.byte	0x8
  97 0066 07       		.byte	0x7
  98 0067 7C000000 		.4byte	.LASF8
  99 006b 03       		.uleb128 0x3
 100 006c 01       		.byte	0x1
 101 006d 02       		.byte	0x2
 102 006e AF000000 		.4byte	.LASF9
 103 0072 03       		.uleb128 0x3
 104 0073 04       		.byte	0x4
 105 0074 07       		.byte	0x7
 106 0075 E8000000 		.4byte	.LASF10
 107 0079 03       		.uleb128 0x3
 108 007a 01       		.byte	0x1
 109 007b 08       		.byte	0x8
 110 007c A1000000 		.4byte	.LASF11
 111 0080 04       		.uleb128 0x4
 112 0081 01       		.byte	0x1
ARM GAS  /tmp/cc8AqRFX.s 			page 3


 113 0082 D4000000 		.4byte	.LASF14
 114 0086 01       		.byte	0x1
 115 0087 27       		.byte	0x27
 116 0088 01       		.byte	0x1
 117 0089 00000000 		.4byte	.LFB7
 118 008d 04000000 		.4byte	.LFE7
 119 0091 02       		.byte	0x2
 120 0092 7D       		.byte	0x7d
 121 0093 00       		.sleb128 0
 122 0094 01       		.byte	0x1
 123 0095 00       		.byte	0
 124              		.section	.debug_abbrev,"",%progbits
 125              	.Ldebug_abbrev0:
 126 0000 01       		.uleb128 0x1
 127 0001 11       		.uleb128 0x11
 128 0002 01       		.byte	0x1
 129 0003 25       		.uleb128 0x25
 130 0004 0E       		.uleb128 0xe
 131 0005 13       		.uleb128 0x13
 132 0006 0B       		.uleb128 0xb
 133 0007 03       		.uleb128 0x3
 134 0008 0E       		.uleb128 0xe
 135 0009 55       		.uleb128 0x55
 136 000a 06       		.uleb128 0x6
 137 000b 11       		.uleb128 0x11
 138 000c 01       		.uleb128 0x1
 139 000d 52       		.uleb128 0x52
 140 000e 01       		.uleb128 0x1
 141 000f 10       		.uleb128 0x10
 142 0010 06       		.uleb128 0x6
 143 0011 00       		.byte	0
 144 0012 00       		.byte	0
 145 0013 02       		.uleb128 0x2
 146 0014 24       		.uleb128 0x24
 147 0015 00       		.byte	0
 148 0016 0B       		.uleb128 0xb
 149 0017 0B       		.uleb128 0xb
 150 0018 3E       		.uleb128 0x3e
 151 0019 0B       		.uleb128 0xb
 152 001a 03       		.uleb128 0x3
 153 001b 08       		.uleb128 0x8
 154 001c 00       		.byte	0
 155 001d 00       		.byte	0
 156 001e 03       		.uleb128 0x3
 157 001f 24       		.uleb128 0x24
 158 0020 00       		.byte	0
 159 0021 0B       		.uleb128 0xb
 160 0022 0B       		.uleb128 0xb
 161 0023 3E       		.uleb128 0x3e
 162 0024 0B       		.uleb128 0xb
 163 0025 03       		.uleb128 0x3
 164 0026 0E       		.uleb128 0xe
 165 0027 00       		.byte	0
 166 0028 00       		.byte	0
 167 0029 04       		.uleb128 0x4
 168 002a 2E       		.uleb128 0x2e
 169 002b 00       		.byte	0
ARM GAS  /tmp/cc8AqRFX.s 			page 4


 170 002c 3F       		.uleb128 0x3f
 171 002d 0C       		.uleb128 0xc
 172 002e 03       		.uleb128 0x3
 173 002f 0E       		.uleb128 0xe
 174 0030 3A       		.uleb128 0x3a
 175 0031 0B       		.uleb128 0xb
 176 0032 3B       		.uleb128 0x3b
 177 0033 0B       		.uleb128 0xb
 178 0034 27       		.uleb128 0x27
 179 0035 0C       		.uleb128 0xc
 180 0036 11       		.uleb128 0x11
 181 0037 01       		.uleb128 0x1
 182 0038 12       		.uleb128 0x12
 183 0039 01       		.uleb128 0x1
 184 003a 40       		.uleb128 0x40
 185 003b 0A       		.uleb128 0xa
 186 003c 9742     		.uleb128 0x2117
 187 003e 0C       		.uleb128 0xc
 188 003f 00       		.byte	0
 189 0040 00       		.byte	0
 190 0041 00       		.byte	0
 191              		.section	.debug_aranges,"",%progbits
 192 0000 1C000000 		.4byte	0x1c
 193 0004 0200     		.2byte	0x2
 194 0006 00000000 		.4byte	.Ldebug_info0
 195 000a 04       		.byte	0x4
 196 000b 00       		.byte	0
 197 000c 0000     		.2byte	0
 198 000e 0000     		.2byte	0
 199 0010 00000000 		.4byte	.LFB7
 200 0014 04000000 		.4byte	.LFE7-.LFB7
 201 0018 00000000 		.4byte	0
 202 001c 00000000 		.4byte	0
 203              		.section	.debug_ranges,"",%progbits
 204              	.Ldebug_ranges0:
 205 0000 00000000 		.4byte	.LFB7
 206 0004 04000000 		.4byte	.LFE7
 207 0008 00000000 		.4byte	0
 208 000c 00000000 		.4byte	0
 209              		.section	.debug_line,"",%progbits
 210              	.Ldebug_line0:
 211 0000 6F000000 		.section	.debug_str,"MS",%progbits,1
 211      02005900 
 211      00000201 
 211      FB0E0D00 
 211      01010101 
 212              	.LASF7:
 213 0000 6C6F6E67 		.ascii	"long long int\000"
 213      206C6F6E 
 213      6720696E 
 213      7400
 214              	.LASF0:
 215 000e 756E7369 		.ascii	"unsigned int\000"
 215      676E6564 
 215      20696E74 
 215      00
 216              	.LASF13:
ARM GAS  /tmp/cc8AqRFX.s 			page 5


 217 001b 2F686F6D 		.ascii	"/home/dpeter/devel/sources/ChibiOS-RT/os/ports/GCC/"
 217      652F6470 
 217      65746572 
 217      2F646576 
 217      656C2F73 
 218 004e 41524D43 		.ascii	"ARMCMx/chcore.c\000"
 218      4D782F63 
 218      68636F72 
 218      652E6300 
 219              	.LASF12:
 220 005e 474E5520 		.ascii	"GNU C 4.7.3\000"
 220      4320342E 
 220      372E3300 
 221              	.LASF6:
 222 006a 6C6F6E67 		.ascii	"long unsigned int\000"
 222      20756E73 
 222      69676E65 
 222      6420696E 
 222      7400
 223              	.LASF8:
 224 007c 6C6F6E67 		.ascii	"long long unsigned int\000"
 224      206C6F6E 
 224      6720756E 
 224      7369676E 
 224      65642069 
 225              	.LASF2:
 226 0093 756E7369 		.ascii	"unsigned char\000"
 226      676E6564 
 226      20636861 
 226      7200
 227              	.LASF11:
 228 00a1 63686172 		.ascii	"char\000"
 228      00
 229              	.LASF5:
 230 00a6 6C6F6E67 		.ascii	"long int\000"
 230      20696E74 
 230      00
 231              	.LASF9:
 232 00af 5F426F6F 		.ascii	"_Bool\000"
 232      6C00
 233              	.LASF4:
 234 00b5 73686F72 		.ascii	"short unsigned int\000"
 234      7420756E 
 234      7369676E 
 234      65642069 
 234      6E7400
 235              	.LASF1:
 236 00c8 7369676E 		.ascii	"signed char\000"
 236      65642063 
 236      68617200 
 237              	.LASF14:
 238 00d4 706F7274 		.ascii	"port_halt\000"
 238      5F68616C 
 238      7400
 239              	.LASF3:
 240 00de 73686F72 		.ascii	"short int\000"
 240      7420696E 
ARM GAS  /tmp/cc8AqRFX.s 			page 6


 240      7400
 241              	.LASF10:
 242 00e8 73697A65 		.ascii	"sizetype\000"
 242      74797065 
 242      00
 243              		.ident	"GCC: (Sourcery CodeBench Lite 2013.05-23) 4.7.3"
ARM GAS  /tmp/cc8AqRFX.s 			page 7


DEFINED SYMBOLS
                            *ABS*:00000000 chcore.c
     /tmp/cc8AqRFX.s:19     .text.port_halt:00000000 $t
     /tmp/cc8AqRFX.s:25     .text.port_halt:00000000 port_halt
                     .debug_frame:00000010 $d

NO UNDEFINED SYMBOLS
