ARM GAS  /tmp/ccgc2KyJ.s 			page 1


   1              		.syntax unified
   2              		.cpu cortex-m4
   3              		.fpu softvfp
   4              		.eabi_attribute 20, 1
   5              		.eabi_attribute 21, 1
   6              		.eabi_attribute 23, 3
   7              		.eabi_attribute 24, 1
   8              		.eabi_attribute 25, 1
   9              		.eabi_attribute 26, 1
  10              		.eabi_attribute 30, 2
  11              		.eabi_attribute 34, 1
  12              		.eabi_attribute 18, 4
  13              		.thumb
  14              		.file	"chdynamic.c"
  15              		.text
  16              	.Ltext0:
  17              		.cfi_sections	.debug_frame
  18              		.section	.text.chThdAddRef,"ax",%progbits
  19              		.align	2
  20              		.p2align 4,,15
  21              		.global	chThdAddRef
  22              		.thumb
  23              		.thumb_func
  24              		.type	chThdAddRef, %function
  25              	chThdAddRef:
  26              	.LFB7:
  27              		.file 1 "/home/dpeter/devel/sources/ChibiOS-RT/os/kernel/src/chdynamic.c"
  28              		.loc 1 45 0
  29              		.cfi_startproc
  30              		@ args = 0, pretend = 0, frame = 0
  31              		@ frame_needed = 0, uses_anonymous_args = 0
  32              		@ link register save eliminated.
  33              	.LVL0:
  34              	.LBB2:
  35              		.loc 1 47 0
  36 0000 2023     		movs	r3, #32
  37              	.LVL1:
  38              	@ 47 "/home/dpeter/devel/sources/ChibiOS-RT/os/kernel/src/chdynamic.c" 1
  39 0002 83F31188 		msr     BASEPRI, r3
  40              	@ 0 "" 2
  41              	.LVL2:
  42              		.thumb
  43              	.LBE2:
  44              		.loc 1 49 0
  45 0006 837F     		ldrb	r3, [r0, #30]	@ zero_extendqisi2
  46              	.LVL3:
  47 0008 0133     		adds	r3, r3, #1
  48 000a 8377     		strb	r3, [r0, #30]
  49              	.LBB3:
  50              		.loc 1 50 0
  51 000c 0023     		movs	r3, #0
  52              	.LVL4:
  53              	@ 50 "/home/dpeter/devel/sources/ChibiOS-RT/os/kernel/src/chdynamic.c" 1
  54 000e 83F31188 		msr     BASEPRI, r3
  55              	@ 0 "" 2
  56              	.LVL5:
  57              		.thumb
ARM GAS  /tmp/ccgc2KyJ.s 			page 2


  58              	.LBE3:
  59              		.loc 1 52 0
  60 0012 7047     		bx	lr
  61              		.cfi_endproc
  62              	.LFE7:
  63              		.size	chThdAddRef, .-chThdAddRef
  64 0014 AFF30080 		.section	.text.chThdRelease,"ax",%progbits
  64      AFF30080 
  64      AFF30080 
  65              		.align	2
  66              		.p2align 4,,15
  67              		.global	chThdRelease
  68              		.thumb
  69              		.thumb_func
  70              		.type	chThdRelease, %function
  71              	chThdRelease:
  72              	.LFB8:
  73              		.loc 1 67 0
  74              		.cfi_startproc
  75              		@ args = 0, pretend = 0, frame = 0
  76              		@ frame_needed = 0, uses_anonymous_args = 0
  77              		@ link register save eliminated.
  78              	.LVL6:
  79              		.loc 1 67 0
  80 0000 0146     		mov	r1, r0
  81              	.LBB4:
  82              		.loc 1 70 0
  83 0002 2023     		movs	r3, #32
  84              	.LVL7:
  85              	@ 70 "/home/dpeter/devel/sources/ChibiOS-RT/os/kernel/src/chdynamic.c" 1
  86 0004 83F31188 		msr     BASEPRI, r3
  87              	@ 0 "" 2
  88              	.LVL8:
  89              		.thumb
  90              	.LBE4:
  91              		.loc 1 72 0
  92 0008 827F     		ldrb	r2, [r0, #30]	@ zero_extendqisi2
  93 000a 013A     		subs	r2, r2, #1
  94 000c D2B2     		uxtb	r2, r2
  95 000e 8277     		strb	r2, [r0, #30]
  96              	.LVL9:
  97              	.LBB5:
  98              		.loc 1 73 0
  99 0010 0023     		movs	r3, #0
 100              	.LVL10:
 101              	@ 73 "/home/dpeter/devel/sources/ChibiOS-RT/os/kernel/src/chdynamic.c" 1
 102 0012 83F31188 		msr     BASEPRI, r3
 103              	@ 0 "" 2
 104              	.LVL11:
 105              		.thumb
 106              	.LBE5:
 107              		.loc 1 78 0
 108 0016 12B9     		cbnz	r2, .L2
 109              		.loc 1 78 0 is_stmt 0 discriminator 1
 110 0018 037F     		ldrb	r3, [r0, #28]	@ zero_extendqisi2
 111              	.LVL12:
 112 001a 0E2B     		cmp	r3, #14
ARM GAS  /tmp/ccgc2KyJ.s 			page 3


 113 001c 00D0     		beq	.L7
 114              	.LVL13:
 115              	.L2:
 116 001e 7047     		bx	lr
 117              	.LVL14:
 118              	.L7:
 119              		.loc 1 79 0 is_stmt 1
 120 0020 437F     		ldrb	r3, [r0, #29]	@ zero_extendqisi2
 121 0022 03F00303 		and	r3, r3, #3
 122 0026 012B     		cmp	r3, #1
 123 0028 09D0     		beq	.L4
 124 002a 022B     		cmp	r3, #2
 125 002c F7D1     		bne	.L2
 126              		.loc 1 91 0
 127 002e 4369     		ldr	r3, [r0, #20]
 128 0030 0269     		ldr	r2, [r0, #16]
 129              	.LVL15:
 130              		.loc 1 93 0
 131 0032 406C     		ldr	r0, [r0, #68]
 132              	.LVL16:
 133              		.loc 1 91 0
 134 0034 1A61     		str	r2, [r3, #16]
 135 0036 0A69     		ldr	r2, [r1, #16]
 136 0038 5361     		str	r3, [r2, #20]
 137              		.loc 1 98 0
 138              		.loc 1 93 0
 139 003a FFF7FEBF 		b	chPoolFree
 140              	.LVL17:
 141              	.L4:
 142              		.loc 1 83 0
 143 003e 4369     		ldr	r3, [r0, #20]
 144 0040 0269     		ldr	r2, [r0, #16]
 145              	.LVL18:
 146 0042 1A61     		str	r2, [r3, #16]
 147 0044 0269     		ldr	r2, [r0, #16]
 148 0046 5361     		str	r3, [r2, #20]
 149              		.loc 1 98 0
 150              		.loc 1 85 0
 151 0048 FFF7FEBF 		b	chHeapFree
 152              	.LVL19:
 153              		.cfi_endproc
 154              	.LFE8:
 155              		.size	chThdRelease, .-chThdRelease
 156 004c AFF30080 		.section	.text.chThdCreateFromHeap,"ax",%progbits
 157              		.align	2
 158              		.p2align 4,,15
 159              		.global	chThdCreateFromHeap
 160              		.thumb
 161              		.thumb_func
 162              		.type	chThdCreateFromHeap, %function
 163              	chThdCreateFromHeap:
 164              	.LFB9:
 165              		.loc 1 124 0
 166              		.cfi_startproc
 167              		@ args = 4, pretend = 0, frame = 0
 168              		@ frame_needed = 0, uses_anonymous_args = 0
 169              	.LVL20:
ARM GAS  /tmp/ccgc2KyJ.s 			page 4


 170 0000 F0B5     		push	{r4, r5, r6, r7, lr}
 171              	.LCFI0:
 172              		.cfi_def_cfa_offset 20
 173              		.cfi_offset 4, -20
 174              		.cfi_offset 5, -16
 175              		.cfi_offset 6, -12
 176              		.cfi_offset 7, -8
 177              		.cfi_offset 14, -4
 178 0002 83B0     		sub	sp, sp, #12
 179              	.LCFI1:
 180              		.cfi_def_cfa_offset 32
 181              		.loc 1 124 0
 182 0004 0D46     		mov	r5, r1
 183 0006 1746     		mov	r7, r2
 184 0008 1E46     		mov	r6, r3
 185              		.loc 1 128 0
 186 000a FFF7FEFF 		bl	chHeapAlloc
 187              	.LVL21:
 188              		.loc 1 129 0
 189 000e 0446     		mov	r4, r0
 190 0010 90B1     		cbz	r0, .L9
 191              	.LBB6:
 192              		.loc 1 141 0
 193 0012 2023     		movs	r3, #32
 194              	.LVL22:
 195              	@ 141 "/home/dpeter/devel/sources/ChibiOS-RT/os/kernel/src/chdynamic.c" 1
 196 0014 83F31188 		msr     BASEPRI, r3
 197              	@ 0 "" 2
 198              	.LVL23:
 199              		.thumb
 200              	.LBE6:
 201              		.loc 1 142 0
 202 0018 089C     		ldr	r4, [sp, #32]
 203 001a 3346     		mov	r3, r6
 204              	.LVL24:
 205 001c 2946     		mov	r1, r5
 206 001e 3A46     		mov	r2, r7
 207 0020 0094     		str	r4, [sp, #0]
 208 0022 FFF7FEFF 		bl	chThdCreateI
 209              	.LVL25:
 210              		.loc 1 143 0
 211 0026 0123     		movs	r3, #1
 212 0028 4377     		strb	r3, [r0, #29]
 213              		.loc 1 144 0
 214 002a 0021     		movs	r1, #0
 215              		.loc 1 142 0
 216 002c 0446     		mov	r4, r0
 217              	.LVL26:
 218              		.loc 1 144 0
 219 002e FFF7FEFF 		bl	chSchWakeupS
 220              	.LVL27:
 221              	.LBB7:
 222              		.loc 1 145 0
 223 0032 0023     		movs	r3, #0
 224              	.LVL28:
 225              	@ 145 "/home/dpeter/devel/sources/ChibiOS-RT/os/kernel/src/chdynamic.c" 1
 226 0034 83F31188 		msr     BASEPRI, r3
ARM GAS  /tmp/ccgc2KyJ.s 			page 5


 227              	@ 0 "" 2
 228              	.LVL29:
 229              		.thumb
 230              	.L9:
 231              	.LBE7:
 232              		.loc 1 147 0
 233 0038 2046     		mov	r0, r4
 234 003a 03B0     		add	sp, sp, #12
 235 003c F0BD     		pop	{r4, r5, r6, r7, pc}
 236              		.cfi_endproc
 237              	.LFE9:
 238              		.size	chThdCreateFromHeap, .-chThdCreateFromHeap
 239 003e 00BF     		.section	.text.chThdCreateFromMemoryPool,"ax",%progbits
 240              		.align	2
 241              		.p2align 4,,15
 242              		.global	chThdCreateFromMemoryPool
 243              		.thumb
 244              		.thumb_func
 245              		.type	chThdCreateFromMemoryPool, %function
 246              	chThdCreateFromMemoryPool:
 247              	.LFB10:
 248              		.loc 1 173 0
 249              		.cfi_startproc
 250              		@ args = 0, pretend = 0, frame = 0
 251              		@ frame_needed = 0, uses_anonymous_args = 0
 252              	.LVL30:
 253 0000 2DE9F041 		push	{r4, r5, r6, r7, r8, lr}
 254              	.LCFI2:
 255              		.cfi_def_cfa_offset 24
 256              		.cfi_offset 4, -24
 257              		.cfi_offset 5, -20
 258              		.cfi_offset 6, -16
 259              		.cfi_offset 7, -12
 260              		.cfi_offset 8, -8
 261              		.cfi_offset 14, -4
 262 0004 82B0     		sub	sp, sp, #8
 263              	.LCFI3:
 264              		.cfi_def_cfa_offset 32
 265              		.loc 1 173 0
 266 0006 0546     		mov	r5, r0
 267 0008 0E46     		mov	r6, r1
 268 000a 9046     		mov	r8, r2
 269 000c 1F46     		mov	r7, r3
 270              		.loc 1 179 0
 271 000e FFF7FEFF 		bl	chPoolAlloc
 272              	.LVL31:
 273              		.loc 1 180 0
 274 0012 0446     		mov	r4, r0
 275 0014 90B1     		cbz	r0, .L12
 276              	.LBB8:
 277              		.loc 1 192 0
 278 0016 2023     		movs	r3, #32
 279              	.LVL32:
 280              	@ 192 "/home/dpeter/devel/sources/ChibiOS-RT/os/kernel/src/chdynamic.c" 1
 281 0018 83F31188 		msr     BASEPRI, r3
 282              	@ 0 "" 2
 283              	.LVL33:
ARM GAS  /tmp/ccgc2KyJ.s 			page 6


 284              		.thumb
 285              	.LBE8:
 286              		.loc 1 193 0
 287 001c 6968     		ldr	r1, [r5, #4]
 288 001e 0097     		str	r7, [sp, #0]
 289 0020 4346     		mov	r3, r8
 290              	.LVL34:
 291 0022 3246     		mov	r2, r6
 292 0024 FFF7FEFF 		bl	chThdCreateI
 293              	.LVL35:
 294              		.loc 1 194 0
 295 0028 0223     		movs	r3, #2
 296 002a 4377     		strb	r3, [r0, #29]
 297              		.loc 1 195 0
 298 002c 4564     		str	r5, [r0, #68]
 299              		.loc 1 196 0
 300 002e 0021     		movs	r1, #0
 301              		.loc 1 193 0
 302 0030 0446     		mov	r4, r0
 303              	.LVL36:
 304              		.loc 1 196 0
 305 0032 FFF7FEFF 		bl	chSchWakeupS
 306              	.LVL37:
 307              	.LBB9:
 308              		.loc 1 197 0
 309 0036 0023     		movs	r3, #0
 310              	.LVL38:
 311              	@ 197 "/home/dpeter/devel/sources/ChibiOS-RT/os/kernel/src/chdynamic.c" 1
 312 0038 83F31188 		msr     BASEPRI, r3
 313              	@ 0 "" 2
 314              	.LVL39:
 315              		.thumb
 316              	.L12:
 317              	.LBE9:
 318              		.loc 1 199 0
 319 003c 2046     		mov	r0, r4
 320 003e 02B0     		add	sp, sp, #8
 321 0040 BDE8F081 		pop	{r4, r5, r6, r7, r8, pc}
 322              		.cfi_endproc
 323              	.LFE10:
 324              		.size	chThdCreateFromMemoryPool, .-chThdCreateFromMemoryPool
 325 0044 AFF30080 		.text
 325      AFF30080 
 325      AFF30080 
 326              	.Letext0:
 327              		.file 2 "/home/dpeter/CodeSourcery/Sourcery_CodeBench_Lite_for_ARM_EABI/bin/../lib/gcc/arm-none-ea
 328              		.file 3 "/home/dpeter/CodeSourcery/Sourcery_CodeBench_Lite_for_ARM_EABI/bin/../lib/gcc/arm-none-ea
 329              		.file 4 "/home/dpeter/devel/sources/ChibiOS-RT/os/ports/GCC/ARMCMx/chtypes.h"
 330              		.file 5 "/home/dpeter/devel/sources/ChibiOS-RT/os/kernel/include/chlists.h"
 331              		.file 6 "/home/dpeter/devel/sources/ChibiOS-RT/os/kernel/include/chthreads.h"
 332              		.file 7 "/home/dpeter/devel/sources/ChibiOS-RT/os/ports/GCC/ARMCMx/chcore_v7m.h"
 333              		.file 8 "/home/dpeter/devel/sources/ChibiOS-RT/os/kernel/include/chmtx.h"
 334              		.file 9 "/home/dpeter/devel/sources/ChibiOS-RT/os/kernel/include/chmemcore.h"
 335              		.file 10 "/home/dpeter/devel/sources/ChibiOS-RT/os/kernel/include/chheap.h"
 336              		.file 11 "/home/dpeter/devel/sources/ChibiOS-RT/os/kernel/include/chmempools.h"
 337              		.file 12 "/home/dpeter/devel/sources/ChibiOS-RT/os/kernel/include/chschd.h"
 338              		.section	.debug_info,"",%progbits
ARM GAS  /tmp/ccgc2KyJ.s 			page 7


 339              	.Ldebug_info0:
 340 0000 FB080000 		.4byte	0x8fb
 341 0004 0200     		.2byte	0x2
 342 0006 00000000 		.4byte	.Ldebug_abbrev0
 343 000a 04       		.byte	0x4
 344 000b 01       		.uleb128 0x1
 345 000c 27020000 		.4byte	.LASF88
 346 0010 01       		.byte	0x1
 347 0011 77010000 		.4byte	.LASF89
 348 0015 00000000 		.4byte	.Ldebug_ranges0+0
 349 0019 00000000 		.4byte	0
 350 001d 00000000 		.4byte	0
 351 0021 00000000 		.4byte	.Ldebug_line0
 352 0025 02       		.uleb128 0x2
 353 0026 04       		.byte	0x4
 354 0027 05       		.byte	0x5
 355 0028 696E7400 		.ascii	"int\000"
 356 002c 03       		.uleb128 0x3
 357 002d 0E000000 		.4byte	.LASF2
 358 0031 02       		.byte	0x2
 359 0032 D5       		.byte	0xd5
 360 0033 37000000 		.4byte	0x37
 361 0037 04       		.uleb128 0x4
 362 0038 04       		.byte	0x4
 363 0039 07       		.byte	0x7
 364 003a 38010000 		.4byte	.LASF0
 365 003e 04       		.uleb128 0x4
 366 003f 01       		.byte	0x1
 367 0040 06       		.byte	0x6
 368 0041 89000000 		.4byte	.LASF1
 369 0045 03       		.uleb128 0x3
 370 0046 64030000 		.4byte	.LASF3
 371 004a 03       		.byte	0x3
 372 004b 2A       		.byte	0x2a
 373 004c 50000000 		.4byte	0x50
 374 0050 04       		.uleb128 0x4
 375 0051 01       		.byte	0x1
 376 0052 08       		.byte	0x8
 377 0053 70020000 		.4byte	.LASF4
 378 0057 04       		.uleb128 0x4
 379 0058 02       		.byte	0x2
 380 0059 05       		.byte	0x5
 381 005a 93020000 		.4byte	.LASF5
 382 005e 04       		.uleb128 0x4
 383 005f 02       		.byte	0x2
 384 0060 07       		.byte	0x7
 385 0061 64010000 		.4byte	.LASF6
 386 0065 03       		.uleb128 0x3
 387 0066 68020000 		.4byte	.LASF7
 388 006a 03       		.byte	0x3
 389 006b 4F       		.byte	0x4f
 390 006c 70000000 		.4byte	0x70
 391 0070 04       		.uleb128 0x4
 392 0071 04       		.byte	0x4
 393 0072 05       		.byte	0x5
 394 0073 CD000000 		.4byte	.LASF8
 395 0077 03       		.uleb128 0x3
ARM GAS  /tmp/ccgc2KyJ.s 			page 8


 396 0078 FC020000 		.4byte	.LASF9
 397 007c 03       		.byte	0x3
 398 007d 50       		.byte	0x50
 399 007e 82000000 		.4byte	0x82
 400 0082 04       		.uleb128 0x4
 401 0083 04       		.byte	0x4
 402 0084 07       		.byte	0x7
 403 0085 45010000 		.4byte	.LASF10
 404 0089 04       		.uleb128 0x4
 405 008a 08       		.byte	0x8
 406 008b 05       		.byte	0x5
 407 008c 7B000000 		.4byte	.LASF11
 408 0090 03       		.uleb128 0x3
 409 0091 21000000 		.4byte	.LASF12
 410 0095 03       		.byte	0x3
 411 0096 78       		.byte	0x78
 412 0097 9B000000 		.4byte	0x9b
 413 009b 04       		.uleb128 0x4
 414 009c 08       		.byte	0x8
 415 009d 07       		.byte	0x7
 416 009e 42000000 		.4byte	.LASF13
 417 00a2 04       		.uleb128 0x4
 418 00a3 01       		.byte	0x1
 419 00a4 02       		.byte	0x2
 420 00a5 62020000 		.4byte	.LASF14
 421 00a9 03       		.uleb128 0x3
 422 00aa BD010000 		.4byte	.LASF15
 423 00ae 04       		.byte	0x4
 424 00af 25       		.byte	0x25
 425 00b0 45000000 		.4byte	0x45
 426 00b4 03       		.uleb128 0x3
 427 00b5 EA000000 		.4byte	.LASF16
 428 00b9 04       		.byte	0x4
 429 00ba 26       		.byte	0x26
 430 00bb 45000000 		.4byte	0x45
 431 00bf 03       		.uleb128 0x3
 432 00c0 46020000 		.4byte	.LASF17
 433 00c4 04       		.byte	0x4
 434 00c5 27       		.byte	0x27
 435 00c6 45000000 		.4byte	0x45
 436 00ca 03       		.uleb128 0x3
 437 00cb B6000000 		.4byte	.LASF18
 438 00cf 04       		.byte	0x4
 439 00d0 28       		.byte	0x28
 440 00d1 45000000 		.4byte	0x45
 441 00d5 03       		.uleb128 0x3
 442 00d6 5A020000 		.4byte	.LASF19
 443 00da 04       		.byte	0x4
 444 00db 29       		.byte	0x29
 445 00dc 77000000 		.4byte	0x77
 446 00e0 03       		.uleb128 0x3
 447 00e1 B7010000 		.4byte	.LASF20
 448 00e5 04       		.byte	0x4
 449 00e6 2A       		.byte	0x2a
 450 00e7 65000000 		.4byte	0x65
 451 00eb 03       		.uleb128 0x3
 452 00ec D1010000 		.4byte	.LASF21
ARM GAS  /tmp/ccgc2KyJ.s 			page 9


 453 00f0 04       		.byte	0x4
 454 00f1 2C       		.byte	0x2c
 455 00f2 77000000 		.4byte	0x77
 456 00f6 03       		.uleb128 0x3
 457 00f7 16030000 		.4byte	.LASF22
 458 00fb 04       		.byte	0x4
 459 00fc 2E       		.byte	0x2e
 460 00fd 77000000 		.4byte	0x77
 461 0101 03       		.uleb128 0x3
 462 0102 DE020000 		.4byte	.LASF23
 463 0106 05       		.byte	0x5
 464 0107 23       		.byte	0x23
 465 0108 0C010000 		.4byte	0x10c
 466 010c 05       		.uleb128 0x5
 467 010d DE020000 		.4byte	.LASF23
 468 0111 48       		.byte	0x48
 469 0112 06       		.byte	0x6
 470 0113 57       		.byte	0x57
 471 0114 31020000 		.4byte	0x231
 472 0118 06       		.uleb128 0x6
 473 0119 C2020000 		.4byte	.LASF24
 474 011d 06       		.byte	0x6
 475 011e 58       		.byte	0x58
 476 011f 56020000 		.4byte	0x256
 477 0123 02       		.byte	0x2
 478 0124 23       		.byte	0x23
 479 0125 00       		.uleb128 0
 480 0126 06       		.uleb128 0x6
 481 0127 53020000 		.4byte	.LASF25
 482 012b 06       		.byte	0x6
 483 012c 5A       		.byte	0x5a
 484 012d 56020000 		.4byte	0x256
 485 0131 02       		.byte	0x2
 486 0132 23       		.byte	0x23
 487 0133 04       		.uleb128 0x4
 488 0134 06       		.uleb128 0x6
 489 0135 74000000 		.4byte	.LASF26
 490 0139 06       		.byte	0x6
 491 013a 5C       		.byte	0x5c
 492 013b D5000000 		.4byte	0xd5
 493 013f 02       		.byte	0x2
 494 0140 23       		.byte	0x23
 495 0141 08       		.uleb128 0x8
 496 0142 06       		.uleb128 0x6
 497 0143 99030000 		.4byte	.LASF27
 498 0147 06       		.byte	0x6
 499 0148 5D       		.byte	0x5d
 500 0149 2F030000 		.4byte	0x32f
 501 014d 02       		.byte	0x2
 502 014e 23       		.byte	0x23
 503 014f 0C       		.uleb128 0xc
 504 0150 06       		.uleb128 0x6
 505 0151 FB000000 		.4byte	.LASF28
 506 0155 06       		.byte	0x6
 507 0156 5F       		.byte	0x5f
 508 0157 56020000 		.4byte	0x256
 509 015b 02       		.byte	0x2
ARM GAS  /tmp/ccgc2KyJ.s 			page 10


 510 015c 23       		.byte	0x23
 511 015d 10       		.uleb128 0x10
 512 015e 06       		.uleb128 0x6
 513 015f 03020000 		.4byte	.LASF29
 514 0163 06       		.byte	0x6
 515 0164 60       		.byte	0x60
 516 0165 56020000 		.4byte	0x256
 517 0169 02       		.byte	0x2
 518 016a 23       		.byte	0x23
 519 016b 14       		.uleb128 0x14
 520 016c 06       		.uleb128 0x6
 521 016d 8A030000 		.4byte	.LASF30
 522 0171 06       		.byte	0x6
 523 0172 67       		.byte	0x67
 524 0173 0C050000 		.4byte	0x50c
 525 0177 02       		.byte	0x2
 526 0178 23       		.byte	0x23
 527 0179 18       		.uleb128 0x18
 528 017a 06       		.uleb128 0x6
 529 017b 9D020000 		.4byte	.LASF31
 530 017f 06       		.byte	0x6
 531 0180 72       		.byte	0x72
 532 0181 B4000000 		.4byte	0xb4
 533 0185 02       		.byte	0x2
 534 0186 23       		.byte	0x23
 535 0187 1C       		.uleb128 0x1c
 536 0188 06       		.uleb128 0x6
 537 0189 C9020000 		.4byte	.LASF32
 538 018d 06       		.byte	0x6
 539 018e 76       		.byte	0x76
 540 018f A9000000 		.4byte	0xa9
 541 0193 02       		.byte	0x2
 542 0194 23       		.byte	0x23
 543 0195 1D       		.uleb128 0x1d
 544 0196 06       		.uleb128 0x6
 545 0197 5D030000 		.4byte	.LASF33
 546 019b 06       		.byte	0x6
 547 019c 7B       		.byte	0x7b
 548 019d BF000000 		.4byte	0xbf
 549 01a1 02       		.byte	0x2
 550 01a2 23       		.byte	0x23
 551 01a3 1E       		.uleb128 0x1e
 552 01a4 06       		.uleb128 0x6
 553 01a5 A5020000 		.4byte	.LASF34
 554 01a9 06       		.byte	0x6
 555 01aa 81       		.byte	0x81
 556 01ab CA000000 		.4byte	0xca
 557 01af 02       		.byte	0x2
 558 01b0 23       		.byte	0x23
 559 01b1 1F       		.uleb128 0x1f
 560 01b2 06       		.uleb128 0x6
 561 01b3 2B030000 		.4byte	.LASF35
 562 01b7 06       		.byte	0x6
 563 01b8 88       		.byte	0x88
 564 01b9 59030000 		.4byte	0x359
 565 01bd 02       		.byte	0x2
 566 01be 23       		.byte	0x23
ARM GAS  /tmp/ccgc2KyJ.s 			page 11


 567 01bf 20       		.uleb128 0x20
 568 01c0 07       		.uleb128 0x7
 569 01c1 705F7500 		.ascii	"p_u\000"
 570 01c5 06       		.byte	0x6
 571 01c6 AD       		.byte	0xad
 572 01c7 D7040000 		.4byte	0x4d7
 573 01cb 02       		.byte	0x2
 574 01cc 23       		.byte	0x23
 575 01cd 24       		.uleb128 0x24
 576 01ce 06       		.uleb128 0x6
 577 01cf 9F030000 		.4byte	.LASF36
 578 01d3 06       		.byte	0x6
 579 01d4 B2       		.byte	0xb2
 580 01d5 7E020000 		.4byte	0x27e
 581 01d9 02       		.byte	0x2
 582 01da 23       		.byte	0x23
 583 01db 28       		.uleb128 0x28
 584 01dc 06       		.uleb128 0x6
 585 01dd 39030000 		.4byte	.LASF37
 586 01e1 06       		.byte	0x6
 587 01e2 B8       		.byte	0xb8
 588 01e3 5C020000 		.4byte	0x25c
 589 01e7 02       		.byte	0x2
 590 01e8 23       		.byte	0x23
 591 01e9 2C       		.uleb128 0x2c
 592 01ea 06       		.uleb128 0x6
 593 01eb 08000000 		.4byte	.LASF38
 594 01ef 06       		.byte	0x6
 595 01f0 BC       		.byte	0xbc
 596 01f1 E0000000 		.4byte	0xe0
 597 01f5 02       		.byte	0x2
 598 01f6 23       		.byte	0x23
 599 01f7 34       		.uleb128 0x34
 600 01f8 06       		.uleb128 0x6
 601 01f9 F1020000 		.4byte	.LASF39
 602 01fd 06       		.byte	0x6
 603 01fe C2       		.byte	0xc2
 604 01ff EB000000 		.4byte	0xeb
 605 0203 02       		.byte	0x2
 606 0204 23       		.byte	0x23
 607 0205 38       		.uleb128 0x38
 608 0206 06       		.uleb128 0x6
 609 0207 89020000 		.4byte	.LASF40
 610 020b 06       		.byte	0x6
 611 020c C9       		.byte	0xc9
 612 020d 1E050000 		.4byte	0x51e
 613 0211 02       		.byte	0x2
 614 0212 23       		.byte	0x23
 615 0213 3C       		.uleb128 0x3c
 616 0214 06       		.uleb128 0x6
 617 0215 20030000 		.4byte	.LASF41
 618 0219 06       		.byte	0x6
 619 021a CD       		.byte	0xcd
 620 021b D5000000 		.4byte	0xd5
 621 021f 02       		.byte	0x2
 622 0220 23       		.byte	0x23
 623 0221 40       		.uleb128 0x40
ARM GAS  /tmp/ccgc2KyJ.s 			page 12


 624 0222 06       		.uleb128 0x6
 625 0223 9B000000 		.4byte	.LASF42
 626 0227 06       		.byte	0x6
 627 0228 D3       		.byte	0xd3
 628 0229 94020000 		.4byte	0x294
 629 022d 02       		.byte	0x2
 630 022e 23       		.byte	0x23
 631 022f 44       		.uleb128 0x44
 632 0230 00       		.byte	0
 633 0231 08       		.uleb128 0x8
 634 0232 08       		.byte	0x8
 635 0233 05       		.byte	0x5
 636 0234 5A       		.byte	0x5a
 637 0235 56020000 		.4byte	0x256
 638 0239 06       		.uleb128 0x6
 639 023a C2020000 		.4byte	.LASF24
 640 023e 05       		.byte	0x5
 641 023f 5B       		.byte	0x5b
 642 0240 56020000 		.4byte	0x256
 643 0244 02       		.byte	0x2
 644 0245 23       		.byte	0x23
 645 0246 00       		.uleb128 0
 646 0247 06       		.uleb128 0x6
 647 0248 53020000 		.4byte	.LASF25
 648 024c 05       		.byte	0x5
 649 024d 5D       		.byte	0x5d
 650 024e 56020000 		.4byte	0x256
 651 0252 02       		.byte	0x2
 652 0253 23       		.byte	0x23
 653 0254 04       		.uleb128 0x4
 654 0255 00       		.byte	0
 655 0256 09       		.uleb128 0x9
 656 0257 04       		.byte	0x4
 657 0258 01010000 		.4byte	0x101
 658 025c 03       		.uleb128 0x3
 659 025d 0B020000 		.4byte	.LASF43
 660 0261 05       		.byte	0x5
 661 0262 5F       		.byte	0x5f
 662 0263 31020000 		.4byte	0x231
 663 0267 08       		.uleb128 0x8
 664 0268 04       		.byte	0x4
 665 0269 05       		.byte	0x5
 666 026a 64       		.byte	0x64
 667 026b 7E020000 		.4byte	0x27e
 668 026f 06       		.uleb128 0x6
 669 0270 C2020000 		.4byte	.LASF24
 670 0274 05       		.byte	0x5
 671 0275 66       		.byte	0x66
 672 0276 56020000 		.4byte	0x256
 673 027a 02       		.byte	0x2
 674 027b 23       		.byte	0x23
 675 027c 00       		.uleb128 0
 676 027d 00       		.byte	0
 677 027e 03       		.uleb128 0x3
 678 027f C5010000 		.4byte	.LASF44
 679 0283 05       		.byte	0x5
 680 0284 69       		.byte	0x69
ARM GAS  /tmp/ccgc2KyJ.s 			page 13


 681 0285 67020000 		.4byte	0x267
 682 0289 03       		.uleb128 0x3
 683 028a 29010000 		.4byte	.LASF45
 684 028e 07       		.byte	0x7
 685 028f DE       		.byte	0xde
 686 0290 94020000 		.4byte	0x294
 687 0294 0A       		.uleb128 0xa
 688 0295 04       		.byte	0x4
 689 0296 03       		.uleb128 0x3
 690 0297 EF010000 		.4byte	.LASF46
 691 029b 07       		.byte	0x7
 692 029c E4       		.byte	0xe4
 693 029d 90000000 		.4byte	0x90
 694 02a1 0B       		.uleb128 0xb
 695 02a2 32030000 		.4byte	.LASF47
 696 02a6 24       		.byte	0x24
 697 02a7 07       		.byte	0x7
 698 02a8 0501     		.2byte	0x105
 699 02aa 2F030000 		.4byte	0x32f
 700 02ae 0C       		.uleb128 0xc
 701 02af 723400   		.ascii	"r4\000"
 702 02b2 07       		.byte	0x7
 703 02b3 1801     		.2byte	0x118
 704 02b5 89020000 		.4byte	0x289
 705 02b9 02       		.byte	0x2
 706 02ba 23       		.byte	0x23
 707 02bb 00       		.uleb128 0
 708 02bc 0C       		.uleb128 0xc
 709 02bd 723500   		.ascii	"r5\000"
 710 02c0 07       		.byte	0x7
 711 02c1 1901     		.2byte	0x119
 712 02c3 89020000 		.4byte	0x289
 713 02c7 02       		.byte	0x2
 714 02c8 23       		.byte	0x23
 715 02c9 04       		.uleb128 0x4
 716 02ca 0C       		.uleb128 0xc
 717 02cb 723600   		.ascii	"r6\000"
 718 02ce 07       		.byte	0x7
 719 02cf 1A01     		.2byte	0x11a
 720 02d1 89020000 		.4byte	0x289
 721 02d5 02       		.byte	0x2
 722 02d6 23       		.byte	0x23
 723 02d7 08       		.uleb128 0x8
 724 02d8 0C       		.uleb128 0xc
 725 02d9 723700   		.ascii	"r7\000"
 726 02dc 07       		.byte	0x7
 727 02dd 1B01     		.2byte	0x11b
 728 02df 89020000 		.4byte	0x289
 729 02e3 02       		.byte	0x2
 730 02e4 23       		.byte	0x23
 731 02e5 0C       		.uleb128 0xc
 732 02e6 0C       		.uleb128 0xc
 733 02e7 723800   		.ascii	"r8\000"
 734 02ea 07       		.byte	0x7
 735 02eb 1C01     		.2byte	0x11c
 736 02ed 89020000 		.4byte	0x289
 737 02f1 02       		.byte	0x2
ARM GAS  /tmp/ccgc2KyJ.s 			page 14


 738 02f2 23       		.byte	0x23
 739 02f3 10       		.uleb128 0x10
 740 02f4 0C       		.uleb128 0xc
 741 02f5 723900   		.ascii	"r9\000"
 742 02f8 07       		.byte	0x7
 743 02f9 1D01     		.2byte	0x11d
 744 02fb 89020000 		.4byte	0x289
 745 02ff 02       		.byte	0x2
 746 0300 23       		.byte	0x23
 747 0301 14       		.uleb128 0x14
 748 0302 0C       		.uleb128 0xc
 749 0303 72313000 		.ascii	"r10\000"
 750 0307 07       		.byte	0x7
 751 0308 1E01     		.2byte	0x11e
 752 030a 89020000 		.4byte	0x289
 753 030e 02       		.byte	0x2
 754 030f 23       		.byte	0x23
 755 0310 18       		.uleb128 0x18
 756 0311 0C       		.uleb128 0xc
 757 0312 72313100 		.ascii	"r11\000"
 758 0316 07       		.byte	0x7
 759 0317 1F01     		.2byte	0x11f
 760 0319 89020000 		.4byte	0x289
 761 031d 02       		.byte	0x2
 762 031e 23       		.byte	0x23
 763 031f 1C       		.uleb128 0x1c
 764 0320 0C       		.uleb128 0xc
 765 0321 6C7200   		.ascii	"lr\000"
 766 0324 07       		.byte	0x7
 767 0325 2001     		.2byte	0x120
 768 0327 89020000 		.4byte	0x289
 769 032b 02       		.byte	0x2
 770 032c 23       		.byte	0x23
 771 032d 20       		.uleb128 0x20
 772 032e 00       		.byte	0
 773 032f 0B       		.uleb128 0xb
 774 0330 57010000 		.4byte	.LASF48
 775 0334 04       		.byte	0x4
 776 0335 07       		.byte	0x7
 777 0336 2A01     		.2byte	0x12a
 778 0338 4C030000 		.4byte	0x34c
 779 033c 0C       		.uleb128 0xc
 780 033d 72313300 		.ascii	"r13\000"
 781 0341 07       		.byte	0x7
 782 0342 2B01     		.2byte	0x12b
 783 0344 4C030000 		.4byte	0x34c
 784 0348 02       		.byte	0x2
 785 0349 23       		.byte	0x23
 786 034a 00       		.uleb128 0
 787 034b 00       		.byte	0
 788 034c 09       		.uleb128 0x9
 789 034d 04       		.byte	0x4
 790 034e A1020000 		.4byte	0x2a1
 791 0352 04       		.uleb128 0x4
 792 0353 04       		.byte	0x4
 793 0354 07       		.byte	0x7
 794 0355 FA010000 		.4byte	.LASF49
ARM GAS  /tmp/ccgc2KyJ.s 			page 15


 795 0359 0D       		.uleb128 0xd
 796 035a F6000000 		.4byte	0xf6
 797 035e 05       		.uleb128 0x5
 798 035f DD010000 		.4byte	.LASF50
 799 0363 10       		.byte	0x10
 800 0364 08       		.byte	0x8
 801 0365 25       		.byte	0x25
 802 0366 95030000 		.4byte	0x395
 803 036a 06       		.uleb128 0x6
 804 036b A3000000 		.4byte	.LASF51
 805 036f 08       		.byte	0x8
 806 0370 26       		.byte	0x26
 807 0371 5C020000 		.4byte	0x25c
 808 0375 02       		.byte	0x2
 809 0376 23       		.byte	0x23
 810 0377 00       		.uleb128 0
 811 0378 06       		.uleb128 0x6
 812 0379 91030000 		.4byte	.LASF52
 813 037d 08       		.byte	0x8
 814 037e 28       		.byte	0x28
 815 037f 56020000 		.4byte	0x256
 816 0383 02       		.byte	0x2
 817 0384 23       		.byte	0x23
 818 0385 08       		.uleb128 0x8
 819 0386 06       		.uleb128 0x6
 820 0387 0F030000 		.4byte	.LASF53
 821 038b 08       		.byte	0x8
 822 038c 2A       		.byte	0x2a
 823 038d 95030000 		.4byte	0x395
 824 0391 02       		.byte	0x2
 825 0392 23       		.byte	0x23
 826 0393 0C       		.uleb128 0xc
 827 0394 00       		.byte	0
 828 0395 09       		.uleb128 0x9
 829 0396 04       		.byte	0x4
 830 0397 5E030000 		.4byte	0x35e
 831 039b 03       		.uleb128 0x3
 832 039c DD010000 		.4byte	.LASF50
 833 03a0 08       		.byte	0x8
 834 03a1 2C       		.byte	0x2c
 835 03a2 5E030000 		.4byte	0x35e
 836 03a6 03       		.uleb128 0x3
 837 03a7 35000000 		.4byte	.LASF54
 838 03ab 09       		.byte	0x9
 839 03ac 25       		.byte	0x25
 840 03ad B1030000 		.4byte	0x3b1
 841 03b1 09       		.uleb128 0x9
 842 03b2 04       		.byte	0x4
 843 03b3 B7030000 		.4byte	0x3b7
 844 03b7 0E       		.uleb128 0xe
 845 03b8 01       		.byte	0x1
 846 03b9 94020000 		.4byte	0x294
 847 03bd C7030000 		.4byte	0x3c7
 848 03c1 0F       		.uleb128 0xf
 849 03c2 2C000000 		.4byte	0x2c
 850 03c6 00       		.byte	0
 851 03c7 03       		.uleb128 0x3
ARM GAS  /tmp/ccgc2KyJ.s 			page 16


 852 03c8 33020000 		.4byte	.LASF55
 853 03cc 0A       		.byte	0xa
 854 03cd 2D       		.byte	0x2d
 855 03ce D2030000 		.4byte	0x3d2
 856 03d2 05       		.uleb128 0x5
 857 03d3 A9030000 		.4byte	.LASF56
 858 03d7 20       		.byte	0x20
 859 03d8 0A       		.byte	0xa
 860 03d9 40       		.byte	0x40
 861 03da 09040000 		.4byte	0x409
 862 03de 06       		.uleb128 0x6
 863 03df 7E020000 		.4byte	.LASF57
 864 03e3 0A       		.byte	0xa
 865 03e4 41       		.byte	0x41
 866 03e5 A6030000 		.4byte	0x3a6
 867 03e9 02       		.byte	0x2
 868 03ea 23       		.byte	0x23
 869 03eb 00       		.uleb128 0
 870 03ec 06       		.uleb128 0x6
 871 03ed 62000000 		.4byte	.LASF58
 872 03f1 0A       		.byte	0xa
 873 03f2 43       		.byte	0x43
 874 03f3 28040000 		.4byte	0x428
 875 03f7 02       		.byte	0x2
 876 03f8 23       		.byte	0x23
 877 03f9 08       		.uleb128 0x8
 878 03fa 06       		.uleb128 0x6
 879 03fb 95000000 		.4byte	.LASF59
 880 03ff 0A       		.byte	0xa
 881 0400 45       		.byte	0x45
 882 0401 9B030000 		.4byte	0x39b
 883 0405 02       		.byte	0x2
 884 0406 23       		.byte	0x23
 885 0407 10       		.uleb128 0x10
 886 0408 00       		.byte	0
 887 0409 10       		.uleb128 0x10
 888 040a 04       		.byte	0x4
 889 040b 0A       		.byte	0xa
 890 040c 35       		.byte	0x35
 891 040d 28040000 		.4byte	0x428
 892 0411 11       		.uleb128 0x11
 893 0412 6F000000 		.4byte	.LASF60
 894 0416 0A       		.byte	0xa
 895 0417 36       		.byte	0x36
 896 0418 49040000 		.4byte	0x449
 897 041c 11       		.uleb128 0x11
 898 041d 05030000 		.4byte	.LASF61
 899 0421 0A       		.byte	0xa
 900 0422 37       		.byte	0x37
 901 0423 4F040000 		.4byte	0x44f
 902 0427 00       		.byte	0
 903 0428 12       		.uleb128 0x12
 904 0429 AF020000 		.4byte	.LASF90
 905 042d 08       		.byte	0x8
 906 042e 0A       		.byte	0xa
 907 042f 32       		.byte	0x32
 908 0430 49040000 		.4byte	0x449
ARM GAS  /tmp/ccgc2KyJ.s 			page 17


 909 0434 11       		.uleb128 0x11
 910 0435 32010000 		.4byte	.LASF62
 911 0439 0A       		.byte	0xa
 912 043a 33       		.byte	0x33
 913 043b 96020000 		.4byte	0x296
 914 043f 13       		.uleb128 0x13
 915 0440 6800     		.ascii	"h\000"
 916 0442 0A       		.byte	0xa
 917 0443 3A       		.byte	0x3a
 918 0444 55040000 		.4byte	0x455
 919 0448 00       		.byte	0
 920 0449 09       		.uleb128 0x9
 921 044a 04       		.byte	0x4
 922 044b 28040000 		.4byte	0x428
 923 044f 09       		.uleb128 0x9
 924 0450 04       		.byte	0x4
 925 0451 C7030000 		.4byte	0x3c7
 926 0455 08       		.uleb128 0x8
 927 0456 08       		.byte	0x8
 928 0457 0A       		.byte	0xa
 929 0458 34       		.byte	0x34
 930 0459 78040000 		.4byte	0x478
 931 045d 07       		.uleb128 0x7
 932 045e 7500     		.ascii	"u\000"
 933 0460 0A       		.byte	0xa
 934 0461 38       		.byte	0x38
 935 0462 09040000 		.4byte	0x409
 936 0466 02       		.byte	0x2
 937 0467 23       		.byte	0x23
 938 0468 00       		.uleb128 0
 939 0469 06       		.uleb128 0x6
 940 046a 5F010000 		.4byte	.LASF63
 941 046e 0A       		.byte	0xa
 942 046f 39       		.byte	0x39
 943 0470 2C000000 		.4byte	0x2c
 944 0474 02       		.byte	0x2
 945 0475 23       		.byte	0x23
 946 0476 04       		.uleb128 0x4
 947 0477 00       		.byte	0
 948 0478 05       		.uleb128 0x5
 949 0479 51030000 		.4byte	.LASF64
 950 047d 04       		.byte	0x4
 951 047e 0B       		.byte	0xb
 952 047f 25       		.byte	0x25
 953 0480 93040000 		.4byte	0x493
 954 0484 06       		.uleb128 0x6
 955 0485 3E020000 		.4byte	.LASF65
 956 0489 0B       		.byte	0xb
 957 048a 26       		.byte	0x26
 958 048b 93040000 		.4byte	0x493
 959 048f 02       		.byte	0x2
 960 0490 23       		.byte	0x23
 961 0491 00       		.uleb128 0
 962 0492 00       		.byte	0
 963 0493 09       		.uleb128 0x9
 964 0494 04       		.byte	0x4
 965 0495 78040000 		.4byte	0x478
ARM GAS  /tmp/ccgc2KyJ.s 			page 18


 966 0499 08       		.uleb128 0x8
 967 049a 0C       		.byte	0xc
 968 049b 0B       		.byte	0xb
 969 049c 2D       		.byte	0x2d
 970 049d CC040000 		.4byte	0x4cc
 971 04a1 06       		.uleb128 0x6
 972 04a2 F3000000 		.4byte	.LASF66
 973 04a6 0B       		.byte	0xb
 974 04a7 2E       		.byte	0x2e
 975 04a8 93040000 		.4byte	0x493
 976 04ac 02       		.byte	0x2
 977 04ad 23       		.byte	0x23
 978 04ae 00       		.uleb128 0
 979 04af 06       		.uleb128 0x6
 980 04b0 18020000 		.4byte	.LASF67
 981 04b4 0B       		.byte	0xb
 982 04b5 2F       		.byte	0x2f
 983 04b6 2C000000 		.4byte	0x2c
 984 04ba 02       		.byte	0x2
 985 04bb 23       		.byte	0x23
 986 04bc 04       		.uleb128 0x4
 987 04bd 06       		.uleb128 0x6
 988 04be 1D010000 		.4byte	.LASF68
 989 04c2 0B       		.byte	0xb
 990 04c3 31       		.byte	0x31
 991 04c4 A6030000 		.4byte	0x3a6
 992 04c8 02       		.byte	0x2
 993 04c9 23       		.byte	0x23
 994 04ca 08       		.uleb128 0x8
 995 04cb 00       		.byte	0
 996 04cc 03       		.uleb128 0x3
 997 04cd 2A000000 		.4byte	.LASF69
 998 04d1 0B       		.byte	0xb
 999 04d2 33       		.byte	0x33
 1000 04d3 99040000 		.4byte	0x499
 1001 04d7 10       		.uleb128 0x10
 1002 04d8 04       		.byte	0x4
 1003 04d9 06       		.byte	0x6
 1004 04da 8F       		.byte	0x8f
 1005 04db 0C050000 		.4byte	0x50c
 1006 04df 11       		.uleb128 0x11
 1007 04e0 1A000000 		.4byte	.LASF70
 1008 04e4 06       		.byte	0x6
 1009 04e5 96       		.byte	0x96
 1010 04e6 E0000000 		.4byte	0xe0
 1011 04ea 11       		.uleb128 0x11
 1012 04eb 59000000 		.4byte	.LASF71
 1013 04ef 06       		.byte	0x6
 1014 04f0 9D       		.byte	0x9d
 1015 04f1 E0000000 		.4byte	0xe0
 1016 04f5 11       		.uleb128 0x11
 1017 04f6 83030000 		.4byte	.LASF72
 1018 04fa 06       		.byte	0x6
 1019 04fb A4       		.byte	0xa4
 1020 04fc 94020000 		.4byte	0x294
 1021 0500 11       		.uleb128 0x11
 1022 0501 BB020000 		.4byte	.LASF73
ARM GAS  /tmp/ccgc2KyJ.s 			page 19


 1023 0505 06       		.byte	0x6
 1024 0506 AB       		.byte	0xab
 1025 0507 EB000000 		.4byte	0xeb
 1026 050b 00       		.byte	0
 1027 050c 09       		.uleb128 0x9
 1028 050d 04       		.byte	0x4
 1029 050e 12050000 		.4byte	0x512
 1030 0512 14       		.uleb128 0x14
 1031 0513 17050000 		.4byte	0x517
 1032 0517 04       		.uleb128 0x4
 1033 0518 01       		.byte	0x1
 1034 0519 08       		.byte	0x8
 1035 051a 0A030000 		.4byte	.LASF74
 1036 051e 09       		.uleb128 0x9
 1037 051f 04       		.byte	0x4
 1038 0520 9B030000 		.4byte	0x39b
 1039 0524 03       		.uleb128 0x3
 1040 0525 00000000 		.4byte	.LASF75
 1041 0529 06       		.byte	0x6
 1042 052a DE       		.byte	0xde
 1043 052b 2F050000 		.4byte	0x52f
 1044 052f 09       		.uleb128 0x9
 1045 0530 04       		.byte	0x4
 1046 0531 35050000 		.4byte	0x535
 1047 0535 0E       		.uleb128 0xe
 1048 0536 01       		.byte	0x1
 1049 0537 E0000000 		.4byte	0xe0
 1050 053b 45050000 		.4byte	0x545
 1051 053f 0F       		.uleb128 0xf
 1052 0540 94020000 		.4byte	0x294
 1053 0544 00       		.byte	0
 1054 0545 15       		.uleb128 0x15
 1055 0546 01       		.byte	0x1
 1056 0547 E3010000 		.4byte	.LASF77
 1057 054b 01       		.byte	0x1
 1058 054c 2D       		.byte	0x2d
 1059 054d 01       		.byte	0x1
 1060 054e 56020000 		.4byte	0x256
 1061 0552 00000000 		.4byte	.LFB7
 1062 0556 14000000 		.4byte	.LFE7
 1063 055a 02       		.byte	0x2
 1064 055b 7D       		.byte	0x7d
 1065 055c 00       		.sleb128 0
 1066 055d 01       		.byte	0x1
 1067 055e A5050000 		.4byte	0x5a5
 1068 0562 16       		.uleb128 0x16
 1069 0563 747000   		.ascii	"tp\000"
 1070 0566 01       		.byte	0x1
 1071 0567 2D       		.byte	0x2d
 1072 0568 56020000 		.4byte	0x256
 1073 056c 01       		.byte	0x1
 1074 056d 50       		.byte	0x50
 1075 056e 17       		.uleb128 0x17
 1076 056f 00000000 		.4byte	.LBB2
 1077 0573 06000000 		.4byte	.LBE2
 1078 0577 8B050000 		.4byte	0x58b
 1079 057b 18       		.uleb128 0x18
ARM GAS  /tmp/ccgc2KyJ.s 			page 20


 1080 057c 746D7000 		.ascii	"tmp\000"
 1081 0580 01       		.byte	0x1
 1082 0581 2F       		.byte	0x2f
 1083 0582 77000000 		.4byte	0x77
 1084 0586 00000000 		.4byte	.LLST0
 1085 058a 00       		.byte	0
 1086 058b 19       		.uleb128 0x19
 1087 058c 0C000000 		.4byte	.LBB3
 1088 0590 12000000 		.4byte	.LBE3
 1089 0594 18       		.uleb128 0x18
 1090 0595 746D7000 		.ascii	"tmp\000"
 1091 0599 01       		.byte	0x1
 1092 059a 32       		.byte	0x32
 1093 059b 77000000 		.4byte	0x77
 1094 059f 13000000 		.4byte	.LLST1
 1095 05a3 00       		.byte	0
 1096 05a4 00       		.byte	0
 1097 05a5 1A       		.uleb128 0x1a
 1098 05a6 01       		.byte	0x1
 1099 05a7 D1020000 		.4byte	.LASF91
 1100 05ab 01       		.byte	0x1
 1101 05ac 43       		.byte	0x43
 1102 05ad 01       		.byte	0x1
 1103 05ae 00000000 		.4byte	.LFB8
 1104 05b2 4C000000 		.4byte	.LFE8
 1105 05b6 02       		.byte	0x2
 1106 05b7 7D       		.byte	0x7d
 1107 05b8 00       		.sleb128 0
 1108 05b9 01       		.byte	0x1
 1109 05ba 3E060000 		.4byte	0x63e
 1110 05be 1B       		.uleb128 0x1b
 1111 05bf 747000   		.ascii	"tp\000"
 1112 05c2 01       		.byte	0x1
 1113 05c3 43       		.byte	0x43
 1114 05c4 56020000 		.4byte	0x256
 1115 05c8 26000000 		.4byte	.LLST2
 1116 05cc 1C       		.uleb128 0x1c
 1117 05cd 4E020000 		.4byte	.LASF76
 1118 05d1 01       		.byte	0x1
 1119 05d2 44       		.byte	0x44
 1120 05d3 BF000000 		.4byte	0xbf
 1121 05d7 6B000000 		.4byte	.LLST3
 1122 05db 17       		.uleb128 0x17
 1123 05dc 02000000 		.4byte	.LBB4
 1124 05e0 08000000 		.4byte	.LBE4
 1125 05e4 F8050000 		.4byte	0x5f8
 1126 05e8 18       		.uleb128 0x18
 1127 05e9 746D7000 		.ascii	"tmp\000"
 1128 05ed 01       		.byte	0x1
 1129 05ee 46       		.byte	0x46
 1130 05ef 77000000 		.4byte	0x77
 1131 05f3 C5000000 		.4byte	.LLST4
 1132 05f7 00       		.byte	0
 1133 05f8 17       		.uleb128 0x17
 1134 05f9 10000000 		.4byte	.LBB5
 1135 05fd 16000000 		.4byte	.LBE5
 1136 0601 15060000 		.4byte	0x615
ARM GAS  /tmp/ccgc2KyJ.s 			page 21


 1137 0605 18       		.uleb128 0x18
 1138 0606 746D7000 		.ascii	"tmp\000"
 1139 060a 01       		.byte	0x1
 1140 060b 49       		.byte	0x49
 1141 060c 77000000 		.4byte	0x77
 1142 0610 D8000000 		.4byte	.LLST5
 1143 0614 00       		.byte	0
 1144 0615 1D       		.uleb128 0x1d
 1145 0616 3E000000 		.4byte	.LVL17
 1146 061a 01       		.byte	0x1
 1147 061b 5A080000 		.4byte	0x85a
 1148 061f 2B060000 		.4byte	0x62b
 1149 0623 1E       		.uleb128 0x1e
 1150 0624 01       		.byte	0x1
 1151 0625 51       		.byte	0x51
 1152 0626 03       		.byte	0x3
 1153 0627 F3       		.byte	0xf3
 1154 0628 01       		.uleb128 0x1
 1155 0629 50       		.byte	0x50
 1156 062a 00       		.byte	0
 1157 062b 1F       		.uleb128 0x1f
 1158 062c 4C000000 		.4byte	.LVL19
 1159 0630 01       		.byte	0x1
 1160 0631 73080000 		.4byte	0x873
 1161 0635 1E       		.uleb128 0x1e
 1162 0636 01       		.byte	0x1
 1163 0637 50       		.byte	0x50
 1164 0638 03       		.byte	0x3
 1165 0639 F3       		.byte	0xf3
 1166 063a 01       		.uleb128 0x1
 1167 063b 50       		.byte	0x50
 1168 063c 00       		.byte	0
 1169 063d 00       		.byte	0
 1170 063e 20       		.uleb128 0x20
 1171 063f 01       		.byte	0x1
 1172 0640 D6000000 		.4byte	.LASF78
 1173 0644 01       		.byte	0x1
 1174 0645 7B       		.byte	0x7b
 1175 0646 01       		.byte	0x1
 1176 0647 56020000 		.4byte	0x256
 1177 064b 00000000 		.4byte	.LFB9
 1178 064f 3E000000 		.4byte	.LFE9
 1179 0653 F6000000 		.4byte	.LLST6
 1180 0657 01       		.byte	0x1
 1181 0658 54070000 		.4byte	0x754
 1182 065c 21       		.uleb128 0x21
 1183 065d 69000000 		.4byte	.LASF79
 1184 0661 01       		.byte	0x1
 1185 0662 7B       		.byte	0x7b
 1186 0663 4F040000 		.4byte	0x44f
 1187 0667 22010000 		.4byte	.LLST7
 1188 066b 21       		.uleb128 0x21
 1189 066c 5F010000 		.4byte	.LASF63
 1190 0670 01       		.byte	0x1
 1191 0671 7B       		.byte	0x7b
 1192 0672 2C000000 		.4byte	0x2c
 1193 0676 43010000 		.4byte	.LLST8
ARM GAS  /tmp/ccgc2KyJ.s 			page 22


 1194 067a 21       		.uleb128 0x21
 1195 067b 15000000 		.4byte	.LASF80
 1196 067f 01       		.byte	0x1
 1197 0680 7C       		.byte	0x7c
 1198 0681 D5000000 		.4byte	0xd5
 1199 0685 61010000 		.4byte	.LLST9
 1200 0689 1B       		.uleb128 0x1b
 1201 068a 706600   		.ascii	"pf\000"
 1202 068d 01       		.byte	0x1
 1203 068e 7C       		.byte	0x7c
 1204 068f 24050000 		.4byte	0x524
 1205 0693 7F010000 		.4byte	.LLST10
 1206 0697 16       		.uleb128 0x16
 1207 0698 61726700 		.ascii	"arg\000"
 1208 069c 01       		.byte	0x1
 1209 069d 7C       		.byte	0x7c
 1210 069e 94020000 		.4byte	0x294
 1211 06a2 02       		.byte	0x2
 1212 06a3 91       		.byte	0x91
 1213 06a4 00       		.sleb128 0
 1214 06a5 18       		.uleb128 0x18
 1215 06a6 77737000 		.ascii	"wsp\000"
 1216 06aa 01       		.byte	0x1
 1217 06ab 7D       		.byte	0x7d
 1218 06ac 94020000 		.4byte	0x294
 1219 06b0 9D010000 		.4byte	.LLST11
 1220 06b4 18       		.uleb128 0x18
 1221 06b5 747000   		.ascii	"tp\000"
 1222 06b8 01       		.byte	0x1
 1223 06b9 7E       		.byte	0x7e
 1224 06ba 56020000 		.4byte	0x256
 1225 06be B0010000 		.4byte	.LLST12
 1226 06c2 17       		.uleb128 0x17
 1227 06c3 12000000 		.4byte	.LBB6
 1228 06c7 18000000 		.4byte	.LBE6
 1229 06cb DF060000 		.4byte	0x6df
 1230 06cf 18       		.uleb128 0x18
 1231 06d0 746D7000 		.ascii	"tmp\000"
 1232 06d4 01       		.byte	0x1
 1233 06d5 8D       		.byte	0x8d
 1234 06d6 77000000 		.4byte	0x77
 1235 06da CE010000 		.4byte	.LLST13
 1236 06de 00       		.byte	0
 1237 06df 17       		.uleb128 0x17
 1238 06e0 32000000 		.4byte	.LBB7
 1239 06e4 38000000 		.4byte	.LBE7
 1240 06e8 FC060000 		.4byte	0x6fc
 1241 06ec 18       		.uleb128 0x18
 1242 06ed 746D7000 		.ascii	"tmp\000"
 1243 06f1 01       		.byte	0x1
 1244 06f2 91       		.byte	0x91
 1245 06f3 77000000 		.4byte	0x77
 1246 06f7 E1010000 		.4byte	.LLST14
 1247 06fb 00       		.byte	0
 1248 06fc 22       		.uleb128 0x22
 1249 06fd 0E000000 		.4byte	.LVL21
 1250 0701 87080000 		.4byte	0x887
ARM GAS  /tmp/ccgc2KyJ.s 			page 23


 1251 0705 17070000 		.4byte	0x717
 1252 0709 1E       		.uleb128 0x1e
 1253 070a 01       		.byte	0x1
 1254 070b 51       		.byte	0x51
 1255 070c 02       		.byte	0x2
 1256 070d 75       		.byte	0x75
 1257 070e 00       		.sleb128 0
 1258 070f 1E       		.uleb128 0x1e
 1259 0710 01       		.byte	0x1
 1260 0711 50       		.byte	0x50
 1261 0712 03       		.byte	0x3
 1262 0713 F3       		.byte	0xf3
 1263 0714 01       		.uleb128 0x1
 1264 0715 50       		.byte	0x50
 1265 0716 00       		.byte	0
 1266 0717 22       		.uleb128 0x22
 1267 0718 26000000 		.4byte	.LVL25
 1268 071c A4080000 		.4byte	0x8a4
 1269 0720 3E070000 		.4byte	0x73e
 1270 0724 1E       		.uleb128 0x1e
 1271 0725 01       		.byte	0x1
 1272 0726 53       		.byte	0x53
 1273 0727 02       		.byte	0x2
 1274 0728 76       		.byte	0x76
 1275 0729 00       		.sleb128 0
 1276 072a 1E       		.uleb128 0x1e
 1277 072b 01       		.byte	0x1
 1278 072c 52       		.byte	0x52
 1279 072d 02       		.byte	0x2
 1280 072e 77       		.byte	0x77
 1281 072f 00       		.sleb128 0
 1282 0730 1E       		.uleb128 0x1e
 1283 0731 01       		.byte	0x1
 1284 0732 51       		.byte	0x51
 1285 0733 02       		.byte	0x2
 1286 0734 75       		.byte	0x75
 1287 0735 00       		.sleb128 0
 1288 0736 1E       		.uleb128 0x1e
 1289 0737 02       		.byte	0x2
 1290 0738 7D       		.byte	0x7d
 1291 0739 00       		.sleb128 0
 1292 073a 02       		.byte	0x2
 1293 073b 74       		.byte	0x74
 1294 073c 00       		.sleb128 0
 1295 073d 00       		.byte	0
 1296 073e 23       		.uleb128 0x23
 1297 073f 32000000 		.4byte	.LVL27
 1298 0743 D1080000 		.4byte	0x8d1
 1299 0747 1E       		.uleb128 0x1e
 1300 0748 01       		.byte	0x1
 1301 0749 51       		.byte	0x51
 1302 074a 01       		.byte	0x1
 1303 074b 30       		.byte	0x30
 1304 074c 1E       		.uleb128 0x1e
 1305 074d 01       		.byte	0x1
 1306 074e 50       		.byte	0x50
 1307 074f 02       		.byte	0x2
ARM GAS  /tmp/ccgc2KyJ.s 			page 24


 1308 0750 74       		.byte	0x74
 1309 0751 00       		.sleb128 0
 1310 0752 00       		.byte	0
 1311 0753 00       		.byte	0
 1312 0754 20       		.uleb128 0x20
 1313 0755 01       		.byte	0x1
 1314 0756 03010000 		.4byte	.LASF81
 1315 075a 01       		.byte	0x1
 1316 075b AC       		.byte	0xac
 1317 075c 01       		.byte	0x1
 1318 075d 56020000 		.4byte	0x256
 1319 0761 00000000 		.4byte	.LFB10
 1320 0765 44000000 		.4byte	.LFE10
 1321 0769 F4010000 		.4byte	.LLST15
 1322 076d 01       		.byte	0x1
 1323 076e 54080000 		.4byte	0x854
 1324 0772 1B       		.uleb128 0x1b
 1325 0773 6D7000   		.ascii	"mp\000"
 1326 0776 01       		.byte	0x1
 1327 0777 AC       		.byte	0xac
 1328 0778 54080000 		.4byte	0x854
 1329 077c 20020000 		.4byte	.LLST16
 1330 0780 21       		.uleb128 0x21
 1331 0781 15000000 		.4byte	.LASF80
 1332 0785 01       		.byte	0x1
 1333 0786 AC       		.byte	0xac
 1334 0787 D5000000 		.4byte	0xd5
 1335 078b 3E020000 		.4byte	.LLST17
 1336 078f 1B       		.uleb128 0x1b
 1337 0790 706600   		.ascii	"pf\000"
 1338 0793 01       		.byte	0x1
 1339 0794 AD       		.byte	0xad
 1340 0795 24050000 		.4byte	0x524
 1341 0799 5C020000 		.4byte	.LLST18
 1342 079d 1B       		.uleb128 0x1b
 1343 079e 61726700 		.ascii	"arg\000"
 1344 07a2 01       		.byte	0x1
 1345 07a3 AD       		.byte	0xad
 1346 07a4 94020000 		.4byte	0x294
 1347 07a8 7A020000 		.4byte	.LLST19
 1348 07ac 18       		.uleb128 0x18
 1349 07ad 77737000 		.ascii	"wsp\000"
 1350 07b1 01       		.byte	0x1
 1351 07b2 AE       		.byte	0xae
 1352 07b3 94020000 		.4byte	0x294
 1353 07b7 98020000 		.4byte	.LLST20
 1354 07bb 18       		.uleb128 0x18
 1355 07bc 747000   		.ascii	"tp\000"
 1356 07bf 01       		.byte	0x1
 1357 07c0 AF       		.byte	0xaf
 1358 07c1 56020000 		.4byte	0x256
 1359 07c5 B6020000 		.4byte	.LLST21
 1360 07c9 17       		.uleb128 0x17
 1361 07ca 16000000 		.4byte	.LBB8
 1362 07ce 1C000000 		.4byte	.LBE8
 1363 07d2 E6070000 		.4byte	0x7e6
 1364 07d6 18       		.uleb128 0x18
ARM GAS  /tmp/ccgc2KyJ.s 			page 25


 1365 07d7 746D7000 		.ascii	"tmp\000"
 1366 07db 01       		.byte	0x1
 1367 07dc C0       		.byte	0xc0
 1368 07dd 77000000 		.4byte	0x77
 1369 07e1 D4020000 		.4byte	.LLST22
 1370 07e5 00       		.byte	0
 1371 07e6 17       		.uleb128 0x17
 1372 07e7 36000000 		.4byte	.LBB9
 1373 07eb 3C000000 		.4byte	.LBE9
 1374 07ef 03080000 		.4byte	0x803
 1375 07f3 18       		.uleb128 0x18
 1376 07f4 746D7000 		.ascii	"tmp\000"
 1377 07f8 01       		.byte	0x1
 1378 07f9 C5       		.byte	0xc5
 1379 07fa 77000000 		.4byte	0x77
 1380 07fe E7020000 		.4byte	.LLST23
 1381 0802 00       		.byte	0
 1382 0803 22       		.uleb128 0x22
 1383 0804 12000000 		.4byte	.LVL31
 1384 0808 EA080000 		.4byte	0x8ea
 1385 080c 17080000 		.4byte	0x817
 1386 0810 1E       		.uleb128 0x1e
 1387 0811 01       		.byte	0x1
 1388 0812 50       		.byte	0x50
 1389 0813 02       		.byte	0x2
 1390 0814 75       		.byte	0x75
 1391 0815 00       		.sleb128 0
 1392 0816 00       		.byte	0
 1393 0817 22       		.uleb128 0x22
 1394 0818 28000000 		.4byte	.LVL35
 1395 081c A4080000 		.4byte	0x8a4
 1396 0820 3E080000 		.4byte	0x83e
 1397 0824 1E       		.uleb128 0x1e
 1398 0825 01       		.byte	0x1
 1399 0826 53       		.byte	0x53
 1400 0827 02       		.byte	0x2
 1401 0828 78       		.byte	0x78
 1402 0829 00       		.sleb128 0
 1403 082a 1E       		.uleb128 0x1e
 1404 082b 01       		.byte	0x1
 1405 082c 52       		.byte	0x52
 1406 082d 02       		.byte	0x2
 1407 082e 76       		.byte	0x76
 1408 082f 00       		.sleb128 0
 1409 0830 1E       		.uleb128 0x1e
 1410 0831 01       		.byte	0x1
 1411 0832 50       		.byte	0x50
 1412 0833 02       		.byte	0x2
 1413 0834 74       		.byte	0x74
 1414 0835 00       		.sleb128 0
 1415 0836 1E       		.uleb128 0x1e
 1416 0837 02       		.byte	0x2
 1417 0838 7D       		.byte	0x7d
 1418 0839 00       		.sleb128 0
 1419 083a 02       		.byte	0x2
 1420 083b 77       		.byte	0x77
 1421 083c 00       		.sleb128 0
ARM GAS  /tmp/ccgc2KyJ.s 			page 26


 1422 083d 00       		.byte	0
 1423 083e 23       		.uleb128 0x23
 1424 083f 36000000 		.4byte	.LVL37
 1425 0843 D1080000 		.4byte	0x8d1
 1426 0847 1E       		.uleb128 0x1e
 1427 0848 01       		.byte	0x1
 1428 0849 51       		.byte	0x51
 1429 084a 01       		.byte	0x1
 1430 084b 30       		.byte	0x30
 1431 084c 1E       		.uleb128 0x1e
 1432 084d 01       		.byte	0x1
 1433 084e 50       		.byte	0x50
 1434 084f 02       		.byte	0x2
 1435 0850 74       		.byte	0x74
 1436 0851 00       		.sleb128 0
 1437 0852 00       		.byte	0
 1438 0853 00       		.byte	0
 1439 0854 09       		.uleb128 0x9
 1440 0855 04       		.byte	0x4
 1441 0856 CC040000 		.4byte	0x4cc
 1442 085a 24       		.uleb128 0x24
 1443 085b 01       		.byte	0x1
 1444 085c 78030000 		.4byte	.LASF82
 1445 0860 0B       		.byte	0xb
 1446 0861 7D       		.byte	0x7d
 1447 0862 01       		.byte	0x1
 1448 0863 01       		.byte	0x1
 1449 0864 73080000 		.4byte	0x873
 1450 0868 0F       		.uleb128 0xf
 1451 0869 54080000 		.4byte	0x854
 1452 086d 0F       		.uleb128 0xf
 1453 086e 94020000 		.4byte	0x294
 1454 0872 00       		.byte	0
 1455 0873 24       		.uleb128 0x24
 1456 0874 01       		.byte	0x1
 1457 0875 AB000000 		.4byte	.LASF83
 1458 0879 0A       		.byte	0xa
 1459 087a 53       		.byte	0x53
 1460 087b 01       		.byte	0x1
 1461 087c 01       		.byte	0x1
 1462 087d 87080000 		.4byte	0x887
 1463 0881 0F       		.uleb128 0xf
 1464 0882 94020000 		.4byte	0x294
 1465 0886 00       		.byte	0
 1466 0887 25       		.uleb128 0x25
 1467 0888 01       		.byte	0x1
 1468 0889 E5020000 		.4byte	.LASF84
 1469 088d 0A       		.byte	0xa
 1470 088e 52       		.byte	0x52
 1471 088f 01       		.byte	0x1
 1472 0890 94020000 		.4byte	0x294
 1473 0894 01       		.byte	0x1
 1474 0895 A4080000 		.4byte	0x8a4
 1475 0899 0F       		.uleb128 0xf
 1476 089a 4F040000 		.4byte	0x44f
 1477 089e 0F       		.uleb128 0xf
 1478 089f 2C000000 		.4byte	0x2c
ARM GAS  /tmp/ccgc2KyJ.s 			page 27


 1479 08a3 00       		.byte	0
 1480 08a4 26       		.uleb128 0x26
 1481 08a5 01       		.byte	0x1
 1482 08a6 C0000000 		.4byte	.LASF85
 1483 08aa 06       		.byte	0x6
 1484 08ab 6701     		.2byte	0x167
 1485 08ad 01       		.byte	0x1
 1486 08ae 56020000 		.4byte	0x256
 1487 08b2 01       		.byte	0x1
 1488 08b3 D1080000 		.4byte	0x8d1
 1489 08b7 0F       		.uleb128 0xf
 1490 08b8 94020000 		.4byte	0x294
 1491 08bc 0F       		.uleb128 0xf
 1492 08bd 2C000000 		.4byte	0x2c
 1493 08c1 0F       		.uleb128 0xf
 1494 08c2 D5000000 		.4byte	0xd5
 1495 08c6 0F       		.uleb128 0xf
 1496 08c7 24050000 		.4byte	0x524
 1497 08cb 0F       		.uleb128 0xf
 1498 08cc 94020000 		.4byte	0x294
 1499 08d0 00       		.byte	0
 1500 08d1 24       		.uleb128 0x24
 1501 08d2 01       		.byte	0x1
 1502 08d3 44030000 		.4byte	.LASF86
 1503 08d7 0C       		.byte	0xc
 1504 08d8 92       		.byte	0x92
 1505 08d9 01       		.byte	0x1
 1506 08da 01       		.byte	0x1
 1507 08db EA080000 		.4byte	0x8ea
 1508 08df 0F       		.uleb128 0xf
 1509 08e0 56020000 		.4byte	0x256
 1510 08e4 0F       		.uleb128 0xf
 1511 08e5 E0000000 		.4byte	0xe0
 1512 08e9 00       		.byte	0
 1513 08ea 27       		.uleb128 0x27
 1514 08eb 01       		.byte	0x1
 1515 08ec 6C030000 		.4byte	.LASF87
 1516 08f0 0B       		.byte	0xb
 1517 08f1 7B       		.byte	0x7b
 1518 08f2 01       		.byte	0x1
 1519 08f3 94020000 		.4byte	0x294
 1520 08f7 01       		.byte	0x1
 1521 08f8 0F       		.uleb128 0xf
 1522 08f9 54080000 		.4byte	0x854
 1523 08fd 00       		.byte	0
 1524 08fe 00       		.byte	0
 1525              		.section	.debug_abbrev,"",%progbits
 1526              	.Ldebug_abbrev0:
 1527 0000 01       		.uleb128 0x1
 1528 0001 11       		.uleb128 0x11
 1529 0002 01       		.byte	0x1
 1530 0003 25       		.uleb128 0x25
 1531 0004 0E       		.uleb128 0xe
 1532 0005 13       		.uleb128 0x13
 1533 0006 0B       		.uleb128 0xb
 1534 0007 03       		.uleb128 0x3
 1535 0008 0E       		.uleb128 0xe
ARM GAS  /tmp/ccgc2KyJ.s 			page 28


 1536 0009 55       		.uleb128 0x55
 1537 000a 06       		.uleb128 0x6
 1538 000b 11       		.uleb128 0x11
 1539 000c 01       		.uleb128 0x1
 1540 000d 52       		.uleb128 0x52
 1541 000e 01       		.uleb128 0x1
 1542 000f 10       		.uleb128 0x10
 1543 0010 06       		.uleb128 0x6
 1544 0011 00       		.byte	0
 1545 0012 00       		.byte	0
 1546 0013 02       		.uleb128 0x2
 1547 0014 24       		.uleb128 0x24
 1548 0015 00       		.byte	0
 1549 0016 0B       		.uleb128 0xb
 1550 0017 0B       		.uleb128 0xb
 1551 0018 3E       		.uleb128 0x3e
 1552 0019 0B       		.uleb128 0xb
 1553 001a 03       		.uleb128 0x3
 1554 001b 08       		.uleb128 0x8
 1555 001c 00       		.byte	0
 1556 001d 00       		.byte	0
 1557 001e 03       		.uleb128 0x3
 1558 001f 16       		.uleb128 0x16
 1559 0020 00       		.byte	0
 1560 0021 03       		.uleb128 0x3
 1561 0022 0E       		.uleb128 0xe
 1562 0023 3A       		.uleb128 0x3a
 1563 0024 0B       		.uleb128 0xb
 1564 0025 3B       		.uleb128 0x3b
 1565 0026 0B       		.uleb128 0xb
 1566 0027 49       		.uleb128 0x49
 1567 0028 13       		.uleb128 0x13
 1568 0029 00       		.byte	0
 1569 002a 00       		.byte	0
 1570 002b 04       		.uleb128 0x4
 1571 002c 24       		.uleb128 0x24
 1572 002d 00       		.byte	0
 1573 002e 0B       		.uleb128 0xb
 1574 002f 0B       		.uleb128 0xb
 1575 0030 3E       		.uleb128 0x3e
 1576 0031 0B       		.uleb128 0xb
 1577 0032 03       		.uleb128 0x3
 1578 0033 0E       		.uleb128 0xe
 1579 0034 00       		.byte	0
 1580 0035 00       		.byte	0
 1581 0036 05       		.uleb128 0x5
 1582 0037 13       		.uleb128 0x13
 1583 0038 01       		.byte	0x1
 1584 0039 03       		.uleb128 0x3
 1585 003a 0E       		.uleb128 0xe
 1586 003b 0B       		.uleb128 0xb
 1587 003c 0B       		.uleb128 0xb
 1588 003d 3A       		.uleb128 0x3a
 1589 003e 0B       		.uleb128 0xb
 1590 003f 3B       		.uleb128 0x3b
 1591 0040 0B       		.uleb128 0xb
 1592 0041 01       		.uleb128 0x1
ARM GAS  /tmp/ccgc2KyJ.s 			page 29


 1593 0042 13       		.uleb128 0x13
 1594 0043 00       		.byte	0
 1595 0044 00       		.byte	0
 1596 0045 06       		.uleb128 0x6
 1597 0046 0D       		.uleb128 0xd
 1598 0047 00       		.byte	0
 1599 0048 03       		.uleb128 0x3
 1600 0049 0E       		.uleb128 0xe
 1601 004a 3A       		.uleb128 0x3a
 1602 004b 0B       		.uleb128 0xb
 1603 004c 3B       		.uleb128 0x3b
 1604 004d 0B       		.uleb128 0xb
 1605 004e 49       		.uleb128 0x49
 1606 004f 13       		.uleb128 0x13
 1607 0050 38       		.uleb128 0x38
 1608 0051 0A       		.uleb128 0xa
 1609 0052 00       		.byte	0
 1610 0053 00       		.byte	0
 1611 0054 07       		.uleb128 0x7
 1612 0055 0D       		.uleb128 0xd
 1613 0056 00       		.byte	0
 1614 0057 03       		.uleb128 0x3
 1615 0058 08       		.uleb128 0x8
 1616 0059 3A       		.uleb128 0x3a
 1617 005a 0B       		.uleb128 0xb
 1618 005b 3B       		.uleb128 0x3b
 1619 005c 0B       		.uleb128 0xb
 1620 005d 49       		.uleb128 0x49
 1621 005e 13       		.uleb128 0x13
 1622 005f 38       		.uleb128 0x38
 1623 0060 0A       		.uleb128 0xa
 1624 0061 00       		.byte	0
 1625 0062 00       		.byte	0
 1626 0063 08       		.uleb128 0x8
 1627 0064 13       		.uleb128 0x13
 1628 0065 01       		.byte	0x1
 1629 0066 0B       		.uleb128 0xb
 1630 0067 0B       		.uleb128 0xb
 1631 0068 3A       		.uleb128 0x3a
 1632 0069 0B       		.uleb128 0xb
 1633 006a 3B       		.uleb128 0x3b
 1634 006b 0B       		.uleb128 0xb
 1635 006c 01       		.uleb128 0x1
 1636 006d 13       		.uleb128 0x13
 1637 006e 00       		.byte	0
 1638 006f 00       		.byte	0
 1639 0070 09       		.uleb128 0x9
 1640 0071 0F       		.uleb128 0xf
 1641 0072 00       		.byte	0
 1642 0073 0B       		.uleb128 0xb
 1643 0074 0B       		.uleb128 0xb
 1644 0075 49       		.uleb128 0x49
 1645 0076 13       		.uleb128 0x13
 1646 0077 00       		.byte	0
 1647 0078 00       		.byte	0
 1648 0079 0A       		.uleb128 0xa
 1649 007a 0F       		.uleb128 0xf
ARM GAS  /tmp/ccgc2KyJ.s 			page 30


 1650 007b 00       		.byte	0
 1651 007c 0B       		.uleb128 0xb
 1652 007d 0B       		.uleb128 0xb
 1653 007e 00       		.byte	0
 1654 007f 00       		.byte	0
 1655 0080 0B       		.uleb128 0xb
 1656 0081 13       		.uleb128 0x13
 1657 0082 01       		.byte	0x1
 1658 0083 03       		.uleb128 0x3
 1659 0084 0E       		.uleb128 0xe
 1660 0085 0B       		.uleb128 0xb
 1661 0086 0B       		.uleb128 0xb
 1662 0087 3A       		.uleb128 0x3a
 1663 0088 0B       		.uleb128 0xb
 1664 0089 3B       		.uleb128 0x3b
 1665 008a 05       		.uleb128 0x5
 1666 008b 01       		.uleb128 0x1
 1667 008c 13       		.uleb128 0x13
 1668 008d 00       		.byte	0
 1669 008e 00       		.byte	0
 1670 008f 0C       		.uleb128 0xc
 1671 0090 0D       		.uleb128 0xd
 1672 0091 00       		.byte	0
 1673 0092 03       		.uleb128 0x3
 1674 0093 08       		.uleb128 0x8
 1675 0094 3A       		.uleb128 0x3a
 1676 0095 0B       		.uleb128 0xb
 1677 0096 3B       		.uleb128 0x3b
 1678 0097 05       		.uleb128 0x5
 1679 0098 49       		.uleb128 0x49
 1680 0099 13       		.uleb128 0x13
 1681 009a 38       		.uleb128 0x38
 1682 009b 0A       		.uleb128 0xa
 1683 009c 00       		.byte	0
 1684 009d 00       		.byte	0
 1685 009e 0D       		.uleb128 0xd
 1686 009f 35       		.uleb128 0x35
 1687 00a0 00       		.byte	0
 1688 00a1 49       		.uleb128 0x49
 1689 00a2 13       		.uleb128 0x13
 1690 00a3 00       		.byte	0
 1691 00a4 00       		.byte	0
 1692 00a5 0E       		.uleb128 0xe
 1693 00a6 15       		.uleb128 0x15
 1694 00a7 01       		.byte	0x1
 1695 00a8 27       		.uleb128 0x27
 1696 00a9 0C       		.uleb128 0xc
 1697 00aa 49       		.uleb128 0x49
 1698 00ab 13       		.uleb128 0x13
 1699 00ac 01       		.uleb128 0x1
 1700 00ad 13       		.uleb128 0x13
 1701 00ae 00       		.byte	0
 1702 00af 00       		.byte	0
 1703 00b0 0F       		.uleb128 0xf
 1704 00b1 05       		.uleb128 0x5
 1705 00b2 00       		.byte	0
 1706 00b3 49       		.uleb128 0x49
ARM GAS  /tmp/ccgc2KyJ.s 			page 31


 1707 00b4 13       		.uleb128 0x13
 1708 00b5 00       		.byte	0
 1709 00b6 00       		.byte	0
 1710 00b7 10       		.uleb128 0x10
 1711 00b8 17       		.uleb128 0x17
 1712 00b9 01       		.byte	0x1
 1713 00ba 0B       		.uleb128 0xb
 1714 00bb 0B       		.uleb128 0xb
 1715 00bc 3A       		.uleb128 0x3a
 1716 00bd 0B       		.uleb128 0xb
 1717 00be 3B       		.uleb128 0x3b
 1718 00bf 0B       		.uleb128 0xb
 1719 00c0 01       		.uleb128 0x1
 1720 00c1 13       		.uleb128 0x13
 1721 00c2 00       		.byte	0
 1722 00c3 00       		.byte	0
 1723 00c4 11       		.uleb128 0x11
 1724 00c5 0D       		.uleb128 0xd
 1725 00c6 00       		.byte	0
 1726 00c7 03       		.uleb128 0x3
 1727 00c8 0E       		.uleb128 0xe
 1728 00c9 3A       		.uleb128 0x3a
 1729 00ca 0B       		.uleb128 0xb
 1730 00cb 3B       		.uleb128 0x3b
 1731 00cc 0B       		.uleb128 0xb
 1732 00cd 49       		.uleb128 0x49
 1733 00ce 13       		.uleb128 0x13
 1734 00cf 00       		.byte	0
 1735 00d0 00       		.byte	0
 1736 00d1 12       		.uleb128 0x12
 1737 00d2 17       		.uleb128 0x17
 1738 00d3 01       		.byte	0x1
 1739 00d4 03       		.uleb128 0x3
 1740 00d5 0E       		.uleb128 0xe
 1741 00d6 0B       		.uleb128 0xb
 1742 00d7 0B       		.uleb128 0xb
 1743 00d8 3A       		.uleb128 0x3a
 1744 00d9 0B       		.uleb128 0xb
 1745 00da 3B       		.uleb128 0x3b
 1746 00db 0B       		.uleb128 0xb
 1747 00dc 01       		.uleb128 0x1
 1748 00dd 13       		.uleb128 0x13
 1749 00de 00       		.byte	0
 1750 00df 00       		.byte	0
 1751 00e0 13       		.uleb128 0x13
 1752 00e1 0D       		.uleb128 0xd
 1753 00e2 00       		.byte	0
 1754 00e3 03       		.uleb128 0x3
 1755 00e4 08       		.uleb128 0x8
 1756 00e5 3A       		.uleb128 0x3a
 1757 00e6 0B       		.uleb128 0xb
 1758 00e7 3B       		.uleb128 0x3b
 1759 00e8 0B       		.uleb128 0xb
 1760 00e9 49       		.uleb128 0x49
 1761 00ea 13       		.uleb128 0x13
 1762 00eb 00       		.byte	0
 1763 00ec 00       		.byte	0
ARM GAS  /tmp/ccgc2KyJ.s 			page 32


 1764 00ed 14       		.uleb128 0x14
 1765 00ee 26       		.uleb128 0x26
 1766 00ef 00       		.byte	0
 1767 00f0 49       		.uleb128 0x49
 1768 00f1 13       		.uleb128 0x13
 1769 00f2 00       		.byte	0
 1770 00f3 00       		.byte	0
 1771 00f4 15       		.uleb128 0x15
 1772 00f5 2E       		.uleb128 0x2e
 1773 00f6 01       		.byte	0x1
 1774 00f7 3F       		.uleb128 0x3f
 1775 00f8 0C       		.uleb128 0xc
 1776 00f9 03       		.uleb128 0x3
 1777 00fa 0E       		.uleb128 0xe
 1778 00fb 3A       		.uleb128 0x3a
 1779 00fc 0B       		.uleb128 0xb
 1780 00fd 3B       		.uleb128 0x3b
 1781 00fe 0B       		.uleb128 0xb
 1782 00ff 27       		.uleb128 0x27
 1783 0100 0C       		.uleb128 0xc
 1784 0101 49       		.uleb128 0x49
 1785 0102 13       		.uleb128 0x13
 1786 0103 11       		.uleb128 0x11
 1787 0104 01       		.uleb128 0x1
 1788 0105 12       		.uleb128 0x12
 1789 0106 01       		.uleb128 0x1
 1790 0107 40       		.uleb128 0x40
 1791 0108 0A       		.uleb128 0xa
 1792 0109 9742     		.uleb128 0x2117
 1793 010b 0C       		.uleb128 0xc
 1794 010c 01       		.uleb128 0x1
 1795 010d 13       		.uleb128 0x13
 1796 010e 00       		.byte	0
 1797 010f 00       		.byte	0
 1798 0110 16       		.uleb128 0x16
 1799 0111 05       		.uleb128 0x5
 1800 0112 00       		.byte	0
 1801 0113 03       		.uleb128 0x3
 1802 0114 08       		.uleb128 0x8
 1803 0115 3A       		.uleb128 0x3a
 1804 0116 0B       		.uleb128 0xb
 1805 0117 3B       		.uleb128 0x3b
 1806 0118 0B       		.uleb128 0xb
 1807 0119 49       		.uleb128 0x49
 1808 011a 13       		.uleb128 0x13
 1809 011b 02       		.uleb128 0x2
 1810 011c 0A       		.uleb128 0xa
 1811 011d 00       		.byte	0
 1812 011e 00       		.byte	0
 1813 011f 17       		.uleb128 0x17
 1814 0120 0B       		.uleb128 0xb
 1815 0121 01       		.byte	0x1
 1816 0122 11       		.uleb128 0x11
 1817 0123 01       		.uleb128 0x1
 1818 0124 12       		.uleb128 0x12
 1819 0125 01       		.uleb128 0x1
 1820 0126 01       		.uleb128 0x1
ARM GAS  /tmp/ccgc2KyJ.s 			page 33


 1821 0127 13       		.uleb128 0x13
 1822 0128 00       		.byte	0
 1823 0129 00       		.byte	0
 1824 012a 18       		.uleb128 0x18
 1825 012b 34       		.uleb128 0x34
 1826 012c 00       		.byte	0
 1827 012d 03       		.uleb128 0x3
 1828 012e 08       		.uleb128 0x8
 1829 012f 3A       		.uleb128 0x3a
 1830 0130 0B       		.uleb128 0xb
 1831 0131 3B       		.uleb128 0x3b
 1832 0132 0B       		.uleb128 0xb
 1833 0133 49       		.uleb128 0x49
 1834 0134 13       		.uleb128 0x13
 1835 0135 02       		.uleb128 0x2
 1836 0136 06       		.uleb128 0x6
 1837 0137 00       		.byte	0
 1838 0138 00       		.byte	0
 1839 0139 19       		.uleb128 0x19
 1840 013a 0B       		.uleb128 0xb
 1841 013b 01       		.byte	0x1
 1842 013c 11       		.uleb128 0x11
 1843 013d 01       		.uleb128 0x1
 1844 013e 12       		.uleb128 0x12
 1845 013f 01       		.uleb128 0x1
 1846 0140 00       		.byte	0
 1847 0141 00       		.byte	0
 1848 0142 1A       		.uleb128 0x1a
 1849 0143 2E       		.uleb128 0x2e
 1850 0144 01       		.byte	0x1
 1851 0145 3F       		.uleb128 0x3f
 1852 0146 0C       		.uleb128 0xc
 1853 0147 03       		.uleb128 0x3
 1854 0148 0E       		.uleb128 0xe
 1855 0149 3A       		.uleb128 0x3a
 1856 014a 0B       		.uleb128 0xb
 1857 014b 3B       		.uleb128 0x3b
 1858 014c 0B       		.uleb128 0xb
 1859 014d 27       		.uleb128 0x27
 1860 014e 0C       		.uleb128 0xc
 1861 014f 11       		.uleb128 0x11
 1862 0150 01       		.uleb128 0x1
 1863 0151 12       		.uleb128 0x12
 1864 0152 01       		.uleb128 0x1
 1865 0153 40       		.uleb128 0x40
 1866 0154 0A       		.uleb128 0xa
 1867 0155 9742     		.uleb128 0x2117
 1868 0157 0C       		.uleb128 0xc
 1869 0158 01       		.uleb128 0x1
 1870 0159 13       		.uleb128 0x13
 1871 015a 00       		.byte	0
 1872 015b 00       		.byte	0
 1873 015c 1B       		.uleb128 0x1b
 1874 015d 05       		.uleb128 0x5
 1875 015e 00       		.byte	0
 1876 015f 03       		.uleb128 0x3
 1877 0160 08       		.uleb128 0x8
ARM GAS  /tmp/ccgc2KyJ.s 			page 34


 1878 0161 3A       		.uleb128 0x3a
 1879 0162 0B       		.uleb128 0xb
 1880 0163 3B       		.uleb128 0x3b
 1881 0164 0B       		.uleb128 0xb
 1882 0165 49       		.uleb128 0x49
 1883 0166 13       		.uleb128 0x13
 1884 0167 02       		.uleb128 0x2
 1885 0168 06       		.uleb128 0x6
 1886 0169 00       		.byte	0
 1887 016a 00       		.byte	0
 1888 016b 1C       		.uleb128 0x1c
 1889 016c 34       		.uleb128 0x34
 1890 016d 00       		.byte	0
 1891 016e 03       		.uleb128 0x3
 1892 016f 0E       		.uleb128 0xe
 1893 0170 3A       		.uleb128 0x3a
 1894 0171 0B       		.uleb128 0xb
 1895 0172 3B       		.uleb128 0x3b
 1896 0173 0B       		.uleb128 0xb
 1897 0174 49       		.uleb128 0x49
 1898 0175 13       		.uleb128 0x13
 1899 0176 02       		.uleb128 0x2
 1900 0177 06       		.uleb128 0x6
 1901 0178 00       		.byte	0
 1902 0179 00       		.byte	0
 1903 017a 1D       		.uleb128 0x1d
 1904 017b 898201   		.uleb128 0x4109
 1905 017e 01       		.byte	0x1
 1906 017f 11       		.uleb128 0x11
 1907 0180 01       		.uleb128 0x1
 1908 0181 9542     		.uleb128 0x2115
 1909 0183 0C       		.uleb128 0xc
 1910 0184 31       		.uleb128 0x31
 1911 0185 13       		.uleb128 0x13
 1912 0186 01       		.uleb128 0x1
 1913 0187 13       		.uleb128 0x13
 1914 0188 00       		.byte	0
 1915 0189 00       		.byte	0
 1916 018a 1E       		.uleb128 0x1e
 1917 018b 8A8201   		.uleb128 0x410a
 1918 018e 00       		.byte	0
 1919 018f 02       		.uleb128 0x2
 1920 0190 0A       		.uleb128 0xa
 1921 0191 9142     		.uleb128 0x2111
 1922 0193 0A       		.uleb128 0xa
 1923 0194 00       		.byte	0
 1924 0195 00       		.byte	0
 1925 0196 1F       		.uleb128 0x1f
 1926 0197 898201   		.uleb128 0x4109
 1927 019a 01       		.byte	0x1
 1928 019b 11       		.uleb128 0x11
 1929 019c 01       		.uleb128 0x1
 1930 019d 9542     		.uleb128 0x2115
 1931 019f 0C       		.uleb128 0xc
 1932 01a0 31       		.uleb128 0x31
 1933 01a1 13       		.uleb128 0x13
 1934 01a2 00       		.byte	0
ARM GAS  /tmp/ccgc2KyJ.s 			page 35


 1935 01a3 00       		.byte	0
 1936 01a4 20       		.uleb128 0x20
 1937 01a5 2E       		.uleb128 0x2e
 1938 01a6 01       		.byte	0x1
 1939 01a7 3F       		.uleb128 0x3f
 1940 01a8 0C       		.uleb128 0xc
 1941 01a9 03       		.uleb128 0x3
 1942 01aa 0E       		.uleb128 0xe
 1943 01ab 3A       		.uleb128 0x3a
 1944 01ac 0B       		.uleb128 0xb
 1945 01ad 3B       		.uleb128 0x3b
 1946 01ae 0B       		.uleb128 0xb
 1947 01af 27       		.uleb128 0x27
 1948 01b0 0C       		.uleb128 0xc
 1949 01b1 49       		.uleb128 0x49
 1950 01b2 13       		.uleb128 0x13
 1951 01b3 11       		.uleb128 0x11
 1952 01b4 01       		.uleb128 0x1
 1953 01b5 12       		.uleb128 0x12
 1954 01b6 01       		.uleb128 0x1
 1955 01b7 40       		.uleb128 0x40
 1956 01b8 06       		.uleb128 0x6
 1957 01b9 9742     		.uleb128 0x2117
 1958 01bb 0C       		.uleb128 0xc
 1959 01bc 01       		.uleb128 0x1
 1960 01bd 13       		.uleb128 0x13
 1961 01be 00       		.byte	0
 1962 01bf 00       		.byte	0
 1963 01c0 21       		.uleb128 0x21
 1964 01c1 05       		.uleb128 0x5
 1965 01c2 00       		.byte	0
 1966 01c3 03       		.uleb128 0x3
 1967 01c4 0E       		.uleb128 0xe
 1968 01c5 3A       		.uleb128 0x3a
 1969 01c6 0B       		.uleb128 0xb
 1970 01c7 3B       		.uleb128 0x3b
 1971 01c8 0B       		.uleb128 0xb
 1972 01c9 49       		.uleb128 0x49
 1973 01ca 13       		.uleb128 0x13
 1974 01cb 02       		.uleb128 0x2
 1975 01cc 06       		.uleb128 0x6
 1976 01cd 00       		.byte	0
 1977 01ce 00       		.byte	0
 1978 01cf 22       		.uleb128 0x22
 1979 01d0 898201   		.uleb128 0x4109
 1980 01d3 01       		.byte	0x1
 1981 01d4 11       		.uleb128 0x11
 1982 01d5 01       		.uleb128 0x1
 1983 01d6 31       		.uleb128 0x31
 1984 01d7 13       		.uleb128 0x13
 1985 01d8 01       		.uleb128 0x1
 1986 01d9 13       		.uleb128 0x13
 1987 01da 00       		.byte	0
 1988 01db 00       		.byte	0
 1989 01dc 23       		.uleb128 0x23
 1990 01dd 898201   		.uleb128 0x4109
 1991 01e0 01       		.byte	0x1
ARM GAS  /tmp/ccgc2KyJ.s 			page 36


 1992 01e1 11       		.uleb128 0x11
 1993 01e2 01       		.uleb128 0x1
 1994 01e3 31       		.uleb128 0x31
 1995 01e4 13       		.uleb128 0x13
 1996 01e5 00       		.byte	0
 1997 01e6 00       		.byte	0
 1998 01e7 24       		.uleb128 0x24
 1999 01e8 2E       		.uleb128 0x2e
 2000 01e9 01       		.byte	0x1
 2001 01ea 3F       		.uleb128 0x3f
 2002 01eb 0C       		.uleb128 0xc
 2003 01ec 03       		.uleb128 0x3
 2004 01ed 0E       		.uleb128 0xe
 2005 01ee 3A       		.uleb128 0x3a
 2006 01ef 0B       		.uleb128 0xb
 2007 01f0 3B       		.uleb128 0x3b
 2008 01f1 0B       		.uleb128 0xb
 2009 01f2 27       		.uleb128 0x27
 2010 01f3 0C       		.uleb128 0xc
 2011 01f4 3C       		.uleb128 0x3c
 2012 01f5 0C       		.uleb128 0xc
 2013 01f6 01       		.uleb128 0x1
 2014 01f7 13       		.uleb128 0x13
 2015 01f8 00       		.byte	0
 2016 01f9 00       		.byte	0
 2017 01fa 25       		.uleb128 0x25
 2018 01fb 2E       		.uleb128 0x2e
 2019 01fc 01       		.byte	0x1
 2020 01fd 3F       		.uleb128 0x3f
 2021 01fe 0C       		.uleb128 0xc
 2022 01ff 03       		.uleb128 0x3
 2023 0200 0E       		.uleb128 0xe
 2024 0201 3A       		.uleb128 0x3a
 2025 0202 0B       		.uleb128 0xb
 2026 0203 3B       		.uleb128 0x3b
 2027 0204 0B       		.uleb128 0xb
 2028 0205 27       		.uleb128 0x27
 2029 0206 0C       		.uleb128 0xc
 2030 0207 49       		.uleb128 0x49
 2031 0208 13       		.uleb128 0x13
 2032 0209 3C       		.uleb128 0x3c
 2033 020a 0C       		.uleb128 0xc
 2034 020b 01       		.uleb128 0x1
 2035 020c 13       		.uleb128 0x13
 2036 020d 00       		.byte	0
 2037 020e 00       		.byte	0
 2038 020f 26       		.uleb128 0x26
 2039 0210 2E       		.uleb128 0x2e
 2040 0211 01       		.byte	0x1
 2041 0212 3F       		.uleb128 0x3f
 2042 0213 0C       		.uleb128 0xc
 2043 0214 03       		.uleb128 0x3
 2044 0215 0E       		.uleb128 0xe
 2045 0216 3A       		.uleb128 0x3a
 2046 0217 0B       		.uleb128 0xb
 2047 0218 3B       		.uleb128 0x3b
 2048 0219 05       		.uleb128 0x5
ARM GAS  /tmp/ccgc2KyJ.s 			page 37


 2049 021a 27       		.uleb128 0x27
 2050 021b 0C       		.uleb128 0xc
 2051 021c 49       		.uleb128 0x49
 2052 021d 13       		.uleb128 0x13
 2053 021e 3C       		.uleb128 0x3c
 2054 021f 0C       		.uleb128 0xc
 2055 0220 01       		.uleb128 0x1
 2056 0221 13       		.uleb128 0x13
 2057 0222 00       		.byte	0
 2058 0223 00       		.byte	0
 2059 0224 27       		.uleb128 0x27
 2060 0225 2E       		.uleb128 0x2e
 2061 0226 01       		.byte	0x1
 2062 0227 3F       		.uleb128 0x3f
 2063 0228 0C       		.uleb128 0xc
 2064 0229 03       		.uleb128 0x3
 2065 022a 0E       		.uleb128 0xe
 2066 022b 3A       		.uleb128 0x3a
 2067 022c 0B       		.uleb128 0xb
 2068 022d 3B       		.uleb128 0x3b
 2069 022e 0B       		.uleb128 0xb
 2070 022f 27       		.uleb128 0x27
 2071 0230 0C       		.uleb128 0xc
 2072 0231 49       		.uleb128 0x49
 2073 0232 13       		.uleb128 0x13
 2074 0233 3C       		.uleb128 0x3c
 2075 0234 0C       		.uleb128 0xc
 2076 0235 00       		.byte	0
 2077 0236 00       		.byte	0
 2078 0237 00       		.byte	0
 2079              		.section	.debug_loc,"",%progbits
 2080              	.Ldebug_loc0:
 2081              	.LLST0:
 2082 0000 06000000 		.4byte	.LVL2
 2083 0004 08000000 		.4byte	.LVL3
 2084 0008 0100     		.2byte	0x1
 2085 000a 53       		.byte	0x53
 2086 000b 00000000 		.4byte	0
 2087 000f 00000000 		.4byte	0
 2088              	.LLST1:
 2089 0013 12000000 		.4byte	.LVL5
 2090 0017 14000000 		.4byte	.LFE7
 2091 001b 0100     		.2byte	0x1
 2092 001d 53       		.byte	0x53
 2093 001e 00000000 		.4byte	0
 2094 0022 00000000 		.4byte	0
 2095              	.LLST2:
 2096 0026 00000000 		.4byte	.LVL6
 2097 002a 34000000 		.4byte	.LVL16
 2098 002e 0100     		.2byte	0x1
 2099 0030 50       		.byte	0x50
 2100 0031 34000000 		.4byte	.LVL16
 2101 0035 3D000000 		.4byte	.LVL17-1
 2102 0039 0100     		.2byte	0x1
 2103 003b 51       		.byte	0x51
 2104 003c 3D000000 		.4byte	.LVL17-1
 2105 0040 3E000000 		.4byte	.LVL17
ARM GAS  /tmp/ccgc2KyJ.s 			page 38


 2106 0044 0400     		.2byte	0x4
 2107 0046 F3       		.byte	0xf3
 2108 0047 01       		.uleb128 0x1
 2109 0048 50       		.byte	0x50
 2110 0049 9F       		.byte	0x9f
 2111 004a 3E000000 		.4byte	.LVL17
 2112 004e 4B000000 		.4byte	.LVL19-1
 2113 0052 0100     		.2byte	0x1
 2114 0054 50       		.byte	0x50
 2115 0055 4B000000 		.4byte	.LVL19-1
 2116 0059 4C000000 		.4byte	.LFE8
 2117 005d 0400     		.2byte	0x4
 2118 005f F3       		.byte	0xf3
 2119 0060 01       		.uleb128 0x1
 2120 0061 50       		.byte	0x50
 2121 0062 9F       		.byte	0x9f
 2122 0063 00000000 		.4byte	0
 2123 0067 00000000 		.4byte	0
 2124              	.LLST3:
 2125 006b 10000000 		.4byte	.LVL9
 2126 006f 32000000 		.4byte	.LVL15
 2127 0073 0100     		.2byte	0x1
 2128 0075 52       		.byte	0x52
 2129 0076 32000000 		.4byte	.LVL15
 2130 007a 34000000 		.4byte	.LVL16
 2131 007e 0A00     		.2byte	0xa
 2132 0080 70       		.byte	0x70
 2133 0081 1E       		.sleb128 30
 2134 0082 94       		.byte	0x94
 2135 0083 01       		.byte	0x1
 2136 0084 08       		.byte	0x8
 2137 0085 FF       		.byte	0xff
 2138 0086 1A       		.byte	0x1a
 2139 0087 31       		.byte	0x31
 2140 0088 1C       		.byte	0x1c
 2141 0089 9F       		.byte	0x9f
 2142 008a 34000000 		.4byte	.LVL16
 2143 008e 3D000000 		.4byte	.LVL17-1
 2144 0092 0A00     		.2byte	0xa
 2145 0094 71       		.byte	0x71
 2146 0095 1E       		.sleb128 30
 2147 0096 94       		.byte	0x94
 2148 0097 01       		.byte	0x1
 2149 0098 08       		.byte	0x8
 2150 0099 FF       		.byte	0xff
 2151 009a 1A       		.byte	0x1a
 2152 009b 31       		.byte	0x31
 2153 009c 1C       		.byte	0x1c
 2154 009d 9F       		.byte	0x9f
 2155 009e 3E000000 		.4byte	.LVL17
 2156 00a2 42000000 		.4byte	.LVL18
 2157 00a6 0100     		.2byte	0x1
 2158 00a8 52       		.byte	0x52
 2159 00a9 42000000 		.4byte	.LVL18
 2160 00ad 4B000000 		.4byte	.LVL19-1
 2161 00b1 0A00     		.2byte	0xa
 2162 00b3 70       		.byte	0x70
ARM GAS  /tmp/ccgc2KyJ.s 			page 39


 2163 00b4 1E       		.sleb128 30
 2164 00b5 94       		.byte	0x94
 2165 00b6 01       		.byte	0x1
 2166 00b7 08       		.byte	0x8
 2167 00b8 FF       		.byte	0xff
 2168 00b9 1A       		.byte	0x1a
 2169 00ba 31       		.byte	0x31
 2170 00bb 1C       		.byte	0x1c
 2171 00bc 9F       		.byte	0x9f
 2172 00bd 00000000 		.4byte	0
 2173 00c1 00000000 		.4byte	0
 2174              	.LLST4:
 2175 00c5 08000000 		.4byte	.LVL8
 2176 00c9 12000000 		.4byte	.LVL10
 2177 00cd 0100     		.2byte	0x1
 2178 00cf 53       		.byte	0x53
 2179 00d0 00000000 		.4byte	0
 2180 00d4 00000000 		.4byte	0
 2181              	.LLST5:
 2182 00d8 16000000 		.4byte	.LVL11
 2183 00dc 1A000000 		.4byte	.LVL12
 2184 00e0 0100     		.2byte	0x1
 2185 00e2 53       		.byte	0x53
 2186 00e3 1E000000 		.4byte	.LVL13
 2187 00e7 20000000 		.4byte	.LVL14
 2188 00eb 0100     		.2byte	0x1
 2189 00ed 53       		.byte	0x53
 2190 00ee 00000000 		.4byte	0
 2191 00f2 00000000 		.4byte	0
 2192              	.LLST6:
 2193 00f6 00000000 		.4byte	.LFB9
 2194 00fa 02000000 		.4byte	.LCFI0
 2195 00fe 0200     		.2byte	0x2
 2196 0100 7D       		.byte	0x7d
 2197 0101 00       		.sleb128 0
 2198 0102 02000000 		.4byte	.LCFI0
 2199 0106 04000000 		.4byte	.LCFI1
 2200 010a 0200     		.2byte	0x2
 2201 010c 7D       		.byte	0x7d
 2202 010d 14       		.sleb128 20
 2203 010e 04000000 		.4byte	.LCFI1
 2204 0112 3E000000 		.4byte	.LFE9
 2205 0116 0200     		.2byte	0x2
 2206 0118 7D       		.byte	0x7d
 2207 0119 20       		.sleb128 32
 2208 011a 00000000 		.4byte	0
 2209 011e 00000000 		.4byte	0
 2210              	.LLST7:
 2211 0122 00000000 		.4byte	.LVL20
 2212 0126 0D000000 		.4byte	.LVL21-1
 2213 012a 0100     		.2byte	0x1
 2214 012c 50       		.byte	0x50
 2215 012d 0D000000 		.4byte	.LVL21-1
 2216 0131 3E000000 		.4byte	.LFE9
 2217 0135 0400     		.2byte	0x4
 2218 0137 F3       		.byte	0xf3
 2219 0138 01       		.uleb128 0x1
ARM GAS  /tmp/ccgc2KyJ.s 			page 40


 2220 0139 50       		.byte	0x50
 2221 013a 9F       		.byte	0x9f
 2222 013b 00000000 		.4byte	0
 2223 013f 00000000 		.4byte	0
 2224              	.LLST8:
 2225 0143 00000000 		.4byte	.LVL20
 2226 0147 0D000000 		.4byte	.LVL21-1
 2227 014b 0100     		.2byte	0x1
 2228 014d 51       		.byte	0x51
 2229 014e 0D000000 		.4byte	.LVL21-1
 2230 0152 3E000000 		.4byte	.LFE9
 2231 0156 0100     		.2byte	0x1
 2232 0158 55       		.byte	0x55
 2233 0159 00000000 		.4byte	0
 2234 015d 00000000 		.4byte	0
 2235              	.LLST9:
 2236 0161 00000000 		.4byte	.LVL20
 2237 0165 0D000000 		.4byte	.LVL21-1
 2238 0169 0100     		.2byte	0x1
 2239 016b 52       		.byte	0x52
 2240 016c 0D000000 		.4byte	.LVL21-1
 2241 0170 3E000000 		.4byte	.LFE9
 2242 0174 0100     		.2byte	0x1
 2243 0176 57       		.byte	0x57
 2244 0177 00000000 		.4byte	0
 2245 017b 00000000 		.4byte	0
 2246              	.LLST10:
 2247 017f 00000000 		.4byte	.LVL20
 2248 0183 0D000000 		.4byte	.LVL21-1
 2249 0187 0100     		.2byte	0x1
 2250 0189 53       		.byte	0x53
 2251 018a 0D000000 		.4byte	.LVL21-1
 2252 018e 3E000000 		.4byte	.LFE9
 2253 0192 0100     		.2byte	0x1
 2254 0194 56       		.byte	0x56
 2255 0195 00000000 		.4byte	0
 2256 0199 00000000 		.4byte	0
 2257              	.LLST11:
 2258 019d 0E000000 		.4byte	.LVL21
 2259 01a1 25000000 		.4byte	.LVL25-1
 2260 01a5 0100     		.2byte	0x1
 2261 01a7 50       		.byte	0x50
 2262 01a8 00000000 		.4byte	0
 2263 01ac 00000000 		.4byte	0
 2264              	.LLST12:
 2265 01b0 2E000000 		.4byte	.LVL26
 2266 01b4 31000000 		.4byte	.LVL27-1
 2267 01b8 0100     		.2byte	0x1
 2268 01ba 50       		.byte	0x50
 2269 01bb 31000000 		.4byte	.LVL27-1
 2270 01bf 38000000 		.4byte	.LVL29
 2271 01c3 0100     		.2byte	0x1
 2272 01c5 54       		.byte	0x54
 2273 01c6 00000000 		.4byte	0
 2274 01ca 00000000 		.4byte	0
 2275              	.LLST13:
 2276 01ce 18000000 		.4byte	.LVL23
ARM GAS  /tmp/ccgc2KyJ.s 			page 41


 2277 01d2 1C000000 		.4byte	.LVL24
 2278 01d6 0100     		.2byte	0x1
 2279 01d8 53       		.byte	0x53
 2280 01d9 00000000 		.4byte	0
 2281 01dd 00000000 		.4byte	0
 2282              	.LLST14:
 2283 01e1 38000000 		.4byte	.LVL29
 2284 01e5 3E000000 		.4byte	.LFE9
 2285 01e9 0100     		.2byte	0x1
 2286 01eb 53       		.byte	0x53
 2287 01ec 00000000 		.4byte	0
 2288 01f0 00000000 		.4byte	0
 2289              	.LLST15:
 2290 01f4 00000000 		.4byte	.LFB10
 2291 01f8 04000000 		.4byte	.LCFI2
 2292 01fc 0200     		.2byte	0x2
 2293 01fe 7D       		.byte	0x7d
 2294 01ff 00       		.sleb128 0
 2295 0200 04000000 		.4byte	.LCFI2
 2296 0204 06000000 		.4byte	.LCFI3
 2297 0208 0200     		.2byte	0x2
 2298 020a 7D       		.byte	0x7d
 2299 020b 18       		.sleb128 24
 2300 020c 06000000 		.4byte	.LCFI3
 2301 0210 44000000 		.4byte	.LFE10
 2302 0214 0200     		.2byte	0x2
 2303 0216 7D       		.byte	0x7d
 2304 0217 20       		.sleb128 32
 2305 0218 00000000 		.4byte	0
 2306 021c 00000000 		.4byte	0
 2307              	.LLST16:
 2308 0220 00000000 		.4byte	.LVL30
 2309 0224 11000000 		.4byte	.LVL31-1
 2310 0228 0100     		.2byte	0x1
 2311 022a 50       		.byte	0x50
 2312 022b 11000000 		.4byte	.LVL31-1
 2313 022f 44000000 		.4byte	.LFE10
 2314 0233 0100     		.2byte	0x1
 2315 0235 55       		.byte	0x55
 2316 0236 00000000 		.4byte	0
 2317 023a 00000000 		.4byte	0
 2318              	.LLST17:
 2319 023e 00000000 		.4byte	.LVL30
 2320 0242 11000000 		.4byte	.LVL31-1
 2321 0246 0100     		.2byte	0x1
 2322 0248 51       		.byte	0x51
 2323 0249 11000000 		.4byte	.LVL31-1
 2324 024d 44000000 		.4byte	.LFE10
 2325 0251 0100     		.2byte	0x1
 2326 0253 56       		.byte	0x56
 2327 0254 00000000 		.4byte	0
 2328 0258 00000000 		.4byte	0
 2329              	.LLST18:
 2330 025c 00000000 		.4byte	.LVL30
 2331 0260 11000000 		.4byte	.LVL31-1
 2332 0264 0100     		.2byte	0x1
 2333 0266 52       		.byte	0x52
ARM GAS  /tmp/ccgc2KyJ.s 			page 42


 2334 0267 11000000 		.4byte	.LVL31-1
 2335 026b 44000000 		.4byte	.LFE10
 2336 026f 0100     		.2byte	0x1
 2337 0271 58       		.byte	0x58
 2338 0272 00000000 		.4byte	0
 2339 0276 00000000 		.4byte	0
 2340              	.LLST19:
 2341 027a 00000000 		.4byte	.LVL30
 2342 027e 11000000 		.4byte	.LVL31-1
 2343 0282 0100     		.2byte	0x1
 2344 0284 53       		.byte	0x53
 2345 0285 11000000 		.4byte	.LVL31-1
 2346 0289 44000000 		.4byte	.LFE10
 2347 028d 0100     		.2byte	0x1
 2348 028f 57       		.byte	0x57
 2349 0290 00000000 		.4byte	0
 2350 0294 00000000 		.4byte	0
 2351              	.LLST20:
 2352 0298 12000000 		.4byte	.LVL31
 2353 029c 27000000 		.4byte	.LVL35-1
 2354 02a0 0100     		.2byte	0x1
 2355 02a2 50       		.byte	0x50
 2356 02a3 27000000 		.4byte	.LVL35-1
 2357 02a7 32000000 		.4byte	.LVL36
 2358 02ab 0100     		.2byte	0x1
 2359 02ad 54       		.byte	0x54
 2360 02ae 00000000 		.4byte	0
 2361 02b2 00000000 		.4byte	0
 2362              	.LLST21:
 2363 02b6 32000000 		.4byte	.LVL36
 2364 02ba 35000000 		.4byte	.LVL37-1
 2365 02be 0100     		.2byte	0x1
 2366 02c0 50       		.byte	0x50
 2367 02c1 35000000 		.4byte	.LVL37-1
 2368 02c5 3C000000 		.4byte	.LVL39
 2369 02c9 0100     		.2byte	0x1
 2370 02cb 54       		.byte	0x54
 2371 02cc 00000000 		.4byte	0
 2372 02d0 00000000 		.4byte	0
 2373              	.LLST22:
 2374 02d4 1C000000 		.4byte	.LVL33
 2375 02d8 22000000 		.4byte	.LVL34
 2376 02dc 0100     		.2byte	0x1
 2377 02de 53       		.byte	0x53
 2378 02df 00000000 		.4byte	0
 2379 02e3 00000000 		.4byte	0
 2380              	.LLST23:
 2381 02e7 3C000000 		.4byte	.LVL39
 2382 02eb 44000000 		.4byte	.LFE10
 2383 02ef 0100     		.2byte	0x1
 2384 02f1 53       		.byte	0x53
 2385 02f2 00000000 		.4byte	0
 2386 02f6 00000000 		.4byte	0
 2387              		.section	.debug_aranges,"",%progbits
 2388 0000 34000000 		.4byte	0x34
 2389 0004 0200     		.2byte	0x2
 2390 0006 00000000 		.4byte	.Ldebug_info0
ARM GAS  /tmp/ccgc2KyJ.s 			page 43


 2391 000a 04       		.byte	0x4
 2392 000b 00       		.byte	0
 2393 000c 0000     		.2byte	0
 2394 000e 0000     		.2byte	0
 2395 0010 00000000 		.4byte	.LFB7
 2396 0014 14000000 		.4byte	.LFE7-.LFB7
 2397 0018 00000000 		.4byte	.LFB8
 2398 001c 4C000000 		.4byte	.LFE8-.LFB8
 2399 0020 00000000 		.4byte	.LFB9
 2400 0024 3E000000 		.4byte	.LFE9-.LFB9
 2401 0028 00000000 		.4byte	.LFB10
 2402 002c 44000000 		.4byte	.LFE10-.LFB10
 2403 0030 00000000 		.4byte	0
 2404 0034 00000000 		.4byte	0
 2405              		.section	.debug_ranges,"",%progbits
 2406              	.Ldebug_ranges0:
 2407 0000 00000000 		.4byte	.LFB7
 2408 0004 14000000 		.4byte	.LFE7
 2409 0008 00000000 		.4byte	.LFB8
 2410 000c 4C000000 		.4byte	.LFE8
 2411 0010 00000000 		.4byte	.LFB9
 2412 0014 3E000000 		.4byte	.LFE9
 2413 0018 00000000 		.4byte	.LFB10
 2414 001c 44000000 		.4byte	.LFE10
 2415 0020 00000000 		.4byte	0
 2416 0024 00000000 		.4byte	0
 2417              		.section	.debug_line,"",%progbits
 2418              	.Ldebug_line0:
 2419 0000 CA020000 		.section	.debug_str,"MS",%progbits,1
 2419      02004902 
 2419      00000201 
 2419      FB0E0D00 
 2419      01010101 
 2420              	.LASF75:
 2421 0000 7466756E 		.ascii	"tfunc_t\000"
 2421      635F7400 
 2422              	.LASF38:
 2423 0008 705F6D73 		.ascii	"p_msg\000"
 2423      6700
 2424              	.LASF2:
 2425 000e 73697A65 		.ascii	"size_t\000"
 2425      5F7400
 2426              	.LASF80:
 2427 0015 7072696F 		.ascii	"prio\000"
 2427      00
 2428              	.LASF70:
 2429 001a 7264796D 		.ascii	"rdymsg\000"
 2429      736700
 2430              	.LASF12:
 2431 0021 75696E74 		.ascii	"uint64_t\000"
 2431      36345F74 
 2431      00
 2432              	.LASF69:
 2433 002a 4D656D6F 		.ascii	"MemoryPool\000"
 2433      7279506F 
 2433      6F6C00
 2434              	.LASF54:
ARM GAS  /tmp/ccgc2KyJ.s 			page 44


 2435 0035 6D656D67 		.ascii	"memgetfunc_t\000"
 2435      65746675 
 2435      6E635F74 
 2435      00
 2436              	.LASF13:
 2437 0042 6C6F6E67 		.ascii	"long long unsigned int\000"
 2437      206C6F6E 
 2437      6720756E 
 2437      7369676E 
 2437      65642069 
 2438              	.LASF71:
 2439 0059 65786974 		.ascii	"exitcode\000"
 2439      636F6465 
 2439      00
 2440              	.LASF58:
 2441 0062 685F6672 		.ascii	"h_free\000"
 2441      656500
 2442              	.LASF79:
 2443 0069 68656170 		.ascii	"heapp\000"
 2443      7000
 2444              	.LASF60:
 2445 006f 6E657874 		.ascii	"next\000"
 2445      00
 2446              	.LASF26:
 2447 0074 705F7072 		.ascii	"p_prio\000"
 2447      696F00
 2448              	.LASF11:
 2449 007b 6C6F6E67 		.ascii	"long long int\000"
 2449      206C6F6E 
 2449      6720696E 
 2449      7400
 2450              	.LASF1:
 2451 0089 7369676E 		.ascii	"signed char\000"
 2451      65642063 
 2451      68617200 
 2452              	.LASF59:
 2453 0095 685F6D74 		.ascii	"h_mtx\000"
 2453      7800
 2454              	.LASF42:
 2455 009b 705F6D70 		.ascii	"p_mpool\000"
 2455      6F6F6C00 
 2456              	.LASF51:
 2457 00a3 6D5F7175 		.ascii	"m_queue\000"
 2457      65756500 
 2458              	.LASF83:
 2459 00ab 63684865 		.ascii	"chHeapFree\000"
 2459      61704672 
 2459      656500
 2460              	.LASF18:
 2461 00b6 74736C69 		.ascii	"tslices_t\000"
 2461      6365735F 
 2461      7400
 2462              	.LASF85:
 2463 00c0 63685468 		.ascii	"chThdCreateI\000"
 2463      64437265 
 2463      61746549 
 2463      00
ARM GAS  /tmp/ccgc2KyJ.s 			page 45


 2464              	.LASF8:
 2465 00cd 6C6F6E67 		.ascii	"long int\000"
 2465      20696E74 
 2465      00
 2466              	.LASF78:
 2467 00d6 63685468 		.ascii	"chThdCreateFromHeap\000"
 2467      64437265 
 2467      61746546 
 2467      726F6D48 
 2467      65617000 
 2468              	.LASF16:
 2469 00ea 74737461 		.ascii	"tstate_t\000"
 2469      74655F74 
 2469      00
 2470              	.LASF66:
 2471 00f3 6D705F6E 		.ascii	"mp_next\000"
 2471      65787400 
 2472              	.LASF28:
 2473 00fb 705F6E65 		.ascii	"p_newer\000"
 2473      77657200 
 2474              	.LASF81:
 2475 0103 63685468 		.ascii	"chThdCreateFromMemoryPool\000"
 2475      64437265 
 2475      61746546 
 2475      726F6D4D 
 2475      656D6F72 
 2476              	.LASF68:
 2477 011d 6D705F70 		.ascii	"mp_provider\000"
 2477      726F7669 
 2477      64657200 
 2478              	.LASF45:
 2479 0129 72656761 		.ascii	"regarm_t\000"
 2479      726D5F74 
 2479      00
 2480              	.LASF62:
 2481 0132 616C6967 		.ascii	"align\000"
 2481      6E00
 2482              	.LASF0:
 2483 0138 756E7369 		.ascii	"unsigned int\000"
 2483      676E6564 
 2483      20696E74 
 2483      00
 2484              	.LASF10:
 2485 0145 6C6F6E67 		.ascii	"long unsigned int\000"
 2485      20756E73 
 2485      69676E65 
 2485      6420696E 
 2485      7400
 2486              	.LASF48:
 2487 0157 636F6E74 		.ascii	"context\000"
 2487      65787400 
 2488              	.LASF63:
 2489 015f 73697A65 		.ascii	"size\000"
 2489      00
 2490              	.LASF6:
 2491 0164 73686F72 		.ascii	"short unsigned int\000"
 2491      7420756E 
ARM GAS  /tmp/ccgc2KyJ.s 			page 46


 2491      7369676E 
 2491      65642069 
 2491      6E7400
 2492              	.LASF89:
 2493 0177 2F686F6D 		.ascii	"/home/dpeter/devel/sources/ChibiOS-RT/os/kernel/src"
 2493      652F6470 
 2493      65746572 
 2493      2F646576 
 2493      656C2F73 
 2494 01aa 2F636864 		.ascii	"/chdynamic.c\000"
 2494      796E616D 
 2494      69632E63 
 2494      00
 2495              	.LASF20:
 2496 01b7 6D73675F 		.ascii	"msg_t\000"
 2496      7400
 2497              	.LASF15:
 2498 01bd 746D6F64 		.ascii	"tmode_t\000"
 2498      655F7400 
 2499              	.LASF44:
 2500 01c5 54687265 		.ascii	"ThreadsList\000"
 2500      6164734C 
 2500      69737400 
 2501              	.LASF21:
 2502 01d1 6576656E 		.ascii	"eventmask_t\000"
 2502      746D6173 
 2502      6B5F7400 
 2503              	.LASF50:
 2504 01dd 4D757465 		.ascii	"Mutex\000"
 2504      7800
 2505              	.LASF77:
 2506 01e3 63685468 		.ascii	"chThdAddRef\000"
 2506      64416464 
 2506      52656600 
 2507              	.LASF46:
 2508 01ef 73746B61 		.ascii	"stkalign_t\000"
 2508      6C69676E 
 2508      5F7400
 2509              	.LASF49:
 2510 01fa 73697A65 		.ascii	"sizetype\000"
 2510      74797065 
 2510      00
 2511              	.LASF29:
 2512 0203 705F6F6C 		.ascii	"p_older\000"
 2512      64657200 
 2513              	.LASF43:
 2514 020b 54687265 		.ascii	"ThreadsQueue\000"
 2514      61647351 
 2514      75657565 
 2514      00
 2515              	.LASF67:
 2516 0218 6D705F6F 		.ascii	"mp_object_size\000"
 2516      626A6563 
 2516      745F7369 
 2516      7A6500
 2517              	.LASF88:
 2518 0227 474E5520 		.ascii	"GNU C 4.7.3\000"
ARM GAS  /tmp/ccgc2KyJ.s 			page 47


 2518      4320342E 
 2518      372E3300 
 2519              	.LASF55:
 2520 0233 4D656D6F 		.ascii	"MemoryHeap\000"
 2520      72794865 
 2520      617000
 2521              	.LASF65:
 2522 023e 70685F6E 		.ascii	"ph_next\000"
 2522      65787400 
 2523              	.LASF17:
 2524 0246 74726566 		.ascii	"trefs_t\000"
 2524      735F7400 
 2525              	.LASF76:
 2526 024e 72656673 		.ascii	"refs\000"
 2526      00
 2527              	.LASF25:
 2528 0253 705F7072 		.ascii	"p_prev\000"
 2528      657600
 2529              	.LASF19:
 2530 025a 74707269 		.ascii	"tprio_t\000"
 2530      6F5F7400 
 2531              	.LASF14:
 2532 0262 5F426F6F 		.ascii	"_Bool\000"
 2532      6C00
 2533              	.LASF7:
 2534 0268 696E7433 		.ascii	"int32_t\000"
 2534      325F7400 
 2535              	.LASF4:
 2536 0270 756E7369 		.ascii	"unsigned char\000"
 2536      676E6564 
 2536      20636861 
 2536      7200
 2537              	.LASF57:
 2538 027e 685F7072 		.ascii	"h_provider\000"
 2538      6F766964 
 2538      657200
 2539              	.LASF40:
 2540 0289 705F6D74 		.ascii	"p_mtxlist\000"
 2540      786C6973 
 2540      7400
 2541              	.LASF5:
 2542 0293 73686F72 		.ascii	"short int\000"
 2542      7420696E 
 2542      7400
 2543              	.LASF31:
 2544 029d 705F7374 		.ascii	"p_state\000"
 2544      61746500 
 2545              	.LASF34:
 2546 02a5 705F7072 		.ascii	"p_preempt\000"
 2546      65656D70 
 2546      7400
 2547              	.LASF90:
 2548 02af 68656170 		.ascii	"heap_header\000"
 2548      5F686561 
 2548      64657200 
 2549              	.LASF73:
 2550 02bb 65776D61 		.ascii	"ewmask\000"
ARM GAS  /tmp/ccgc2KyJ.s 			page 48


 2550      736B00
 2551              	.LASF24:
 2552 02c2 705F6E65 		.ascii	"p_next\000"
 2552      787400
 2553              	.LASF32:
 2554 02c9 705F666C 		.ascii	"p_flags\000"
 2554      61677300 
 2555              	.LASF91:
 2556 02d1 63685468 		.ascii	"chThdRelease\000"
 2556      6452656C 
 2556      65617365 
 2556      00
 2557              	.LASF23:
 2558 02de 54687265 		.ascii	"Thread\000"
 2558      616400
 2559              	.LASF84:
 2560 02e5 63684865 		.ascii	"chHeapAlloc\000"
 2560      6170416C 
 2560      6C6F6300 
 2561              	.LASF39:
 2562 02f1 705F6570 		.ascii	"p_epending\000"
 2562      656E6469 
 2562      6E6700
 2563              	.LASF9:
 2564 02fc 75696E74 		.ascii	"uint32_t\000"
 2564      33325F74 
 2564      00
 2565              	.LASF61:
 2566 0305 68656170 		.ascii	"heap\000"
 2566      00
 2567              	.LASF74:
 2568 030a 63686172 		.ascii	"char\000"
 2568      00
 2569              	.LASF53:
 2570 030f 6D5F6E65 		.ascii	"m_next\000"
 2570      787400
 2571              	.LASF22:
 2572 0316 73797374 		.ascii	"systime_t\000"
 2572      696D655F 
 2572      7400
 2573              	.LASF41:
 2574 0320 705F7265 		.ascii	"p_realprio\000"
 2574      616C7072 
 2574      696F00
 2575              	.LASF35:
 2576 032b 705F7469 		.ascii	"p_time\000"
 2576      6D6500
 2577              	.LASF47:
 2578 0332 696E7463 		.ascii	"intctx\000"
 2578      747800
 2579              	.LASF37:
 2580 0339 705F6D73 		.ascii	"p_msgqueue\000"
 2580      67717565 
 2580      756500
 2581              	.LASF86:
 2582 0344 63685363 		.ascii	"chSchWakeupS\000"
 2582      6857616B 
ARM GAS  /tmp/ccgc2KyJ.s 			page 49


 2582      65757053 
 2582      00
 2583              	.LASF64:
 2584 0351 706F6F6C 		.ascii	"pool_header\000"
 2584      5F686561 
 2584      64657200 
 2585              	.LASF33:
 2586 035d 705F7265 		.ascii	"p_refs\000"
 2586      667300
 2587              	.LASF3:
 2588 0364 75696E74 		.ascii	"uint8_t\000"
 2588      385F7400 
 2589              	.LASF87:
 2590 036c 6368506F 		.ascii	"chPoolAlloc\000"
 2590      6F6C416C 
 2590      6C6F6300 
 2591              	.LASF82:
 2592 0378 6368506F 		.ascii	"chPoolFree\000"
 2592      6F6C4672 
 2592      656500
 2593              	.LASF72:
 2594 0383 77746F62 		.ascii	"wtobjp\000"
 2594      6A7000
 2595              	.LASF30:
 2596 038a 705F6E61 		.ascii	"p_name\000"
 2596      6D6500
 2597              	.LASF52:
 2598 0391 6D5F6F77 		.ascii	"m_owner\000"
 2598      6E657200 
 2599              	.LASF27:
 2600 0399 705F6374 		.ascii	"p_ctx\000"
 2600      7800
 2601              	.LASF36:
 2602 039f 705F7761 		.ascii	"p_waiting\000"
 2602      6974696E 
 2602      6700
 2603              	.LASF56:
 2604 03a9 6D656D6F 		.ascii	"memory_heap\000"
 2604      72795F68 
 2604      65617000 
 2605              		.ident	"GCC: (Sourcery CodeBench Lite 2013.05-23) 4.7.3"
ARM GAS  /tmp/ccgc2KyJ.s 			page 50


DEFINED SYMBOLS
                            *ABS*:00000000 chdynamic.c
     /tmp/ccgc2KyJ.s:19     .text.chThdAddRef:00000000 $t
     /tmp/ccgc2KyJ.s:25     .text.chThdAddRef:00000000 chThdAddRef
     /tmp/ccgc2KyJ.s:65     .text.chThdRelease:00000000 $t
     /tmp/ccgc2KyJ.s:71     .text.chThdRelease:00000000 chThdRelease
     /tmp/ccgc2KyJ.s:157    .text.chThdCreateFromHeap:00000000 $t
     /tmp/ccgc2KyJ.s:163    .text.chThdCreateFromHeap:00000000 chThdCreateFromHeap
     /tmp/ccgc2KyJ.s:240    .text.chThdCreateFromMemoryPool:00000000 $t
     /tmp/ccgc2KyJ.s:246    .text.chThdCreateFromMemoryPool:00000000 chThdCreateFromMemoryPool
                     .debug_frame:00000010 $d

UNDEFINED SYMBOLS
chPoolFree
chHeapFree
chHeapAlloc
chThdCreateI
chSchWakeupS
chPoolAlloc
