ARM GAS  /tmp/cc573UHA.s 			page 1


   1              		.syntax unified
   2              		.cpu cortex-m4
   3              		.fpu softvfp
   4              		.eabi_attribute 20, 1
   5              		.eabi_attribute 21, 1
   6              		.eabi_attribute 23, 3
   7              		.eabi_attribute 24, 1
   8              		.eabi_attribute 25, 1
   9              		.eabi_attribute 26, 1
  10              		.eabi_attribute 30, 2
  11              		.eabi_attribute 34, 1
  12              		.eabi_attribute 18, 4
  13              		.thumb
  14              		.file	"chmemcore.c"
  15              		.text
  16              	.Ltext0:
  17              		.cfi_sections	.debug_frame
  18              		.section	.text._core_init,"ax",%progbits
  19              		.align	2
  20              		.p2align 4,,15
  21              		.global	_core_init
  22              		.thumb
  23              		.thumb_func
  24              		.type	_core_init, %function
  25              	_core_init:
  26              	.LFB7:
  27              		.file 1 "/home/dpeter/devel/sources/ChibiOS-RT/os/kernel/src/chmemcore.c"
  28              		.loc 1 59 0
  29              		.cfi_startproc
  30              		@ args = 0, pretend = 0, frame = 0
  31              		@ frame_needed = 0, uses_anonymous_args = 0
  32              		@ link register save eliminated.
  33              		.loc 1 63 0
  34 0000 054A     		ldr	r2, .L2
  35 0002 064B     		ldr	r3, .L2+4
  36 0004 22F00702 		bic	r2, r2, #7
  37 0008 1A60     		str	r2, [r3, #0]
  38              		.loc 1 64 0
  39 000a 054A     		ldr	r2, .L2+8
  40 000c 054B     		ldr	r3, .L2+12
  41 000e 22F00702 		bic	r2, r2, #7
  42 0012 1A60     		str	r2, [r3, #0]
  43 0014 7047     		bx	lr
  44              	.L3:
  45 0016 00BF     		.align	2
  46              	.L2:
  47 0018 07000000 		.word	__heap_base__+7
  48 001c 00000000 		.word	.LANCHOR0
  49 0020 00000000 		.word	__heap_end__
  50 0024 00000000 		.word	.LANCHOR1
  51              		.cfi_endproc
  52              	.LFE7:
  53              		.size	_core_init, .-_core_init
  54 0028 AFF30080 		.section	.text.chCoreAlloc,"ax",%progbits
  54      AFF30080 
  55              		.align	2
  56              		.p2align 4,,15
ARM GAS  /tmp/cc573UHA.s 			page 2


  57              		.global	chCoreAlloc
  58              		.thumb
  59              		.thumb_func
  60              		.type	chCoreAlloc, %function
  61              	chCoreAlloc:
  62              	.LFB8:
  63              		.loc 1 84 0
  64              		.cfi_startproc
  65              		@ args = 0, pretend = 0, frame = 0
  66              		@ frame_needed = 0, uses_anonymous_args = 0
  67              		@ link register save eliminated.
  68              	.LVL0:
  69              	.LBB6:
  70              		.loc 1 87 0
  71 0000 2023     		movs	r3, #32
  72              	.LVL1:
  73              	@ 87 "/home/dpeter/devel/sources/ChibiOS-RT/os/kernel/src/chmemcore.c" 1
  74 0002 83F31188 		msr     BASEPRI, r3
  75              	@ 0 "" 2
  76              	.LVL2:
  77              		.thumb
  78              	.LBE6:
  79              	.LBB7:
  80              	.LBB8:
  81              		.loc 1 111 0
  82 0006 094B     		ldr	r3, .L7
  83              	.LVL3:
  84 0008 0949     		ldr	r1, .L7+4
  85 000a 1A68     		ldr	r2, [r3, #0]
  86 000c 0968     		ldr	r1, [r1, #0]
  87              		.loc 1 110 0
  88 000e 0730     		adds	r0, r0, #7
  89              	.LVL4:
  90 0010 20F00700 		bic	r0, r0, #7
  91              	.LVL5:
  92              		.loc 1 111 0
  93 0014 891A     		subs	r1, r1, r2
  94 0016 8842     		cmp	r0, r1
  95              	.LVL6:
  96              		.loc 1 114 0
  97 0018 9ABF     		itte	ls
  98 001a 1018     		addls	r0, r2, r0
  99              	.LVL7:
 100 001c 1860     		strls	r0, [r3, #0]
 101              		.loc 1 112 0
 102 001e 0022     		movhi	r2, #0
 103              	.LVL8:
 104              	.LBE8:
 105              	.LBE7:
 106              	.LBB9:
 107              		.loc 1 89 0
 108 0020 0023     		movs	r3, #0
 109              	.LVL9:
 110              	@ 89 "/home/dpeter/devel/sources/ChibiOS-RT/os/kernel/src/chmemcore.c" 1
 111 0022 83F31188 		msr     BASEPRI, r3
 112              	@ 0 "" 2
 113              	.LVL10:
ARM GAS  /tmp/cc573UHA.s 			page 3


 114              		.thumb
 115              	.LBE9:
 116              		.loc 1 91 0
 117 0026 1046     		mov	r0, r2
 118 0028 7047     		bx	lr
 119              	.L8:
 120 002a 00BF     		.align	2
 121              	.L7:
 122 002c 00000000 		.word	.LANCHOR0
 123 0030 00000000 		.word	.LANCHOR1
 124              		.cfi_endproc
 125              	.LFE8:
 126              		.size	chCoreAlloc, .-chCoreAlloc
 127 0034 AFF30080 		.section	.text.chCoreAllocI,"ax",%progbits
 127      AFF30080 
 127      AFF30080 
 128              		.align	2
 129              		.p2align 4,,15
 130              		.global	chCoreAllocI
 131              		.thumb
 132              		.thumb_func
 133              		.type	chCoreAllocI, %function
 134              	chCoreAllocI:
 135              	.LFB9:
 136              		.loc 1 105 0
 137              		.cfi_startproc
 138              		@ args = 0, pretend = 0, frame = 0
 139              		@ frame_needed = 0, uses_anonymous_args = 0
 140              		@ link register save eliminated.
 141              	.LVL11:
 142              		.loc 1 111 0
 143 0000 074A     		ldr	r2, .L12
 144 0002 0849     		ldr	r1, .L12+4
 145 0004 1368     		ldr	r3, [r2, #0]
 146 0006 0968     		ldr	r1, [r1, #0]
 147              		.loc 1 110 0
 148 0008 0730     		adds	r0, r0, #7
 149              	.LVL12:
 150 000a 20F00700 		bic	r0, r0, #7
 151              	.LVL13:
 152              		.loc 1 111 0
 153 000e C91A     		subs	r1, r1, r3
 154 0010 8842     		cmp	r0, r1
 155              	.LVL14:
 156              		.loc 1 114 0
 157 0012 9ABF     		itte	ls
 158 0014 1818     		addls	r0, r3, r0
 159              	.LVL15:
 160 0016 1060     		strls	r0, [r2, #0]
 161              		.loc 1 112 0
 162 0018 0023     		movhi	r3, #0
 163              	.LVL16:
 164              		.loc 1 116 0
 165 001a 1846     		mov	r0, r3
 166 001c 7047     		bx	lr
 167              	.L13:
 168 001e 00BF     		.align	2
ARM GAS  /tmp/cc573UHA.s 			page 4


 169              	.L12:
 170 0020 00000000 		.word	.LANCHOR0
 171 0024 00000000 		.word	.LANCHOR1
 172              		.cfi_endproc
 173              	.LFE9:
 174              		.size	chCoreAllocI, .-chCoreAllocI
 175 0028 AFF30080 		.section	.text.chCoreStatus,"ax",%progbits
 175      AFF30080 
 176              		.align	2
 177              		.p2align 4,,15
 178              		.global	chCoreStatus
 179              		.thumb
 180              		.thumb_func
 181              		.type	chCoreStatus, %function
 182              	chCoreStatus:
 183              	.LFB10:
 184              		.loc 1 125 0
 185              		.cfi_startproc
 186              		@ args = 0, pretend = 0, frame = 0
 187              		@ frame_needed = 0, uses_anonymous_args = 0
 188              		@ link register save eliminated.
 189              		.loc 1 127 0
 190 0000 024B     		ldr	r3, .L15
 191 0002 1868     		ldr	r0, [r3, #0]
 192 0004 024B     		ldr	r3, .L15+4
 193 0006 1B68     		ldr	r3, [r3, #0]
 194              		.loc 1 128 0
 195 0008 C01A     		subs	r0, r0, r3
 196 000a 7047     		bx	lr
 197              	.L16:
 198              		.align	2
 199              	.L15:
 200 000c 00000000 		.word	.LANCHOR1
 201 0010 00000000 		.word	.LANCHOR0
 202              		.cfi_endproc
 203              	.LFE10:
 204              		.size	chCoreStatus, .-chCoreStatus
 205 0014 AFF30080 		.section	.bss.endmem,"aw",%nobits
 205      AFF30080 
 205      AFF30080 
 206              		.align	2
 207              		.set	.LANCHOR1,. + 0
 208              		.type	endmem, %object
 209              		.size	endmem, 4
 210              	endmem:
 211 0000 00000000 		.space	4
 212              		.section	.bss.nextmem,"aw",%nobits
 213              		.align	2
 214              		.set	.LANCHOR0,. + 0
 215              		.type	nextmem, %object
 216              		.size	nextmem, 4
 217              	nextmem:
 218 0000 00000000 		.space	4
 219              		.text
 220              	.Letext0:
 221              		.file 2 "/home/dpeter/CodeSourcery/Sourcery_CodeBench_Lite_for_ARM_EABI/bin/../lib/gcc/arm-none-ea
 222              		.file 3 "/home/dpeter/CodeSourcery/Sourcery_CodeBench_Lite_for_ARM_EABI/bin/../lib/gcc/arm-none-ea
ARM GAS  /tmp/cc573UHA.s 			page 5


 223              		.section	.debug_info,"",%progbits
 224              	.Ldebug_info0:
 225 0000 27020000 		.4byte	0x227
 226 0004 0200     		.2byte	0x2
 227 0006 00000000 		.4byte	.Ldebug_abbrev0
 228 000a 04       		.byte	0x4
 229 000b 01       		.uleb128 0x1
 230 000c 8B000000 		.4byte	.LASF19
 231 0010 01       		.byte	0x1
 232 0011 30000000 		.4byte	.LASF20
 233 0015 00000000 		.4byte	.Ldebug_ranges0+0
 234 0019 00000000 		.4byte	0
 235 001d 00000000 		.4byte	0
 236 0021 00000000 		.4byte	.Ldebug_line0
 237 0025 02       		.uleb128 0x2
 238 0026 04       		.byte	0x4
 239 0027 05       		.byte	0x5
 240 0028 696E7400 		.ascii	"int\000"
 241 002c 03       		.uleb128 0x3
 242 002d 21000000 		.4byte	.LASF2
 243 0031 02       		.byte	0x2
 244 0032 D5       		.byte	0xd5
 245 0033 37000000 		.4byte	0x37
 246 0037 04       		.uleb128 0x4
 247 0038 04       		.byte	0x4
 248 0039 07       		.byte	0x7
 249 003a 39010000 		.4byte	.LASF0
 250 003e 04       		.uleb128 0x4
 251 003f 01       		.byte	0x1
 252 0040 06       		.byte	0x6
 253 0041 13010000 		.4byte	.LASF1
 254 0045 03       		.uleb128 0x3
 255 0046 C0000000 		.4byte	.LASF3
 256 004a 03       		.byte	0x3
 257 004b 2A       		.byte	0x2a
 258 004c 50000000 		.4byte	0x50
 259 0050 04       		.uleb128 0x4
 260 0051 01       		.byte	0x1
 261 0052 08       		.byte	0x8
 262 0053 C8000000 		.4byte	.LASF4
 263 0057 04       		.uleb128 0x4
 264 0058 02       		.byte	0x2
 265 0059 05       		.byte	0x5
 266 005a 2F010000 		.4byte	.LASF5
 267 005e 04       		.uleb128 0x4
 268 005f 02       		.byte	0x2
 269 0060 07       		.byte	0x7
 270 0061 0E000000 		.4byte	.LASF6
 271 0065 04       		.uleb128 0x4
 272 0066 04       		.byte	0x4
 273 0067 05       		.byte	0x5
 274 0068 F0000000 		.4byte	.LASF7
 275 006c 03       		.uleb128 0x3
 276 006d E7000000 		.4byte	.LASF8
 277 0071 03       		.byte	0x3
 278 0072 50       		.byte	0x50
 279 0073 77000000 		.4byte	0x77
ARM GAS  /tmp/cc573UHA.s 			page 6


 280 0077 04       		.uleb128 0x4
 281 0078 04       		.byte	0x4
 282 0079 07       		.byte	0x7
 283 007a 97000000 		.4byte	.LASF9
 284 007e 04       		.uleb128 0x4
 285 007f 08       		.byte	0x8
 286 0080 05       		.byte	0x5
 287 0081 00000000 		.4byte	.LASF10
 288 0085 04       		.uleb128 0x4
 289 0086 08       		.byte	0x8
 290 0087 07       		.byte	0x7
 291 0088 A9000000 		.4byte	.LASF11
 292 008c 04       		.uleb128 0x4
 293 008d 01       		.byte	0x1
 294 008e 02       		.byte	0x2
 295 008f F9000000 		.4byte	.LASF12
 296 0093 05       		.uleb128 0x5
 297 0094 04       		.byte	0x4
 298 0095 04       		.uleb128 0x4
 299 0096 04       		.byte	0x4
 300 0097 07       		.byte	0x7
 301 0098 46010000 		.4byte	.LASF13
 302 009c 04       		.uleb128 0x4
 303 009d 01       		.byte	0x1
 304 009e 08       		.byte	0x8
 305 009f D6000000 		.4byte	.LASF14
 306 00a3 06       		.uleb128 0x6
 307 00a4 04       		.byte	0x4
 308 00a5 45000000 		.4byte	0x45
 309 00a9 07       		.uleb128 0x7
 310 00aa 01       		.byte	0x1
 311 00ab 06010000 		.4byte	.LASF21
 312 00af 01       		.byte	0x1
 313 00b0 69       		.byte	0x69
 314 00b1 01       		.byte	0x1
 315 00b2 93000000 		.4byte	0x93
 316 00b6 01       		.byte	0x1
 317 00b7 D0000000 		.4byte	0xd0
 318 00bb 08       		.uleb128 0x8
 319 00bc 1F010000 		.4byte	.LASF22
 320 00c0 01       		.byte	0x1
 321 00c1 69       		.byte	0x69
 322 00c2 2C000000 		.4byte	0x2c
 323 00c6 09       		.uleb128 0x9
 324 00c7 7000     		.ascii	"p\000"
 325 00c9 01       		.byte	0x1
 326 00ca 6A       		.byte	0x6a
 327 00cb 93000000 		.4byte	0x93
 328 00cf 00       		.byte	0
 329 00d0 0A       		.uleb128 0xa
 330 00d1 01       		.byte	0x1
 331 00d2 24010000 		.4byte	.LASF23
 332 00d6 01       		.byte	0x1
 333 00d7 3B       		.byte	0x3b
 334 00d8 01       		.byte	0x1
 335 00d9 00000000 		.4byte	.LFB7
 336 00dd 28000000 		.4byte	.LFE7
ARM GAS  /tmp/cc573UHA.s 			page 7


 337 00e1 02       		.byte	0x2
 338 00e2 7D       		.byte	0x7d
 339 00e3 00       		.sleb128 0
 340 00e4 01       		.byte	0x1
 341 00e5 04010000 		.4byte	0x104
 342 00e9 0B       		.uleb128 0xb
 343 00ea 7D000000 		.4byte	.LASF15
 344 00ee 01       		.byte	0x1
 345 00ef 3D       		.byte	0x3d
 346 00f0 04010000 		.4byte	0x104
 347 00f4 01       		.byte	0x1
 348 00f5 01       		.byte	0x1
 349 00f6 0B       		.uleb128 0xb
 350 00f7 70000000 		.4byte	.LASF16
 351 00fb 01       		.byte	0x1
 352 00fc 3E       		.byte	0x3e
 353 00fd 04010000 		.4byte	0x104
 354 0101 01       		.byte	0x1
 355 0102 01       		.byte	0x1
 356 0103 00       		.byte	0
 357 0104 0C       		.uleb128 0xc
 358 0105 45000000 		.4byte	0x45
 359 0109 0F010000 		.4byte	0x10f
 360 010d 0D       		.uleb128 0xd
 361 010e 00       		.byte	0
 362 010f 0E       		.uleb128 0xe
 363 0110 01       		.byte	0x1
 364 0111 DB000000 		.4byte	.LASF24
 365 0115 01       		.byte	0x1
 366 0116 54       		.byte	0x54
 367 0117 01       		.byte	0x1
 368 0118 93000000 		.4byte	0x93
 369 011c 00000000 		.4byte	.LFB8
 370 0120 34000000 		.4byte	.LFE8
 371 0124 02       		.byte	0x2
 372 0125 7D       		.byte	0x7d
 373 0126 00       		.sleb128 0
 374 0127 01       		.byte	0x1
 375 0128 AD010000 		.4byte	0x1ad
 376 012c 0F       		.uleb128 0xf
 377 012d 1F010000 		.4byte	.LASF22
 378 0131 01       		.byte	0x1
 379 0132 54       		.byte	0x54
 380 0133 2C000000 		.4byte	0x2c
 381 0137 00000000 		.4byte	.LLST0
 382 013b 10       		.uleb128 0x10
 383 013c 7000     		.ascii	"p\000"
 384 013e 01       		.byte	0x1
 385 013f 55       		.byte	0x55
 386 0140 93000000 		.4byte	0x93
 387 0144 01       		.byte	0x1
 388 0145 52       		.byte	0x52
 389 0146 11       		.uleb128 0x11
 390 0147 00000000 		.4byte	.LBB6
 391 014b 06000000 		.4byte	.LBE6
 392 014f 63010000 		.4byte	0x163
 393 0153 12       		.uleb128 0x12
ARM GAS  /tmp/cc573UHA.s 			page 8


 394 0154 746D7000 		.ascii	"tmp\000"
 395 0158 01       		.byte	0x1
 396 0159 57       		.byte	0x57
 397 015a 6C000000 		.4byte	0x6c
 398 015e 2E000000 		.4byte	.LLST1
 399 0162 00       		.byte	0
 400 0163 13       		.uleb128 0x13
 401 0164 A9000000 		.4byte	0xa9
 402 0168 06000000 		.4byte	.LBB7
 403 016c 20000000 		.4byte	.LBE7
 404 0170 01       		.byte	0x1
 405 0171 58       		.byte	0x58
 406 0172 93010000 		.4byte	0x193
 407 0176 14       		.uleb128 0x14
 408 0177 BB000000 		.4byte	0xbb
 409 017b 41000000 		.4byte	.LLST2
 410 017f 15       		.uleb128 0x15
 411 0180 06000000 		.4byte	.LBB8
 412 0184 20000000 		.4byte	.LBE8
 413 0188 16       		.uleb128 0x16
 414 0189 C6000000 		.4byte	0xc6
 415 018d 7F000000 		.4byte	.LLST3
 416 0191 00       		.byte	0
 417 0192 00       		.byte	0
 418 0193 15       		.uleb128 0x15
 419 0194 20000000 		.4byte	.LBB9
 420 0198 26000000 		.4byte	.LBE9
 421 019c 12       		.uleb128 0x12
 422 019d 746D7000 		.ascii	"tmp\000"
 423 01a1 01       		.byte	0x1
 424 01a2 59       		.byte	0x59
 425 01a3 6C000000 		.4byte	0x6c
 426 01a7 A1000000 		.4byte	.LLST4
 427 01ab 00       		.byte	0
 428 01ac 00       		.byte	0
 429 01ad 17       		.uleb128 0x17
 430 01ae A9000000 		.4byte	0xa9
 431 01b2 00000000 		.4byte	.LFB9
 432 01b6 28000000 		.4byte	.LFE9
 433 01ba 02       		.byte	0x2
 434 01bb 7D       		.byte	0x7d
 435 01bc 00       		.sleb128 0
 436 01bd 01       		.byte	0x1
 437 01be D5010000 		.4byte	0x1d5
 438 01c2 14       		.uleb128 0x14
 439 01c3 BB000000 		.4byte	0xbb
 440 01c7 B4000000 		.4byte	.LLST5
 441 01cb 16       		.uleb128 0x16
 442 01cc C6000000 		.4byte	0xc6
 443 01d0 F2000000 		.4byte	.LLST6
 444 01d4 00       		.byte	0
 445 01d5 18       		.uleb128 0x18
 446 01d6 01       		.byte	0x1
 447 01d7 4F010000 		.4byte	.LASF25
 448 01db 01       		.byte	0x1
 449 01dc 7D       		.byte	0x7d
 450 01dd 01       		.byte	0x1
ARM GAS  /tmp/cc573UHA.s 			page 9


 451 01de 2C000000 		.4byte	0x2c
 452 01e2 00000000 		.4byte	.LFB10
 453 01e6 14000000 		.4byte	.LFE10
 454 01ea 02       		.byte	0x2
 455 01eb 7D       		.byte	0x7d
 456 01ec 00       		.sleb128 0
 457 01ed 01       		.byte	0x1
 458 01ee 19       		.uleb128 0x19
 459 01ef 28000000 		.4byte	.LASF17
 460 01f3 01       		.byte	0x1
 461 01f4 33       		.byte	0x33
 462 01f5 A3000000 		.4byte	0xa3
 463 01f9 05       		.byte	0x5
 464 01fa 03       		.byte	0x3
 465 01fb 00000000 		.4byte	nextmem
 466 01ff 19       		.uleb128 0x19
 467 0200 FF000000 		.4byte	.LASF18
 468 0204 01       		.byte	0x1
 469 0205 34       		.byte	0x34
 470 0206 A3000000 		.4byte	0xa3
 471 020a 05       		.byte	0x5
 472 020b 03       		.byte	0x3
 473 020c 00000000 		.4byte	endmem
 474 0210 0B       		.uleb128 0xb
 475 0211 7D000000 		.4byte	.LASF15
 476 0215 01       		.byte	0x1
 477 0216 3D       		.byte	0x3d
 478 0217 04010000 		.4byte	0x104
 479 021b 01       		.byte	0x1
 480 021c 01       		.byte	0x1
 481 021d 0B       		.uleb128 0xb
 482 021e 70000000 		.4byte	.LASF16
 483 0222 01       		.byte	0x1
 484 0223 3E       		.byte	0x3e
 485 0224 04010000 		.4byte	0x104
 486 0228 01       		.byte	0x1
 487 0229 01       		.byte	0x1
 488 022a 00       		.byte	0
 489              		.section	.debug_abbrev,"",%progbits
 490              	.Ldebug_abbrev0:
 491 0000 01       		.uleb128 0x1
 492 0001 11       		.uleb128 0x11
 493 0002 01       		.byte	0x1
 494 0003 25       		.uleb128 0x25
 495 0004 0E       		.uleb128 0xe
 496 0005 13       		.uleb128 0x13
 497 0006 0B       		.uleb128 0xb
 498 0007 03       		.uleb128 0x3
 499 0008 0E       		.uleb128 0xe
 500 0009 55       		.uleb128 0x55
 501 000a 06       		.uleb128 0x6
 502 000b 11       		.uleb128 0x11
 503 000c 01       		.uleb128 0x1
 504 000d 52       		.uleb128 0x52
 505 000e 01       		.uleb128 0x1
 506 000f 10       		.uleb128 0x10
 507 0010 06       		.uleb128 0x6
ARM GAS  /tmp/cc573UHA.s 			page 10


 508 0011 00       		.byte	0
 509 0012 00       		.byte	0
 510 0013 02       		.uleb128 0x2
 511 0014 24       		.uleb128 0x24
 512 0015 00       		.byte	0
 513 0016 0B       		.uleb128 0xb
 514 0017 0B       		.uleb128 0xb
 515 0018 3E       		.uleb128 0x3e
 516 0019 0B       		.uleb128 0xb
 517 001a 03       		.uleb128 0x3
 518 001b 08       		.uleb128 0x8
 519 001c 00       		.byte	0
 520 001d 00       		.byte	0
 521 001e 03       		.uleb128 0x3
 522 001f 16       		.uleb128 0x16
 523 0020 00       		.byte	0
 524 0021 03       		.uleb128 0x3
 525 0022 0E       		.uleb128 0xe
 526 0023 3A       		.uleb128 0x3a
 527 0024 0B       		.uleb128 0xb
 528 0025 3B       		.uleb128 0x3b
 529 0026 0B       		.uleb128 0xb
 530 0027 49       		.uleb128 0x49
 531 0028 13       		.uleb128 0x13
 532 0029 00       		.byte	0
 533 002a 00       		.byte	0
 534 002b 04       		.uleb128 0x4
 535 002c 24       		.uleb128 0x24
 536 002d 00       		.byte	0
 537 002e 0B       		.uleb128 0xb
 538 002f 0B       		.uleb128 0xb
 539 0030 3E       		.uleb128 0x3e
 540 0031 0B       		.uleb128 0xb
 541 0032 03       		.uleb128 0x3
 542 0033 0E       		.uleb128 0xe
 543 0034 00       		.byte	0
 544 0035 00       		.byte	0
 545 0036 05       		.uleb128 0x5
 546 0037 0F       		.uleb128 0xf
 547 0038 00       		.byte	0
 548 0039 0B       		.uleb128 0xb
 549 003a 0B       		.uleb128 0xb
 550 003b 00       		.byte	0
 551 003c 00       		.byte	0
 552 003d 06       		.uleb128 0x6
 553 003e 0F       		.uleb128 0xf
 554 003f 00       		.byte	0
 555 0040 0B       		.uleb128 0xb
 556 0041 0B       		.uleb128 0xb
 557 0042 49       		.uleb128 0x49
 558 0043 13       		.uleb128 0x13
 559 0044 00       		.byte	0
 560 0045 00       		.byte	0
 561 0046 07       		.uleb128 0x7
 562 0047 2E       		.uleb128 0x2e
 563 0048 01       		.byte	0x1
 564 0049 3F       		.uleb128 0x3f
ARM GAS  /tmp/cc573UHA.s 			page 11


 565 004a 0C       		.uleb128 0xc
 566 004b 03       		.uleb128 0x3
 567 004c 0E       		.uleb128 0xe
 568 004d 3A       		.uleb128 0x3a
 569 004e 0B       		.uleb128 0xb
 570 004f 3B       		.uleb128 0x3b
 571 0050 0B       		.uleb128 0xb
 572 0051 27       		.uleb128 0x27
 573 0052 0C       		.uleb128 0xc
 574 0053 49       		.uleb128 0x49
 575 0054 13       		.uleb128 0x13
 576 0055 20       		.uleb128 0x20
 577 0056 0B       		.uleb128 0xb
 578 0057 01       		.uleb128 0x1
 579 0058 13       		.uleb128 0x13
 580 0059 00       		.byte	0
 581 005a 00       		.byte	0
 582 005b 08       		.uleb128 0x8
 583 005c 05       		.uleb128 0x5
 584 005d 00       		.byte	0
 585 005e 03       		.uleb128 0x3
 586 005f 0E       		.uleb128 0xe
 587 0060 3A       		.uleb128 0x3a
 588 0061 0B       		.uleb128 0xb
 589 0062 3B       		.uleb128 0x3b
 590 0063 0B       		.uleb128 0xb
 591 0064 49       		.uleb128 0x49
 592 0065 13       		.uleb128 0x13
 593 0066 00       		.byte	0
 594 0067 00       		.byte	0
 595 0068 09       		.uleb128 0x9
 596 0069 34       		.uleb128 0x34
 597 006a 00       		.byte	0
 598 006b 03       		.uleb128 0x3
 599 006c 08       		.uleb128 0x8
 600 006d 3A       		.uleb128 0x3a
 601 006e 0B       		.uleb128 0xb
 602 006f 3B       		.uleb128 0x3b
 603 0070 0B       		.uleb128 0xb
 604 0071 49       		.uleb128 0x49
 605 0072 13       		.uleb128 0x13
 606 0073 00       		.byte	0
 607 0074 00       		.byte	0
 608 0075 0A       		.uleb128 0xa
 609 0076 2E       		.uleb128 0x2e
 610 0077 01       		.byte	0x1
 611 0078 3F       		.uleb128 0x3f
 612 0079 0C       		.uleb128 0xc
 613 007a 03       		.uleb128 0x3
 614 007b 0E       		.uleb128 0xe
 615 007c 3A       		.uleb128 0x3a
 616 007d 0B       		.uleb128 0xb
 617 007e 3B       		.uleb128 0x3b
 618 007f 0B       		.uleb128 0xb
 619 0080 27       		.uleb128 0x27
 620 0081 0C       		.uleb128 0xc
 621 0082 11       		.uleb128 0x11
ARM GAS  /tmp/cc573UHA.s 			page 12


 622 0083 01       		.uleb128 0x1
 623 0084 12       		.uleb128 0x12
 624 0085 01       		.uleb128 0x1
 625 0086 40       		.uleb128 0x40
 626 0087 0A       		.uleb128 0xa
 627 0088 9742     		.uleb128 0x2117
 628 008a 0C       		.uleb128 0xc
 629 008b 01       		.uleb128 0x1
 630 008c 13       		.uleb128 0x13
 631 008d 00       		.byte	0
 632 008e 00       		.byte	0
 633 008f 0B       		.uleb128 0xb
 634 0090 34       		.uleb128 0x34
 635 0091 00       		.byte	0
 636 0092 03       		.uleb128 0x3
 637 0093 0E       		.uleb128 0xe
 638 0094 3A       		.uleb128 0x3a
 639 0095 0B       		.uleb128 0xb
 640 0096 3B       		.uleb128 0x3b
 641 0097 0B       		.uleb128 0xb
 642 0098 49       		.uleb128 0x49
 643 0099 13       		.uleb128 0x13
 644 009a 3F       		.uleb128 0x3f
 645 009b 0C       		.uleb128 0xc
 646 009c 3C       		.uleb128 0x3c
 647 009d 0C       		.uleb128 0xc
 648 009e 00       		.byte	0
 649 009f 00       		.byte	0
 650 00a0 0C       		.uleb128 0xc
 651 00a1 01       		.uleb128 0x1
 652 00a2 01       		.byte	0x1
 653 00a3 49       		.uleb128 0x49
 654 00a4 13       		.uleb128 0x13
 655 00a5 01       		.uleb128 0x1
 656 00a6 13       		.uleb128 0x13
 657 00a7 00       		.byte	0
 658 00a8 00       		.byte	0
 659 00a9 0D       		.uleb128 0xd
 660 00aa 21       		.uleb128 0x21
 661 00ab 00       		.byte	0
 662 00ac 00       		.byte	0
 663 00ad 00       		.byte	0
 664 00ae 0E       		.uleb128 0xe
 665 00af 2E       		.uleb128 0x2e
 666 00b0 01       		.byte	0x1
 667 00b1 3F       		.uleb128 0x3f
 668 00b2 0C       		.uleb128 0xc
 669 00b3 03       		.uleb128 0x3
 670 00b4 0E       		.uleb128 0xe
 671 00b5 3A       		.uleb128 0x3a
 672 00b6 0B       		.uleb128 0xb
 673 00b7 3B       		.uleb128 0x3b
 674 00b8 0B       		.uleb128 0xb
 675 00b9 27       		.uleb128 0x27
 676 00ba 0C       		.uleb128 0xc
 677 00bb 49       		.uleb128 0x49
 678 00bc 13       		.uleb128 0x13
ARM GAS  /tmp/cc573UHA.s 			page 13


 679 00bd 11       		.uleb128 0x11
 680 00be 01       		.uleb128 0x1
 681 00bf 12       		.uleb128 0x12
 682 00c0 01       		.uleb128 0x1
 683 00c1 40       		.uleb128 0x40
 684 00c2 0A       		.uleb128 0xa
 685 00c3 9742     		.uleb128 0x2117
 686 00c5 0C       		.uleb128 0xc
 687 00c6 01       		.uleb128 0x1
 688 00c7 13       		.uleb128 0x13
 689 00c8 00       		.byte	0
 690 00c9 00       		.byte	0
 691 00ca 0F       		.uleb128 0xf
 692 00cb 05       		.uleb128 0x5
 693 00cc 00       		.byte	0
 694 00cd 03       		.uleb128 0x3
 695 00ce 0E       		.uleb128 0xe
 696 00cf 3A       		.uleb128 0x3a
 697 00d0 0B       		.uleb128 0xb
 698 00d1 3B       		.uleb128 0x3b
 699 00d2 0B       		.uleb128 0xb
 700 00d3 49       		.uleb128 0x49
 701 00d4 13       		.uleb128 0x13
 702 00d5 02       		.uleb128 0x2
 703 00d6 06       		.uleb128 0x6
 704 00d7 00       		.byte	0
 705 00d8 00       		.byte	0
 706 00d9 10       		.uleb128 0x10
 707 00da 34       		.uleb128 0x34
 708 00db 00       		.byte	0
 709 00dc 03       		.uleb128 0x3
 710 00dd 08       		.uleb128 0x8
 711 00de 3A       		.uleb128 0x3a
 712 00df 0B       		.uleb128 0xb
 713 00e0 3B       		.uleb128 0x3b
 714 00e1 0B       		.uleb128 0xb
 715 00e2 49       		.uleb128 0x49
 716 00e3 13       		.uleb128 0x13
 717 00e4 02       		.uleb128 0x2
 718 00e5 0A       		.uleb128 0xa
 719 00e6 00       		.byte	0
 720 00e7 00       		.byte	0
 721 00e8 11       		.uleb128 0x11
 722 00e9 0B       		.uleb128 0xb
 723 00ea 01       		.byte	0x1
 724 00eb 11       		.uleb128 0x11
 725 00ec 01       		.uleb128 0x1
 726 00ed 12       		.uleb128 0x12
 727 00ee 01       		.uleb128 0x1
 728 00ef 01       		.uleb128 0x1
 729 00f0 13       		.uleb128 0x13
 730 00f1 00       		.byte	0
 731 00f2 00       		.byte	0
 732 00f3 12       		.uleb128 0x12
 733 00f4 34       		.uleb128 0x34
 734 00f5 00       		.byte	0
 735 00f6 03       		.uleb128 0x3
ARM GAS  /tmp/cc573UHA.s 			page 14


 736 00f7 08       		.uleb128 0x8
 737 00f8 3A       		.uleb128 0x3a
 738 00f9 0B       		.uleb128 0xb
 739 00fa 3B       		.uleb128 0x3b
 740 00fb 0B       		.uleb128 0xb
 741 00fc 49       		.uleb128 0x49
 742 00fd 13       		.uleb128 0x13
 743 00fe 02       		.uleb128 0x2
 744 00ff 06       		.uleb128 0x6
 745 0100 00       		.byte	0
 746 0101 00       		.byte	0
 747 0102 13       		.uleb128 0x13
 748 0103 1D       		.uleb128 0x1d
 749 0104 01       		.byte	0x1
 750 0105 31       		.uleb128 0x31
 751 0106 13       		.uleb128 0x13
 752 0107 11       		.uleb128 0x11
 753 0108 01       		.uleb128 0x1
 754 0109 12       		.uleb128 0x12
 755 010a 01       		.uleb128 0x1
 756 010b 58       		.uleb128 0x58
 757 010c 0B       		.uleb128 0xb
 758 010d 59       		.uleb128 0x59
 759 010e 0B       		.uleb128 0xb
 760 010f 01       		.uleb128 0x1
 761 0110 13       		.uleb128 0x13
 762 0111 00       		.byte	0
 763 0112 00       		.byte	0
 764 0113 14       		.uleb128 0x14
 765 0114 05       		.uleb128 0x5
 766 0115 00       		.byte	0
 767 0116 31       		.uleb128 0x31
 768 0117 13       		.uleb128 0x13
 769 0118 02       		.uleb128 0x2
 770 0119 06       		.uleb128 0x6
 771 011a 00       		.byte	0
 772 011b 00       		.byte	0
 773 011c 15       		.uleb128 0x15
 774 011d 0B       		.uleb128 0xb
 775 011e 01       		.byte	0x1
 776 011f 11       		.uleb128 0x11
 777 0120 01       		.uleb128 0x1
 778 0121 12       		.uleb128 0x12
 779 0122 01       		.uleb128 0x1
 780 0123 00       		.byte	0
 781 0124 00       		.byte	0
 782 0125 16       		.uleb128 0x16
 783 0126 34       		.uleb128 0x34
 784 0127 00       		.byte	0
 785 0128 31       		.uleb128 0x31
 786 0129 13       		.uleb128 0x13
 787 012a 02       		.uleb128 0x2
 788 012b 06       		.uleb128 0x6
 789 012c 00       		.byte	0
 790 012d 00       		.byte	0
 791 012e 17       		.uleb128 0x17
 792 012f 2E       		.uleb128 0x2e
ARM GAS  /tmp/cc573UHA.s 			page 15


 793 0130 01       		.byte	0x1
 794 0131 31       		.uleb128 0x31
 795 0132 13       		.uleb128 0x13
 796 0133 11       		.uleb128 0x11
 797 0134 01       		.uleb128 0x1
 798 0135 12       		.uleb128 0x12
 799 0136 01       		.uleb128 0x1
 800 0137 40       		.uleb128 0x40
 801 0138 0A       		.uleb128 0xa
 802 0139 9742     		.uleb128 0x2117
 803 013b 0C       		.uleb128 0xc
 804 013c 01       		.uleb128 0x1
 805 013d 13       		.uleb128 0x13
 806 013e 00       		.byte	0
 807 013f 00       		.byte	0
 808 0140 18       		.uleb128 0x18
 809 0141 2E       		.uleb128 0x2e
 810 0142 00       		.byte	0
 811 0143 3F       		.uleb128 0x3f
 812 0144 0C       		.uleb128 0xc
 813 0145 03       		.uleb128 0x3
 814 0146 0E       		.uleb128 0xe
 815 0147 3A       		.uleb128 0x3a
 816 0148 0B       		.uleb128 0xb
 817 0149 3B       		.uleb128 0x3b
 818 014a 0B       		.uleb128 0xb
 819 014b 27       		.uleb128 0x27
 820 014c 0C       		.uleb128 0xc
 821 014d 49       		.uleb128 0x49
 822 014e 13       		.uleb128 0x13
 823 014f 11       		.uleb128 0x11
 824 0150 01       		.uleb128 0x1
 825 0151 12       		.uleb128 0x12
 826 0152 01       		.uleb128 0x1
 827 0153 40       		.uleb128 0x40
 828 0154 0A       		.uleb128 0xa
 829 0155 9742     		.uleb128 0x2117
 830 0157 0C       		.uleb128 0xc
 831 0158 00       		.byte	0
 832 0159 00       		.byte	0
 833 015a 19       		.uleb128 0x19
 834 015b 34       		.uleb128 0x34
 835 015c 00       		.byte	0
 836 015d 03       		.uleb128 0x3
 837 015e 0E       		.uleb128 0xe
 838 015f 3A       		.uleb128 0x3a
 839 0160 0B       		.uleb128 0xb
 840 0161 3B       		.uleb128 0x3b
 841 0162 0B       		.uleb128 0xb
 842 0163 49       		.uleb128 0x49
 843 0164 13       		.uleb128 0x13
 844 0165 02       		.uleb128 0x2
 845 0166 0A       		.uleb128 0xa
 846 0167 00       		.byte	0
 847 0168 00       		.byte	0
 848 0169 00       		.byte	0
 849              		.section	.debug_loc,"",%progbits
ARM GAS  /tmp/cc573UHA.s 			page 16


 850              	.Ldebug_loc0:
 851              	.LLST0:
 852 0000 00000000 		.4byte	.LVL0
 853 0004 10000000 		.4byte	.LVL4
 854 0008 0100     		.2byte	0x1
 855 000a 50       		.byte	0x50
 856 000b 10000000 		.4byte	.LVL4
 857 000f 14000000 		.4byte	.LVL5
 858 0013 0300     		.2byte	0x3
 859 0015 70       		.byte	0x70
 860 0016 79       		.sleb128 -7
 861 0017 9F       		.byte	0x9f
 862 0018 14000000 		.4byte	.LVL5
 863 001c 34000000 		.4byte	.LFE8
 864 0020 0400     		.2byte	0x4
 865 0022 F3       		.byte	0xf3
 866 0023 01       		.uleb128 0x1
 867 0024 50       		.byte	0x50
 868 0025 9F       		.byte	0x9f
 869 0026 00000000 		.4byte	0
 870 002a 00000000 		.4byte	0
 871              	.LLST1:
 872 002e 06000000 		.4byte	.LVL2
 873 0032 08000000 		.4byte	.LVL3
 874 0036 0100     		.2byte	0x1
 875 0038 53       		.byte	0x53
 876 0039 00000000 		.4byte	0
 877 003d 00000000 		.4byte	0
 878              	.LLST2:
 879 0041 06000000 		.4byte	.LVL2
 880 0045 10000000 		.4byte	.LVL4
 881 0049 0100     		.2byte	0x1
 882 004b 50       		.byte	0x50
 883 004c 10000000 		.4byte	.LVL4
 884 0050 14000000 		.4byte	.LVL5
 885 0054 0300     		.2byte	0x3
 886 0056 70       		.byte	0x70
 887 0057 79       		.sleb128 -7
 888 0058 9F       		.byte	0x9f
 889 0059 14000000 		.4byte	.LVL5
 890 005d 1C000000 		.4byte	.LVL7
 891 0061 0100     		.2byte	0x1
 892 0063 50       		.byte	0x50
 893 0064 1C000000 		.4byte	.LVL7
 894 0068 34000000 		.4byte	.LFE8
 895 006c 0900     		.2byte	0x9
 896 006e F3       		.byte	0xf3
 897 006f 01       		.uleb128 0x1
 898 0070 50       		.byte	0x50
 899 0071 23       		.byte	0x23
 900 0072 07       		.uleb128 0x7
 901 0073 09       		.byte	0x9
 902 0074 F8       		.byte	0xf8
 903 0075 1A       		.byte	0x1a
 904 0076 9F       		.byte	0x9f
 905 0077 00000000 		.4byte	0
 906 007b 00000000 		.4byte	0
ARM GAS  /tmp/cc573UHA.s 			page 17


 907              	.LLST3:
 908 007f 18000000 		.4byte	.LVL6
 909 0083 20000000 		.4byte	.LVL8
 910 0087 0100     		.2byte	0x1
 911 0089 52       		.byte	0x52
 912 008a 20000000 		.4byte	.LVL8
 913 008e 34000000 		.4byte	.LFE8
 914 0092 0500     		.2byte	0x5
 915 0094 03       		.byte	0x3
 916 0095 00000000 		.4byte	nextmem
 917 0099 00000000 		.4byte	0
 918 009d 00000000 		.4byte	0
 919              	.LLST4:
 920 00a1 26000000 		.4byte	.LVL10
 921 00a5 34000000 		.4byte	.LFE8
 922 00a9 0100     		.2byte	0x1
 923 00ab 53       		.byte	0x53
 924 00ac 00000000 		.4byte	0
 925 00b0 00000000 		.4byte	0
 926              	.LLST5:
 927 00b4 00000000 		.4byte	.LVL11
 928 00b8 0A000000 		.4byte	.LVL12
 929 00bc 0100     		.2byte	0x1
 930 00be 50       		.byte	0x50
 931 00bf 0A000000 		.4byte	.LVL12
 932 00c3 0E000000 		.4byte	.LVL13
 933 00c7 0300     		.2byte	0x3
 934 00c9 70       		.byte	0x70
 935 00ca 79       		.sleb128 -7
 936 00cb 9F       		.byte	0x9f
 937 00cc 0E000000 		.4byte	.LVL13
 938 00d0 16000000 		.4byte	.LVL15
 939 00d4 0100     		.2byte	0x1
 940 00d6 50       		.byte	0x50
 941 00d7 16000000 		.4byte	.LVL15
 942 00db 28000000 		.4byte	.LFE9
 943 00df 0900     		.2byte	0x9
 944 00e1 F3       		.byte	0xf3
 945 00e2 01       		.uleb128 0x1
 946 00e3 50       		.byte	0x50
 947 00e4 23       		.byte	0x23
 948 00e5 07       		.uleb128 0x7
 949 00e6 09       		.byte	0x9
 950 00e7 F8       		.byte	0xf8
 951 00e8 1A       		.byte	0x1a
 952 00e9 9F       		.byte	0x9f
 953 00ea 00000000 		.4byte	0
 954 00ee 00000000 		.4byte	0
 955              	.LLST6:
 956 00f2 12000000 		.4byte	.LVL14
 957 00f6 1A000000 		.4byte	.LVL16
 958 00fa 0100     		.2byte	0x1
 959 00fc 53       		.byte	0x53
 960 00fd 1A000000 		.4byte	.LVL16
 961 0101 28000000 		.4byte	.LFE9
 962 0105 0500     		.2byte	0x5
 963 0107 03       		.byte	0x3
ARM GAS  /tmp/cc573UHA.s 			page 18


 964 0108 00000000 		.4byte	nextmem
 965 010c 00000000 		.4byte	0
 966 0110 00000000 		.4byte	0
 967              		.section	.debug_aranges,"",%progbits
 968 0000 34000000 		.4byte	0x34
 969 0004 0200     		.2byte	0x2
 970 0006 00000000 		.4byte	.Ldebug_info0
 971 000a 04       		.byte	0x4
 972 000b 00       		.byte	0
 973 000c 0000     		.2byte	0
 974 000e 0000     		.2byte	0
 975 0010 00000000 		.4byte	.LFB7
 976 0014 28000000 		.4byte	.LFE7-.LFB7
 977 0018 00000000 		.4byte	.LFB8
 978 001c 34000000 		.4byte	.LFE8-.LFB8
 979 0020 00000000 		.4byte	.LFB9
 980 0024 28000000 		.4byte	.LFE9-.LFB9
 981 0028 00000000 		.4byte	.LFB10
 982 002c 14000000 		.4byte	.LFE10-.LFB10
 983 0030 00000000 		.4byte	0
 984 0034 00000000 		.4byte	0
 985              		.section	.debug_ranges,"",%progbits
 986              	.Ldebug_ranges0:
 987 0000 00000000 		.4byte	.LFB7
 988 0004 28000000 		.4byte	.LFE7
 989 0008 00000000 		.4byte	.LFB8
 990 000c 34000000 		.4byte	.LFE8
 991 0010 00000000 		.4byte	.LFB9
 992 0014 28000000 		.4byte	.LFE9
 993 0018 00000000 		.4byte	.LFB10
 994 001c 14000000 		.4byte	.LFE10
 995 0020 00000000 		.4byte	0
 996 0024 00000000 		.4byte	0
 997              		.section	.debug_line,"",%progbits
 998              	.Ldebug_line0:
 999 0000 B7010000 		.section	.debug_str,"MS",%progbits,1
 999      02005C01 
 999      00000201 
 999      FB0E0D00 
 999      01010101 
 1000              	.LASF10:
 1001 0000 6C6F6E67 		.ascii	"long long int\000"
 1001      206C6F6E 
 1001      6720696E 
 1001      7400
 1002              	.LASF6:
 1003 000e 73686F72 		.ascii	"short unsigned int\000"
 1003      7420756E 
 1003      7369676E 
 1003      65642069 
 1003      6E7400
 1004              	.LASF2:
 1005 0021 73697A65 		.ascii	"size_t\000"
 1005      5F7400
 1006              	.LASF17:
 1007 0028 6E657874 		.ascii	"nextmem\000"
 1007      6D656D00 
ARM GAS  /tmp/cc573UHA.s 			page 19


 1008              	.LASF20:
 1009 0030 2F686F6D 		.ascii	"/home/dpeter/devel/sources/ChibiOS-RT/os/kernel/src"
 1009      652F6470 
 1009      65746572 
 1009      2F646576 
 1009      656C2F73 
 1010 0063 2F63686D 		.ascii	"/chmemcore.c\000"
 1010      656D636F 
 1010      72652E63 
 1010      00
 1011              	.LASF16:
 1012 0070 5F5F6865 		.ascii	"__heap_end__\000"
 1012      61705F65 
 1012      6E645F5F 
 1012      00
 1013              	.LASF15:
 1014 007d 5F5F6865 		.ascii	"__heap_base__\000"
 1014      61705F62 
 1014      6173655F 
 1014      5F00
 1015              	.LASF19:
 1016 008b 474E5520 		.ascii	"GNU C 4.7.3\000"
 1016      4320342E 
 1016      372E3300 
 1017              	.LASF9:
 1018 0097 6C6F6E67 		.ascii	"long unsigned int\000"
 1018      20756E73 
 1018      69676E65 
 1018      6420696E 
 1018      7400
 1019              	.LASF11:
 1020 00a9 6C6F6E67 		.ascii	"long long unsigned int\000"
 1020      206C6F6E 
 1020      6720756E 
 1020      7369676E 
 1020      65642069 
 1021              	.LASF3:
 1022 00c0 75696E74 		.ascii	"uint8_t\000"
 1022      385F7400 
 1023              	.LASF4:
 1024 00c8 756E7369 		.ascii	"unsigned char\000"
 1024      676E6564 
 1024      20636861 
 1024      7200
 1025              	.LASF14:
 1026 00d6 63686172 		.ascii	"char\000"
 1026      00
 1027              	.LASF24:
 1028 00db 6368436F 		.ascii	"chCoreAlloc\000"
 1028      7265416C 
 1028      6C6F6300 
 1029              	.LASF8:
 1030 00e7 75696E74 		.ascii	"uint32_t\000"
 1030      33325F74 
 1030      00
 1031              	.LASF7:
 1032 00f0 6C6F6E67 		.ascii	"long int\000"
ARM GAS  /tmp/cc573UHA.s 			page 20


 1032      20696E74 
 1032      00
 1033              	.LASF12:
 1034 00f9 5F426F6F 		.ascii	"_Bool\000"
 1034      6C00
 1035              	.LASF18:
 1036 00ff 656E646D 		.ascii	"endmem\000"
 1036      656D00
 1037              	.LASF21:
 1038 0106 6368436F 		.ascii	"chCoreAllocI\000"
 1038      7265416C 
 1038      6C6F6349 
 1038      00
 1039              	.LASF1:
 1040 0113 7369676E 		.ascii	"signed char\000"
 1040      65642063 
 1040      68617200 
 1041              	.LASF22:
 1042 011f 73697A65 		.ascii	"size\000"
 1042      00
 1043              	.LASF23:
 1044 0124 5F636F72 		.ascii	"_core_init\000"
 1044      655F696E 
 1044      697400
 1045              	.LASF5:
 1046 012f 73686F72 		.ascii	"short int\000"
 1046      7420696E 
 1046      7400
 1047              	.LASF0:
 1048 0139 756E7369 		.ascii	"unsigned int\000"
 1048      676E6564 
 1048      20696E74 
 1048      00
 1049              	.LASF13:
 1050 0146 73697A65 		.ascii	"sizetype\000"
 1050      74797065 
 1050      00
 1051              	.LASF25:
 1052 014f 6368436F 		.ascii	"chCoreStatus\000"
 1052      72655374 
 1052      61747573 
 1052      00
 1053              		.ident	"GCC: (Sourcery CodeBench Lite 2013.05-23) 4.7.3"
ARM GAS  /tmp/cc573UHA.s 			page 21


DEFINED SYMBOLS
                            *ABS*:00000000 chmemcore.c
     /tmp/cc573UHA.s:19     .text._core_init:00000000 $t
     /tmp/cc573UHA.s:25     .text._core_init:00000000 _core_init
     /tmp/cc573UHA.s:47     .text._core_init:00000018 $d
     /tmp/cc573UHA.s:55     .text.chCoreAlloc:00000000 $t
     /tmp/cc573UHA.s:61     .text.chCoreAlloc:00000000 chCoreAlloc
     /tmp/cc573UHA.s:122    .text.chCoreAlloc:0000002c $d
     /tmp/cc573UHA.s:128    .text.chCoreAllocI:00000000 $t
     /tmp/cc573UHA.s:134    .text.chCoreAllocI:00000000 chCoreAllocI
     /tmp/cc573UHA.s:170    .text.chCoreAllocI:00000020 $d
     /tmp/cc573UHA.s:176    .text.chCoreStatus:00000000 $t
     /tmp/cc573UHA.s:182    .text.chCoreStatus:00000000 chCoreStatus
     /tmp/cc573UHA.s:200    .text.chCoreStatus:0000000c $d
     /tmp/cc573UHA.s:206    .bss.endmem:00000000 $d
     /tmp/cc573UHA.s:210    .bss.endmem:00000000 endmem
     /tmp/cc573UHA.s:213    .bss.nextmem:00000000 $d
     /tmp/cc573UHA.s:217    .bss.nextmem:00000000 nextmem
                     .debug_frame:00000010 $d
     /tmp/cc573UHA.s:54     .text._core_init:00000028 $t
     /tmp/cc573UHA.s:127    .text.chCoreAlloc:00000034 $t
     /tmp/cc573UHA.s:175    .text.chCoreAllocI:00000028 $t
     /tmp/cc573UHA.s:205    .text.chCoreStatus:00000014 $t

UNDEFINED SYMBOLS
__heap_base__
__heap_end__
