ARM GAS  /tmp/ccAQ63Ec.s 			page 1


   1              		.syntax unified
   2              		.cpu cortex-m4
   3              		.fpu softvfp
   4              		.eabi_attribute 20, 1
   5              		.eabi_attribute 21, 1
   6              		.eabi_attribute 23, 3
   7              		.eabi_attribute 24, 1
   8              		.eabi_attribute 25, 1
   9              		.eabi_attribute 26, 1
  10              		.eabi_attribute 30, 2
  11              		.eabi_attribute 34, 1
  12              		.eabi_attribute 18, 4
  13              		.thumb
  14              		.file	"chmempools.c"
  15              		.text
  16              	.Ltext0:
  17              		.cfi_sections	.debug_frame
  18              		.section	.text.chPoolInit,"ax",%progbits
  19              		.align	2
  20              		.p2align 4,,15
  21              		.global	chPoolInit
  22              		.thumb
  23              		.thumb_func
  24              		.type	chPoolInit, %function
  25              	chPoolInit:
  26              	.LFB7:
  27              		.file 1 "/home/dpeter/devel/sources/ChibiOS-RT/os/kernel/src/chmempools.c"
  28              		.loc 1 55 0
  29              		.cfi_startproc
  30              		@ args = 0, pretend = 0, frame = 0
  31              		@ frame_needed = 0, uses_anonymous_args = 0
  32              		@ link register save eliminated.
  33              	.LVL0:
  34              		.loc 1 59 0
  35 0000 0023     		movs	r3, #0
  36 0002 0360     		str	r3, [r0, #0]
  37              		.loc 1 60 0
  38 0004 4160     		str	r1, [r0, #4]
  39              		.loc 1 61 0
  40 0006 8260     		str	r2, [r0, #8]
  41 0008 7047     		bx	lr
  42              		.cfi_endproc
  43              	.LFE7:
  44              		.size	chPoolInit, .-chPoolInit
  45 000a 00BFAFF3 		.section	.text.chPoolLoadArray,"ax",%progbits
  45      0080
  46              		.align	2
  47              		.p2align 4,,15
  48              		.global	chPoolLoadArray
  49              		.thumb
  50              		.thumb_func
  51              		.type	chPoolLoadArray, %function
  52              	chPoolLoadArray:
  53              	.LFB8:
  54              		.loc 1 77 0
  55              		.cfi_startproc
  56              		@ args = 0, pretend = 0, frame = 0
ARM GAS  /tmp/ccAQ63Ec.s 			page 2


  57              		@ frame_needed = 0, uses_anonymous_args = 0
  58              		@ link register save eliminated.
  59              	.LVL1:
  60 0000 10B4     		push	{r4}
  61              	.LCFI0:
  62              		.cfi_def_cfa_offset 4
  63              		.cfi_offset 4, -4
  64              		.loc 1 81 0
  65 0002 62B1     		cbz	r2, .L2
  66              	.LVL2:
  67              	.L6:
  68              	.LBB16:
  69              	.LBB17:
  70              		.loc 1 166 0
  71 0004 2023     		movs	r3, #32
  72              	.LVL3:
  73              	@ 166 "/home/dpeter/devel/sources/ChibiOS-RT/os/kernel/src/chmempools.c" 1
  74 0006 83F31188 		msr     BASEPRI, r3
  75              	@ 0 "" 2
  76              	.LVL4:
  77              		.thumb
  78              	.LBE17:
  79              	.LBB18:
  80              	.LBB19:
  81              		.loc 1 148 0
  82 000a 0468     		ldr	r4, [r0, #0]
  83              	.LBE19:
  84              	.LBE18:
  85              	.LBB21:
  86              		.loc 1 168 0
  87 000c 0023     		movs	r3, #0
  88              	.LVL5:
  89              	.LBE21:
  90              	.LBB22:
  91              	.LBB20:
  92              		.loc 1 148 0
  93 000e 0C60     		str	r4, [r1, #0]
  94              		.loc 1 149 0
  95 0010 0160     		str	r1, [r0, #0]
  96              	.LBE20:
  97              	.LBE22:
  98              	.LBB23:
  99              		.loc 1 168 0
 100              	@ 168 "/home/dpeter/devel/sources/ChibiOS-RT/os/kernel/src/chmempools.c" 1
 101 0012 83F31188 		msr     BASEPRI, r3
 102              	@ 0 "" 2
 103              	.LVL6:
 104              		.thumb
 105              	.LBE23:
 106              	.LBE16:
 107              		.loc 1 83 0
 108 0016 4368     		ldr	r3, [r0, #4]
 109              	.LVL7:
 110              		.loc 1 81 0
 111 0018 013A     		subs	r2, r2, #1
 112              		.loc 1 83 0
 113 001a 1944     		add	r1, r1, r3
ARM GAS  /tmp/ccAQ63Ec.s 			page 3


 114              	.LVL8:
 115              		.loc 1 81 0
 116 001c F2D1     		bne	.L6
 117              	.LVL9:
 118              	.L2:
 119              		.loc 1 86 0
 120 001e 10BC     		pop	{r4}
 121 0020 7047     		bx	lr
 122              		.cfi_endproc
 123              	.LFE8:
 124              		.size	chPoolLoadArray, .-chPoolLoadArray
 125 0022 00BFAFF3 		.section	.text.chPoolAllocI,"ax",%progbits
 125      0080AFF3 
 125      0080AFF3 
 125      0080
 126              		.align	2
 127              		.p2align 4,,15
 128              		.global	chPoolAllocI
 129              		.thumb
 130              		.thumb_func
 131              		.type	chPoolAllocI, %function
 132              	chPoolAllocI:
 133              	.LFB9:
 134              		.loc 1 98 0
 135              		.cfi_startproc
 136              		@ args = 0, pretend = 0, frame = 0
 137              		@ frame_needed = 0, uses_anonymous_args = 0
 138              	.LVL10:
 139 0000 08B5     		push	{r3, lr}
 140              	.LCFI1:
 141              		.cfi_def_cfa_offset 8
 142              		.cfi_offset 3, -8
 143              		.cfi_offset 14, -4
 144              		.loc 1 98 0
 145 0002 0346     		mov	r3, r0
 146              		.loc 1 104 0
 147 0004 0068     		ldr	r0, [r0, #0]
 148              	.LVL11:
 149 0006 10B1     		cbz	r0, .L10
 150              		.loc 1 105 0
 151 0008 0268     		ldr	r2, [r0, #0]
 152 000a 1A60     		str	r2, [r3, #0]
 153 000c 08BD     		pop	{r3, pc}
 154              	.L10:
 155              		.loc 1 106 0
 156 000e 9A68     		ldr	r2, [r3, #8]
 157 0010 0AB1     		cbz	r2, .L11
 158              		.loc 1 107 0
 159 0012 5868     		ldr	r0, [r3, #4]
 160              	.LVL12:
 161 0014 9047     		blx	r2
 162              	.LVL13:
 163              	.L11:
 164              		.loc 1 109 0
 165 0016 08BD     		pop	{r3, pc}
 166              		.cfi_endproc
 167              	.LFE9:
ARM GAS  /tmp/ccAQ63Ec.s 			page 4


 168              		.size	chPoolAllocI, .-chPoolAllocI
 169 0018 AFF30080 		.section	.text.chPoolAlloc,"ax",%progbits
 169      AFF30080 
 170              		.align	2
 171              		.p2align 4,,15
 172              		.global	chPoolAlloc
 173              		.thumb
 174              		.thumb_func
 175              		.type	chPoolAlloc, %function
 176              	chPoolAlloc:
 177              	.LFB10:
 178              		.loc 1 121 0
 179              		.cfi_startproc
 180              		@ args = 0, pretend = 0, frame = 0
 181              		@ frame_needed = 0, uses_anonymous_args = 0
 182              	.LVL14:
 183 0000 08B5     		push	{r3, lr}
 184              	.LCFI2:
 185              		.cfi_def_cfa_offset 8
 186              		.cfi_offset 3, -8
 187              		.cfi_offset 14, -4
 188              		.loc 1 121 0
 189 0002 0246     		mov	r2, r0
 190              	.LBB24:
 191              		.loc 1 124 0
 192 0004 2023     		movs	r3, #32
 193              	.LVL15:
 194              	@ 124 "/home/dpeter/devel/sources/ChibiOS-RT/os/kernel/src/chmempools.c" 1
 195 0006 83F31188 		msr     BASEPRI, r3
 196              	@ 0 "" 2
 197              	.LVL16:
 198              		.thumb
 199              	.LBE24:
 200              	.LBB25:
 201              	.LBB26:
 202              		.loc 1 104 0
 203 000a 0068     		ldr	r0, [r0, #0]
 204              	.LVL17:
 205 000c 28B1     		cbz	r0, .L16
 206              		.loc 1 105 0
 207 000e 0368     		ldr	r3, [r0, #0]
 208              	.LVL18:
 209 0010 1360     		str	r3, [r2, #0]
 210              	.LVL19:
 211              	.L17:
 212              	.LBE26:
 213              	.LBE25:
 214              	.LBB28:
 215              		.loc 1 126 0
 216 0012 0023     		movs	r3, #0
 217              	.LVL20:
 218              	@ 126 "/home/dpeter/devel/sources/ChibiOS-RT/os/kernel/src/chmempools.c" 1
 219 0014 83F31188 		msr     BASEPRI, r3
 220              	@ 0 "" 2
 221              	.LVL21:
 222              		.thumb
 223              	.LBE28:
ARM GAS  /tmp/ccAQ63Ec.s 			page 5


 224              		.loc 1 128 0
 225 0018 08BD     		pop	{r3, pc}
 226              	.LVL22:
 227              	.L16:
 228              	.LBB29:
 229              	.LBB27:
 230              		.loc 1 106 0
 231 001a 9368     		ldr	r3, [r2, #8]
 232              	.LVL23:
 233 001c 002B     		cmp	r3, #0
 234 001e F8D0     		beq	.L17
 235              		.loc 1 107 0
 236 0020 5068     		ldr	r0, [r2, #4]
 237              	.LVL24:
 238 0022 9847     		blx	r3
 239              	.LVL25:
 240 0024 F5E7     		b	.L17
 241              	.LBE27:
 242              	.LBE29:
 243              		.cfi_endproc
 244              	.LFE10:
 245              		.size	chPoolAlloc, .-chPoolAlloc
 246 0026 00BFAFF3 		.section	.text.chPoolFreeI,"ax",%progbits
 246      0080AFF3 
 246      0080
 247              		.align	2
 248              		.p2align 4,,15
 249              		.global	chPoolFreeI
 250              		.thumb
 251              		.thumb_func
 252              		.type	chPoolFreeI, %function
 253              	chPoolFreeI:
 254              	.LFB11:
 255              		.loc 1 142 0
 256              		.cfi_startproc
 257              		@ args = 0, pretend = 0, frame = 0
 258              		@ frame_needed = 0, uses_anonymous_args = 0
 259              		@ link register save eliminated.
 260              	.LVL26:
 261              		.loc 1 148 0
 262 0000 0368     		ldr	r3, [r0, #0]
 263 0002 0B60     		str	r3, [r1, #0]
 264              		.loc 1 149 0
 265 0004 0160     		str	r1, [r0, #0]
 266 0006 7047     		bx	lr
 267              		.cfi_endproc
 268              	.LFE11:
 269              		.size	chPoolFreeI, .-chPoolFreeI
 270 0008 AFF30080 		.section	.text.chPoolFree,"ax",%progbits
 270      AFF30080 
 271              		.align	2
 272              		.p2align 4,,15
 273              		.global	chPoolFree
 274              		.thumb
 275              		.thumb_func
 276              		.type	chPoolFree, %function
 277              	chPoolFree:
ARM GAS  /tmp/ccAQ63Ec.s 			page 6


 278              	.LFB12:
 279              		.loc 1 164 0
 280              		.cfi_startproc
 281              		@ args = 0, pretend = 0, frame = 0
 282              		@ frame_needed = 0, uses_anonymous_args = 0
 283              		@ link register save eliminated.
 284              	.LVL27:
 285              	.LBB30:
 286              		.loc 1 166 0
 287 0000 2023     		movs	r3, #32
 288              	.LVL28:
 289              	@ 166 "/home/dpeter/devel/sources/ChibiOS-RT/os/kernel/src/chmempools.c" 1
 290 0002 83F31188 		msr     BASEPRI, r3
 291              	@ 0 "" 2
 292              	.LVL29:
 293              		.thumb
 294              	.LBE30:
 295              	.LBB31:
 296              	.LBB32:
 297              		.loc 1 148 0
 298 0006 0268     		ldr	r2, [r0, #0]
 299              	.LBE32:
 300              	.LBE31:
 301              	.LBB34:
 302              		.loc 1 168 0
 303 0008 0023     		movs	r3, #0
 304              	.LVL30:
 305              	.LBE34:
 306              	.LBB35:
 307              	.LBB33:
 308              		.loc 1 148 0
 309 000a 0A60     		str	r2, [r1, #0]
 310              		.loc 1 149 0
 311 000c 0160     		str	r1, [r0, #0]
 312              	.LBE33:
 313              	.LBE35:
 314              	.LBB36:
 315              		.loc 1 168 0
 316              	@ 168 "/home/dpeter/devel/sources/ChibiOS-RT/os/kernel/src/chmempools.c" 1
 317 000e 83F31188 		msr     BASEPRI, r3
 318              	@ 0 "" 2
 319              	.LVL31:
 320              		.thumb
 321 0012 7047     		bx	lr
 322              	.LBE36:
 323              		.cfi_endproc
 324              	.LFE12:
 325              		.size	chPoolFree, .-chPoolFree
 326 0014 AFF30080 		.text
 326      AFF30080 
 326      AFF30080 
 327              	.Letext0:
 328              		.file 2 "/home/dpeter/CodeSourcery/Sourcery_CodeBench_Lite_for_ARM_EABI/bin/../lib/gcc/arm-none-ea
 329              		.file 3 "/home/dpeter/CodeSourcery/Sourcery_CodeBench_Lite_for_ARM_EABI/bin/../lib/gcc/arm-none-ea
 330              		.file 4 "/home/dpeter/devel/sources/ChibiOS-RT/os/kernel/include/chmemcore.h"
 331              		.file 5 "/home/dpeter/devel/sources/ChibiOS-RT/os/kernel/include/chmempools.h"
 332              		.section	.debug_info,"",%progbits
ARM GAS  /tmp/ccAQ63Ec.s 			page 7


 333              	.Ldebug_info0:
 334 0000 22040000 		.4byte	0x422
 335 0004 0200     		.2byte	0x2
 336 0006 00000000 		.4byte	.Ldebug_abbrev0
 337 000a 04       		.byte	0x4
 338 000b 01       		.uleb128 0x1
 339 000c 07000000 		.4byte	.LASF28
 340 0010 01       		.byte	0x1
 341 0011 44010000 		.4byte	.LASF29
 342 0015 C0000000 		.4byte	.Ldebug_ranges0+0xc0
 343 0019 00000000 		.4byte	0
 344 001d 00000000 		.4byte	0
 345 0021 00000000 		.4byte	.Ldebug_line0
 346 0025 02       		.uleb128 0x2
 347 0026 04       		.byte	0x4
 348 0027 05       		.byte	0x5
 349 0028 696E7400 		.ascii	"int\000"
 350 002c 03       		.uleb128 0x3
 351 002d 00000000 		.4byte	.LASF2
 352 0031 02       		.byte	0x2
 353 0032 D5       		.byte	0xd5
 354 0033 37000000 		.4byte	0x37
 355 0037 04       		.uleb128 0x4
 356 0038 04       		.byte	0x4
 357 0039 07       		.byte	0x7
 358 003a B3000000 		.4byte	.LASF0
 359 003e 04       		.uleb128 0x4
 360 003f 01       		.byte	0x1
 361 0040 06       		.byte	0x6
 362 0041 85010000 		.4byte	.LASF1
 363 0045 03       		.uleb128 0x3
 364 0046 D7000000 		.4byte	.LASF3
 365 004a 03       		.byte	0x3
 366 004b 2A       		.byte	0x2a
 367 004c 50000000 		.4byte	0x50
 368 0050 04       		.uleb128 0x4
 369 0051 01       		.byte	0x1
 370 0052 08       		.byte	0x8
 371 0053 7D000000 		.4byte	.LASF4
 372 0057 04       		.uleb128 0x4
 373 0058 02       		.byte	0x2
 374 0059 05       		.byte	0x5
 375 005a 1C010000 		.4byte	.LASF5
 376 005e 04       		.uleb128 0x4
 377 005f 02       		.byte	0x2
 378 0060 07       		.byte	0x7
 379 0061 55000000 		.4byte	.LASF6
 380 0065 04       		.uleb128 0x4
 381 0066 04       		.byte	0x4
 382 0067 05       		.byte	0x5
 383 0068 3B010000 		.4byte	.LASF7
 384 006c 03       		.uleb128 0x3
 385 006d 32010000 		.4byte	.LASF8
 386 0071 03       		.byte	0x3
 387 0072 50       		.byte	0x50
 388 0073 77000000 		.4byte	0x77
 389 0077 04       		.uleb128 0x4
ARM GAS  /tmp/ccAQ63Ec.s 			page 8


 390 0078 04       		.byte	0x4
 391 0079 07       		.byte	0x7
 392 007a 43000000 		.4byte	.LASF9
 393 007e 04       		.uleb128 0x4
 394 007f 08       		.byte	0x8
 395 0080 05       		.byte	0x5
 396 0081 F0000000 		.4byte	.LASF10
 397 0085 04       		.uleb128 0x4
 398 0086 08       		.byte	0x8
 399 0087 07       		.byte	0x7
 400 0088 C0000000 		.4byte	.LASF11
 401 008c 04       		.uleb128 0x4
 402 008d 01       		.byte	0x1
 403 008e 02       		.byte	0x2
 404 008f 99010000 		.4byte	.LASF12
 405 0093 05       		.uleb128 0x5
 406 0094 04       		.byte	0x4
 407 0095 04       		.uleb128 0x4
 408 0096 04       		.byte	0x4
 409 0097 07       		.byte	0x7
 410 0098 E7000000 		.4byte	.LASF13
 411 009c 03       		.uleb128 0x3
 412 009d 03010000 		.4byte	.LASF14
 413 00a1 04       		.byte	0x4
 414 00a2 25       		.byte	0x25
 415 00a3 A7000000 		.4byte	0xa7
 416 00a7 06       		.uleb128 0x6
 417 00a8 04       		.byte	0x4
 418 00a9 AD000000 		.4byte	0xad
 419 00ad 07       		.uleb128 0x7
 420 00ae 01       		.byte	0x1
 421 00af 93000000 		.4byte	0x93
 422 00b3 BD000000 		.4byte	0xbd
 423 00b7 08       		.uleb128 0x8
 424 00b8 2C000000 		.4byte	0x2c
 425 00bc 00       		.byte	0
 426 00bd 09       		.uleb128 0x9
 427 00be 32000000 		.4byte	.LASF30
 428 00c2 04       		.byte	0x4
 429 00c3 05       		.byte	0x5
 430 00c4 25       		.byte	0x25
 431 00c5 D8000000 		.4byte	0xd8
 432 00c9 0A       		.uleb128 0xa
 433 00ca DF000000 		.4byte	.LASF15
 434 00ce 05       		.byte	0x5
 435 00cf 26       		.byte	0x26
 436 00d0 D8000000 		.4byte	0xd8
 437 00d4 02       		.byte	0x2
 438 00d5 23       		.byte	0x23
 439 00d6 00       		.uleb128 0
 440 00d7 00       		.byte	0
 441 00d8 06       		.uleb128 0x6
 442 00d9 04       		.byte	0x4
 443 00da BD000000 		.4byte	0xbd
 444 00de 0B       		.uleb128 0xb
 445 00df 0C       		.byte	0xc
 446 00e0 05       		.byte	0x5
ARM GAS  /tmp/ccAQ63Ec.s 			page 9


 447 00e1 2D       		.byte	0x2d
 448 00e2 11010000 		.4byte	0x111
 449 00e6 0A       		.uleb128 0xa
 450 00e7 91010000 		.4byte	.LASF16
 451 00eb 05       		.byte	0x5
 452 00ec 2E       		.byte	0x2e
 453 00ed D8000000 		.4byte	0xd8
 454 00f1 02       		.byte	0x2
 455 00f2 23       		.byte	0x23
 456 00f3 00       		.uleb128 0
 457 00f4 0A       		.uleb128 0xa
 458 00f5 13000000 		.4byte	.LASF17
 459 00f9 05       		.byte	0x5
 460 00fa 2F       		.byte	0x2f
 461 00fb 2C000000 		.4byte	0x2c
 462 00ff 02       		.byte	0x2
 463 0100 23       		.byte	0x23
 464 0101 04       		.uleb128 0x4
 465 0102 0A       		.uleb128 0xa
 466 0103 10010000 		.4byte	.LASF18
 467 0107 05       		.byte	0x5
 468 0108 31       		.byte	0x31
 469 0109 9C000000 		.4byte	0x9c
 470 010d 02       		.byte	0x2
 471 010e 23       		.byte	0x23
 472 010f 08       		.uleb128 0x8
 473 0110 00       		.byte	0
 474 0111 03       		.uleb128 0x3
 475 0112 96000000 		.4byte	.LASF19
 476 0116 05       		.byte	0x5
 477 0117 33       		.byte	0x33
 478 0118 DE000000 		.4byte	0xde
 479 011c 04       		.uleb128 0x4
 480 011d 01       		.byte	0x1
 481 011e 08       		.byte	0x8
 482 011f FE000000 		.4byte	.LASF20
 483 0123 0C       		.uleb128 0xc
 484 0124 01       		.byte	0x1
 485 0125 A6000000 		.4byte	.LASF31
 486 0129 01       		.byte	0x1
 487 012a 62       		.byte	0x62
 488 012b 01       		.byte	0x1
 489 012c 93000000 		.4byte	0x93
 490 0130 01       		.byte	0x1
 491 0131 4B010000 		.4byte	0x14b
 492 0135 0D       		.uleb128 0xd
 493 0136 6D7000   		.ascii	"mp\000"
 494 0139 01       		.byte	0x1
 495 013a 62       		.byte	0x62
 496 013b 4B010000 		.4byte	0x14b
 497 013f 0E       		.uleb128 0xe
 498 0140 A1000000 		.4byte	.LASF21
 499 0144 01       		.byte	0x1
 500 0145 63       		.byte	0x63
 501 0146 93000000 		.4byte	0x93
 502 014a 00       		.byte	0
 503 014b 06       		.uleb128 0x6
ARM GAS  /tmp/ccAQ63Ec.s 			page 10


 504 014c 04       		.byte	0x4
 505 014d 11010000 		.4byte	0x111
 506 0151 0F       		.uleb128 0xf
 507 0152 01       		.byte	0x1
 508 0153 71000000 		.4byte	.LASF22
 509 0157 01       		.byte	0x1
 510 0158 8E       		.byte	0x8e
 511 0159 01       		.byte	0x1
 512 015a 01       		.byte	0x1
 513 015b 80010000 		.4byte	0x180
 514 015f 0D       		.uleb128 0xd
 515 0160 6D7000   		.ascii	"mp\000"
 516 0163 01       		.byte	0x1
 517 0164 8E       		.byte	0x8e
 518 0165 4B010000 		.4byte	0x14b
 519 0169 10       		.uleb128 0x10
 520 016a A1000000 		.4byte	.LASF21
 521 016e 01       		.byte	0x1
 522 016f 8E       		.byte	0x8e
 523 0170 93000000 		.4byte	0x93
 524 0174 11       		.uleb128 0x11
 525 0175 70687000 		.ascii	"php\000"
 526 0179 01       		.byte	0x1
 527 017a 8F       		.byte	0x8f
 528 017b D8000000 		.4byte	0xd8
 529 017f 00       		.byte	0
 530 0180 0F       		.uleb128 0xf
 531 0181 01       		.byte	0x1
 532 0182 8B000000 		.4byte	.LASF23
 533 0186 01       		.byte	0x1
 534 0187 A4       		.byte	0xa4
 535 0188 01       		.byte	0x1
 536 0189 01       		.byte	0x1
 537 018a C2010000 		.4byte	0x1c2
 538 018e 0D       		.uleb128 0xd
 539 018f 6D7000   		.ascii	"mp\000"
 540 0192 01       		.byte	0x1
 541 0193 A4       		.byte	0xa4
 542 0194 4B010000 		.4byte	0x14b
 543 0198 10       		.uleb128 0x10
 544 0199 A1000000 		.4byte	.LASF21
 545 019d 01       		.byte	0x1
 546 019e A4       		.byte	0xa4
 547 019f 93000000 		.4byte	0x93
 548 01a3 12       		.uleb128 0x12
 549 01a4 B4010000 		.4byte	0x1b4
 550 01a8 11       		.uleb128 0x11
 551 01a9 746D7000 		.ascii	"tmp\000"
 552 01ad 01       		.byte	0x1
 553 01ae A6       		.byte	0xa6
 554 01af 6C000000 		.4byte	0x6c
 555 01b3 00       		.byte	0
 556 01b4 13       		.uleb128 0x13
 557 01b5 11       		.uleb128 0x11
 558 01b6 746D7000 		.ascii	"tmp\000"
 559 01ba 01       		.byte	0x1
 560 01bb A8       		.byte	0xa8
ARM GAS  /tmp/ccAQ63Ec.s 			page 11


 561 01bc 6C000000 		.4byte	0x6c
 562 01c0 00       		.byte	0
 563 01c1 00       		.byte	0
 564 01c2 14       		.uleb128 0x14
 565 01c3 01       		.byte	0x1
 566 01c4 9F010000 		.4byte	.LASF26
 567 01c8 01       		.byte	0x1
 568 01c9 37       		.byte	0x37
 569 01ca 01       		.byte	0x1
 570 01cb 00000000 		.4byte	.LFB7
 571 01cf 0A000000 		.4byte	.LFE7
 572 01d3 02       		.byte	0x2
 573 01d4 7D       		.byte	0x7d
 574 01d5 00       		.sleb128 0
 575 01d6 01       		.byte	0x1
 576 01d7 02020000 		.4byte	0x202
 577 01db 15       		.uleb128 0x15
 578 01dc 6D7000   		.ascii	"mp\000"
 579 01df 01       		.byte	0x1
 580 01e0 37       		.byte	0x37
 581 01e1 4B010000 		.4byte	0x14b
 582 01e5 01       		.byte	0x1
 583 01e6 50       		.byte	0x50
 584 01e7 16       		.uleb128 0x16
 585 01e8 3E000000 		.4byte	.LASF24
 586 01ec 01       		.byte	0x1
 587 01ed 37       		.byte	0x37
 588 01ee 2C000000 		.4byte	0x2c
 589 01f2 01       		.byte	0x1
 590 01f3 51       		.byte	0x51
 591 01f4 16       		.uleb128 0x16
 592 01f5 68000000 		.4byte	.LASF25
 593 01f9 01       		.byte	0x1
 594 01fa 37       		.byte	0x37
 595 01fb 9C000000 		.4byte	0x9c
 596 01ff 01       		.byte	0x1
 597 0200 52       		.byte	0x52
 598 0201 00       		.byte	0
 599 0202 17       		.uleb128 0x17
 600 0203 01       		.byte	0x1
 601 0204 22000000 		.4byte	.LASF27
 602 0208 01       		.byte	0x1
 603 0209 4D       		.byte	0x4d
 604 020a 01       		.byte	0x1
 605 020b 00000000 		.4byte	.LFB8
 606 020f 22000000 		.4byte	.LFE8
 607 0213 00000000 		.4byte	.LLST0
 608 0217 01       		.byte	0x1
 609 0218 C0020000 		.4byte	0x2c0
 610 021c 15       		.uleb128 0x15
 611 021d 6D7000   		.ascii	"mp\000"
 612 0220 01       		.byte	0x1
 613 0221 4D       		.byte	0x4d
 614 0222 4B010000 		.4byte	0x14b
 615 0226 01       		.byte	0x1
 616 0227 50       		.byte	0x50
 617 0228 18       		.uleb128 0x18
ARM GAS  /tmp/ccAQ63Ec.s 			page 12


 618 0229 7000     		.ascii	"p\000"
 619 022b 01       		.byte	0x1
 620 022c 4D       		.byte	0x4d
 621 022d 93000000 		.4byte	0x93
 622 0231 20000000 		.4byte	.LLST1
 623 0235 18       		.uleb128 0x18
 624 0236 6E00     		.ascii	"n\000"
 625 0238 01       		.byte	0x1
 626 0239 4D       		.byte	0x4d
 627 023a 2C000000 		.4byte	0x2c
 628 023e 3E000000 		.4byte	.LLST2
 629 0242 19       		.uleb128 0x19
 630 0243 80010000 		.4byte	0x180
 631 0247 04000000 		.4byte	.LBB16
 632 024b 16000000 		.4byte	.LBE16
 633 024f 01       		.byte	0x1
 634 0250 52       		.byte	0x52
 635 0251 1A       		.uleb128 0x1a
 636 0252 98010000 		.4byte	0x198
 637 0256 51000000 		.4byte	.LLST3
 638 025a 1A       		.uleb128 0x1a
 639 025b 8E010000 		.4byte	0x18e
 640 025f 70000000 		.4byte	.LLST4
 641 0263 1B       		.uleb128 0x1b
 642 0264 04000000 		.4byte	.LBB17
 643 0268 0A000000 		.4byte	.LBE17
 644 026c 7A020000 		.4byte	0x27a
 645 0270 1C       		.uleb128 0x1c
 646 0271 A8010000 		.4byte	0x1a8
 647 0275 83000000 		.4byte	.LLST5
 648 0279 00       		.byte	0
 649 027a 1D       		.uleb128 0x1d
 650 027b 51010000 		.4byte	0x151
 651 027f 0A000000 		.4byte	.LBB18
 652 0283 00000000 		.4byte	.Ldebug_ranges0+0
 653 0287 01       		.byte	0x1
 654 0288 A7       		.byte	0xa7
 655 0289 AF020000 		.4byte	0x2af
 656 028d 1A       		.uleb128 0x1a
 657 028e 69010000 		.4byte	0x169
 658 0292 96000000 		.4byte	.LLST6
 659 0296 1A       		.uleb128 0x1a
 660 0297 5F010000 		.4byte	0x15f
 661 029b B5000000 		.4byte	.LLST7
 662 029f 1E       		.uleb128 0x1e
 663 02a0 18000000 		.4byte	.Ldebug_ranges0+0x18
 664 02a4 1C       		.uleb128 0x1c
 665 02a5 74010000 		.4byte	0x174
 666 02a9 96000000 		.4byte	.LLST6
 667 02ad 00       		.byte	0
 668 02ae 00       		.byte	0
 669 02af 1E       		.uleb128 0x1e
 670 02b0 30000000 		.4byte	.Ldebug_ranges0+0x30
 671 02b4 1C       		.uleb128 0x1c
 672 02b5 B5010000 		.4byte	0x1b5
 673 02b9 C8000000 		.4byte	.LLST9
 674 02bd 00       		.byte	0
ARM GAS  /tmp/ccAQ63Ec.s 			page 13


 675 02be 00       		.byte	0
 676 02bf 00       		.byte	0
 677 02c0 1F       		.uleb128 0x1f
 678 02c1 23010000 		.4byte	0x123
 679 02c5 00000000 		.4byte	.LFB9
 680 02c9 18000000 		.4byte	.LFE9
 681 02cd DB000000 		.4byte	.LLST10
 682 02d1 01       		.byte	0x1
 683 02d2 E9020000 		.4byte	0x2e9
 684 02d6 1A       		.uleb128 0x1a
 685 02d7 35010000 		.4byte	0x135
 686 02db FB000000 		.4byte	.LLST11
 687 02df 1C       		.uleb128 0x1c
 688 02e0 3F010000 		.4byte	0x13f
 689 02e4 27010000 		.4byte	.LLST12
 690 02e8 00       		.byte	0
 691 02e9 20       		.uleb128 0x20
 692 02ea 01       		.byte	0x1
 693 02eb 26010000 		.4byte	.LASF32
 694 02ef 01       		.byte	0x1
 695 02f0 79       		.byte	0x79
 696 02f1 01       		.byte	0x1
 697 02f2 93000000 		.4byte	0x93
 698 02f6 00000000 		.4byte	.LFB10
 699 02fa 26000000 		.4byte	.LFE10
 700 02fe 51010000 		.4byte	.LLST13
 701 0302 01       		.byte	0x1
 702 0303 85030000 		.4byte	0x385
 703 0307 18       		.uleb128 0x18
 704 0308 6D7000   		.ascii	"mp\000"
 705 030b 01       		.byte	0x1
 706 030c 79       		.byte	0x79
 707 030d 4B010000 		.4byte	0x14b
 708 0311 71010000 		.4byte	.LLST14
 709 0315 21       		.uleb128 0x21
 710 0316 A1000000 		.4byte	.LASF21
 711 031a 01       		.byte	0x1
 712 031b 7A       		.byte	0x7a
 713 031c 93000000 		.4byte	0x93
 714 0320 01       		.byte	0x1
 715 0321 50       		.byte	0x50
 716 0322 1B       		.uleb128 0x1b
 717 0323 04000000 		.4byte	.LBB24
 718 0327 0A000000 		.4byte	.LBE24
 719 032b 3F030000 		.4byte	0x33f
 720 032f 22       		.uleb128 0x22
 721 0330 746D7000 		.ascii	"tmp\000"
 722 0334 01       		.byte	0x1
 723 0335 7C       		.byte	0x7c
 724 0336 6C000000 		.4byte	0x6c
 725 033a B6010000 		.4byte	.LLST15
 726 033e 00       		.byte	0
 727 033f 1D       		.uleb128 0x1d
 728 0340 23010000 		.4byte	0x123
 729 0344 0A000000 		.4byte	.LBB25
 730 0348 48000000 		.4byte	.Ldebug_ranges0+0x48
 731 034c 01       		.byte	0x1
ARM GAS  /tmp/ccAQ63Ec.s 			page 14


 732 034d 7D       		.byte	0x7d
 733 034e 6B030000 		.4byte	0x36b
 734 0352 1A       		.uleb128 0x1a
 735 0353 35010000 		.4byte	0x135
 736 0357 D4010000 		.4byte	.LLST16
 737 035b 1E       		.uleb128 0x1e
 738 035c 60000000 		.4byte	.Ldebug_ranges0+0x60
 739 0360 1C       		.uleb128 0x1c
 740 0361 3F010000 		.4byte	0x13f
 741 0365 19020000 		.4byte	.LLST17
 742 0369 00       		.byte	0
 743 036a 00       		.byte	0
 744 036b 23       		.uleb128 0x23
 745 036c 12000000 		.4byte	.LBB28
 746 0370 18000000 		.4byte	.LBE28
 747 0374 22       		.uleb128 0x22
 748 0375 746D7000 		.ascii	"tmp\000"
 749 0379 01       		.byte	0x1
 750 037a 7E       		.byte	0x7e
 751 037b 6C000000 		.4byte	0x6c
 752 037f 43020000 		.4byte	.LLST18
 753 0383 00       		.byte	0
 754 0384 00       		.byte	0
 755 0385 24       		.uleb128 0x24
 756 0386 51010000 		.4byte	0x151
 757 038a 00000000 		.4byte	.LFB11
 758 038e 08000000 		.4byte	.LFE11
 759 0392 02       		.byte	0x2
 760 0393 7D       		.byte	0x7d
 761 0394 00       		.sleb128 0
 762 0395 01       		.byte	0x1
 763 0396 B0030000 		.4byte	0x3b0
 764 039a 25       		.uleb128 0x25
 765 039b 5F010000 		.4byte	0x15f
 766 039f 01       		.byte	0x1
 767 03a0 50       		.byte	0x50
 768 03a1 25       		.uleb128 0x25
 769 03a2 69010000 		.4byte	0x169
 770 03a6 01       		.byte	0x1
 771 03a7 51       		.byte	0x51
 772 03a8 26       		.uleb128 0x26
 773 03a9 74010000 		.4byte	0x174
 774 03ad 01       		.byte	0x1
 775 03ae 51       		.byte	0x51
 776 03af 00       		.byte	0
 777 03b0 27       		.uleb128 0x27
 778 03b1 80010000 		.4byte	0x180
 779 03b5 00000000 		.4byte	.LFB12
 780 03b9 14000000 		.4byte	.LFE12
 781 03bd 02       		.byte	0x2
 782 03be 7D       		.byte	0x7d
 783 03bf 00       		.sleb128 0
 784 03c0 01       		.byte	0x1
 785 03c1 25       		.uleb128 0x25
 786 03c2 8E010000 		.4byte	0x18e
 787 03c6 01       		.byte	0x1
 788 03c7 50       		.byte	0x50
ARM GAS  /tmp/ccAQ63Ec.s 			page 15


 789 03c8 25       		.uleb128 0x25
 790 03c9 98010000 		.4byte	0x198
 791 03cd 01       		.byte	0x1
 792 03ce 51       		.byte	0x51
 793 03cf 1B       		.uleb128 0x1b
 794 03d0 00000000 		.4byte	.LBB30
 795 03d4 06000000 		.4byte	.LBE30
 796 03d8 E6030000 		.4byte	0x3e6
 797 03dc 1C       		.uleb128 0x1c
 798 03dd A8010000 		.4byte	0x1a8
 799 03e1 56020000 		.4byte	.LLST19
 800 03e5 00       		.byte	0
 801 03e6 1D       		.uleb128 0x1d
 802 03e7 51010000 		.4byte	0x151
 803 03eb 06000000 		.4byte	.LBB31
 804 03ef 78000000 		.4byte	.Ldebug_ranges0+0x78
 805 03f3 01       		.byte	0x1
 806 03f4 A7       		.byte	0xa7
 807 03f5 15040000 		.4byte	0x415
 808 03f9 25       		.uleb128 0x25
 809 03fa 69010000 		.4byte	0x169
 810 03fe 01       		.byte	0x1
 811 03ff 51       		.byte	0x51
 812 0400 25       		.uleb128 0x25
 813 0401 5F010000 		.4byte	0x15f
 814 0405 01       		.byte	0x1
 815 0406 50       		.byte	0x50
 816 0407 1E       		.uleb128 0x1e
 817 0408 90000000 		.4byte	.Ldebug_ranges0+0x90
 818 040c 26       		.uleb128 0x26
 819 040d 74010000 		.4byte	0x174
 820 0411 01       		.byte	0x1
 821 0412 51       		.byte	0x51
 822 0413 00       		.byte	0
 823 0414 00       		.byte	0
 824 0415 1E       		.uleb128 0x1e
 825 0416 A8000000 		.4byte	.Ldebug_ranges0+0xa8
 826 041a 1C       		.uleb128 0x1c
 827 041b B5010000 		.4byte	0x1b5
 828 041f 69020000 		.4byte	.LLST20
 829 0423 00       		.byte	0
 830 0424 00       		.byte	0
 831 0425 00       		.byte	0
 832              		.section	.debug_abbrev,"",%progbits
 833              	.Ldebug_abbrev0:
 834 0000 01       		.uleb128 0x1
 835 0001 11       		.uleb128 0x11
 836 0002 01       		.byte	0x1
 837 0003 25       		.uleb128 0x25
 838 0004 0E       		.uleb128 0xe
 839 0005 13       		.uleb128 0x13
 840 0006 0B       		.uleb128 0xb
 841 0007 03       		.uleb128 0x3
 842 0008 0E       		.uleb128 0xe
 843 0009 55       		.uleb128 0x55
 844 000a 06       		.uleb128 0x6
 845 000b 11       		.uleb128 0x11
ARM GAS  /tmp/ccAQ63Ec.s 			page 16


 846 000c 01       		.uleb128 0x1
 847 000d 52       		.uleb128 0x52
 848 000e 01       		.uleb128 0x1
 849 000f 10       		.uleb128 0x10
 850 0010 06       		.uleb128 0x6
 851 0011 00       		.byte	0
 852 0012 00       		.byte	0
 853 0013 02       		.uleb128 0x2
 854 0014 24       		.uleb128 0x24
 855 0015 00       		.byte	0
 856 0016 0B       		.uleb128 0xb
 857 0017 0B       		.uleb128 0xb
 858 0018 3E       		.uleb128 0x3e
 859 0019 0B       		.uleb128 0xb
 860 001a 03       		.uleb128 0x3
 861 001b 08       		.uleb128 0x8
 862 001c 00       		.byte	0
 863 001d 00       		.byte	0
 864 001e 03       		.uleb128 0x3
 865 001f 16       		.uleb128 0x16
 866 0020 00       		.byte	0
 867 0021 03       		.uleb128 0x3
 868 0022 0E       		.uleb128 0xe
 869 0023 3A       		.uleb128 0x3a
 870 0024 0B       		.uleb128 0xb
 871 0025 3B       		.uleb128 0x3b
 872 0026 0B       		.uleb128 0xb
 873 0027 49       		.uleb128 0x49
 874 0028 13       		.uleb128 0x13
 875 0029 00       		.byte	0
 876 002a 00       		.byte	0
 877 002b 04       		.uleb128 0x4
 878 002c 24       		.uleb128 0x24
 879 002d 00       		.byte	0
 880 002e 0B       		.uleb128 0xb
 881 002f 0B       		.uleb128 0xb
 882 0030 3E       		.uleb128 0x3e
 883 0031 0B       		.uleb128 0xb
 884 0032 03       		.uleb128 0x3
 885 0033 0E       		.uleb128 0xe
 886 0034 00       		.byte	0
 887 0035 00       		.byte	0
 888 0036 05       		.uleb128 0x5
 889 0037 0F       		.uleb128 0xf
 890 0038 00       		.byte	0
 891 0039 0B       		.uleb128 0xb
 892 003a 0B       		.uleb128 0xb
 893 003b 00       		.byte	0
 894 003c 00       		.byte	0
 895 003d 06       		.uleb128 0x6
 896 003e 0F       		.uleb128 0xf
 897 003f 00       		.byte	0
 898 0040 0B       		.uleb128 0xb
 899 0041 0B       		.uleb128 0xb
 900 0042 49       		.uleb128 0x49
 901 0043 13       		.uleb128 0x13
 902 0044 00       		.byte	0
ARM GAS  /tmp/ccAQ63Ec.s 			page 17


 903 0045 00       		.byte	0
 904 0046 07       		.uleb128 0x7
 905 0047 15       		.uleb128 0x15
 906 0048 01       		.byte	0x1
 907 0049 27       		.uleb128 0x27
 908 004a 0C       		.uleb128 0xc
 909 004b 49       		.uleb128 0x49
 910 004c 13       		.uleb128 0x13
 911 004d 01       		.uleb128 0x1
 912 004e 13       		.uleb128 0x13
 913 004f 00       		.byte	0
 914 0050 00       		.byte	0
 915 0051 08       		.uleb128 0x8
 916 0052 05       		.uleb128 0x5
 917 0053 00       		.byte	0
 918 0054 49       		.uleb128 0x49
 919 0055 13       		.uleb128 0x13
 920 0056 00       		.byte	0
 921 0057 00       		.byte	0
 922 0058 09       		.uleb128 0x9
 923 0059 13       		.uleb128 0x13
 924 005a 01       		.byte	0x1
 925 005b 03       		.uleb128 0x3
 926 005c 0E       		.uleb128 0xe
 927 005d 0B       		.uleb128 0xb
 928 005e 0B       		.uleb128 0xb
 929 005f 3A       		.uleb128 0x3a
 930 0060 0B       		.uleb128 0xb
 931 0061 3B       		.uleb128 0x3b
 932 0062 0B       		.uleb128 0xb
 933 0063 01       		.uleb128 0x1
 934 0064 13       		.uleb128 0x13
 935 0065 00       		.byte	0
 936 0066 00       		.byte	0
 937 0067 0A       		.uleb128 0xa
 938 0068 0D       		.uleb128 0xd
 939 0069 00       		.byte	0
 940 006a 03       		.uleb128 0x3
 941 006b 0E       		.uleb128 0xe
 942 006c 3A       		.uleb128 0x3a
 943 006d 0B       		.uleb128 0xb
 944 006e 3B       		.uleb128 0x3b
 945 006f 0B       		.uleb128 0xb
 946 0070 49       		.uleb128 0x49
 947 0071 13       		.uleb128 0x13
 948 0072 38       		.uleb128 0x38
 949 0073 0A       		.uleb128 0xa
 950 0074 00       		.byte	0
 951 0075 00       		.byte	0
 952 0076 0B       		.uleb128 0xb
 953 0077 13       		.uleb128 0x13
 954 0078 01       		.byte	0x1
 955 0079 0B       		.uleb128 0xb
 956 007a 0B       		.uleb128 0xb
 957 007b 3A       		.uleb128 0x3a
 958 007c 0B       		.uleb128 0xb
 959 007d 3B       		.uleb128 0x3b
ARM GAS  /tmp/ccAQ63Ec.s 			page 18


 960 007e 0B       		.uleb128 0xb
 961 007f 01       		.uleb128 0x1
 962 0080 13       		.uleb128 0x13
 963 0081 00       		.byte	0
 964 0082 00       		.byte	0
 965 0083 0C       		.uleb128 0xc
 966 0084 2E       		.uleb128 0x2e
 967 0085 01       		.byte	0x1
 968 0086 3F       		.uleb128 0x3f
 969 0087 0C       		.uleb128 0xc
 970 0088 03       		.uleb128 0x3
 971 0089 0E       		.uleb128 0xe
 972 008a 3A       		.uleb128 0x3a
 973 008b 0B       		.uleb128 0xb
 974 008c 3B       		.uleb128 0x3b
 975 008d 0B       		.uleb128 0xb
 976 008e 27       		.uleb128 0x27
 977 008f 0C       		.uleb128 0xc
 978 0090 49       		.uleb128 0x49
 979 0091 13       		.uleb128 0x13
 980 0092 20       		.uleb128 0x20
 981 0093 0B       		.uleb128 0xb
 982 0094 01       		.uleb128 0x1
 983 0095 13       		.uleb128 0x13
 984 0096 00       		.byte	0
 985 0097 00       		.byte	0
 986 0098 0D       		.uleb128 0xd
 987 0099 05       		.uleb128 0x5
 988 009a 00       		.byte	0
 989 009b 03       		.uleb128 0x3
 990 009c 08       		.uleb128 0x8
 991 009d 3A       		.uleb128 0x3a
 992 009e 0B       		.uleb128 0xb
 993 009f 3B       		.uleb128 0x3b
 994 00a0 0B       		.uleb128 0xb
 995 00a1 49       		.uleb128 0x49
 996 00a2 13       		.uleb128 0x13
 997 00a3 00       		.byte	0
 998 00a4 00       		.byte	0
 999 00a5 0E       		.uleb128 0xe
 1000 00a6 34       		.uleb128 0x34
 1001 00a7 00       		.byte	0
 1002 00a8 03       		.uleb128 0x3
 1003 00a9 0E       		.uleb128 0xe
 1004 00aa 3A       		.uleb128 0x3a
 1005 00ab 0B       		.uleb128 0xb
 1006 00ac 3B       		.uleb128 0x3b
 1007 00ad 0B       		.uleb128 0xb
 1008 00ae 49       		.uleb128 0x49
 1009 00af 13       		.uleb128 0x13
 1010 00b0 00       		.byte	0
 1011 00b1 00       		.byte	0
 1012 00b2 0F       		.uleb128 0xf
 1013 00b3 2E       		.uleb128 0x2e
 1014 00b4 01       		.byte	0x1
 1015 00b5 3F       		.uleb128 0x3f
 1016 00b6 0C       		.uleb128 0xc
ARM GAS  /tmp/ccAQ63Ec.s 			page 19


 1017 00b7 03       		.uleb128 0x3
 1018 00b8 0E       		.uleb128 0xe
 1019 00b9 3A       		.uleb128 0x3a
 1020 00ba 0B       		.uleb128 0xb
 1021 00bb 3B       		.uleb128 0x3b
 1022 00bc 0B       		.uleb128 0xb
 1023 00bd 27       		.uleb128 0x27
 1024 00be 0C       		.uleb128 0xc
 1025 00bf 20       		.uleb128 0x20
 1026 00c0 0B       		.uleb128 0xb
 1027 00c1 01       		.uleb128 0x1
 1028 00c2 13       		.uleb128 0x13
 1029 00c3 00       		.byte	0
 1030 00c4 00       		.byte	0
 1031 00c5 10       		.uleb128 0x10
 1032 00c6 05       		.uleb128 0x5
 1033 00c7 00       		.byte	0
 1034 00c8 03       		.uleb128 0x3
 1035 00c9 0E       		.uleb128 0xe
 1036 00ca 3A       		.uleb128 0x3a
 1037 00cb 0B       		.uleb128 0xb
 1038 00cc 3B       		.uleb128 0x3b
 1039 00cd 0B       		.uleb128 0xb
 1040 00ce 49       		.uleb128 0x49
 1041 00cf 13       		.uleb128 0x13
 1042 00d0 00       		.byte	0
 1043 00d1 00       		.byte	0
 1044 00d2 11       		.uleb128 0x11
 1045 00d3 34       		.uleb128 0x34
 1046 00d4 00       		.byte	0
 1047 00d5 03       		.uleb128 0x3
 1048 00d6 08       		.uleb128 0x8
 1049 00d7 3A       		.uleb128 0x3a
 1050 00d8 0B       		.uleb128 0xb
 1051 00d9 3B       		.uleb128 0x3b
 1052 00da 0B       		.uleb128 0xb
 1053 00db 49       		.uleb128 0x49
 1054 00dc 13       		.uleb128 0x13
 1055 00dd 00       		.byte	0
 1056 00de 00       		.byte	0
 1057 00df 12       		.uleb128 0x12
 1058 00e0 0B       		.uleb128 0xb
 1059 00e1 01       		.byte	0x1
 1060 00e2 01       		.uleb128 0x1
 1061 00e3 13       		.uleb128 0x13
 1062 00e4 00       		.byte	0
 1063 00e5 00       		.byte	0
 1064 00e6 13       		.uleb128 0x13
 1065 00e7 0B       		.uleb128 0xb
 1066 00e8 01       		.byte	0x1
 1067 00e9 00       		.byte	0
 1068 00ea 00       		.byte	0
 1069 00eb 14       		.uleb128 0x14
 1070 00ec 2E       		.uleb128 0x2e
 1071 00ed 01       		.byte	0x1
 1072 00ee 3F       		.uleb128 0x3f
 1073 00ef 0C       		.uleb128 0xc
ARM GAS  /tmp/ccAQ63Ec.s 			page 20


 1074 00f0 03       		.uleb128 0x3
 1075 00f1 0E       		.uleb128 0xe
 1076 00f2 3A       		.uleb128 0x3a
 1077 00f3 0B       		.uleb128 0xb
 1078 00f4 3B       		.uleb128 0x3b
 1079 00f5 0B       		.uleb128 0xb
 1080 00f6 27       		.uleb128 0x27
 1081 00f7 0C       		.uleb128 0xc
 1082 00f8 11       		.uleb128 0x11
 1083 00f9 01       		.uleb128 0x1
 1084 00fa 12       		.uleb128 0x12
 1085 00fb 01       		.uleb128 0x1
 1086 00fc 40       		.uleb128 0x40
 1087 00fd 0A       		.uleb128 0xa
 1088 00fe 9742     		.uleb128 0x2117
 1089 0100 0C       		.uleb128 0xc
 1090 0101 01       		.uleb128 0x1
 1091 0102 13       		.uleb128 0x13
 1092 0103 00       		.byte	0
 1093 0104 00       		.byte	0
 1094 0105 15       		.uleb128 0x15
 1095 0106 05       		.uleb128 0x5
 1096 0107 00       		.byte	0
 1097 0108 03       		.uleb128 0x3
 1098 0109 08       		.uleb128 0x8
 1099 010a 3A       		.uleb128 0x3a
 1100 010b 0B       		.uleb128 0xb
 1101 010c 3B       		.uleb128 0x3b
 1102 010d 0B       		.uleb128 0xb
 1103 010e 49       		.uleb128 0x49
 1104 010f 13       		.uleb128 0x13
 1105 0110 02       		.uleb128 0x2
 1106 0111 0A       		.uleb128 0xa
 1107 0112 00       		.byte	0
 1108 0113 00       		.byte	0
 1109 0114 16       		.uleb128 0x16
 1110 0115 05       		.uleb128 0x5
 1111 0116 00       		.byte	0
 1112 0117 03       		.uleb128 0x3
 1113 0118 0E       		.uleb128 0xe
 1114 0119 3A       		.uleb128 0x3a
 1115 011a 0B       		.uleb128 0xb
 1116 011b 3B       		.uleb128 0x3b
 1117 011c 0B       		.uleb128 0xb
 1118 011d 49       		.uleb128 0x49
 1119 011e 13       		.uleb128 0x13
 1120 011f 02       		.uleb128 0x2
 1121 0120 0A       		.uleb128 0xa
 1122 0121 00       		.byte	0
 1123 0122 00       		.byte	0
 1124 0123 17       		.uleb128 0x17
 1125 0124 2E       		.uleb128 0x2e
 1126 0125 01       		.byte	0x1
 1127 0126 3F       		.uleb128 0x3f
 1128 0127 0C       		.uleb128 0xc
 1129 0128 03       		.uleb128 0x3
 1130 0129 0E       		.uleb128 0xe
ARM GAS  /tmp/ccAQ63Ec.s 			page 21


 1131 012a 3A       		.uleb128 0x3a
 1132 012b 0B       		.uleb128 0xb
 1133 012c 3B       		.uleb128 0x3b
 1134 012d 0B       		.uleb128 0xb
 1135 012e 27       		.uleb128 0x27
 1136 012f 0C       		.uleb128 0xc
 1137 0130 11       		.uleb128 0x11
 1138 0131 01       		.uleb128 0x1
 1139 0132 12       		.uleb128 0x12
 1140 0133 01       		.uleb128 0x1
 1141 0134 40       		.uleb128 0x40
 1142 0135 06       		.uleb128 0x6
 1143 0136 9742     		.uleb128 0x2117
 1144 0138 0C       		.uleb128 0xc
 1145 0139 01       		.uleb128 0x1
 1146 013a 13       		.uleb128 0x13
 1147 013b 00       		.byte	0
 1148 013c 00       		.byte	0
 1149 013d 18       		.uleb128 0x18
 1150 013e 05       		.uleb128 0x5
 1151 013f 00       		.byte	0
 1152 0140 03       		.uleb128 0x3
 1153 0141 08       		.uleb128 0x8
 1154 0142 3A       		.uleb128 0x3a
 1155 0143 0B       		.uleb128 0xb
 1156 0144 3B       		.uleb128 0x3b
 1157 0145 0B       		.uleb128 0xb
 1158 0146 49       		.uleb128 0x49
 1159 0147 13       		.uleb128 0x13
 1160 0148 02       		.uleb128 0x2
 1161 0149 06       		.uleb128 0x6
 1162 014a 00       		.byte	0
 1163 014b 00       		.byte	0
 1164 014c 19       		.uleb128 0x19
 1165 014d 1D       		.uleb128 0x1d
 1166 014e 01       		.byte	0x1
 1167 014f 31       		.uleb128 0x31
 1168 0150 13       		.uleb128 0x13
 1169 0151 11       		.uleb128 0x11
 1170 0152 01       		.uleb128 0x1
 1171 0153 12       		.uleb128 0x12
 1172 0154 01       		.uleb128 0x1
 1173 0155 58       		.uleb128 0x58
 1174 0156 0B       		.uleb128 0xb
 1175 0157 59       		.uleb128 0x59
 1176 0158 0B       		.uleb128 0xb
 1177 0159 00       		.byte	0
 1178 015a 00       		.byte	0
 1179 015b 1A       		.uleb128 0x1a
 1180 015c 05       		.uleb128 0x5
 1181 015d 00       		.byte	0
 1182 015e 31       		.uleb128 0x31
 1183 015f 13       		.uleb128 0x13
 1184 0160 02       		.uleb128 0x2
 1185 0161 06       		.uleb128 0x6
 1186 0162 00       		.byte	0
 1187 0163 00       		.byte	0
ARM GAS  /tmp/ccAQ63Ec.s 			page 22


 1188 0164 1B       		.uleb128 0x1b
 1189 0165 0B       		.uleb128 0xb
 1190 0166 01       		.byte	0x1
 1191 0167 11       		.uleb128 0x11
 1192 0168 01       		.uleb128 0x1
 1193 0169 12       		.uleb128 0x12
 1194 016a 01       		.uleb128 0x1
 1195 016b 01       		.uleb128 0x1
 1196 016c 13       		.uleb128 0x13
 1197 016d 00       		.byte	0
 1198 016e 00       		.byte	0
 1199 016f 1C       		.uleb128 0x1c
 1200 0170 34       		.uleb128 0x34
 1201 0171 00       		.byte	0
 1202 0172 31       		.uleb128 0x31
 1203 0173 13       		.uleb128 0x13
 1204 0174 02       		.uleb128 0x2
 1205 0175 06       		.uleb128 0x6
 1206 0176 00       		.byte	0
 1207 0177 00       		.byte	0
 1208 0178 1D       		.uleb128 0x1d
 1209 0179 1D       		.uleb128 0x1d
 1210 017a 01       		.byte	0x1
 1211 017b 31       		.uleb128 0x31
 1212 017c 13       		.uleb128 0x13
 1213 017d 52       		.uleb128 0x52
 1214 017e 01       		.uleb128 0x1
 1215 017f 55       		.uleb128 0x55
 1216 0180 06       		.uleb128 0x6
 1217 0181 58       		.uleb128 0x58
 1218 0182 0B       		.uleb128 0xb
 1219 0183 59       		.uleb128 0x59
 1220 0184 0B       		.uleb128 0xb
 1221 0185 01       		.uleb128 0x1
 1222 0186 13       		.uleb128 0x13
 1223 0187 00       		.byte	0
 1224 0188 00       		.byte	0
 1225 0189 1E       		.uleb128 0x1e
 1226 018a 0B       		.uleb128 0xb
 1227 018b 01       		.byte	0x1
 1228 018c 55       		.uleb128 0x55
 1229 018d 06       		.uleb128 0x6
 1230 018e 00       		.byte	0
 1231 018f 00       		.byte	0
 1232 0190 1F       		.uleb128 0x1f
 1233 0191 2E       		.uleb128 0x2e
 1234 0192 01       		.byte	0x1
 1235 0193 31       		.uleb128 0x31
 1236 0194 13       		.uleb128 0x13
 1237 0195 11       		.uleb128 0x11
 1238 0196 01       		.uleb128 0x1
 1239 0197 12       		.uleb128 0x12
 1240 0198 01       		.uleb128 0x1
 1241 0199 40       		.uleb128 0x40
 1242 019a 06       		.uleb128 0x6
 1243 019b 9642     		.uleb128 0x2116
 1244 019d 0C       		.uleb128 0xc
ARM GAS  /tmp/ccAQ63Ec.s 			page 23


 1245 019e 01       		.uleb128 0x1
 1246 019f 13       		.uleb128 0x13
 1247 01a0 00       		.byte	0
 1248 01a1 00       		.byte	0
 1249 01a2 20       		.uleb128 0x20
 1250 01a3 2E       		.uleb128 0x2e
 1251 01a4 01       		.byte	0x1
 1252 01a5 3F       		.uleb128 0x3f
 1253 01a6 0C       		.uleb128 0xc
 1254 01a7 03       		.uleb128 0x3
 1255 01a8 0E       		.uleb128 0xe
 1256 01a9 3A       		.uleb128 0x3a
 1257 01aa 0B       		.uleb128 0xb
 1258 01ab 3B       		.uleb128 0x3b
 1259 01ac 0B       		.uleb128 0xb
 1260 01ad 27       		.uleb128 0x27
 1261 01ae 0C       		.uleb128 0xc
 1262 01af 49       		.uleb128 0x49
 1263 01b0 13       		.uleb128 0x13
 1264 01b1 11       		.uleb128 0x11
 1265 01b2 01       		.uleb128 0x1
 1266 01b3 12       		.uleb128 0x12
 1267 01b4 01       		.uleb128 0x1
 1268 01b5 40       		.uleb128 0x40
 1269 01b6 06       		.uleb128 0x6
 1270 01b7 9642     		.uleb128 0x2116
 1271 01b9 0C       		.uleb128 0xc
 1272 01ba 01       		.uleb128 0x1
 1273 01bb 13       		.uleb128 0x13
 1274 01bc 00       		.byte	0
 1275 01bd 00       		.byte	0
 1276 01be 21       		.uleb128 0x21
 1277 01bf 34       		.uleb128 0x34
 1278 01c0 00       		.byte	0
 1279 01c1 03       		.uleb128 0x3
 1280 01c2 0E       		.uleb128 0xe
 1281 01c3 3A       		.uleb128 0x3a
 1282 01c4 0B       		.uleb128 0xb
 1283 01c5 3B       		.uleb128 0x3b
 1284 01c6 0B       		.uleb128 0xb
 1285 01c7 49       		.uleb128 0x49
 1286 01c8 13       		.uleb128 0x13
 1287 01c9 02       		.uleb128 0x2
 1288 01ca 0A       		.uleb128 0xa
 1289 01cb 00       		.byte	0
 1290 01cc 00       		.byte	0
 1291 01cd 22       		.uleb128 0x22
 1292 01ce 34       		.uleb128 0x34
 1293 01cf 00       		.byte	0
 1294 01d0 03       		.uleb128 0x3
 1295 01d1 08       		.uleb128 0x8
 1296 01d2 3A       		.uleb128 0x3a
 1297 01d3 0B       		.uleb128 0xb
 1298 01d4 3B       		.uleb128 0x3b
 1299 01d5 0B       		.uleb128 0xb
 1300 01d6 49       		.uleb128 0x49
 1301 01d7 13       		.uleb128 0x13
ARM GAS  /tmp/ccAQ63Ec.s 			page 24


 1302 01d8 02       		.uleb128 0x2
 1303 01d9 06       		.uleb128 0x6
 1304 01da 00       		.byte	0
 1305 01db 00       		.byte	0
 1306 01dc 23       		.uleb128 0x23
 1307 01dd 0B       		.uleb128 0xb
 1308 01de 01       		.byte	0x1
 1309 01df 11       		.uleb128 0x11
 1310 01e0 01       		.uleb128 0x1
 1311 01e1 12       		.uleb128 0x12
 1312 01e2 01       		.uleb128 0x1
 1313 01e3 00       		.byte	0
 1314 01e4 00       		.byte	0
 1315 01e5 24       		.uleb128 0x24
 1316 01e6 2E       		.uleb128 0x2e
 1317 01e7 01       		.byte	0x1
 1318 01e8 31       		.uleb128 0x31
 1319 01e9 13       		.uleb128 0x13
 1320 01ea 11       		.uleb128 0x11
 1321 01eb 01       		.uleb128 0x1
 1322 01ec 12       		.uleb128 0x12
 1323 01ed 01       		.uleb128 0x1
 1324 01ee 40       		.uleb128 0x40
 1325 01ef 0A       		.uleb128 0xa
 1326 01f0 9742     		.uleb128 0x2117
 1327 01f2 0C       		.uleb128 0xc
 1328 01f3 01       		.uleb128 0x1
 1329 01f4 13       		.uleb128 0x13
 1330 01f5 00       		.byte	0
 1331 01f6 00       		.byte	0
 1332 01f7 25       		.uleb128 0x25
 1333 01f8 05       		.uleb128 0x5
 1334 01f9 00       		.byte	0
 1335 01fa 31       		.uleb128 0x31
 1336 01fb 13       		.uleb128 0x13
 1337 01fc 02       		.uleb128 0x2
 1338 01fd 0A       		.uleb128 0xa
 1339 01fe 00       		.byte	0
 1340 01ff 00       		.byte	0
 1341 0200 26       		.uleb128 0x26
 1342 0201 34       		.uleb128 0x34
 1343 0202 00       		.byte	0
 1344 0203 31       		.uleb128 0x31
 1345 0204 13       		.uleb128 0x13
 1346 0205 02       		.uleb128 0x2
 1347 0206 0A       		.uleb128 0xa
 1348 0207 00       		.byte	0
 1349 0208 00       		.byte	0
 1350 0209 27       		.uleb128 0x27
 1351 020a 2E       		.uleb128 0x2e
 1352 020b 01       		.byte	0x1
 1353 020c 31       		.uleb128 0x31
 1354 020d 13       		.uleb128 0x13
 1355 020e 11       		.uleb128 0x11
 1356 020f 01       		.uleb128 0x1
 1357 0210 12       		.uleb128 0x12
 1358 0211 01       		.uleb128 0x1
ARM GAS  /tmp/ccAQ63Ec.s 			page 25


 1359 0212 40       		.uleb128 0x40
 1360 0213 0A       		.uleb128 0xa
 1361 0214 9742     		.uleb128 0x2117
 1362 0216 0C       		.uleb128 0xc
 1363 0217 00       		.byte	0
 1364 0218 00       		.byte	0
 1365 0219 00       		.byte	0
 1366              		.section	.debug_loc,"",%progbits
 1367              	.Ldebug_loc0:
 1368              	.LLST0:
 1369 0000 00000000 		.4byte	.LFB8
 1370 0004 02000000 		.4byte	.LCFI0
 1371 0008 0200     		.2byte	0x2
 1372 000a 7D       		.byte	0x7d
 1373 000b 00       		.sleb128 0
 1374 000c 02000000 		.4byte	.LCFI0
 1375 0010 22000000 		.4byte	.LFE8
 1376 0014 0200     		.2byte	0x2
 1377 0016 7D       		.byte	0x7d
 1378 0017 04       		.sleb128 4
 1379 0018 00000000 		.4byte	0
 1380 001c 00000000 		.4byte	0
 1381              	.LLST1:
 1382 0020 00000000 		.4byte	.LVL1
 1383 0024 1C000000 		.4byte	.LVL8
 1384 0028 0100     		.2byte	0x1
 1385 002a 51       		.byte	0x51
 1386 002b 1C000000 		.4byte	.LVL8
 1387 002f 22000000 		.4byte	.LFE8
 1388 0033 0100     		.2byte	0x1
 1389 0035 51       		.byte	0x51
 1390 0036 00000000 		.4byte	0
 1391 003a 00000000 		.4byte	0
 1392              	.LLST2:
 1393 003e 00000000 		.4byte	.LVL1
 1394 0042 04000000 		.4byte	.LVL2
 1395 0046 0100     		.2byte	0x1
 1396 0048 52       		.byte	0x52
 1397 0049 00000000 		.4byte	0
 1398 004d 00000000 		.4byte	0
 1399              	.LLST3:
 1400 0051 04000000 		.4byte	.LVL2
 1401 0055 1C000000 		.4byte	.LVL8
 1402 0059 0100     		.2byte	0x1
 1403 005b 51       		.byte	0x51
 1404 005c 1C000000 		.4byte	.LVL8
 1405 0060 1E000000 		.4byte	.LVL9
 1406 0064 0200     		.2byte	0x2
 1407 0066 70       		.byte	0x70
 1408 0067 00       		.sleb128 0
 1409 0068 00000000 		.4byte	0
 1410 006c 00000000 		.4byte	0
 1411              	.LLST4:
 1412 0070 04000000 		.4byte	.LVL2
 1413 0074 1E000000 		.4byte	.LVL9
 1414 0078 0100     		.2byte	0x1
 1415 007a 50       		.byte	0x50
ARM GAS  /tmp/ccAQ63Ec.s 			page 26


 1416 007b 00000000 		.4byte	0
 1417 007f 00000000 		.4byte	0
 1418              	.LLST5:
 1419 0083 0A000000 		.4byte	.LVL4
 1420 0087 0E000000 		.4byte	.LVL5
 1421 008b 0100     		.2byte	0x1
 1422 008d 53       		.byte	0x53
 1423 008e 00000000 		.4byte	0
 1424 0092 00000000 		.4byte	0
 1425              	.LLST6:
 1426 0096 0A000000 		.4byte	.LVL4
 1427 009a 1C000000 		.4byte	.LVL8
 1428 009e 0100     		.2byte	0x1
 1429 00a0 51       		.byte	0x51
 1430 00a1 1C000000 		.4byte	.LVL8
 1431 00a5 1E000000 		.4byte	.LVL9
 1432 00a9 0200     		.2byte	0x2
 1433 00ab 70       		.byte	0x70
 1434 00ac 00       		.sleb128 0
 1435 00ad 00000000 		.4byte	0
 1436 00b1 00000000 		.4byte	0
 1437              	.LLST7:
 1438 00b5 0A000000 		.4byte	.LVL4
 1439 00b9 1E000000 		.4byte	.LVL9
 1440 00bd 0100     		.2byte	0x1
 1441 00bf 50       		.byte	0x50
 1442 00c0 00000000 		.4byte	0
 1443 00c4 00000000 		.4byte	0
 1444              	.LLST9:
 1445 00c8 16000000 		.4byte	.LVL6
 1446 00cc 18000000 		.4byte	.LVL7
 1447 00d0 0100     		.2byte	0x1
 1448 00d2 53       		.byte	0x53
 1449 00d3 00000000 		.4byte	0
 1450 00d7 00000000 		.4byte	0
 1451              	.LLST10:
 1452 00db 00000000 		.4byte	.LFB9
 1453 00df 02000000 		.4byte	.LCFI1
 1454 00e3 0200     		.2byte	0x2
 1455 00e5 7D       		.byte	0x7d
 1456 00e6 00       		.sleb128 0
 1457 00e7 02000000 		.4byte	.LCFI1
 1458 00eb 18000000 		.4byte	.LFE9
 1459 00ef 0200     		.2byte	0x2
 1460 00f1 7D       		.byte	0x7d
 1461 00f2 08       		.sleb128 8
 1462 00f3 00000000 		.4byte	0
 1463 00f7 00000000 		.4byte	0
 1464              	.LLST11:
 1465 00fb 00000000 		.4byte	.LVL10
 1466 00ff 06000000 		.4byte	.LVL11
 1467 0103 0100     		.2byte	0x1
 1468 0105 50       		.byte	0x50
 1469 0106 06000000 		.4byte	.LVL11
 1470 010a 15000000 		.4byte	.LVL13-1
 1471 010e 0100     		.2byte	0x1
 1472 0110 53       		.byte	0x53
ARM GAS  /tmp/ccAQ63Ec.s 			page 27


 1473 0111 15000000 		.4byte	.LVL13-1
 1474 0115 18000000 		.4byte	.LFE9
 1475 0119 0400     		.2byte	0x4
 1476 011b F3       		.byte	0xf3
 1477 011c 01       		.uleb128 0x1
 1478 011d 50       		.byte	0x50
 1479 011e 9F       		.byte	0x9f
 1480 011f 00000000 		.4byte	0
 1481 0123 00000000 		.4byte	0
 1482              	.LLST12:
 1483 0127 06000000 		.4byte	.LVL11
 1484 012b 14000000 		.4byte	.LVL12
 1485 012f 0100     		.2byte	0x1
 1486 0131 50       		.byte	0x50
 1487 0132 14000000 		.4byte	.LVL12
 1488 0136 15000000 		.4byte	.LVL13-1
 1489 013a 0200     		.2byte	0x2
 1490 013c 73       		.byte	0x73
 1491 013d 00       		.sleb128 0
 1492 013e 16000000 		.4byte	.LVL13
 1493 0142 18000000 		.4byte	.LFE9
 1494 0146 0100     		.2byte	0x1
 1495 0148 50       		.byte	0x50
 1496 0149 00000000 		.4byte	0
 1497 014d 00000000 		.4byte	0
 1498              	.LLST13:
 1499 0151 00000000 		.4byte	.LFB10
 1500 0155 02000000 		.4byte	.LCFI2
 1501 0159 0200     		.2byte	0x2
 1502 015b 7D       		.byte	0x7d
 1503 015c 00       		.sleb128 0
 1504 015d 02000000 		.4byte	.LCFI2
 1505 0161 26000000 		.4byte	.LFE10
 1506 0165 0200     		.2byte	0x2
 1507 0167 7D       		.byte	0x7d
 1508 0168 08       		.sleb128 8
 1509 0169 00000000 		.4byte	0
 1510 016d 00000000 		.4byte	0
 1511              	.LLST14:
 1512 0171 00000000 		.4byte	.LVL14
 1513 0175 0C000000 		.4byte	.LVL17
 1514 0179 0100     		.2byte	0x1
 1515 017b 50       		.byte	0x50
 1516 017c 0C000000 		.4byte	.LVL17
 1517 0180 12000000 		.4byte	.LVL19
 1518 0184 0100     		.2byte	0x1
 1519 0186 52       		.byte	0x52
 1520 0187 12000000 		.4byte	.LVL19
 1521 018b 1A000000 		.4byte	.LVL22
 1522 018f 0400     		.2byte	0x4
 1523 0191 F3       		.byte	0xf3
 1524 0192 01       		.uleb128 0x1
 1525 0193 50       		.byte	0x50
 1526 0194 9F       		.byte	0x9f
 1527 0195 1A000000 		.4byte	.LVL22
 1528 0199 23000000 		.4byte	.LVL25-1
 1529 019d 0100     		.2byte	0x1
ARM GAS  /tmp/ccAQ63Ec.s 			page 28


 1530 019f 52       		.byte	0x52
 1531 01a0 23000000 		.4byte	.LVL25-1
 1532 01a4 26000000 		.4byte	.LFE10
 1533 01a8 0400     		.2byte	0x4
 1534 01aa F3       		.byte	0xf3
 1535 01ab 01       		.uleb128 0x1
 1536 01ac 50       		.byte	0x50
 1537 01ad 9F       		.byte	0x9f
 1538 01ae 00000000 		.4byte	0
 1539 01b2 00000000 		.4byte	0
 1540              	.LLST15:
 1541 01b6 0A000000 		.4byte	.LVL16
 1542 01ba 10000000 		.4byte	.LVL18
 1543 01be 0100     		.2byte	0x1
 1544 01c0 53       		.byte	0x53
 1545 01c1 1A000000 		.4byte	.LVL22
 1546 01c5 1C000000 		.4byte	.LVL23
 1547 01c9 0100     		.2byte	0x1
 1548 01cb 53       		.byte	0x53
 1549 01cc 00000000 		.4byte	0
 1550 01d0 00000000 		.4byte	0
 1551              	.LLST16:
 1552 01d4 0A000000 		.4byte	.LVL16
 1553 01d8 0C000000 		.4byte	.LVL17
 1554 01dc 0100     		.2byte	0x1
 1555 01de 50       		.byte	0x50
 1556 01df 0C000000 		.4byte	.LVL17
 1557 01e3 12000000 		.4byte	.LVL19
 1558 01e7 0100     		.2byte	0x1
 1559 01e9 52       		.byte	0x52
 1560 01ea 12000000 		.4byte	.LVL19
 1561 01ee 1A000000 		.4byte	.LVL22
 1562 01f2 0400     		.2byte	0x4
 1563 01f4 F3       		.byte	0xf3
 1564 01f5 01       		.uleb128 0x1
 1565 01f6 50       		.byte	0x50
 1566 01f7 9F       		.byte	0x9f
 1567 01f8 1A000000 		.4byte	.LVL22
 1568 01fc 23000000 		.4byte	.LVL25-1
 1569 0200 0100     		.2byte	0x1
 1570 0202 52       		.byte	0x52
 1571 0203 23000000 		.4byte	.LVL25-1
 1572 0207 26000000 		.4byte	.LFE10
 1573 020b 0400     		.2byte	0x4
 1574 020d F3       		.byte	0xf3
 1575 020e 01       		.uleb128 0x1
 1576 020f 50       		.byte	0x50
 1577 0210 9F       		.byte	0x9f
 1578 0211 00000000 		.4byte	0
 1579 0215 00000000 		.4byte	0
 1580              	.LLST17:
 1581 0219 0C000000 		.4byte	.LVL17
 1582 021d 22000000 		.4byte	.LVL24
 1583 0221 0100     		.2byte	0x1
 1584 0223 50       		.byte	0x50
 1585 0224 22000000 		.4byte	.LVL24
 1586 0228 23000000 		.4byte	.LVL25-1
ARM GAS  /tmp/ccAQ63Ec.s 			page 29


 1587 022c 0200     		.2byte	0x2
 1588 022e 72       		.byte	0x72
 1589 022f 00       		.sleb128 0
 1590 0230 24000000 		.4byte	.LVL25
 1591 0234 26000000 		.4byte	.LFE10
 1592 0238 0100     		.2byte	0x1
 1593 023a 50       		.byte	0x50
 1594 023b 00000000 		.4byte	0
 1595 023f 00000000 		.4byte	0
 1596              	.LLST18:
 1597 0243 18000000 		.4byte	.LVL21
 1598 0247 1A000000 		.4byte	.LVL22
 1599 024b 0100     		.2byte	0x1
 1600 024d 53       		.byte	0x53
 1601 024e 00000000 		.4byte	0
 1602 0252 00000000 		.4byte	0
 1603              	.LLST19:
 1604 0256 06000000 		.4byte	.LVL29
 1605 025a 0A000000 		.4byte	.LVL30
 1606 025e 0100     		.2byte	0x1
 1607 0260 53       		.byte	0x53
 1608 0261 00000000 		.4byte	0
 1609 0265 00000000 		.4byte	0
 1610              	.LLST20:
 1611 0269 12000000 		.4byte	.LVL31
 1612 026d 14000000 		.4byte	.LFE12
 1613 0271 0100     		.2byte	0x1
 1614 0273 53       		.byte	0x53
 1615 0274 00000000 		.4byte	0
 1616 0278 00000000 		.4byte	0
 1617              		.section	.debug_aranges,"",%progbits
 1618 0000 44000000 		.4byte	0x44
 1619 0004 0200     		.2byte	0x2
 1620 0006 00000000 		.4byte	.Ldebug_info0
 1621 000a 04       		.byte	0x4
 1622 000b 00       		.byte	0
 1623 000c 0000     		.2byte	0
 1624 000e 0000     		.2byte	0
 1625 0010 00000000 		.4byte	.LFB7
 1626 0014 0A000000 		.4byte	.LFE7-.LFB7
 1627 0018 00000000 		.4byte	.LFB8
 1628 001c 22000000 		.4byte	.LFE8-.LFB8
 1629 0020 00000000 		.4byte	.LFB9
 1630 0024 18000000 		.4byte	.LFE9-.LFB9
 1631 0028 00000000 		.4byte	.LFB10
 1632 002c 26000000 		.4byte	.LFE10-.LFB10
 1633 0030 00000000 		.4byte	.LFB11
 1634 0034 08000000 		.4byte	.LFE11-.LFB11
 1635 0038 00000000 		.4byte	.LFB12
 1636 003c 14000000 		.4byte	.LFE12-.LFB12
 1637 0040 00000000 		.4byte	0
 1638 0044 00000000 		.4byte	0
 1639              		.section	.debug_ranges,"",%progbits
 1640              	.Ldebug_ranges0:
 1641 0000 0A000000 		.4byte	.LBB18
 1642 0004 0C000000 		.4byte	.LBE18
 1643 0008 0E000000 		.4byte	.LBB22
ARM GAS  /tmp/ccAQ63Ec.s 			page 30


 1644 000c 12000000 		.4byte	.LBE22
 1645 0010 00000000 		.4byte	0
 1646 0014 00000000 		.4byte	0
 1647 0018 0A000000 		.4byte	.LBB19
 1648 001c 0C000000 		.4byte	.LBE19
 1649 0020 0E000000 		.4byte	.LBB20
 1650 0024 12000000 		.4byte	.LBE20
 1651 0028 00000000 		.4byte	0
 1652 002c 00000000 		.4byte	0
 1653 0030 0C000000 		.4byte	.LBB21
 1654 0034 0E000000 		.4byte	.LBE21
 1655 0038 12000000 		.4byte	.LBB23
 1656 003c 16000000 		.4byte	.LBE23
 1657 0040 00000000 		.4byte	0
 1658 0044 00000000 		.4byte	0
 1659 0048 0A000000 		.4byte	.LBB25
 1660 004c 12000000 		.4byte	.LBE25
 1661 0050 1A000000 		.4byte	.LBB29
 1662 0054 26000000 		.4byte	.LBE29
 1663 0058 00000000 		.4byte	0
 1664 005c 00000000 		.4byte	0
 1665 0060 0A000000 		.4byte	.LBB26
 1666 0064 12000000 		.4byte	.LBE26
 1667 0068 1A000000 		.4byte	.LBB27
 1668 006c 26000000 		.4byte	.LBE27
 1669 0070 00000000 		.4byte	0
 1670 0074 00000000 		.4byte	0
 1671 0078 06000000 		.4byte	.LBB31
 1672 007c 08000000 		.4byte	.LBE31
 1673 0080 0A000000 		.4byte	.LBB35
 1674 0084 0E000000 		.4byte	.LBE35
 1675 0088 00000000 		.4byte	0
 1676 008c 00000000 		.4byte	0
 1677 0090 06000000 		.4byte	.LBB32
 1678 0094 08000000 		.4byte	.LBE32
 1679 0098 0A000000 		.4byte	.LBB33
 1680 009c 0E000000 		.4byte	.LBE33
 1681 00a0 00000000 		.4byte	0
 1682 00a4 00000000 		.4byte	0
 1683 00a8 08000000 		.4byte	.LBB34
 1684 00ac 0A000000 		.4byte	.LBE34
 1685 00b0 0E000000 		.4byte	.LBB36
 1686 00b4 14000000 		.4byte	.LBE36
 1687 00b8 00000000 		.4byte	0
 1688 00bc 00000000 		.4byte	0
 1689 00c0 00000000 		.4byte	.LFB7
 1690 00c4 0A000000 		.4byte	.LFE7
 1691 00c8 00000000 		.4byte	.LFB8
 1692 00cc 22000000 		.4byte	.LFE8
 1693 00d0 00000000 		.4byte	.LFB9
 1694 00d4 18000000 		.4byte	.LFE9
 1695 00d8 00000000 		.4byte	.LFB10
 1696 00dc 26000000 		.4byte	.LFE10
 1697 00e0 00000000 		.4byte	.LFB11
 1698 00e4 08000000 		.4byte	.LFE11
 1699 00e8 00000000 		.4byte	.LFB12
 1700 00ec 14000000 		.4byte	.LFE12
ARM GAS  /tmp/ccAQ63Ec.s 			page 31


 1701 00f0 00000000 		.4byte	0
 1702 00f4 00000000 		.4byte	0
 1703              		.section	.debug_line,"",%progbits
 1704              	.Ldebug_line0:
 1705 0000 5A020000 		.section	.debug_str,"MS",%progbits,1
 1705      0200B401 
 1705      00000201 
 1705      FB0E0D00 
 1705      01010101 
 1706              	.LASF2:
 1707 0000 73697A65 		.ascii	"size_t\000"
 1707      5F7400
 1708              	.LASF28:
 1709 0007 474E5520 		.ascii	"GNU C 4.7.3\000"
 1709      4320342E 
 1709      372E3300 
 1710              	.LASF17:
 1711 0013 6D705F6F 		.ascii	"mp_object_size\000"
 1711      626A6563 
 1711      745F7369 
 1711      7A6500
 1712              	.LASF27:
 1713 0022 6368506F 		.ascii	"chPoolLoadArray\000"
 1713      6F6C4C6F 
 1713      61644172 
 1713      72617900 
 1714              	.LASF30:
 1715 0032 706F6F6C 		.ascii	"pool_header\000"
 1715      5F686561 
 1715      64657200 
 1716              	.LASF24:
 1717 003e 73697A65 		.ascii	"size\000"
 1717      00
 1718              	.LASF9:
 1719 0043 6C6F6E67 		.ascii	"long unsigned int\000"
 1719      20756E73 
 1719      69676E65 
 1719      6420696E 
 1719      7400
 1720              	.LASF6:
 1721 0055 73686F72 		.ascii	"short unsigned int\000"
 1721      7420756E 
 1721      7369676E 
 1721      65642069 
 1721      6E7400
 1722              	.LASF25:
 1723 0068 70726F76 		.ascii	"provider\000"
 1723      69646572 
 1723      00
 1724              	.LASF22:
 1725 0071 6368506F 		.ascii	"chPoolFreeI\000"
 1725      6F6C4672 
 1725      65654900 
 1726              	.LASF4:
 1727 007d 756E7369 		.ascii	"unsigned char\000"
 1727      676E6564 
 1727      20636861 
ARM GAS  /tmp/ccAQ63Ec.s 			page 32


 1727      7200
 1728              	.LASF23:
 1729 008b 6368506F 		.ascii	"chPoolFree\000"
 1729      6F6C4672 
 1729      656500
 1730              	.LASF19:
 1731 0096 4D656D6F 		.ascii	"MemoryPool\000"
 1731      7279506F 
 1731      6F6C00
 1732              	.LASF21:
 1733 00a1 6F626A70 		.ascii	"objp\000"
 1733      00
 1734              	.LASF31:
 1735 00a6 6368506F 		.ascii	"chPoolAllocI\000"
 1735      6F6C416C 
 1735      6C6F6349 
 1735      00
 1736              	.LASF0:
 1737 00b3 756E7369 		.ascii	"unsigned int\000"
 1737      676E6564 
 1737      20696E74 
 1737      00
 1738              	.LASF11:
 1739 00c0 6C6F6E67 		.ascii	"long long unsigned int\000"
 1739      206C6F6E 
 1739      6720756E 
 1739      7369676E 
 1739      65642069 
 1740              	.LASF3:
 1741 00d7 75696E74 		.ascii	"uint8_t\000"
 1741      385F7400 
 1742              	.LASF15:
 1743 00df 70685F6E 		.ascii	"ph_next\000"
 1743      65787400 
 1744              	.LASF13:
 1745 00e7 73697A65 		.ascii	"sizetype\000"
 1745      74797065 
 1745      00
 1746              	.LASF10:
 1747 00f0 6C6F6E67 		.ascii	"long long int\000"
 1747      206C6F6E 
 1747      6720696E 
 1747      7400
 1748              	.LASF20:
 1749 00fe 63686172 		.ascii	"char\000"
 1749      00
 1750              	.LASF14:
 1751 0103 6D656D67 		.ascii	"memgetfunc_t\000"
 1751      65746675 
 1751      6E635F74 
 1751      00
 1752              	.LASF18:
 1753 0110 6D705F70 		.ascii	"mp_provider\000"
 1753      726F7669 
 1753      64657200 
 1754              	.LASF5:
 1755 011c 73686F72 		.ascii	"short int\000"
ARM GAS  /tmp/ccAQ63Ec.s 			page 33


 1755      7420696E 
 1755      7400
 1756              	.LASF32:
 1757 0126 6368506F 		.ascii	"chPoolAlloc\000"
 1757      6F6C416C 
 1757      6C6F6300 
 1758              	.LASF8:
 1759 0132 75696E74 		.ascii	"uint32_t\000"
 1759      33325F74 
 1759      00
 1760              	.LASF7:
 1761 013b 6C6F6E67 		.ascii	"long int\000"
 1761      20696E74 
 1761      00
 1762              	.LASF29:
 1763 0144 2F686F6D 		.ascii	"/home/dpeter/devel/sources/ChibiOS-RT/os/kernel/src"
 1763      652F6470 
 1763      65746572 
 1763      2F646576 
 1763      656C2F73 
 1764 0177 2F63686D 		.ascii	"/chmempools.c\000"
 1764      656D706F 
 1764      6F6C732E 
 1764      6300
 1765              	.LASF1:
 1766 0185 7369676E 		.ascii	"signed char\000"
 1766      65642063 
 1766      68617200 
 1767              	.LASF16:
 1768 0191 6D705F6E 		.ascii	"mp_next\000"
 1768      65787400 
 1769              	.LASF12:
 1770 0199 5F426F6F 		.ascii	"_Bool\000"
 1770      6C00
 1771              	.LASF26:
 1772 019f 6368506F 		.ascii	"chPoolInit\000"
 1772      6F6C496E 
 1772      697400
 1773              		.ident	"GCC: (Sourcery CodeBench Lite 2013.05-23) 4.7.3"
ARM GAS  /tmp/ccAQ63Ec.s 			page 34


DEFINED SYMBOLS
                            *ABS*:00000000 chmempools.c
     /tmp/ccAQ63Ec.s:19     .text.chPoolInit:00000000 $t
     /tmp/ccAQ63Ec.s:25     .text.chPoolInit:00000000 chPoolInit
     /tmp/ccAQ63Ec.s:46     .text.chPoolLoadArray:00000000 $t
     /tmp/ccAQ63Ec.s:52     .text.chPoolLoadArray:00000000 chPoolLoadArray
     /tmp/ccAQ63Ec.s:126    .text.chPoolAllocI:00000000 $t
     /tmp/ccAQ63Ec.s:132    .text.chPoolAllocI:00000000 chPoolAllocI
     /tmp/ccAQ63Ec.s:170    .text.chPoolAlloc:00000000 $t
     /tmp/ccAQ63Ec.s:176    .text.chPoolAlloc:00000000 chPoolAlloc
     /tmp/ccAQ63Ec.s:247    .text.chPoolFreeI:00000000 $t
     /tmp/ccAQ63Ec.s:253    .text.chPoolFreeI:00000000 chPoolFreeI
     /tmp/ccAQ63Ec.s:271    .text.chPoolFree:00000000 $t
     /tmp/ccAQ63Ec.s:277    .text.chPoolFree:00000000 chPoolFree
                     .debug_frame:00000010 $d

NO UNDEFINED SYMBOLS
