ARM GAS  /tmp/ccnfYJZJ.s 			page 1


   1              		.syntax unified
   2              		.cpu cortex-m4
   3              		.fpu softvfp
   4              		.eabi_attribute 20, 1
   5              		.eabi_attribute 21, 1
   6              		.eabi_attribute 23, 3
   7              		.eabi_attribute 24, 1
   8              		.eabi_attribute 25, 1
   9              		.eabi_attribute 26, 1
  10              		.eabi_attribute 30, 2
  11              		.eabi_attribute 34, 1
  12              		.eabi_attribute 18, 4
  13              		.thumb
  14              		.file	"chprintf.c"
  15              		.text
  16              	.Ltext0:
  17              		.cfi_sections	.debug_frame
  18              		.section	.text.long_to_string_with_divisor.constprop.0,"ax",%progbits
  19              		.align	2
  20              		.p2align 4,,15
  21              		.thumb
  22              		.thumb_func
  23              		.type	long_to_string_with_divisor.constprop.0, %function
  24              	long_to_string_with_divisor.constprop.0:
  25              	.LFB10:
  26              		.file 1 "/home/dpeter/devel/sources/ChibiOS-RT/os/various/chprintf.c"
  27              		.loc 1 36 0
  28              		.cfi_startproc
  29              		@ args = 0, pretend = 0, frame = 0
  30              		@ frame_needed = 0, uses_anonymous_args = 0
  31              		@ link register save eliminated.
  32              	.LVL0:
  33 0000 F0B4     		push	{r4, r5, r6, r7}
  34              	.LCFI0:
  35              		.cfi_def_cfa_offset 16
  36              		.cfi_offset 4, -16
  37              		.cfi_offset 5, -12
  38              		.cfi_offset 6, -8
  39              		.cfi_offset 7, -4
  40              		.loc 1 51 0
  41 0002 00F10B0C 		add	ip, r0, #11
  42              	.LVL1:
  43              		.loc 1 36 0
  44 0006 00F10A05 		add	r5, r0, #10
  45 000a 0C46     		mov	r4, r1
  46              	.LVL2:
  47              	.L3:
  48              		.loc 1 53 0
  49 000c B1FBF2F6 		udiv	r6, r1, r2
  50 0010 02FB1611 		mls	r1, r2, r6, r1
  51              	.LVL3:
  52              		.loc 1 54 0
  53 0014 01F13003 		add	r3, r1, #48
  54              	.LVL4:
  55              		.loc 1 55 0
  56 0018 392B     		cmp	r3, #57
  57              		.loc 1 56 0
ARM GAS  /tmp/ccnfYJZJ.s 			page 2


  58 001a C8BF     		it	gt
  59 001c 01F13703 		addgt	r3, r1, #55
  60              	.LVL5:
  61              		.loc 1 59 0
  62 0020 B4FBF2F4 		udiv	r4, r4, r2
  63              	.LVL6:
  64              		.loc 1 57 0
  65 0024 2F46     		mov	r7, r5
  66              	.LVL7:
  67              		.loc 1 58 0
  68 0026 3146     		mov	r1, r6
  69              		.loc 1 57 0
  70 0028 05F80139 		strb	r3, [r5], #-1
  71              	.LVL8:
  72              		.loc 1 59 0
  73 002c 002C     		cmp	r4, #0
  74 002e EDD1     		bne	.L3
  75              	.LVL9:
  76              		.loc 1 61 0
  77 0030 C7EB0C01 		rsb	r1, r7, ip
  78              	.LVL10:
  79 0034 3A46     		mov	r2, r7
  80              	.LVL11:
  81              		.loc 1 36 0
  82 0036 4118     		adds	r1, r0, r1
  83              	.LVL12:
  84 0038 01E0     		b	.L5
  85              	.LVL13:
  86              	.L9:
  87 003a 12F8013F 		ldrb	r3, [r2, #1]!	@ zero_extendqisi2
  88              	.L5:
  89              		.loc 1 63 0
  90 003e 00F8013B 		strb	r3, [r0], #1
  91              	.LVL14:
  92              		.loc 1 64 0
  93 0042 8842     		cmp	r0, r1
  94 0044 F9D1     		bne	.L9
  95              		.loc 1 67 0
  96 0046 F0BC     		pop	{r4, r5, r6, r7}
  97 0048 7047     		bx	lr
  98              		.cfi_endproc
  99              	.LFE10:
 100              		.size	long_to_string_with_divisor.constprop.0, .-long_to_string_with_divisor.constprop.0
 101 004a 00BFAFF3 		.section	.text.chprintf,"ax",%progbits
 101      0080
 102              		.align	2
 103              		.p2align 4,,15
 104              		.global	chprintf
 105              		.thumb
 106              		.thumb_func
 107              		.type	chprintf, %function
 108              	chprintf:
 109              	.LFB9:
 110              		.loc 1 108 0
 111              		.cfi_startproc
 112              		@ args = 4, pretend = 12, frame = 24
 113              		@ frame_needed = 0, uses_anonymous_args = 1
ARM GAS  /tmp/ccnfYJZJ.s 			page 3


 114              	.LVL15:
 115 0000 0EB4     		push	{r1, r2, r3}
 116              	.LCFI1:
 117              		.cfi_def_cfa_offset 12
 118              		.cfi_offset 1, -12
 119              		.cfi_offset 2, -8
 120              		.cfi_offset 3, -4
 121 0002 2DE9F04F 		push	{r4, r5, r6, r7, r8, r9, sl, fp, lr}
 122              	.LCFI2:
 123              		.cfi_def_cfa_offset 48
 124              		.cfi_offset 4, -48
 125              		.cfi_offset 5, -44
 126              		.cfi_offset 6, -40
 127              		.cfi_offset 7, -36
 128              		.cfi_offset 8, -32
 129              		.cfi_offset 9, -28
 130              		.cfi_offset 10, -24
 131              		.cfi_offset 11, -20
 132              		.cfi_offset 14, -16
 133 0006 86B0     		sub	sp, sp, #24
 134              	.LCFI3:
 135              		.cfi_def_cfa_offset 72
 136              		.loc 1 108 0
 137 0008 0FAB     		add	r3, sp, #60
 138              		.loc 1 132 0
 139 000a 0DF10C08 		add	r8, sp, #12
 140              		.loc 1 108 0
 141 000e 53F8044B 		ldr	r4, [r3], #4
 142              		.loc 1 121 0
 143 0012 0293     		str	r3, [sp, #8]
 144              		.loc 1 236 0
 145 0014 0DF10D03 		add	r3, sp, #13
 146 0018 C8EB030C 		rsb	ip, r8, r3
 147 001c 0093     		str	r3, [sp, #0]
 148              		.loc 1 108 0
 149 001e 0646     		mov	r6, r0
 150 0020 CDF804C0 		str	ip, [sp, #4]
 151              	.LVL16:
 152              	.L79:
 153              		.loc 1 123 0
 154 0024 2546     		mov	r5, r4
 155 0026 15F8011B 		ldrb	r1, [r5], #1	@ zero_extendqisi2
 156              	.LVL17:
 157              		.loc 1 124 0
 158 002a 59B1     		cbz	r1, .L78
 159              	.LVL18:
 160              	.L83:
 161              		.loc 1 128 0
 162 002c 2529     		cmp	r1, #37
 163 002e 0ED0     		beq	.L13
 164              		.loc 1 129 0
 165 0030 3368     		ldr	r3, [r6, #0]
 166              		.loc 1 123 0
 167 0032 2C46     		mov	r4, r5
 168 0034 2546     		mov	r5, r4
 169              	.LVL19:
 170              		.loc 1 129 0
ARM GAS  /tmp/ccnfYJZJ.s 			page 4


 171 0036 3046     		mov	r0, r6
 172 0038 9B68     		ldr	r3, [r3, #8]
 173 003a 9847     		blx	r3
 174              	.LVL20:
 175              		.loc 1 123 0
 176 003c 15F8011B 		ldrb	r1, [r5], #1	@ zero_extendqisi2
 177              	.LVL21:
 178              		.loc 1 124 0
 179 0040 0029     		cmp	r1, #0
 180 0042 F3D1     		bne	.L83
 181              	.LVL22:
 182              	.L78:
 183              		.loc 1 261 0
 184 0044 06B0     		add	sp, sp, #24
 185 0046 BDE8F04F 		pop	{r4, r5, r6, r7, r8, r9, sl, fp, lr}
 186 004a 03B0     		add	sp, sp, #12
 187 004c 7047     		bx	lr
 188              	.L13:
 189              	.LVL23:
 190              		.loc 1 135 0
 191 004e 6378     		ldrb	r3, [r4, #1]	@ zero_extendqisi2
 192 0050 2D2B     		cmp	r3, #45
 193 0052 00F01281 		beq	.L84
 194              		.loc 1 134 0
 195 0056 4FF00009 		mov	r9, #0
 196              	.LVL24:
 197              	.L15:
 198              		.loc 1 140 0
 199 005a 2E2B     		cmp	r3, #46
 200 005c 00F00981 		beq	.L16
 201              		.loc 1 140 0 is_stmt 0 discriminator 1
 202 0060 302B     		cmp	r3, #48
 203 0062 00F00681 		beq	.L16
 204              		.loc 1 139 0 is_stmt 1
 205 0066 2027     		movs	r7, #32
 206              	.LVL25:
 207              	.L17:
 208              		.loc 1 142 0
 209 0068 2C46     		mov	r4, r5
 210 006a 0299     		ldr	r1, [sp, #8]
 211              		.loc 1 144 0
 212 006c 0025     		movs	r5, #0
 213              	.LVL26:
 214 006e 06E0     		b	.L20
 215              	.LVL27:
 216              	.L85:
 217              		.loc 1 150 0
 218 0070 0A78     		ldrb	r2, [r1, #0]	@ zero_extendqisi2
 219              	.LVL28:
 220 0072 0431     		adds	r1, r1, #4
 221              	.LVL29:
 222              	.L18:
 223              		.loc 1 153 0
 224 0074 05EB8505 		add	r5, r5, r5, lsl #2
 225              	.LVL30:
 226 0078 2378     		ldrb	r3, [r4, #0]	@ zero_extendqisi2
 227 007a 02EB4505 		add	r5, r2, r5, lsl #1
ARM GAS  /tmp/ccnfYJZJ.s 			page 5


 228              	.LVL31:
 229              	.L20:
 230              		.loc 1 147 0
 231 007e A3F13002 		sub	r2, r3, #48
 232 0082 D2B2     		uxtb	r2, r2
 233              		.loc 1 146 0
 234 0084 0134     		adds	r4, r4, #1
 235              	.LVL32:
 236              		.loc 1 147 0
 237 0086 092A     		cmp	r2, #9
 238 0088 F4D9     		bls	.L18
 239              		.loc 1 149 0
 240 008a 2A2B     		cmp	r3, #42
 241 008c F0D0     		beq	.L85
 242              		.loc 1 156 0
 243 008e 0020     		movs	r0, #0
 244 0090 2E2B     		cmp	r3, #46
 245 0092 0291     		str	r1, [sp, #8]
 246              	.LVL33:
 247 0094 4BD0     		beq	.L24
 248              	.LVL34:
 249              		.loc 1 170 0
 250 0096 6C2B     		cmp	r3, #108
 251 0098 55D0     		beq	.L25
 252              	.LVL35:
 253              	.L86:
 254              		.loc 1 170 0 is_stmt 0 discriminator 1
 255 009a 4C2B     		cmp	r3, #76
 256 009c 53D0     		beq	.L25
 257              		.loc 1 176 0 is_stmt 1
 258 009e A3F14101 		sub	r1, r3, #65
 259 00a2 1929     		cmp	r1, #25
 260 00a4 8CBF     		ite	hi
 261 00a6 0021     		movhi	r1, #0
 262 00a8 0121     		movls	r1, #1
 263              	.LVL36:
 264              	.L27:
 265              		.loc 1 179 0
 266 00aa A3F14402 		sub	r2, r3, #68
 267 00ae 342A     		cmp	r2, #52
 268 00b0 00F2D980 		bhi	.L28
 269 00b4 DFE812F0 		tbh	[pc, r2, lsl #1]
 270              	.L35:
 271 00b8 C800     		.2byte	(.L29-.L35)/2
 272 00ba D700     		.2byte	(.L28-.L35)/2
 273 00bc D700     		.2byte	(.L28-.L35)/2
 274 00be D700     		.2byte	(.L28-.L35)/2
 275 00c0 D700     		.2byte	(.L28-.L35)/2
 276 00c2 C800     		.2byte	(.L29-.L35)/2
 277 00c4 D700     		.2byte	(.L28-.L35)/2
 278 00c6 D700     		.2byte	(.L28-.L35)/2
 279 00c8 D700     		.2byte	(.L28-.L35)/2
 280 00ca D700     		.2byte	(.L28-.L35)/2
 281 00cc D700     		.2byte	(.L28-.L35)/2
 282 00ce C600     		.2byte	(.L30-.L35)/2
 283 00d0 D700     		.2byte	(.L28-.L35)/2
 284 00d2 D700     		.2byte	(.L28-.L35)/2
ARM GAS  /tmp/ccnfYJZJ.s 			page 6


 285 00d4 D700     		.2byte	(.L28-.L35)/2
 286 00d6 D700     		.2byte	(.L28-.L35)/2
 287 00d8 D700     		.2byte	(.L28-.L35)/2
 288 00da BE00     		.2byte	(.L58-.L35)/2
 289 00dc D700     		.2byte	(.L28-.L35)/2
 290 00de D700     		.2byte	(.L28-.L35)/2
 291 00e0 B100     		.2byte	(.L32-.L35)/2
 292 00e2 D700     		.2byte	(.L28-.L35)/2
 293 00e4 D700     		.2byte	(.L28-.L35)/2
 294 00e6 D700     		.2byte	(.L28-.L35)/2
 295 00e8 D700     		.2byte	(.L28-.L35)/2
 296 00ea D700     		.2byte	(.L28-.L35)/2
 297 00ec D700     		.2byte	(.L28-.L35)/2
 298 00ee D700     		.2byte	(.L28-.L35)/2
 299 00f0 D700     		.2byte	(.L28-.L35)/2
 300 00f2 D700     		.2byte	(.L28-.L35)/2
 301 00f4 D700     		.2byte	(.L28-.L35)/2
 302 00f6 9100     		.2byte	(.L33-.L35)/2
 303 00f8 C800     		.2byte	(.L29-.L35)/2
 304 00fa D700     		.2byte	(.L28-.L35)/2
 305 00fc D700     		.2byte	(.L28-.L35)/2
 306 00fe D700     		.2byte	(.L28-.L35)/2
 307 0100 D700     		.2byte	(.L28-.L35)/2
 308 0102 C800     		.2byte	(.L29-.L35)/2
 309 0104 D700     		.2byte	(.L28-.L35)/2
 310 0106 D700     		.2byte	(.L28-.L35)/2
 311 0108 D700     		.2byte	(.L28-.L35)/2
 312 010a D700     		.2byte	(.L28-.L35)/2
 313 010c D700     		.2byte	(.L28-.L35)/2
 314 010e C600     		.2byte	(.L30-.L35)/2
 315 0110 D700     		.2byte	(.L28-.L35)/2
 316 0112 D700     		.2byte	(.L28-.L35)/2
 317 0114 D700     		.2byte	(.L28-.L35)/2
 318 0116 4F00     		.2byte	(.L34-.L35)/2
 319 0118 D700     		.2byte	(.L28-.L35)/2
 320 011a BE00     		.2byte	(.L58-.L35)/2
 321 011c D700     		.2byte	(.L28-.L35)/2
 322 011e D700     		.2byte	(.L28-.L35)/2
 323 0120 B100     		.2byte	(.L32-.L35)/2
 324              	.LVL37:
 325              	.L23:
 326              		.loc 1 162 0
 327 0122 0A78     		ldrb	r2, [r1, #0]	@ zero_extendqisi2
 328              	.LVL38:
 329 0124 0431     		adds	r1, r1, #4
 330              	.LVL39:
 331              	.L22:
 332              		.loc 1 165 0
 333 0126 00EB8000 		add	r0, r0, r0, lsl #2
 334              	.LVL40:
 335              		.loc 1 166 0
 336 012a 02EB4000 		add	r0, r2, r0, lsl #1
 337              	.LVL41:
 338              	.L24:
 339              		.loc 1 158 0
 340 012e 14F8013B 		ldrb	r3, [r4], #1	@ zero_extendqisi2
 341              	.LVL42:
ARM GAS  /tmp/ccnfYJZJ.s 			page 7


 342              		.loc 1 159 0
 343 0132 A3F13002 		sub	r2, r3, #48
 344 0136 D2B2     		uxtb	r2, r2
 345 0138 092A     		cmp	r2, #9
 346 013a F4D9     		bls	.L22
 347              		.loc 1 161 0
 348 013c 2A2B     		cmp	r3, #42
 349 013e F0D0     		beq	.L23
 350              		.loc 1 170 0
 351 0140 6C2B     		cmp	r3, #108
 352 0142 0291     		str	r1, [sp, #8]
 353 0144 A9D1     		bne	.L86
 354              	.LVL43:
 355              	.L25:
 356              		.loc 1 172 0
 357 0146 2278     		ldrb	r2, [r4, #0]	@ zero_extendqisi2
 358 0148 002A     		cmp	r2, #0
 359 014a 00F09B80 		beq	.L57
 360              	.LVL44:
 361              		.loc 1 173 0
 362 014e 0134     		adds	r4, r4, #1
 363              	.LVL45:
 364 0150 1346     		mov	r3, r2
 365              		.loc 1 171 0
 366 0152 0121     		movs	r1, #1
 367 0154 A9E7     		b	.L27
 368              	.LVL46:
 369              	.L34:
 370              		.loc 1 186 0
 371 0156 029B     		ldr	r3, [sp, #8]
 372              	.LVL47:
 373              		.loc 1 187 0
 374 0158 5A4A     		ldr	r2, .L93
 375              	.LVL48:
 376              		.loc 1 186 0
 377 015a D3F800A0 		ldr	sl, [r3, #0]
 378              	.LVL49:
 379              		.loc 1 187 0
 380 015e BAF1000F 		cmp	sl, #0
 381 0162 08BF     		it	eq
 382 0164 9246     		moveq	sl, r2
 383              	.LVL50:
 384              		.loc 1 186 0
 385 0166 0433     		adds	r3, r3, #4
 386              		.loc 1 190 0
 387 0168 9AF80020 		ldrb	r2, [sl, #0]	@ zero_extendqisi2
 388              		.loc 1 186 0
 389 016c 0293     		str	r3, [sp, #8]
 390              		.loc 1 189 0
 391 016e 47F6FF73 		movw	r3, #32767
 392 0172 0028     		cmp	r0, #0
 393 0174 08BF     		it	eq
 394 0176 1846     		moveq	r0, r3
 395              	.LVL51:
 396              		.loc 1 190 0
 397 0178 002A     		cmp	r2, #0
 398 017a 00F09F80 		beq	.L61
ARM GAS  /tmp/ccnfYJZJ.s 			page 8


 399              	.LVL52:
 400 017e 5346     		mov	r3, sl
 401              		.loc 1 108 0
 402 0180 5044     		add	r0, sl, r0
 403              	.LVL53:
 404 0182 02E0     		b	.L40
 405              	.LVL54:
 406              	.L39:
 407              		.loc 1 190 0 discriminator 2
 408 0184 9042     		cmp	r0, r2
 409 0186 00F09580 		beq	.L87
 410              	.LVL55:
 411              	.L40:
 412              		.loc 1 190 0 is_stmt 0 discriminator 1
 413 018a 5978     		ldrb	r1, [r3, #1]	@ zero_extendqisi2
 414              		.loc 1 108 0 is_stmt 1 discriminator 1
 415 018c 5A1C     		adds	r2, r3, #1
 416              	.LVL56:
 417 018e 1346     		mov	r3, r2
 418              		.loc 1 190 0 discriminator 1
 419 0190 0029     		cmp	r1, #0
 420 0192 F7D1     		bne	.L39
 421 0194 CAEB020B 		rsb	fp, sl, r2
 422              		.loc 1 240 0
 423 0198 CBEB0505 		rsb	r5, fp, r5
 424              	.LVL57:
 425              		.loc 1 185 0
 426 019c 2027     		movs	r7, #32
 427              	.LVL58:
 428 019e 25EAE575 		bic	r5, r5, r5, asr #31
 429              	.LVL59:
 430              		.loc 1 242 0
 431 01a2 B9F1000F 		cmp	r9, #0
 432 01a6 29D0     		beq	.L88
 433              	.LVL60:
 434              	.L46:
 435              		.loc 1 253 0 discriminator 1
 436 01a8 BBF1000F 		cmp	fp, #0
 437              		.loc 1 108 0 discriminator 1
 438 01ac C8BF     		it	gt
 439 01ae 0AEB0B09 		addgt	r9, sl, fp
 440              	.LVL61:
 441              		.loc 1 253 0 discriminator 1
 442 01b2 07DD     		ble	.L52
 443              	.LVL62:
 444              	.L51:
 445              		.loc 1 254 0
 446 01b4 3368     		ldr	r3, [r6, #0]
 447 01b6 1AF8011B 		ldrb	r1, [sl], #1	@ zero_extendqisi2
 448              	.LVL63:
 449 01ba 9B68     		ldr	r3, [r3, #8]
 450 01bc 3046     		mov	r0, r6
 451 01be 9847     		blx	r3
 452              	.LVL64:
 453              		.loc 1 253 0
 454 01c0 CA45     		cmp	sl, r9
 455 01c2 F7D1     		bne	.L51
ARM GAS  /tmp/ccnfYJZJ.s 			page 9


 456              	.L52:
 457              	.LVL65:
 458              		.loc 1 256 0
 459 01c4 002D     		cmp	r5, #0
 460 01c6 3FF42DAF 		beq	.L79
 461              	.L69:
 462              		.loc 1 257 0
 463 01ca 3368     		ldr	r3, [r6, #0]
 464 01cc 3046     		mov	r0, r6
 465 01ce 9B68     		ldr	r3, [r3, #8]
 466 01d0 3946     		mov	r1, r7
 467 01d2 9847     		blx	r3
 468              	.LVL66:
 469              		.loc 1 256 0
 470 01d4 013D     		subs	r5, r5, #1
 471              	.LVL67:
 472 01d6 F8D1     		bne	.L69
 473 01d8 24E7     		b	.L79
 474              	.LVL68:
 475              	.L33:
 476              		.loc 1 182 0
 477 01da 029B     		ldr	r3, [sp, #8]
 478              	.LVL69:
 479 01dc DDF804B0 		ldr	fp, [sp, #4]
 480 01e0 1A68     		ldr	r2, [r3, #0]
 481              	.LVL70:
 482 01e2 0433     		adds	r3, r3, #4
 483 01e4 0293     		str	r3, [sp, #8]
 484 01e6 8DF80C20 		strb	r2, [sp, #12]
 485              	.LVL71:
 486              		.loc 1 181 0
 487 01ea 2027     		movs	r7, #32
 488              		.loc 1 133 0
 489 01ec C246     		mov	sl, r8
 490              	.LVL72:
 491              	.L36:
 492              		.loc 1 240 0
 493 01ee CBEB0505 		rsb	r5, fp, r5
 494              	.LVL73:
 495 01f2 25EAE575 		bic	r5, r5, r5, asr #31
 496              	.LVL74:
 497              		.loc 1 242 0
 498 01f6 B9F1000F 		cmp	r9, #0
 499 01fa D5D1     		bne	.L46
 500              	.LVL75:
 501              	.L88:
 502              		.loc 1 243 0
 503 01fc 6D42     		negs	r5, r5
 504              	.LVL76:
 505              		.loc 1 244 0
 506 01fe 002D     		cmp	r5, #0
 507 0200 D2D0     		beq	.L46
 508              		.loc 1 245 0
 509 0202 9AF80010 		ldrb	r1, [sl, #0]	@ zero_extendqisi2
 510 0206 2D29     		cmp	r1, #45
 511 0208 49D0     		beq	.L89
 512              	.LVL77:
ARM GAS  /tmp/ccnfYJZJ.s 			page 10


 513              	.L70:
 514              		.loc 1 250 0 discriminator 1
 515 020a 3368     		ldr	r3, [r6, #0]
 516 020c 3046     		mov	r0, r6
 517 020e 9B68     		ldr	r3, [r3, #8]
 518 0210 3946     		mov	r1, r7
 519 0212 9847     		blx	r3
 520              	.LVL78:
 521              		.loc 1 251 0 discriminator 1
 522 0214 0135     		adds	r5, r5, #1
 523              	.LVL79:
 524 0216 F8D1     		bne	.L70
 525 0218 C6E7     		b	.L46
 526              	.LVL80:
 527              	.L32:
 528              		.loc 1 179 0
 529 021a 1022     		movs	r2, #16
 530              	.LVL81:
 531              	.L31:
 532              		.loc 1 230 0
 533 021c 029B     		ldr	r3, [sp, #8]
 534              		.loc 1 229 0
 535 021e 69B1     		cbz	r1, .L44
 536              	.L90:
 537              		.loc 1 230 0
 538 0220 191D     		adds	r1, r3, #4
 539              	.LVL82:
 540 0222 0291     		str	r1, [sp, #8]
 541 0224 1968     		ldr	r1, [r3, #0]
 542              	.LVL83:
 543              	.L45:
 544              	.LBB6:
 545              	.LBB7:
 546              		.loc 1 71 0
 547 0226 4046     		mov	r0, r8
 548 0228 FFF7FEFF 		bl	long_to_string_with_divisor.constprop.0
 549              	.LVL84:
 550              	.LBE7:
 551              	.LBE6:
 552              		.loc 1 133 0
 553 022c C246     		mov	sl, r8
 554 022e C8EB000B 		rsb	fp, r8, r0
 555              		.loc 1 234 0
 556 0232 DCE7     		b	.L36
 557              	.LVL85:
 558              	.L58:
 559              		.loc 1 179 0
 560 0234 0A22     		movs	r2, #10
 561              	.LVL86:
 562              		.loc 1 230 0
 563 0236 029B     		ldr	r3, [sp, #8]
 564              		.loc 1 229 0
 565 0238 0029     		cmp	r1, #0
 566 023a F1D1     		bne	.L90
 567              	.L44:
 568              		.loc 1 232 0
 569 023c 181D     		adds	r0, r3, #4
ARM GAS  /tmp/ccnfYJZJ.s 			page 11


 570              	.LVL87:
 571 023e 1968     		ldr	r1, [r3, #0]
 572              	.LVL88:
 573 0240 0290     		str	r0, [sp, #8]
 574 0242 F0E7     		b	.L45
 575              	.LVL89:
 576              	.L30:
 577 0244 0822     		movs	r2, #8
 578 0246 E9E7     		b	.L31
 579              	.LVL90:
 580              	.L29:
 581              		.loc 1 198 0
 582 0248 029B     		ldr	r3, [sp, #8]
 583              	.LVL91:
 584 024a 1A1D     		adds	r2, r3, #4
 585              	.LVL92:
 586              		.loc 1 197 0
 587 024c E1B9     		cbnz	r1, .L91
 588              		.loc 1 200 0
 589 024e 1968     		ldr	r1, [r3, #0]
 590              	.LVL93:
 591 0250 0292     		str	r2, [sp, #8]
 592              		.loc 1 201 0
 593 0252 0029     		cmp	r1, #0
 594 0254 1CDB     		blt	.L92
 595              	.L62:
 596              		.loc 1 132 0
 597 0256 4046     		mov	r0, r8
 598              	.LVL94:
 599              	.L43:
 600              	.LBB8:
 601              	.LBB9:
 602              		.loc 1 71 0
 603 0258 0A22     		movs	r2, #10
 604 025a FFF7FEFF 		bl	long_to_string_with_divisor.constprop.0
 605              	.LVL95:
 606              	.LBE9:
 607              	.LBE8:
 608              		.loc 1 133 0
 609 025e C246     		mov	sl, r8
 610 0260 C8EB000B 		rsb	fp, r8, r0
 611              		.loc 1 206 0
 612 0264 C3E7     		b	.L36
 613              	.LVL96:
 614              	.L28:
 615              		.loc 1 236 0
 616 0266 8DF80C30 		strb	r3, [sp, #12]
 617              	.LVL97:
 618 026a DDF804B0 		ldr	fp, [sp, #4]
 619              		.loc 1 133 0
 620 026e C246     		mov	sl, r8
 621              		.loc 1 237 0
 622 0270 BDE7     		b	.L36
 623              	.LVL98:
 624              	.L16:
 625 0272 6B78     		ldrb	r3, [r5, #1]	@ zero_extendqisi2
 626              		.loc 1 142 0
ARM GAS  /tmp/ccnfYJZJ.s 			page 12


 627 0274 3027     		movs	r7, #48
 628              		.loc 1 141 0
 629 0276 0135     		adds	r5, r5, #1
 630              	.LVL99:
 631 0278 F6E6     		b	.L17
 632              	.LVL100:
 633              	.L84:
 634              		.loc 1 136 0
 635 027a A51C     		adds	r5, r4, #2
 636              	.LVL101:
 637 027c A378     		ldrb	r3, [r4, #2]	@ zero_extendqisi2
 638              		.loc 1 137 0
 639 027e 4FF00109 		mov	r9, #1
 640 0282 EAE6     		b	.L15
 641              	.LVL102:
 642              	.L57:
 643              		.loc 1 171 0
 644 0284 0121     		movs	r1, #1
 645 0286 10E7     		b	.L27
 646              	.LVL103:
 647              	.L91:
 648              		.loc 1 198 0
 649 0288 1968     		ldr	r1, [r3, #0]
 650              	.LVL104:
 651 028a 0292     		str	r2, [sp, #8]
 652              		.loc 1 201 0
 653 028c 0029     		cmp	r1, #0
 654 028e E2DA     		bge	.L62
 655              	.L92:
 656              		.loc 1 202 0
 657 0290 2D23     		movs	r3, #45
 658 0292 8DF80C30 		strb	r3, [sp, #12]
 659              	.LVL105:
 660              		.loc 1 203 0
 661 0296 4942     		negs	r1, r1
 662              	.LVL106:
 663              		.loc 1 202 0
 664 0298 0DF10D00 		add	r0, sp, #13
 665              	.LVL107:
 666 029c DCE7     		b	.L43
 667              	.LVL108:
 668              	.L89:
 669              		.loc 1 245 0 discriminator 1
 670 029e 302F     		cmp	r7, #48
 671 02a0 B3D1     		bne	.L70
 672              		.loc 1 246 0
 673 02a2 3368     		ldr	r3, [r6, #0]
 674 02a4 3046     		mov	r0, r6
 675 02a6 9B68     		ldr	r3, [r3, #8]
 676 02a8 9847     		blx	r3
 677              	.LVL109:
 678 02aa 0AF1010A 		add	sl, sl, #1
 679              	.LVL110:
 680              		.loc 1 247 0
 681 02ae 0BF1FF3B 		add	fp, fp, #-1
 682              	.LVL111:
 683 02b2 AAE7     		b	.L70
ARM GAS  /tmp/ccnfYJZJ.s 			page 13


 684              	.LVL112:
 685              	.L87:
 686 02b4 CAEB000B 		rsb	fp, sl, r0
 687              		.loc 1 185 0
 688 02b8 2027     		movs	r7, #32
 689 02ba 98E7     		b	.L36
 690              	.LVL113:
 691              	.L61:
 692              		.loc 1 190 0
 693 02bc 9346     		mov	fp, r2
 694              		.loc 1 185 0
 695 02be 2027     		movs	r7, #32
 696 02c0 95E7     		b	.L36
 697              	.L94:
 698 02c2 00BF     		.align	2
 699              	.L93:
 700 02c4 00000000 		.word	.LC0
 701              		.cfi_endproc
 702              	.LFE9:
 703              		.size	chprintf, .-chprintf
 704 02c8 AFF30080 		.section	.rodata.str1.4,"aMS",%progbits,1
 704      AFF30080 
 705              		.align	2
 706              	.LC0:
 707 0000 286E756C 		.ascii	"(null)\000"
 707      6C2900
 708 0007 00       		.text
 709              	.Letext0:
 710              		.file 2 "/home/dpeter/CodeSourcery/Sourcery_CodeBench_Lite_for_ARM_EABI/bin/../lib/gcc/arm-none-ea
 711              		.file 3 "/home/dpeter/CodeSourcery/Sourcery_CodeBench_Lite_for_ARM_EABI/bin/../lib/gcc/arm-none-ea
 712              		.file 4 "/home/dpeter/CodeSourcery/Sourcery_CodeBench_Lite_for_ARM_EABI/bin/../lib/gcc/arm-none-ea
 713              		.file 5 "/home/dpeter/devel/sources/ChibiOS-RT/os/ports/GCC/ARMCMx/chtypes.h"
 714              		.file 6 "<built-in>"
 715              		.file 7 "/home/dpeter/devel/sources/ChibiOS-RT/os/kernel/include/chstreams.h"
 716              		.section	.debug_info,"",%progbits
 717              	.Ldebug_info0:
 718 0000 B0040000 		.4byte	0x4b0
 719 0004 0200     		.2byte	0x2
 720 0006 00000000 		.4byte	.Ldebug_abbrev0
 721 000a 04       		.byte	0x4
 722 000b 01       		.uleb128 0x1
 723 000c 07000000 		.4byte	.LASF34
 724 0010 01       		.byte	0x1
 725 0011 9C000000 		.4byte	.LASF35
 726 0015 3F010000 		.4byte	.LASF36
 727 0019 00000000 		.4byte	.Ldebug_ranges0+0
 728 001d 00000000 		.4byte	0
 729 0021 00000000 		.4byte	0
 730 0025 00000000 		.4byte	.Ldebug_line0
 731 0029 02       		.uleb128 0x2
 732 002a ED000000 		.4byte	.LASF0
 733 002e 02       		.byte	0x2
 734 002f 28       		.byte	0x28
 735 0030 34000000 		.4byte	0x34
 736 0034 03       		.uleb128 0x3
 737 0035 85010000 		.4byte	.LASF19
 738 0039 04       		.byte	0x4
ARM GAS  /tmp/ccnfYJZJ.s 			page 14


 739 003a 06       		.byte	0x6
 740 003b 00       		.byte	0
 741 003c 4E000000 		.4byte	0x4e
 742 0040 04       		.uleb128 0x4
 743 0041 34010000 		.4byte	.LASF37
 744 0045 4E000000 		.4byte	0x4e
 745 0049 02       		.byte	0x2
 746 004a 23       		.byte	0x23
 747 004b 00       		.uleb128 0
 748 004c 01       		.byte	0x1
 749 004d 00       		.byte	0
 750 004e 05       		.uleb128 0x5
 751 004f 04       		.byte	0x4
 752 0050 02       		.uleb128 0x2
 753 0051 4C000000 		.4byte	.LASF1
 754 0055 02       		.byte	0x2
 755 0056 66       		.byte	0x66
 756 0057 29000000 		.4byte	0x29
 757 005b 06       		.uleb128 0x6
 758 005c 04       		.byte	0x4
 759 005d 05       		.byte	0x5
 760 005e 696E7400 		.ascii	"int\000"
 761 0062 02       		.uleb128 0x2
 762 0063 00000000 		.4byte	.LASF2
 763 0067 03       		.byte	0x3
 764 0068 D5       		.byte	0xd5
 765 0069 6D000000 		.4byte	0x6d
 766 006d 07       		.uleb128 0x7
 767 006e 04       		.byte	0x4
 768 006f 07       		.byte	0x7
 769 0070 08010000 		.4byte	.LASF3
 770 0074 07       		.uleb128 0x7
 771 0075 01       		.byte	0x1
 772 0076 06       		.byte	0x6
 773 0077 DA010000 		.4byte	.LASF4
 774 007b 02       		.uleb128 0x2
 775 007c 44000000 		.4byte	.LASF5
 776 0080 04       		.byte	0x4
 777 0081 2A       		.byte	0x2a
 778 0082 86000000 		.4byte	0x86
 779 0086 07       		.uleb128 0x7
 780 0087 01       		.byte	0x1
 781 0088 08       		.byte	0x8
 782 0089 69000000 		.4byte	.LASF6
 783 008d 07       		.uleb128 0x7
 784 008e 02       		.byte	0x2
 785 008f 05       		.byte	0x5
 786 0090 B7010000 		.4byte	.LASF7
 787 0094 07       		.uleb128 0x7
 788 0095 02       		.byte	0x2
 789 0096 07       		.byte	0x7
 790 0097 89000000 		.4byte	.LASF8
 791 009b 02       		.uleb128 0x2
 792 009c 6D010000 		.4byte	.LASF9
 793 00a0 04       		.byte	0x4
 794 00a1 4F       		.byte	0x4f
 795 00a2 A6000000 		.4byte	0xa6
ARM GAS  /tmp/ccnfYJZJ.s 			page 15


 796 00a6 07       		.uleb128 0x7
 797 00a7 04       		.byte	0x4
 798 00a8 05       		.byte	0x5
 799 00a9 D1010000 		.4byte	.LASF10
 800 00ad 07       		.uleb128 0x7
 801 00ae 04       		.byte	0x4
 802 00af 07       		.byte	0x7
 803 00b0 77000000 		.4byte	.LASF11
 804 00b4 07       		.uleb128 0x7
 805 00b5 08       		.byte	0x8
 806 00b6 05       		.byte	0x5
 807 00b7 8F010000 		.4byte	.LASF12
 808 00bb 07       		.uleb128 0x7
 809 00bc 08       		.byte	0x8
 810 00bd 07       		.byte	0x7
 811 00be 15010000 		.4byte	.LASF13
 812 00c2 02       		.uleb128 0x2
 813 00c3 21000000 		.4byte	.LASF14
 814 00c7 05       		.byte	0x5
 815 00c8 24       		.byte	0x24
 816 00c9 CD000000 		.4byte	0xcd
 817 00cd 07       		.uleb128 0x7
 818 00ce 01       		.byte	0x1
 819 00cf 02       		.byte	0x2
 820 00d0 EB010000 		.4byte	.LASF15
 821 00d4 02       		.uleb128 0x2
 822 00d5 39010000 		.4byte	.LASF16
 823 00d9 05       		.byte	0x5
 824 00da 2A       		.byte	0x2a
 825 00db 9B000000 		.4byte	0x9b
 826 00df 07       		.uleb128 0x7
 827 00e0 04       		.byte	0x4
 828 00e1 07       		.byte	0x7
 829 00e2 75010000 		.4byte	.LASF17
 830 00e6 08       		.uleb128 0x8
 831 00e7 04       		.byte	0x4
 832 00e8 EC000000 		.4byte	0xec
 833 00ec 09       		.uleb128 0x9
 834 00ed F1000000 		.4byte	0xf1
 835 00f1 07       		.uleb128 0x7
 836 00f2 01       		.byte	0x1
 837 00f3 08       		.byte	0x8
 838 00f4 A7010000 		.4byte	.LASF18
 839 00f8 08       		.uleb128 0x8
 840 00f9 04       		.byte	0x4
 841 00fa FE000000 		.4byte	0xfe
 842 00fe 0A       		.uleb128 0xa
 843 00ff 01       		.byte	0x1
 844 0100 D4000000 		.4byte	0xd4
 845 0104 0E010000 		.4byte	0x10e
 846 0108 0B       		.uleb128 0xb
 847 0109 4E000000 		.4byte	0x4e
 848 010d 00       		.byte	0
 849 010e 08       		.uleb128 0x8
 850 010f 04       		.byte	0x4
 851 0110 7B000000 		.4byte	0x7b
 852 0114 03       		.uleb128 0x3
ARM GAS  /tmp/ccnfYJZJ.s 			page 16


 853 0115 F1010000 		.4byte	.LASF20
 854 0119 10       		.byte	0x10
 855 011a 07       		.byte	0x7
 856 011b 41       		.byte	0x41
 857 011c 59010000 		.4byte	0x159
 858 0120 0C       		.uleb128 0xc
 859 0121 D8000000 		.4byte	.LASF21
 860 0125 07       		.byte	0x7
 861 0126 42       		.byte	0x42
 862 0127 7E010000 		.4byte	0x17e
 863 012b 02       		.byte	0x2
 864 012c 23       		.byte	0x23
 865 012d 00       		.uleb128 0
 866 012e 0C       		.uleb128 0xc
 867 012f FC000000 		.4byte	.LASF22
 868 0133 07       		.byte	0x7
 869 0134 42       		.byte	0x42
 870 0135 9E010000 		.4byte	0x19e
 871 0139 02       		.byte	0x2
 872 013a 23       		.byte	0x23
 873 013b 04       		.uleb128 0x4
 874 013c 0D       		.uleb128 0xd
 875 013d 70757400 		.ascii	"put\000"
 876 0141 07       		.byte	0x7
 877 0142 42       		.byte	0x42
 878 0143 B9010000 		.4byte	0x1b9
 879 0147 02       		.byte	0x2
 880 0148 23       		.byte	0x23
 881 0149 08       		.uleb128 0x8
 882 014a 0D       		.uleb128 0xd
 883 014b 67657400 		.ascii	"get\000"
 884 014f 07       		.byte	0x7
 885 0150 42       		.byte	0x42
 886 0151 F8000000 		.4byte	0xf8
 887 0155 02       		.byte	0x2
 888 0156 23       		.byte	0x23
 889 0157 0C       		.uleb128 0xc
 890 0158 00       		.byte	0
 891 0159 0A       		.uleb128 0xa
 892 015a 01       		.byte	0x1
 893 015b 62000000 		.4byte	0x62
 894 015f 73010000 		.4byte	0x173
 895 0163 0B       		.uleb128 0xb
 896 0164 4E000000 		.4byte	0x4e
 897 0168 0B       		.uleb128 0xb
 898 0169 73010000 		.4byte	0x173
 899 016d 0B       		.uleb128 0xb
 900 016e 62000000 		.4byte	0x62
 901 0172 00       		.byte	0
 902 0173 08       		.uleb128 0x8
 903 0174 04       		.byte	0x4
 904 0175 79010000 		.4byte	0x179
 905 0179 09       		.uleb128 0x9
 906 017a 7B000000 		.4byte	0x7b
 907 017e 08       		.uleb128 0x8
 908 017f 04       		.byte	0x4
 909 0180 59010000 		.4byte	0x159
ARM GAS  /tmp/ccnfYJZJ.s 			page 17


 910 0184 0A       		.uleb128 0xa
 911 0185 01       		.byte	0x1
 912 0186 62000000 		.4byte	0x62
 913 018a 9E010000 		.4byte	0x19e
 914 018e 0B       		.uleb128 0xb
 915 018f 4E000000 		.4byte	0x4e
 916 0193 0B       		.uleb128 0xb
 917 0194 0E010000 		.4byte	0x10e
 918 0198 0B       		.uleb128 0xb
 919 0199 62000000 		.4byte	0x62
 920 019d 00       		.byte	0
 921 019e 08       		.uleb128 0x8
 922 019f 04       		.byte	0x4
 923 01a0 84010000 		.4byte	0x184
 924 01a4 0A       		.uleb128 0xa
 925 01a5 01       		.byte	0x1
 926 01a6 D4000000 		.4byte	0xd4
 927 01aa B9010000 		.4byte	0x1b9
 928 01ae 0B       		.uleb128 0xb
 929 01af 4E000000 		.4byte	0x4e
 930 01b3 0B       		.uleb128 0xb
 931 01b4 7B000000 		.4byte	0x7b
 932 01b8 00       		.byte	0
 933 01b9 08       		.uleb128 0x8
 934 01ba 04       		.byte	0x4
 935 01bb A4010000 		.4byte	0x1a4
 936 01bf 0E       		.uleb128 0xe
 937 01c0 04       		.byte	0x4
 938 01c1 07       		.byte	0x7
 939 01c2 4A       		.byte	0x4a
 940 01c3 D6010000 		.4byte	0x1d6
 941 01c7 0D       		.uleb128 0xd
 942 01c8 766D7400 		.ascii	"vmt\000"
 943 01cc 07       		.byte	0x7
 944 01cd 4C       		.byte	0x4c
 945 01ce D6010000 		.4byte	0x1d6
 946 01d2 02       		.byte	0x2
 947 01d3 23       		.byte	0x23
 948 01d4 00       		.uleb128 0
 949 01d5 00       		.byte	0
 950 01d6 08       		.uleb128 0x8
 951 01d7 04       		.byte	0x4
 952 01d8 DC010000 		.4byte	0x1dc
 953 01dc 09       		.uleb128 0x9
 954 01dd 14010000 		.4byte	0x114
 955 01e1 02       		.uleb128 0x2
 956 01e2 54000000 		.4byte	.LASF23
 957 01e6 07       		.byte	0x7
 958 01e7 4E       		.byte	0x4e
 959 01e8 BF010000 		.4byte	0x1bf
 960 01ec 0F       		.uleb128 0xf
 961 01ed 28000000 		.4byte	.LASF26
 962 01f1 01       		.byte	0x1
 963 01f2 24       		.byte	0x24
 964 01f3 01       		.byte	0x1
 965 01f4 4D020000 		.4byte	0x24d
 966 01f8 01       		.byte	0x1
ARM GAS  /tmp/ccnfYJZJ.s 			page 18


 967 01f9 4D020000 		.4byte	0x24d
 968 01fd 10       		.uleb128 0x10
 969 01fe 7000     		.ascii	"p\000"
 970 0200 01       		.byte	0x1
 971 0201 24       		.byte	0x24
 972 0202 4D020000 		.4byte	0x24d
 973 0206 10       		.uleb128 0x10
 974 0207 6E756D00 		.ascii	"num\000"
 975 020b 01       		.byte	0x1
 976 020c 25       		.byte	0x25
 977 020d A6000000 		.4byte	0xa6
 978 0211 11       		.uleb128 0x11
 979 0212 1B000000 		.4byte	.LASF24
 980 0216 01       		.byte	0x1
 981 0217 26       		.byte	0x26
 982 0218 6D000000 		.4byte	0x6d
 983 021c 11       		.uleb128 0x11
 984 021d 2C010000 		.4byte	.LASF25
 985 0221 01       		.byte	0x1
 986 0222 27       		.byte	0x27
 987 0223 A6000000 		.4byte	0xa6
 988 0227 12       		.uleb128 0x12
 989 0228 6900     		.ascii	"i\000"
 990 022a 01       		.byte	0x1
 991 022b 28       		.byte	0x28
 992 022c 5B000000 		.4byte	0x5b
 993 0230 12       		.uleb128 0x12
 994 0231 7100     		.ascii	"q\000"
 995 0233 01       		.byte	0x1
 996 0234 29       		.byte	0x29
 997 0235 4D020000 		.4byte	0x24d
 998 0239 12       		.uleb128 0x12
 999 023a 6C00     		.ascii	"l\000"
 1000 023c 01       		.byte	0x1
 1001 023d 2A       		.byte	0x2a
 1002 023e A6000000 		.4byte	0xa6
 1003 0242 12       		.uleb128 0x12
 1004 0243 6C6C00   		.ascii	"ll\000"
 1005 0246 01       		.byte	0x1
 1006 0247 2A       		.byte	0x2a
 1007 0248 A6000000 		.4byte	0xa6
 1008 024c 00       		.byte	0
 1009 024d 08       		.uleb128 0x8
 1010 024e 04       		.byte	0x4
 1011 024f F1000000 		.4byte	0xf1
 1012 0253 13       		.uleb128 0x13
 1013 0254 EC010000 		.4byte	0x1ec
 1014 0258 00000000 		.4byte	.LFB10
 1015 025c 4A000000 		.4byte	.LFE10
 1016 0260 00000000 		.4byte	.LLST0
 1017 0264 01       		.byte	0x1
 1018 0265 AF020000 		.4byte	0x2af
 1019 0269 14       		.uleb128 0x14
 1020 026a FD010000 		.4byte	0x1fd
 1021 026e 20000000 		.4byte	.LLST1
 1022 0272 14       		.uleb128 0x14
 1023 0273 06020000 		.4byte	0x206
ARM GAS  /tmp/ccnfYJZJ.s 			page 19


 1024 0277 3E000000 		.4byte	.LLST2
 1025 027b 14       		.uleb128 0x14
 1026 027c 11020000 		.4byte	0x211
 1027 0280 5F000000 		.4byte	.LLST3
 1028 0284 15       		.uleb128 0x15
 1029 0285 27020000 		.4byte	0x227
 1030 0289 80000000 		.4byte	.LLST4
 1031 028d 15       		.uleb128 0x15
 1032 028e 30020000 		.4byte	0x230
 1033 0292 C9000000 		.4byte	.LLST5
 1034 0296 15       		.uleb128 0x15
 1035 0297 39020000 		.4byte	0x239
 1036 029b F2000000 		.4byte	.LLST6
 1037 029f 15       		.uleb128 0x15
 1038 02a0 42020000 		.4byte	0x242
 1039 02a4 1B010000 		.4byte	.LLST7
 1040 02a8 16       		.uleb128 0x16
 1041 02a9 1C020000 		.4byte	0x21c
 1042 02ad 00       		.byte	0
 1043 02ae 00       		.byte	0
 1044 02af 0F       		.uleb128 0xf
 1045 02b0 E6010000 		.4byte	.LASF27
 1046 02b4 01       		.byte	0x1
 1047 02b5 45       		.byte	0x45
 1048 02b6 01       		.byte	0x1
 1049 02b7 4D020000 		.4byte	0x24d
 1050 02bb 01       		.byte	0x1
 1051 02bc E0020000 		.4byte	0x2e0
 1052 02c0 10       		.uleb128 0x10
 1053 02c1 7000     		.ascii	"p\000"
 1054 02c3 01       		.byte	0x1
 1055 02c4 45       		.byte	0x45
 1056 02c5 4D020000 		.4byte	0x24d
 1057 02c9 10       		.uleb128 0x10
 1058 02ca 6E756D00 		.ascii	"num\000"
 1059 02ce 01       		.byte	0x1
 1060 02cf 45       		.byte	0x45
 1061 02d0 A6000000 		.4byte	0xa6
 1062 02d4 11       		.uleb128 0x11
 1063 02d5 1B000000 		.4byte	.LASF24
 1064 02d9 01       		.byte	0x1
 1065 02da 45       		.byte	0x45
 1066 02db 6D000000 		.4byte	0x6d
 1067 02df 00       		.byte	0
 1068 02e0 17       		.uleb128 0x17
 1069 02e1 01       		.byte	0x1
 1070 02e2 E4000000 		.4byte	.LASF38
 1071 02e6 01       		.byte	0x1
 1072 02e7 6C       		.byte	0x6c
 1073 02e8 01       		.byte	0x1
 1074 02e9 00000000 		.4byte	.LFB9
 1075 02ed C8020000 		.4byte	.LFE9
 1076 02f1 44010000 		.4byte	.LLST8
 1077 02f5 01       		.byte	0x1
 1078 02f6 A1040000 		.4byte	0x4a1
 1079 02fa 18       		.uleb128 0x18
 1080 02fb 63687000 		.ascii	"chp\000"
ARM GAS  /tmp/ccnfYJZJ.s 			page 20


 1081 02ff 01       		.byte	0x1
 1082 0300 6C       		.byte	0x6c
 1083 0301 A1040000 		.4byte	0x4a1
 1084 0305 7D010000 		.4byte	.LLST9
 1085 0309 18       		.uleb128 0x18
 1086 030a 666D7400 		.ascii	"fmt\000"
 1087 030e 01       		.byte	0x1
 1088 030f 6C       		.byte	0x6c
 1089 0310 E6000000 		.4byte	0xe6
 1090 0314 9B010000 		.4byte	.LLST10
 1091 0318 19       		.uleb128 0x19
 1092 0319 1A       		.uleb128 0x1a
 1093 031a 617000   		.ascii	"ap\000"
 1094 031d 01       		.byte	0x1
 1095 031e 6D       		.byte	0x6d
 1096 031f 50000000 		.4byte	0x50
 1097 0323 02       		.byte	0x2
 1098 0324 91       		.byte	0x91
 1099 0325 40       		.sleb128 -64
 1100 0326 1B       		.uleb128 0x1b
 1101 0327 7000     		.ascii	"p\000"
 1102 0329 01       		.byte	0x1
 1103 032a 6E       		.byte	0x6e
 1104 032b 4D020000 		.4byte	0x24d
 1105 032f 14020000 		.4byte	.LLST11
 1106 0333 1B       		.uleb128 0x1b
 1107 0334 7300     		.ascii	"s\000"
 1108 0336 01       		.byte	0x1
 1109 0337 6E       		.byte	0x6e
 1110 0338 4D020000 		.4byte	0x24d
 1111 033c CF020000 		.4byte	.LLST12
 1112 0340 1B       		.uleb128 0x1b
 1113 0341 6300     		.ascii	"c\000"
 1114 0343 01       		.byte	0x1
 1115 0344 6E       		.byte	0x6e
 1116 0345 F1000000 		.4byte	0xf1
 1117 0349 31030000 		.4byte	.LLST13
 1118 034d 1C       		.uleb128 0x1c
 1119 034e 01010000 		.4byte	.LASF28
 1120 0352 01       		.byte	0x1
 1121 0353 6E       		.byte	0x6e
 1122 0354 F1000000 		.4byte	0xf1
 1123 0358 48040000 		.4byte	.LLST14
 1124 035c 1B       		.uleb128 0x1b
 1125 035d 6900     		.ascii	"i\000"
 1126 035f 01       		.byte	0x1
 1127 0360 6F       		.byte	0x6f
 1128 0361 5B000000 		.4byte	0x5b
 1129 0365 C8040000 		.4byte	.LLST15
 1130 0369 1C       		.uleb128 0x1c
 1131 036a 9D010000 		.4byte	.LASF29
 1132 036e 01       		.byte	0x1
 1133 036f 6F       		.byte	0x6f
 1134 0370 5B000000 		.4byte	0x5b
 1135 0374 FE040000 		.4byte	.LLST16
 1136 0378 1C       		.uleb128 0x1c
 1137 0379 DE000000 		.4byte	.LASF30
ARM GAS  /tmp/ccnfYJZJ.s 			page 21


 1138 037d 01       		.byte	0x1
 1139 037e 6F       		.byte	0x6f
 1140 037f 5B000000 		.4byte	0x5b
 1141 0383 91050000 		.4byte	.LLST17
 1142 0387 1C       		.uleb128 0x1c
 1143 0388 13000000 		.4byte	.LASF31
 1144 038c 01       		.byte	0x1
 1145 038d 70       		.byte	0x70
 1146 038e C2000000 		.4byte	0xc2
 1147 0392 0C060000 		.4byte	.LLST18
 1148 0396 1C       		.uleb128 0x1c
 1149 0397 AC010000 		.4byte	.LASF32
 1150 039b 01       		.byte	0x1
 1151 039c 70       		.byte	0x70
 1152 039d C2000000 		.4byte	0xc2
 1153 03a1 8F060000 		.4byte	.LLST19
 1154 03a5 1B       		.uleb128 0x1b
 1155 03a6 6C00     		.ascii	"l\000"
 1156 03a8 01       		.byte	0x1
 1157 03a9 71       		.byte	0x71
 1158 03aa A6000000 		.4byte	0xa6
 1159 03ae DC060000 		.4byte	.LLST20
 1160 03b2 1D       		.uleb128 0x1d
 1161 03b3 7E010000 		.4byte	.LASF33
 1162 03b7 01       		.byte	0x1
 1163 03b8 76       		.byte	0x76
 1164 03b9 A7040000 		.4byte	0x4a7
 1165 03bd 02       		.byte	0x2
 1166 03be 91       		.byte	0x91
 1167 03bf 44       		.sleb128 -60
 1168 03c0 1E       		.uleb128 0x1e
 1169 03c1 C1010000 		.4byte	.LASF39
 1170 03c5 01       		.byte	0x1
 1171 03c6 E4       		.byte	0xe4
 1172 03c7 1C020000 		.4byte	.L31
 1173 03cb 1F       		.uleb128 0x1f
 1174 03cc AF020000 		.4byte	0x2af
 1175 03d0 26020000 		.4byte	.LBB6
 1176 03d4 2C020000 		.4byte	.LBE6
 1177 03d8 01       		.byte	0x1
 1178 03d9 E9       		.byte	0xe9
 1179 03da 0A040000 		.4byte	0x40a
 1180 03de 14       		.uleb128 0x14
 1181 03df D4020000 		.4byte	0x2d4
 1182 03e3 10070000 		.4byte	.LLST21
 1183 03e7 14       		.uleb128 0x14
 1184 03e8 C9020000 		.4byte	0x2c9
 1185 03ec 23070000 		.4byte	.LLST22
 1186 03f0 14       		.uleb128 0x14
 1187 03f1 C0020000 		.4byte	0x2c0
 1188 03f5 36070000 		.4byte	.LLST23
 1189 03f9 20       		.uleb128 0x20
 1190 03fa 2C020000 		.4byte	.LVL84
 1191 03fe 53020000 		.4byte	0x253
 1192 0402 21       		.uleb128 0x21
 1193 0403 01       		.byte	0x1
 1194 0404 50       		.byte	0x50
ARM GAS  /tmp/ccnfYJZJ.s 			page 22


 1195 0405 02       		.byte	0x2
 1196 0406 78       		.byte	0x78
 1197 0407 00       		.sleb128 0
 1198 0408 00       		.byte	0
 1199 0409 00       		.byte	0
 1200 040a 1F       		.uleb128 0x1f
 1201 040b AF020000 		.4byte	0x2af
 1202 040f 58020000 		.4byte	.LBB8
 1203 0413 5E020000 		.4byte	.LBE8
 1204 0417 01       		.byte	0x1
 1205 0418 CD       		.byte	0xcd
 1206 0419 48040000 		.4byte	0x448
 1207 041d 14       		.uleb128 0x14
 1208 041e D4020000 		.4byte	0x2d4
 1209 0422 49070000 		.4byte	.LLST24
 1210 0426 14       		.uleb128 0x14
 1211 0427 C9020000 		.4byte	0x2c9
 1212 042b 5D070000 		.4byte	.LLST25
 1213 042f 14       		.uleb128 0x14
 1214 0430 C0020000 		.4byte	0x2c0
 1215 0434 70070000 		.4byte	.LLST26
 1216 0438 20       		.uleb128 0x20
 1217 0439 5E020000 		.4byte	.LVL95
 1218 043d 53020000 		.4byte	0x253
 1219 0441 21       		.uleb128 0x21
 1220 0442 01       		.byte	0x1
 1221 0443 52       		.byte	0x52
 1222 0444 01       		.byte	0x1
 1223 0445 3A       		.byte	0x3a
 1224 0446 00       		.byte	0
 1225 0447 00       		.byte	0
 1226 0448 22       		.uleb128 0x22
 1227 0449 3C000000 		.4byte	.LVL20
 1228 044d 58040000 		.4byte	0x458
 1229 0451 21       		.uleb128 0x21
 1230 0452 01       		.byte	0x1
 1231 0453 50       		.byte	0x50
 1232 0454 02       		.byte	0x2
 1233 0455 76       		.byte	0x76
 1234 0456 00       		.sleb128 0
 1235 0457 00       		.byte	0
 1236 0458 22       		.uleb128 0x22
 1237 0459 C0010000 		.4byte	.LVL64
 1238 045d 68040000 		.4byte	0x468
 1239 0461 21       		.uleb128 0x21
 1240 0462 01       		.byte	0x1
 1241 0463 50       		.byte	0x50
 1242 0464 02       		.byte	0x2
 1243 0465 76       		.byte	0x76
 1244 0466 00       		.sleb128 0
 1245 0467 00       		.byte	0
 1246 0468 22       		.uleb128 0x22
 1247 0469 D4010000 		.4byte	.LVL66
 1248 046d 7E040000 		.4byte	0x47e
 1249 0471 21       		.uleb128 0x21
 1250 0472 01       		.byte	0x1
 1251 0473 51       		.byte	0x51
ARM GAS  /tmp/ccnfYJZJ.s 			page 23


 1252 0474 02       		.byte	0x2
 1253 0475 77       		.byte	0x77
 1254 0476 00       		.sleb128 0
 1255 0477 21       		.uleb128 0x21
 1256 0478 01       		.byte	0x1
 1257 0479 50       		.byte	0x50
 1258 047a 02       		.byte	0x2
 1259 047b 76       		.byte	0x76
 1260 047c 00       		.sleb128 0
 1261 047d 00       		.byte	0
 1262 047e 22       		.uleb128 0x22
 1263 047f 14020000 		.4byte	.LVL78
 1264 0483 94040000 		.4byte	0x494
 1265 0487 21       		.uleb128 0x21
 1266 0488 01       		.byte	0x1
 1267 0489 51       		.byte	0x51
 1268 048a 02       		.byte	0x2
 1269 048b 77       		.byte	0x77
 1270 048c 00       		.sleb128 0
 1271 048d 21       		.uleb128 0x21
 1272 048e 01       		.byte	0x1
 1273 048f 50       		.byte	0x50
 1274 0490 02       		.byte	0x2
 1275 0491 76       		.byte	0x76
 1276 0492 00       		.sleb128 0
 1277 0493 00       		.byte	0
 1278 0494 23       		.uleb128 0x23
 1279 0495 AA020000 		.4byte	.LVL109
 1280 0499 21       		.uleb128 0x21
 1281 049a 01       		.byte	0x1
 1282 049b 50       		.byte	0x50
 1283 049c 02       		.byte	0x2
 1284 049d 76       		.byte	0x76
 1285 049e 00       		.sleb128 0
 1286 049f 00       		.byte	0
 1287 04a0 00       		.byte	0
 1288 04a1 08       		.uleb128 0x8
 1289 04a2 04       		.byte	0x4
 1290 04a3 E1010000 		.4byte	0x1e1
 1291 04a7 24       		.uleb128 0x24
 1292 04a8 F1000000 		.4byte	0xf1
 1293 04ac 25       		.uleb128 0x25
 1294 04ad DF000000 		.4byte	0xdf
 1295 04b1 0B       		.byte	0xb
 1296 04b2 00       		.byte	0
 1297 04b3 00       		.byte	0
 1298              		.section	.debug_abbrev,"",%progbits
 1299              	.Ldebug_abbrev0:
 1300 0000 01       		.uleb128 0x1
 1301 0001 11       		.uleb128 0x11
 1302 0002 01       		.byte	0x1
 1303 0003 25       		.uleb128 0x25
 1304 0004 0E       		.uleb128 0xe
 1305 0005 13       		.uleb128 0x13
 1306 0006 0B       		.uleb128 0xb
 1307 0007 03       		.uleb128 0x3
 1308 0008 0E       		.uleb128 0xe
ARM GAS  /tmp/ccnfYJZJ.s 			page 24


 1309 0009 1B       		.uleb128 0x1b
 1310 000a 0E       		.uleb128 0xe
 1311 000b 55       		.uleb128 0x55
 1312 000c 06       		.uleb128 0x6
 1313 000d 11       		.uleb128 0x11
 1314 000e 01       		.uleb128 0x1
 1315 000f 52       		.uleb128 0x52
 1316 0010 01       		.uleb128 0x1
 1317 0011 10       		.uleb128 0x10
 1318 0012 06       		.uleb128 0x6
 1319 0013 00       		.byte	0
 1320 0014 00       		.byte	0
 1321 0015 02       		.uleb128 0x2
 1322 0016 16       		.uleb128 0x16
 1323 0017 00       		.byte	0
 1324 0018 03       		.uleb128 0x3
 1325 0019 0E       		.uleb128 0xe
 1326 001a 3A       		.uleb128 0x3a
 1327 001b 0B       		.uleb128 0xb
 1328 001c 3B       		.uleb128 0x3b
 1329 001d 0B       		.uleb128 0xb
 1330 001e 49       		.uleb128 0x49
 1331 001f 13       		.uleb128 0x13
 1332 0020 00       		.byte	0
 1333 0021 00       		.byte	0
 1334 0022 03       		.uleb128 0x3
 1335 0023 13       		.uleb128 0x13
 1336 0024 01       		.byte	0x1
 1337 0025 03       		.uleb128 0x3
 1338 0026 0E       		.uleb128 0xe
 1339 0027 0B       		.uleb128 0xb
 1340 0028 0B       		.uleb128 0xb
 1341 0029 3A       		.uleb128 0x3a
 1342 002a 0B       		.uleb128 0xb
 1343 002b 3B       		.uleb128 0x3b
 1344 002c 0B       		.uleb128 0xb
 1345 002d 01       		.uleb128 0x1
 1346 002e 13       		.uleb128 0x13
 1347 002f 00       		.byte	0
 1348 0030 00       		.byte	0
 1349 0031 04       		.uleb128 0x4
 1350 0032 0D       		.uleb128 0xd
 1351 0033 00       		.byte	0
 1352 0034 03       		.uleb128 0x3
 1353 0035 0E       		.uleb128 0xe
 1354 0036 49       		.uleb128 0x49
 1355 0037 13       		.uleb128 0x13
 1356 0038 38       		.uleb128 0x38
 1357 0039 0A       		.uleb128 0xa
 1358 003a 34       		.uleb128 0x34
 1359 003b 0C       		.uleb128 0xc
 1360 003c 00       		.byte	0
 1361 003d 00       		.byte	0
 1362 003e 05       		.uleb128 0x5
 1363 003f 0F       		.uleb128 0xf
 1364 0040 00       		.byte	0
 1365 0041 0B       		.uleb128 0xb
ARM GAS  /tmp/ccnfYJZJ.s 			page 25


 1366 0042 0B       		.uleb128 0xb
 1367 0043 00       		.byte	0
 1368 0044 00       		.byte	0
 1369 0045 06       		.uleb128 0x6
 1370 0046 24       		.uleb128 0x24
 1371 0047 00       		.byte	0
 1372 0048 0B       		.uleb128 0xb
 1373 0049 0B       		.uleb128 0xb
 1374 004a 3E       		.uleb128 0x3e
 1375 004b 0B       		.uleb128 0xb
 1376 004c 03       		.uleb128 0x3
 1377 004d 08       		.uleb128 0x8
 1378 004e 00       		.byte	0
 1379 004f 00       		.byte	0
 1380 0050 07       		.uleb128 0x7
 1381 0051 24       		.uleb128 0x24
 1382 0052 00       		.byte	0
 1383 0053 0B       		.uleb128 0xb
 1384 0054 0B       		.uleb128 0xb
 1385 0055 3E       		.uleb128 0x3e
 1386 0056 0B       		.uleb128 0xb
 1387 0057 03       		.uleb128 0x3
 1388 0058 0E       		.uleb128 0xe
 1389 0059 00       		.byte	0
 1390 005a 00       		.byte	0
 1391 005b 08       		.uleb128 0x8
 1392 005c 0F       		.uleb128 0xf
 1393 005d 00       		.byte	0
 1394 005e 0B       		.uleb128 0xb
 1395 005f 0B       		.uleb128 0xb
 1396 0060 49       		.uleb128 0x49
 1397 0061 13       		.uleb128 0x13
 1398 0062 00       		.byte	0
 1399 0063 00       		.byte	0
 1400 0064 09       		.uleb128 0x9
 1401 0065 26       		.uleb128 0x26
 1402 0066 00       		.byte	0
 1403 0067 49       		.uleb128 0x49
 1404 0068 13       		.uleb128 0x13
 1405 0069 00       		.byte	0
 1406 006a 00       		.byte	0
 1407 006b 0A       		.uleb128 0xa
 1408 006c 15       		.uleb128 0x15
 1409 006d 01       		.byte	0x1
 1410 006e 27       		.uleb128 0x27
 1411 006f 0C       		.uleb128 0xc
 1412 0070 49       		.uleb128 0x49
 1413 0071 13       		.uleb128 0x13
 1414 0072 01       		.uleb128 0x1
 1415 0073 13       		.uleb128 0x13
 1416 0074 00       		.byte	0
 1417 0075 00       		.byte	0
 1418 0076 0B       		.uleb128 0xb
 1419 0077 05       		.uleb128 0x5
 1420 0078 00       		.byte	0
 1421 0079 49       		.uleb128 0x49
 1422 007a 13       		.uleb128 0x13
ARM GAS  /tmp/ccnfYJZJ.s 			page 26


 1423 007b 00       		.byte	0
 1424 007c 00       		.byte	0
 1425 007d 0C       		.uleb128 0xc
 1426 007e 0D       		.uleb128 0xd
 1427 007f 00       		.byte	0
 1428 0080 03       		.uleb128 0x3
 1429 0081 0E       		.uleb128 0xe
 1430 0082 3A       		.uleb128 0x3a
 1431 0083 0B       		.uleb128 0xb
 1432 0084 3B       		.uleb128 0x3b
 1433 0085 0B       		.uleb128 0xb
 1434 0086 49       		.uleb128 0x49
 1435 0087 13       		.uleb128 0x13
 1436 0088 38       		.uleb128 0x38
 1437 0089 0A       		.uleb128 0xa
 1438 008a 00       		.byte	0
 1439 008b 00       		.byte	0
 1440 008c 0D       		.uleb128 0xd
 1441 008d 0D       		.uleb128 0xd
 1442 008e 00       		.byte	0
 1443 008f 03       		.uleb128 0x3
 1444 0090 08       		.uleb128 0x8
 1445 0091 3A       		.uleb128 0x3a
 1446 0092 0B       		.uleb128 0xb
 1447 0093 3B       		.uleb128 0x3b
 1448 0094 0B       		.uleb128 0xb
 1449 0095 49       		.uleb128 0x49
 1450 0096 13       		.uleb128 0x13
 1451 0097 38       		.uleb128 0x38
 1452 0098 0A       		.uleb128 0xa
 1453 0099 00       		.byte	0
 1454 009a 00       		.byte	0
 1455 009b 0E       		.uleb128 0xe
 1456 009c 13       		.uleb128 0x13
 1457 009d 01       		.byte	0x1
 1458 009e 0B       		.uleb128 0xb
 1459 009f 0B       		.uleb128 0xb
 1460 00a0 3A       		.uleb128 0x3a
 1461 00a1 0B       		.uleb128 0xb
 1462 00a2 3B       		.uleb128 0x3b
 1463 00a3 0B       		.uleb128 0xb
 1464 00a4 01       		.uleb128 0x1
 1465 00a5 13       		.uleb128 0x13
 1466 00a6 00       		.byte	0
 1467 00a7 00       		.byte	0
 1468 00a8 0F       		.uleb128 0xf
 1469 00a9 2E       		.uleb128 0x2e
 1470 00aa 01       		.byte	0x1
 1471 00ab 03       		.uleb128 0x3
 1472 00ac 0E       		.uleb128 0xe
 1473 00ad 3A       		.uleb128 0x3a
 1474 00ae 0B       		.uleb128 0xb
 1475 00af 3B       		.uleb128 0x3b
 1476 00b0 0B       		.uleb128 0xb
 1477 00b1 27       		.uleb128 0x27
 1478 00b2 0C       		.uleb128 0xc
 1479 00b3 49       		.uleb128 0x49
ARM GAS  /tmp/ccnfYJZJ.s 			page 27


 1480 00b4 13       		.uleb128 0x13
 1481 00b5 20       		.uleb128 0x20
 1482 00b6 0B       		.uleb128 0xb
 1483 00b7 01       		.uleb128 0x1
 1484 00b8 13       		.uleb128 0x13
 1485 00b9 00       		.byte	0
 1486 00ba 00       		.byte	0
 1487 00bb 10       		.uleb128 0x10
 1488 00bc 05       		.uleb128 0x5
 1489 00bd 00       		.byte	0
 1490 00be 03       		.uleb128 0x3
 1491 00bf 08       		.uleb128 0x8
 1492 00c0 3A       		.uleb128 0x3a
 1493 00c1 0B       		.uleb128 0xb
 1494 00c2 3B       		.uleb128 0x3b
 1495 00c3 0B       		.uleb128 0xb
 1496 00c4 49       		.uleb128 0x49
 1497 00c5 13       		.uleb128 0x13
 1498 00c6 00       		.byte	0
 1499 00c7 00       		.byte	0
 1500 00c8 11       		.uleb128 0x11
 1501 00c9 05       		.uleb128 0x5
 1502 00ca 00       		.byte	0
 1503 00cb 03       		.uleb128 0x3
 1504 00cc 0E       		.uleb128 0xe
 1505 00cd 3A       		.uleb128 0x3a
 1506 00ce 0B       		.uleb128 0xb
 1507 00cf 3B       		.uleb128 0x3b
 1508 00d0 0B       		.uleb128 0xb
 1509 00d1 49       		.uleb128 0x49
 1510 00d2 13       		.uleb128 0x13
 1511 00d3 00       		.byte	0
 1512 00d4 00       		.byte	0
 1513 00d5 12       		.uleb128 0x12
 1514 00d6 34       		.uleb128 0x34
 1515 00d7 00       		.byte	0
 1516 00d8 03       		.uleb128 0x3
 1517 00d9 08       		.uleb128 0x8
 1518 00da 3A       		.uleb128 0x3a
 1519 00db 0B       		.uleb128 0xb
 1520 00dc 3B       		.uleb128 0x3b
 1521 00dd 0B       		.uleb128 0xb
 1522 00de 49       		.uleb128 0x49
 1523 00df 13       		.uleb128 0x13
 1524 00e0 00       		.byte	0
 1525 00e1 00       		.byte	0
 1526 00e2 13       		.uleb128 0x13
 1527 00e3 2E       		.uleb128 0x2e
 1528 00e4 01       		.byte	0x1
 1529 00e5 31       		.uleb128 0x31
 1530 00e6 13       		.uleb128 0x13
 1531 00e7 11       		.uleb128 0x11
 1532 00e8 01       		.uleb128 0x1
 1533 00e9 12       		.uleb128 0x12
 1534 00ea 01       		.uleb128 0x1
 1535 00eb 40       		.uleb128 0x40
 1536 00ec 06       		.uleb128 0x6
ARM GAS  /tmp/ccnfYJZJ.s 			page 28


 1537 00ed 9742     		.uleb128 0x2117
 1538 00ef 0C       		.uleb128 0xc
 1539 00f0 01       		.uleb128 0x1
 1540 00f1 13       		.uleb128 0x13
 1541 00f2 00       		.byte	0
 1542 00f3 00       		.byte	0
 1543 00f4 14       		.uleb128 0x14
 1544 00f5 05       		.uleb128 0x5
 1545 00f6 00       		.byte	0
 1546 00f7 31       		.uleb128 0x31
 1547 00f8 13       		.uleb128 0x13
 1548 00f9 02       		.uleb128 0x2
 1549 00fa 06       		.uleb128 0x6
 1550 00fb 00       		.byte	0
 1551 00fc 00       		.byte	0
 1552 00fd 15       		.uleb128 0x15
 1553 00fe 34       		.uleb128 0x34
 1554 00ff 00       		.byte	0
 1555 0100 31       		.uleb128 0x31
 1556 0101 13       		.uleb128 0x13
 1557 0102 02       		.uleb128 0x2
 1558 0103 06       		.uleb128 0x6
 1559 0104 00       		.byte	0
 1560 0105 00       		.byte	0
 1561 0106 16       		.uleb128 0x16
 1562 0107 05       		.uleb128 0x5
 1563 0108 00       		.byte	0
 1564 0109 31       		.uleb128 0x31
 1565 010a 13       		.uleb128 0x13
 1566 010b 1C       		.uleb128 0x1c
 1567 010c 0B       		.uleb128 0xb
 1568 010d 00       		.byte	0
 1569 010e 00       		.byte	0
 1570 010f 17       		.uleb128 0x17
 1571 0110 2E       		.uleb128 0x2e
 1572 0111 01       		.byte	0x1
 1573 0112 3F       		.uleb128 0x3f
 1574 0113 0C       		.uleb128 0xc
 1575 0114 03       		.uleb128 0x3
 1576 0115 0E       		.uleb128 0xe
 1577 0116 3A       		.uleb128 0x3a
 1578 0117 0B       		.uleb128 0xb
 1579 0118 3B       		.uleb128 0x3b
 1580 0119 0B       		.uleb128 0xb
 1581 011a 27       		.uleb128 0x27
 1582 011b 0C       		.uleb128 0xc
 1583 011c 11       		.uleb128 0x11
 1584 011d 01       		.uleb128 0x1
 1585 011e 12       		.uleb128 0x12
 1586 011f 01       		.uleb128 0x1
 1587 0120 40       		.uleb128 0x40
 1588 0121 06       		.uleb128 0x6
 1589 0122 9742     		.uleb128 0x2117
 1590 0124 0C       		.uleb128 0xc
 1591 0125 01       		.uleb128 0x1
 1592 0126 13       		.uleb128 0x13
 1593 0127 00       		.byte	0
ARM GAS  /tmp/ccnfYJZJ.s 			page 29


 1594 0128 00       		.byte	0
 1595 0129 18       		.uleb128 0x18
 1596 012a 05       		.uleb128 0x5
 1597 012b 00       		.byte	0
 1598 012c 03       		.uleb128 0x3
 1599 012d 08       		.uleb128 0x8
 1600 012e 3A       		.uleb128 0x3a
 1601 012f 0B       		.uleb128 0xb
 1602 0130 3B       		.uleb128 0x3b
 1603 0131 0B       		.uleb128 0xb
 1604 0132 49       		.uleb128 0x49
 1605 0133 13       		.uleb128 0x13
 1606 0134 02       		.uleb128 0x2
 1607 0135 06       		.uleb128 0x6
 1608 0136 00       		.byte	0
 1609 0137 00       		.byte	0
 1610 0138 19       		.uleb128 0x19
 1611 0139 18       		.uleb128 0x18
 1612 013a 00       		.byte	0
 1613 013b 00       		.byte	0
 1614 013c 00       		.byte	0
 1615 013d 1A       		.uleb128 0x1a
 1616 013e 34       		.uleb128 0x34
 1617 013f 00       		.byte	0
 1618 0140 03       		.uleb128 0x3
 1619 0141 08       		.uleb128 0x8
 1620 0142 3A       		.uleb128 0x3a
 1621 0143 0B       		.uleb128 0xb
 1622 0144 3B       		.uleb128 0x3b
 1623 0145 0B       		.uleb128 0xb
 1624 0146 49       		.uleb128 0x49
 1625 0147 13       		.uleb128 0x13
 1626 0148 02       		.uleb128 0x2
 1627 0149 0A       		.uleb128 0xa
 1628 014a 00       		.byte	0
 1629 014b 00       		.byte	0
 1630 014c 1B       		.uleb128 0x1b
 1631 014d 34       		.uleb128 0x34
 1632 014e 00       		.byte	0
 1633 014f 03       		.uleb128 0x3
 1634 0150 08       		.uleb128 0x8
 1635 0151 3A       		.uleb128 0x3a
 1636 0152 0B       		.uleb128 0xb
 1637 0153 3B       		.uleb128 0x3b
 1638 0154 0B       		.uleb128 0xb
 1639 0155 49       		.uleb128 0x49
 1640 0156 13       		.uleb128 0x13
 1641 0157 02       		.uleb128 0x2
 1642 0158 06       		.uleb128 0x6
 1643 0159 00       		.byte	0
 1644 015a 00       		.byte	0
 1645 015b 1C       		.uleb128 0x1c
 1646 015c 34       		.uleb128 0x34
 1647 015d 00       		.byte	0
 1648 015e 03       		.uleb128 0x3
 1649 015f 0E       		.uleb128 0xe
 1650 0160 3A       		.uleb128 0x3a
ARM GAS  /tmp/ccnfYJZJ.s 			page 30


 1651 0161 0B       		.uleb128 0xb
 1652 0162 3B       		.uleb128 0x3b
 1653 0163 0B       		.uleb128 0xb
 1654 0164 49       		.uleb128 0x49
 1655 0165 13       		.uleb128 0x13
 1656 0166 02       		.uleb128 0x2
 1657 0167 06       		.uleb128 0x6
 1658 0168 00       		.byte	0
 1659 0169 00       		.byte	0
 1660 016a 1D       		.uleb128 0x1d
 1661 016b 34       		.uleb128 0x34
 1662 016c 00       		.byte	0
 1663 016d 03       		.uleb128 0x3
 1664 016e 0E       		.uleb128 0xe
 1665 016f 3A       		.uleb128 0x3a
 1666 0170 0B       		.uleb128 0xb
 1667 0171 3B       		.uleb128 0x3b
 1668 0172 0B       		.uleb128 0xb
 1669 0173 49       		.uleb128 0x49
 1670 0174 13       		.uleb128 0x13
 1671 0175 02       		.uleb128 0x2
 1672 0176 0A       		.uleb128 0xa
 1673 0177 00       		.byte	0
 1674 0178 00       		.byte	0
 1675 0179 1E       		.uleb128 0x1e
 1676 017a 0A       		.uleb128 0xa
 1677 017b 00       		.byte	0
 1678 017c 03       		.uleb128 0x3
 1679 017d 0E       		.uleb128 0xe
 1680 017e 3A       		.uleb128 0x3a
 1681 017f 0B       		.uleb128 0xb
 1682 0180 3B       		.uleb128 0x3b
 1683 0181 0B       		.uleb128 0xb
 1684 0182 11       		.uleb128 0x11
 1685 0183 01       		.uleb128 0x1
 1686 0184 00       		.byte	0
 1687 0185 00       		.byte	0
 1688 0186 1F       		.uleb128 0x1f
 1689 0187 1D       		.uleb128 0x1d
 1690 0188 01       		.byte	0x1
 1691 0189 31       		.uleb128 0x31
 1692 018a 13       		.uleb128 0x13
 1693 018b 11       		.uleb128 0x11
 1694 018c 01       		.uleb128 0x1
 1695 018d 12       		.uleb128 0x12
 1696 018e 01       		.uleb128 0x1
 1697 018f 58       		.uleb128 0x58
 1698 0190 0B       		.uleb128 0xb
 1699 0191 59       		.uleb128 0x59
 1700 0192 0B       		.uleb128 0xb
 1701 0193 01       		.uleb128 0x1
 1702 0194 13       		.uleb128 0x13
 1703 0195 00       		.byte	0
 1704 0196 00       		.byte	0
 1705 0197 20       		.uleb128 0x20
 1706 0198 898201   		.uleb128 0x4109
 1707 019b 01       		.byte	0x1
ARM GAS  /tmp/ccnfYJZJ.s 			page 31


 1708 019c 11       		.uleb128 0x11
 1709 019d 01       		.uleb128 0x1
 1710 019e 31       		.uleb128 0x31
 1711 019f 13       		.uleb128 0x13
 1712 01a0 00       		.byte	0
 1713 01a1 00       		.byte	0
 1714 01a2 21       		.uleb128 0x21
 1715 01a3 8A8201   		.uleb128 0x410a
 1716 01a6 00       		.byte	0
 1717 01a7 02       		.uleb128 0x2
 1718 01a8 0A       		.uleb128 0xa
 1719 01a9 9142     		.uleb128 0x2111
 1720 01ab 0A       		.uleb128 0xa
 1721 01ac 00       		.byte	0
 1722 01ad 00       		.byte	0
 1723 01ae 22       		.uleb128 0x22
 1724 01af 898201   		.uleb128 0x4109
 1725 01b2 01       		.byte	0x1
 1726 01b3 11       		.uleb128 0x11
 1727 01b4 01       		.uleb128 0x1
 1728 01b5 01       		.uleb128 0x1
 1729 01b6 13       		.uleb128 0x13
 1730 01b7 00       		.byte	0
 1731 01b8 00       		.byte	0
 1732 01b9 23       		.uleb128 0x23
 1733 01ba 898201   		.uleb128 0x4109
 1734 01bd 01       		.byte	0x1
 1735 01be 11       		.uleb128 0x11
 1736 01bf 01       		.uleb128 0x1
 1737 01c0 00       		.byte	0
 1738 01c1 00       		.byte	0
 1739 01c2 24       		.uleb128 0x24
 1740 01c3 01       		.uleb128 0x1
 1741 01c4 01       		.byte	0x1
 1742 01c5 49       		.uleb128 0x49
 1743 01c6 13       		.uleb128 0x13
 1744 01c7 00       		.byte	0
 1745 01c8 00       		.byte	0
 1746 01c9 25       		.uleb128 0x25
 1747 01ca 21       		.uleb128 0x21
 1748 01cb 00       		.byte	0
 1749 01cc 49       		.uleb128 0x49
 1750 01cd 13       		.uleb128 0x13
 1751 01ce 2F       		.uleb128 0x2f
 1752 01cf 0B       		.uleb128 0xb
 1753 01d0 00       		.byte	0
 1754 01d1 00       		.byte	0
 1755 01d2 00       		.byte	0
 1756              		.section	.debug_loc,"",%progbits
 1757              	.Ldebug_loc0:
 1758              	.LLST0:
 1759 0000 00000000 		.4byte	.LFB10
 1760 0004 02000000 		.4byte	.LCFI0
 1761 0008 0200     		.2byte	0x2
 1762 000a 7D       		.byte	0x7d
 1763 000b 00       		.sleb128 0
 1764 000c 02000000 		.4byte	.LCFI0
ARM GAS  /tmp/ccnfYJZJ.s 			page 32


 1765 0010 4A000000 		.4byte	.LFE10
 1766 0014 0200     		.2byte	0x2
 1767 0016 7D       		.byte	0x7d
 1768 0017 10       		.sleb128 16
 1769 0018 00000000 		.4byte	0
 1770 001c 00000000 		.4byte	0
 1771              	.LLST1:
 1772 0020 00000000 		.4byte	.LVL0
 1773 0024 42000000 		.4byte	.LVL14
 1774 0028 0100     		.2byte	0x1
 1775 002a 50       		.byte	0x50
 1776 002b 42000000 		.4byte	.LVL14
 1777 002f 4A000000 		.4byte	.LFE10
 1778 0033 0100     		.2byte	0x1
 1779 0035 50       		.byte	0x50
 1780 0036 00000000 		.4byte	0
 1781 003a 00000000 		.4byte	0
 1782              	.LLST2:
 1783 003e 00000000 		.4byte	.LVL0
 1784 0042 0C000000 		.4byte	.LVL2
 1785 0046 0100     		.2byte	0x1
 1786 0048 51       		.byte	0x51
 1787 0049 0C000000 		.4byte	.LVL2
 1788 004d 4A000000 		.4byte	.LFE10
 1789 0051 0400     		.2byte	0x4
 1790 0053 F3       		.byte	0xf3
 1791 0054 01       		.uleb128 0x1
 1792 0055 51       		.byte	0x51
 1793 0056 9F       		.byte	0x9f
 1794 0057 00000000 		.4byte	0
 1795 005b 00000000 		.4byte	0
 1796              	.LLST3:
 1797 005f 00000000 		.4byte	.LVL0
 1798 0063 36000000 		.4byte	.LVL11
 1799 0067 0100     		.2byte	0x1
 1800 0069 52       		.byte	0x52
 1801 006a 36000000 		.4byte	.LVL11
 1802 006e 4A000000 		.4byte	.LFE10
 1803 0072 0400     		.2byte	0x4
 1804 0074 F3       		.byte	0xf3
 1805 0075 01       		.uleb128 0x1
 1806 0076 52       		.byte	0x52
 1807 0077 9F       		.byte	0x9f
 1808 0078 00000000 		.4byte	0
 1809 007c 00000000 		.4byte	0
 1810              	.LLST4:
 1811 0080 14000000 		.4byte	.LVL3
 1812 0084 18000000 		.4byte	.LVL4
 1813 0088 0100     		.2byte	0x1
 1814 008a 51       		.byte	0x51
 1815 008b 18000000 		.4byte	.LVL4
 1816 008f 30000000 		.4byte	.LVL9
 1817 0093 0100     		.2byte	0x1
 1818 0095 53       		.byte	0x53
 1819 0096 30000000 		.4byte	.LVL9
 1820 009a 34000000 		.4byte	.LVL10
 1821 009e 0600     		.2byte	0x6
ARM GAS  /tmp/ccnfYJZJ.s 			page 33


 1822 00a0 7C       		.byte	0x7c
 1823 00a1 00       		.sleb128 0
 1824 00a2 77       		.byte	0x77
 1825 00a3 00       		.sleb128 0
 1826 00a4 1C       		.byte	0x1c
 1827 00a5 9F       		.byte	0x9f
 1828 00a6 34000000 		.4byte	.LVL10
 1829 00aa 38000000 		.4byte	.LVL12
 1830 00ae 0100     		.2byte	0x1
 1831 00b0 51       		.byte	0x51
 1832 00b1 38000000 		.4byte	.LVL12
 1833 00b5 3A000000 		.4byte	.LVL13
 1834 00b9 0600     		.2byte	0x6
 1835 00bb 7C       		.byte	0x7c
 1836 00bc 00       		.sleb128 0
 1837 00bd 77       		.byte	0x77
 1838 00be 00       		.sleb128 0
 1839 00bf 1C       		.byte	0x1c
 1840 00c0 9F       		.byte	0x9f
 1841 00c1 00000000 		.4byte	0
 1842 00c5 00000000 		.4byte	0
 1843              	.LLST5:
 1844 00c9 06000000 		.4byte	.LVL1
 1845 00cd 0C000000 		.4byte	.LVL2
 1846 00d1 0100     		.2byte	0x1
 1847 00d3 5C       		.byte	0x5c
 1848 00d4 26000000 		.4byte	.LVL7
 1849 00d8 2C000000 		.4byte	.LVL8
 1850 00dc 0100     		.2byte	0x1
 1851 00de 55       		.byte	0x55
 1852 00df 2C000000 		.4byte	.LVL8
 1853 00e3 3A000000 		.4byte	.LVL13
 1854 00e7 0100     		.2byte	0x1
 1855 00e9 57       		.byte	0x57
 1856 00ea 00000000 		.4byte	0
 1857 00ee 00000000 		.4byte	0
 1858              	.LLST6:
 1859 00f2 00000000 		.4byte	.LVL0
 1860 00f6 14000000 		.4byte	.LVL3
 1861 00fa 0100     		.2byte	0x1
 1862 00fc 51       		.byte	0x51
 1863 00fd 2C000000 		.4byte	.LVL8
 1864 0101 34000000 		.4byte	.LVL10
 1865 0105 0100     		.2byte	0x1
 1866 0107 51       		.byte	0x51
 1867 0108 34000000 		.4byte	.LVL10
 1868 010c 4A000000 		.4byte	.LFE10
 1869 0110 0100     		.2byte	0x1
 1870 0112 56       		.byte	0x56
 1871 0113 00000000 		.4byte	0
 1872 0117 00000000 		.4byte	0
 1873              	.LLST7:
 1874 011b 00000000 		.4byte	.LVL0
 1875 011f 0C000000 		.4byte	.LVL2
 1876 0123 0100     		.2byte	0x1
 1877 0125 51       		.byte	0x51
 1878 0126 0C000000 		.4byte	.LVL2
ARM GAS  /tmp/ccnfYJZJ.s 			page 34


 1879 012a 24000000 		.4byte	.LVL6
 1880 012e 0100     		.2byte	0x1
 1881 0130 54       		.byte	0x54
 1882 0131 2C000000 		.4byte	.LVL8
 1883 0135 4A000000 		.4byte	.LFE10
 1884 0139 0100     		.2byte	0x1
 1885 013b 54       		.byte	0x54
 1886 013c 00000000 		.4byte	0
 1887 0140 00000000 		.4byte	0
 1888              	.LLST8:
 1889 0144 00000000 		.4byte	.LFB9
 1890 0148 02000000 		.4byte	.LCFI1
 1891 014c 0200     		.2byte	0x2
 1892 014e 7D       		.byte	0x7d
 1893 014f 00       		.sleb128 0
 1894 0150 02000000 		.4byte	.LCFI1
 1895 0154 06000000 		.4byte	.LCFI2
 1896 0158 0200     		.2byte	0x2
 1897 015a 7D       		.byte	0x7d
 1898 015b 0C       		.sleb128 12
 1899 015c 06000000 		.4byte	.LCFI2
 1900 0160 08000000 		.4byte	.LCFI3
 1901 0164 0200     		.2byte	0x2
 1902 0166 7D       		.byte	0x7d
 1903 0167 30       		.sleb128 48
 1904 0168 08000000 		.4byte	.LCFI3
 1905 016c C8020000 		.4byte	.LFE9
 1906 0170 0300     		.2byte	0x3
 1907 0172 7D       		.byte	0x7d
 1908 0173 C800     		.sleb128 72
 1909 0175 00000000 		.4byte	0
 1910 0179 00000000 		.4byte	0
 1911              	.LLST9:
 1912 017d 00000000 		.4byte	.LVL15
 1913 0181 24000000 		.4byte	.LVL16
 1914 0185 0100     		.2byte	0x1
 1915 0187 50       		.byte	0x50
 1916 0188 24000000 		.4byte	.LVL16
 1917 018c C8020000 		.4byte	.LFE9
 1918 0190 0100     		.2byte	0x1
 1919 0192 56       		.byte	0x56
 1920 0193 00000000 		.4byte	0
 1921 0197 00000000 		.4byte	0
 1922              	.LLST10:
 1923 019b 00000000 		.4byte	.LVL15
 1924 019f 24000000 		.4byte	.LVL16
 1925 01a3 0200     		.2byte	0x2
 1926 01a5 91       		.byte	0x91
 1927 01a6 74       		.sleb128 -12
 1928 01a7 24000000 		.4byte	.LVL16
 1929 01ab 2A000000 		.4byte	.LVL17
 1930 01af 0100     		.2byte	0x1
 1931 01b1 54       		.byte	0x54
 1932 01b2 2A000000 		.4byte	.LVL17
 1933 01b6 36000000 		.4byte	.LVL19
 1934 01ba 0100     		.2byte	0x1
 1935 01bc 55       		.byte	0x55
ARM GAS  /tmp/ccnfYJZJ.s 			page 35


 1936 01bd 36000000 		.4byte	.LVL19
 1937 01c1 40000000 		.4byte	.LVL21
 1938 01c5 0100     		.2byte	0x1
 1939 01c7 54       		.byte	0x54
 1940 01c8 40000000 		.4byte	.LVL21
 1941 01cc 6E000000 		.4byte	.LVL26
 1942 01d0 0100     		.2byte	0x1
 1943 01d2 55       		.byte	0x55
 1944 01d3 6E000000 		.4byte	.LVL26
 1945 01d7 2E010000 		.4byte	.LVL41
 1946 01db 0100     		.2byte	0x1
 1947 01dd 54       		.byte	0x54
 1948 01de 32010000 		.4byte	.LVL42
 1949 01e2 72020000 		.4byte	.LVL98
 1950 01e6 0100     		.2byte	0x1
 1951 01e8 54       		.byte	0x54
 1952 01e9 72020000 		.4byte	.LVL98
 1953 01ed 78020000 		.4byte	.LVL99
 1954 01f1 0300     		.2byte	0x3
 1955 01f3 75       		.byte	0x75
 1956 01f4 01       		.sleb128 1
 1957 01f5 9F       		.byte	0x9f
 1958 01f6 78020000 		.4byte	.LVL99
 1959 01fa 84020000 		.4byte	.LVL102
 1960 01fe 0100     		.2byte	0x1
 1961 0200 55       		.byte	0x55
 1962 0201 84020000 		.4byte	.LVL102
 1963 0205 C8020000 		.4byte	.LFE9
 1964 0209 0100     		.2byte	0x1
 1965 020b 54       		.byte	0x54
 1966 020c 00000000 		.4byte	0
 1967 0210 00000000 		.4byte	0
 1968              	.LLST11:
 1969 0214 4E000000 		.4byte	.LVL23
 1970 0218 78010000 		.4byte	.LVL51
 1971 021c 0100     		.2byte	0x1
 1972 021e 58       		.byte	0x58
 1973 021f 78010000 		.4byte	.LVL51
 1974 0223 84010000 		.4byte	.LVL54
 1975 0227 0100     		.2byte	0x1
 1976 0229 5A       		.byte	0x5a
 1977 022a 84010000 		.4byte	.LVL54
 1978 022e 8A010000 		.4byte	.LVL55
 1979 0232 0100     		.2byte	0x1
 1980 0234 52       		.byte	0x52
 1981 0235 8A010000 		.4byte	.LVL55
 1982 0239 8E010000 		.4byte	.LVL56
 1983 023d 0100     		.2byte	0x1
 1984 023f 53       		.byte	0x53
 1985 0240 8E010000 		.4byte	.LVL56
 1986 0244 9E010000 		.4byte	.LVL58
 1987 0248 0100     		.2byte	0x1
 1988 024a 52       		.byte	0x52
 1989 024b DA010000 		.4byte	.LVL68
 1990 024f EA010000 		.4byte	.LVL71
 1991 0253 0100     		.2byte	0x1
 1992 0255 58       		.byte	0x58
ARM GAS  /tmp/ccnfYJZJ.s 			page 36


 1993 0256 EA010000 		.4byte	.LVL71
 1994 025a EE010000 		.4byte	.LVL72
 1995 025e 0200     		.2byte	0x2
 1996 0260 7D       		.byte	0x7d
 1997 0261 00       		.sleb128 0
 1998 0262 1A020000 		.4byte	.LVL80
 1999 0266 2C020000 		.4byte	.LVL84
 2000 026a 0100     		.2byte	0x1
 2001 026c 58       		.byte	0x58
 2002 026d 34020000 		.4byte	.LVL85
 2003 0271 58020000 		.4byte	.LVL94
 2004 0275 0100     		.2byte	0x1
 2005 0277 58       		.byte	0x58
 2006 0278 58020000 		.4byte	.LVL94
 2007 027c 5D020000 		.4byte	.LVL95-1
 2008 0280 0100     		.2byte	0x1
 2009 0282 50       		.byte	0x50
 2010 0283 66020000 		.4byte	.LVL96
 2011 0287 6A020000 		.4byte	.LVL97
 2012 028b 0100     		.2byte	0x1
 2013 028d 58       		.byte	0x58
 2014 028e 6A020000 		.4byte	.LVL97
 2015 0292 72020000 		.4byte	.LVL98
 2016 0296 0200     		.2byte	0x2
 2017 0298 7D       		.byte	0x7d
 2018 0299 00       		.sleb128 0
 2019 029a 72020000 		.4byte	.LVL98
 2020 029e 96020000 		.4byte	.LVL105
 2021 02a2 0100     		.2byte	0x1
 2022 02a4 58       		.byte	0x58
 2023 02a5 96020000 		.4byte	.LVL105
 2024 02a9 9E020000 		.4byte	.LVL108
 2025 02ad 0200     		.2byte	0x2
 2026 02af 7D       		.byte	0x7d
 2027 02b0 00       		.sleb128 0
 2028 02b1 B4020000 		.4byte	.LVL112
 2029 02b5 BC020000 		.4byte	.LVL113
 2030 02b9 0100     		.2byte	0x1
 2031 02bb 52       		.byte	0x52
 2032 02bc BC020000 		.4byte	.LVL113
 2033 02c0 C8020000 		.4byte	.LFE9
 2034 02c4 0100     		.2byte	0x1
 2035 02c6 5A       		.byte	0x5a
 2036 02c7 00000000 		.4byte	0
 2037 02cb 00000000 		.4byte	0
 2038              	.LLST12:
 2039 02cf 4E000000 		.4byte	.LVL23
 2040 02d3 5E010000 		.4byte	.LVL49
 2041 02d7 0100     		.2byte	0x1
 2042 02d9 58       		.byte	0x58
 2043 02da 5E010000 		.4byte	.LVL49
 2044 02de BA010000 		.4byte	.LVL63
 2045 02e2 0100     		.2byte	0x1
 2046 02e4 5A       		.byte	0x5a
 2047 02e5 BA010000 		.4byte	.LVL63
 2048 02e9 C0010000 		.4byte	.LVL64
 2049 02ed 0300     		.2byte	0x3
ARM GAS  /tmp/ccnfYJZJ.s 			page 37


 2050 02ef 7A       		.byte	0x7a
 2051 02f0 7F       		.sleb128 -1
 2052 02f1 9F       		.byte	0x9f
 2053 02f2 C0010000 		.4byte	.LVL64
 2054 02f6 DA010000 		.4byte	.LVL68
 2055 02fa 0100     		.2byte	0x1
 2056 02fc 5A       		.byte	0x5a
 2057 02fd DA010000 		.4byte	.LVL68
 2058 0301 EE010000 		.4byte	.LVL72
 2059 0305 0100     		.2byte	0x1
 2060 0307 58       		.byte	0x58
 2061 0308 EE010000 		.4byte	.LVL72
 2062 030c 0A020000 		.4byte	.LVL77
 2063 0310 0100     		.2byte	0x1
 2064 0312 5A       		.byte	0x5a
 2065 0313 1A020000 		.4byte	.LVL80
 2066 0317 9E020000 		.4byte	.LVL108
 2067 031b 0100     		.2byte	0x1
 2068 031d 58       		.byte	0x58
 2069 031e 9E020000 		.4byte	.LVL108
 2070 0322 C8020000 		.4byte	.LFE9
 2071 0326 0100     		.2byte	0x1
 2072 0328 5A       		.byte	0x5a
 2073 0329 00000000 		.4byte	0
 2074 032d 00000000 		.4byte	0
 2075              	.LLST13:
 2076 0331 2A000000 		.4byte	.LVL17
 2077 0335 2C000000 		.4byte	.LVL18
 2078 0339 0200     		.2byte	0x2
 2079 033b 74       		.byte	0x74
 2080 033c 00       		.sleb128 0
 2081 033d 40000000 		.4byte	.LVL21
 2082 0341 44000000 		.4byte	.LVL22
 2083 0345 0200     		.2byte	0x2
 2084 0347 74       		.byte	0x74
 2085 0348 00       		.sleb128 0
 2086 0349 70000000 		.4byte	.LVL27
 2087 034d 72000000 		.4byte	.LVL28
 2088 0351 0100     		.2byte	0x1
 2089 0353 53       		.byte	0x53
 2090 0354 72000000 		.4byte	.LVL28
 2091 0358 74000000 		.4byte	.LVL29
 2092 035c 0200     		.2byte	0x2
 2093 035e 71       		.byte	0x71
 2094 035f 00       		.sleb128 0
 2095 0360 74000000 		.4byte	.LVL29
 2096 0364 7E000000 		.4byte	.LVL31
 2097 0368 0100     		.2byte	0x1
 2098 036a 52       		.byte	0x52
 2099 036b 7E000000 		.4byte	.LVL31
 2100 036f 9A000000 		.4byte	.LVL35
 2101 0373 0100     		.2byte	0x1
 2102 0375 53       		.byte	0x53
 2103 0376 AA000000 		.4byte	.LVL36
 2104 037a 22010000 		.4byte	.LVL37
 2105 037e 0100     		.2byte	0x1
 2106 0380 53       		.byte	0x53
ARM GAS  /tmp/ccnfYJZJ.s 			page 38


 2107 0381 22010000 		.4byte	.LVL37
 2108 0385 24010000 		.4byte	.LVL38
 2109 0389 0200     		.2byte	0x2
 2110 038b 74       		.byte	0x74
 2111 038c 7F       		.sleb128 -1
 2112 038d 24010000 		.4byte	.LVL38
 2113 0391 26010000 		.4byte	.LVL39
 2114 0395 0200     		.2byte	0x2
 2115 0397 71       		.byte	0x71
 2116 0398 00       		.sleb128 0
 2117 0399 26010000 		.4byte	.LVL39
 2118 039d 2E010000 		.4byte	.LVL41
 2119 03a1 0100     		.2byte	0x1
 2120 03a3 52       		.byte	0x52
 2121 03a4 32010000 		.4byte	.LVL42
 2122 03a8 46010000 		.4byte	.LVL43
 2123 03ac 0200     		.2byte	0x2
 2124 03ae 74       		.byte	0x74
 2125 03af 7F       		.sleb128 -1
 2126 03b0 4E010000 		.4byte	.LVL44
 2127 03b4 50010000 		.4byte	.LVL45
 2128 03b8 0200     		.2byte	0x2
 2129 03ba 74       		.byte	0x74
 2130 03bb 00       		.sleb128 0
 2131 03bc 50010000 		.4byte	.LVL45
 2132 03c0 56010000 		.4byte	.LVL46
 2133 03c4 0200     		.2byte	0x2
 2134 03c6 74       		.byte	0x74
 2135 03c7 7F       		.sleb128 -1
 2136 03c8 56010000 		.4byte	.LVL46
 2137 03cc 58010000 		.4byte	.LVL47
 2138 03d0 0100     		.2byte	0x1
 2139 03d2 53       		.byte	0x53
 2140 03d3 58010000 		.4byte	.LVL47
 2141 03d7 5A010000 		.4byte	.LVL48
 2142 03db 0400     		.2byte	0x4
 2143 03dd 72       		.byte	0x72
 2144 03de C400     		.sleb128 68
 2145 03e0 9F       		.byte	0x9f
 2146 03e1 DA010000 		.4byte	.LVL68
 2147 03e5 DC010000 		.4byte	.LVL69
 2148 03e9 0100     		.2byte	0x1
 2149 03eb 53       		.byte	0x53
 2150 03ec DC010000 		.4byte	.LVL69
 2151 03f0 E2010000 		.4byte	.LVL70
 2152 03f4 0400     		.2byte	0x4
 2153 03f6 72       		.byte	0x72
 2154 03f7 C400     		.sleb128 68
 2155 03f9 9F       		.byte	0x9f
 2156 03fa 1A020000 		.4byte	.LVL80
 2157 03fe 1C020000 		.4byte	.LVL81
 2158 0402 0100     		.2byte	0x1
 2159 0404 53       		.byte	0x53
 2160 0405 34020000 		.4byte	.LVL85
 2161 0409 36020000 		.4byte	.LVL86
 2162 040d 0100     		.2byte	0x1
 2163 040f 53       		.byte	0x53
ARM GAS  /tmp/ccnfYJZJ.s 			page 39


 2164 0410 44020000 		.4byte	.LVL89
 2165 0414 48020000 		.4byte	.LVL90
 2166 0418 0200     		.2byte	0x2
 2167 041a 38       		.byte	0x38
 2168 041b 9F       		.byte	0x9f
 2169 041c 48020000 		.4byte	.LVL90
 2170 0420 4A020000 		.4byte	.LVL91
 2171 0424 0100     		.2byte	0x1
 2172 0426 53       		.byte	0x53
 2173 0427 4A020000 		.4byte	.LVL91
 2174 042b 4C020000 		.4byte	.LVL92
 2175 042f 0400     		.2byte	0x4
 2176 0431 72       		.byte	0x72
 2177 0432 C400     		.sleb128 68
 2178 0434 9F       		.byte	0x9f
 2179 0435 66020000 		.4byte	.LVL96
 2180 0439 72020000 		.4byte	.LVL98
 2181 043d 0100     		.2byte	0x1
 2182 043f 53       		.byte	0x53
 2183 0440 00000000 		.4byte	0
 2184 0444 00000000 		.4byte	0
 2185              	.LLST14:
 2186 0448 5A000000 		.4byte	.LVL24
 2187 044c 68000000 		.4byte	.LVL25
 2188 0450 0300     		.2byte	0x3
 2189 0452 08       		.byte	0x8
 2190 0453 20       		.byte	0x20
 2191 0454 9F       		.byte	0x9f
 2192 0455 68000000 		.4byte	.LVL25
 2193 0459 56010000 		.4byte	.LVL46
 2194 045d 0100     		.2byte	0x1
 2195 045f 57       		.byte	0x57
 2196 0460 56010000 		.4byte	.LVL46
 2197 0464 9E010000 		.4byte	.LVL58
 2198 0468 0300     		.2byte	0x3
 2199 046a 08       		.byte	0x8
 2200 046b 20       		.byte	0x20
 2201 046c 9F       		.byte	0x9f
 2202 046d 9E010000 		.4byte	.LVL58
 2203 0471 A8010000 		.4byte	.LVL60
 2204 0475 0100     		.2byte	0x1
 2205 0477 57       		.byte	0x57
 2206 0478 DA010000 		.4byte	.LVL68
 2207 047c EE010000 		.4byte	.LVL72
 2208 0480 0300     		.2byte	0x3
 2209 0482 08       		.byte	0x8
 2210 0483 20       		.byte	0x20
 2211 0484 9F       		.byte	0x9f
 2212 0485 EE010000 		.4byte	.LVL72
 2213 0489 FC010000 		.4byte	.LVL75
 2214 048d 0100     		.2byte	0x1
 2215 048f 57       		.byte	0x57
 2216 0490 1A020000 		.4byte	.LVL80
 2217 0494 72020000 		.4byte	.LVL98
 2218 0498 0100     		.2byte	0x1
 2219 049a 57       		.byte	0x57
 2220 049b 72020000 		.4byte	.LVL98
ARM GAS  /tmp/ccnfYJZJ.s 			page 40


 2221 049f 7A020000 		.4byte	.LVL100
 2222 04a3 0300     		.2byte	0x3
 2223 04a5 08       		.byte	0x8
 2224 04a6 30       		.byte	0x30
 2225 04a7 9F       		.byte	0x9f
 2226 04a8 84020000 		.4byte	.LVL102
 2227 04ac 9E020000 		.4byte	.LVL108
 2228 04b0 0100     		.2byte	0x1
 2229 04b2 57       		.byte	0x57
 2230 04b3 B4020000 		.4byte	.LVL112
 2231 04b7 C8020000 		.4byte	.LFE9
 2232 04bb 0300     		.2byte	0x3
 2233 04bd 08       		.byte	0x8
 2234 04be 20       		.byte	0x20
 2235 04bf 9F       		.byte	0x9f
 2236 04c0 00000000 		.4byte	0
 2237 04c4 00000000 		.4byte	0
 2238              	.LLST15:
 2239 04c8 9E010000 		.4byte	.LVL58
 2240 04cc A8010000 		.4byte	.LVL60
 2241 04d0 0100     		.2byte	0x1
 2242 04d2 5B       		.byte	0x5b
 2243 04d3 A8010000 		.4byte	.LVL60
 2244 04d7 B4010000 		.4byte	.LVL62
 2245 04db 0300     		.2byte	0x3
 2246 04dd 7B       		.byte	0x7b
 2247 04de 7F       		.sleb128 -1
 2248 04df 9F       		.byte	0x9f
 2249 04e0 EE010000 		.4byte	.LVL72
 2250 04e4 0A020000 		.4byte	.LVL77
 2251 04e8 0100     		.2byte	0x1
 2252 04ea 5B       		.byte	0x5b
 2253 04eb 9E020000 		.4byte	.LVL108
 2254 04ef B4020000 		.4byte	.LVL112
 2255 04f3 0100     		.2byte	0x1
 2256 04f5 5B       		.byte	0x5b
 2257 04f6 00000000 		.4byte	0
 2258 04fa 00000000 		.4byte	0
 2259              	.LLST16:
 2260 04fe 94000000 		.4byte	.LVL33
 2261 0502 96000000 		.4byte	.LVL34
 2262 0506 0200     		.2byte	0x2
 2263 0508 30       		.byte	0x30
 2264 0509 9F       		.byte	0x9f
 2265 050a 96000000 		.4byte	.LVL34
 2266 050e 2A010000 		.4byte	.LVL40
 2267 0512 0100     		.2byte	0x1
 2268 0514 50       		.byte	0x50
 2269 0515 2A010000 		.4byte	.LVL40
 2270 0519 2E010000 		.4byte	.LVL41
 2271 051d 0500     		.2byte	0x5
 2272 051f 70       		.byte	0x70
 2273 0520 00       		.sleb128 0
 2274 0521 31       		.byte	0x31
 2275 0522 24       		.byte	0x24
 2276 0523 9F       		.byte	0x9f
 2277 0524 2E010000 		.4byte	.LVL41
ARM GAS  /tmp/ccnfYJZJ.s 			page 41


 2278 0528 7E010000 		.4byte	.LVL52
 2279 052c 0100     		.2byte	0x1
 2280 052e 50       		.byte	0x50
 2281 052f 7E010000 		.4byte	.LVL52
 2282 0533 82010000 		.4byte	.LVL53
 2283 0537 0300     		.2byte	0x3
 2284 0539 70       		.byte	0x70
 2285 053a 7F       		.sleb128 -1
 2286 053b 9F       		.byte	0x9f
 2287 053c DA010000 		.4byte	.LVL68
 2288 0540 EE010000 		.4byte	.LVL72
 2289 0544 0100     		.2byte	0x1
 2290 0546 50       		.byte	0x50
 2291 0547 1A020000 		.4byte	.LVL80
 2292 054b 26020000 		.4byte	.LVL83
 2293 054f 0100     		.2byte	0x1
 2294 0551 50       		.byte	0x50
 2295 0552 34020000 		.4byte	.LVL85
 2296 0556 3E020000 		.4byte	.LVL87
 2297 055a 0100     		.2byte	0x1
 2298 055c 50       		.byte	0x50
 2299 055d 44020000 		.4byte	.LVL89
 2300 0561 58020000 		.4byte	.LVL94
 2301 0565 0100     		.2byte	0x1
 2302 0567 50       		.byte	0x50
 2303 0568 66020000 		.4byte	.LVL96
 2304 056c 72020000 		.4byte	.LVL98
 2305 0570 0100     		.2byte	0x1
 2306 0572 50       		.byte	0x50
 2307 0573 84020000 		.4byte	.LVL102
 2308 0577 9C020000 		.4byte	.LVL107
 2309 057b 0100     		.2byte	0x1
 2310 057d 50       		.byte	0x50
 2311 057e BC020000 		.4byte	.LVL113
 2312 0582 C8020000 		.4byte	.LFE9
 2313 0586 0100     		.2byte	0x1
 2314 0588 50       		.byte	0x50
 2315 0589 00000000 		.4byte	0
 2316 058d 00000000 		.4byte	0
 2317              	.LLST17:
 2318 0591 68000000 		.4byte	.LVL25
 2319 0595 70000000 		.4byte	.LVL27
 2320 0599 0200     		.2byte	0x2
 2321 059b 30       		.byte	0x30
 2322 059c 9F       		.byte	0x9f
 2323 059d 70000000 		.4byte	.LVL27
 2324 05a1 78000000 		.4byte	.LVL30
 2325 05a5 0100     		.2byte	0x1
 2326 05a7 55       		.byte	0x55
 2327 05a8 7E000000 		.4byte	.LVL31
 2328 05ac 9C010000 		.4byte	.LVL57
 2329 05b0 0100     		.2byte	0x1
 2330 05b2 55       		.byte	0x55
 2331 05b3 9E010000 		.4byte	.LVL58
 2332 05b7 B4010000 		.4byte	.LVL62
 2333 05bb 0100     		.2byte	0x1
 2334 05bd 55       		.byte	0x55
ARM GAS  /tmp/ccnfYJZJ.s 			page 42


 2335 05be C4010000 		.4byte	.LVL65
 2336 05c2 D4010000 		.4byte	.LVL66
 2337 05c6 0100     		.2byte	0x1
 2338 05c8 55       		.byte	0x55
 2339 05c9 D4010000 		.4byte	.LVL66
 2340 05cd D6010000 		.4byte	.LVL67
 2341 05d1 0300     		.2byte	0x3
 2342 05d3 75       		.byte	0x75
 2343 05d4 7F       		.sleb128 -1
 2344 05d5 9F       		.byte	0x9f
 2345 05d6 D6010000 		.4byte	.LVL67
 2346 05da 14020000 		.4byte	.LVL78
 2347 05de 0100     		.2byte	0x1
 2348 05e0 55       		.byte	0x55
 2349 05e1 14020000 		.4byte	.LVL78
 2350 05e5 16020000 		.4byte	.LVL79
 2351 05e9 0300     		.2byte	0x3
 2352 05eb 75       		.byte	0x75
 2353 05ec 01       		.sleb128 1
 2354 05ed 9F       		.byte	0x9f
 2355 05ee 16020000 		.4byte	.LVL79
 2356 05f2 72020000 		.4byte	.LVL98
 2357 05f6 0100     		.2byte	0x1
 2358 05f8 55       		.byte	0x55
 2359 05f9 84020000 		.4byte	.LVL102
 2360 05fd C8020000 		.4byte	.LFE9
 2361 0601 0100     		.2byte	0x1
 2362 0603 55       		.byte	0x55
 2363 0604 00000000 		.4byte	0
 2364 0608 00000000 		.4byte	0
 2365              	.LLST18:
 2366 060c AA000000 		.4byte	.LVL36
 2367 0610 22010000 		.4byte	.LVL37
 2368 0614 0100     		.2byte	0x1
 2369 0616 51       		.byte	0x51
 2370 0617 46010000 		.4byte	.LVL43
 2371 061b 56010000 		.4byte	.LVL46
 2372 061f 0200     		.2byte	0x2
 2373 0621 31       		.byte	0x31
 2374 0622 9F       		.byte	0x9f
 2375 0623 56010000 		.4byte	.LVL46
 2376 0627 84010000 		.4byte	.LVL54
 2377 062b 0100     		.2byte	0x1
 2378 062d 51       		.byte	0x51
 2379 062e DA010000 		.4byte	.LVL68
 2380 0632 EE010000 		.4byte	.LVL72
 2381 0636 0100     		.2byte	0x1
 2382 0638 51       		.byte	0x51
 2383 0639 1A020000 		.4byte	.LVL80
 2384 063d 22020000 		.4byte	.LVL82
 2385 0641 0100     		.2byte	0x1
 2386 0643 51       		.byte	0x51
 2387 0644 34020000 		.4byte	.LVL85
 2388 0648 40020000 		.4byte	.LVL88
 2389 064c 0100     		.2byte	0x1
 2390 064e 51       		.byte	0x51
 2391 064f 44020000 		.4byte	.LVL89
ARM GAS  /tmp/ccnfYJZJ.s 			page 43


 2392 0653 50020000 		.4byte	.LVL93
 2393 0657 0100     		.2byte	0x1
 2394 0659 51       		.byte	0x51
 2395 065a 66020000 		.4byte	.LVL96
 2396 065e 72020000 		.4byte	.LVL98
 2397 0662 0100     		.2byte	0x1
 2398 0664 51       		.byte	0x51
 2399 0665 84020000 		.4byte	.LVL102
 2400 0669 88020000 		.4byte	.LVL103
 2401 066d 0200     		.2byte	0x2
 2402 066f 31       		.byte	0x31
 2403 0670 9F       		.byte	0x9f
 2404 0671 88020000 		.4byte	.LVL103
 2405 0675 8A020000 		.4byte	.LVL104
 2406 0679 0100     		.2byte	0x1
 2407 067b 51       		.byte	0x51
 2408 067c BC020000 		.4byte	.LVL113
 2409 0680 C8020000 		.4byte	.LFE9
 2410 0684 0100     		.2byte	0x1
 2411 0686 51       		.byte	0x51
 2412 0687 00000000 		.4byte	0
 2413 068b 00000000 		.4byte	0
 2414              	.LLST19:
 2415 068f 4E000000 		.4byte	.LVL23
 2416 0693 5A000000 		.4byte	.LVL24
 2417 0697 0200     		.2byte	0x2
 2418 0699 30       		.byte	0x30
 2419 069a 9F       		.byte	0x9f
 2420 069b 5A000000 		.4byte	.LVL24
 2421 069f B2010000 		.4byte	.LVL61
 2422 06a3 0100     		.2byte	0x1
 2423 06a5 59       		.byte	0x59
 2424 06a6 DA010000 		.4byte	.LVL68
 2425 06aa 7A020000 		.4byte	.LVL100
 2426 06ae 0100     		.2byte	0x1
 2427 06b0 59       		.byte	0x59
 2428 06b1 7A020000 		.4byte	.LVL100
 2429 06b5 7C020000 		.4byte	.LVL101
 2430 06b9 0200     		.2byte	0x2
 2431 06bb 30       		.byte	0x30
 2432 06bc 9F       		.byte	0x9f
 2433 06bd 7C020000 		.4byte	.LVL101
 2434 06c1 84020000 		.4byte	.LVL102
 2435 06c5 0200     		.2byte	0x2
 2436 06c7 31       		.byte	0x31
 2437 06c8 9F       		.byte	0x9f
 2438 06c9 84020000 		.4byte	.LVL102
 2439 06cd C8020000 		.4byte	.LFE9
 2440 06d1 0100     		.2byte	0x1
 2441 06d3 59       		.byte	0x59
 2442 06d4 00000000 		.4byte	0
 2443 06d8 00000000 		.4byte	0
 2444              	.LLST20:
 2445 06dc 26020000 		.4byte	.LVL83
 2446 06e0 2B020000 		.4byte	.LVL84-1
 2447 06e4 0100     		.2byte	0x1
 2448 06e6 51       		.byte	0x51
ARM GAS  /tmp/ccnfYJZJ.s 			page 44


 2449 06e7 40020000 		.4byte	.LVL88
 2450 06eb 44020000 		.4byte	.LVL89
 2451 06ef 0100     		.2byte	0x1
 2452 06f1 51       		.byte	0x51
 2453 06f2 50020000 		.4byte	.LVL93
 2454 06f6 5D020000 		.4byte	.LVL95-1
 2455 06fa 0100     		.2byte	0x1
 2456 06fc 51       		.byte	0x51
 2457 06fd 8A020000 		.4byte	.LVL104
 2458 0701 9E020000 		.4byte	.LVL108
 2459 0705 0100     		.2byte	0x1
 2460 0707 51       		.byte	0x51
 2461 0708 00000000 		.4byte	0
 2462 070c 00000000 		.4byte	0
 2463              	.LLST21:
 2464 0710 26020000 		.4byte	.LVL83
 2465 0714 2B020000 		.4byte	.LVL84-1
 2466 0718 0100     		.2byte	0x1
 2467 071a 52       		.byte	0x52
 2468 071b 00000000 		.4byte	0
 2469 071f 00000000 		.4byte	0
 2470              	.LLST22:
 2471 0723 26020000 		.4byte	.LVL83
 2472 0727 2B020000 		.4byte	.LVL84-1
 2473 072b 0100     		.2byte	0x1
 2474 072d 51       		.byte	0x51
 2475 072e 00000000 		.4byte	0
 2476 0732 00000000 		.4byte	0
 2477              	.LLST23:
 2478 0736 26020000 		.4byte	.LVL83
 2479 073a 34020000 		.4byte	.LVL85
 2480 073e 0100     		.2byte	0x1
 2481 0740 58       		.byte	0x58
 2482 0741 00000000 		.4byte	0
 2483 0745 00000000 		.4byte	0
 2484              	.LLST24:
 2485 0749 58020000 		.4byte	.LVL94
 2486 074d 66020000 		.4byte	.LVL96
 2487 0751 0200     		.2byte	0x2
 2488 0753 3A       		.byte	0x3a
 2489 0754 9F       		.byte	0x9f
 2490 0755 00000000 		.4byte	0
 2491 0759 00000000 		.4byte	0
 2492              	.LLST25:
 2493 075d 58020000 		.4byte	.LVL94
 2494 0761 5D020000 		.4byte	.LVL95-1
 2495 0765 0100     		.2byte	0x1
 2496 0767 51       		.byte	0x51
 2497 0768 00000000 		.4byte	0
 2498 076c 00000000 		.4byte	0
 2499              	.LLST26:
 2500 0770 58020000 		.4byte	.LVL94
 2501 0774 5D020000 		.4byte	.LVL95-1
 2502 0778 0100     		.2byte	0x1
 2503 077a 50       		.byte	0x50
 2504 077b 00000000 		.4byte	0
 2505 077f 00000000 		.4byte	0
ARM GAS  /tmp/ccnfYJZJ.s 			page 45


 2506              		.section	.debug_aranges,"",%progbits
 2507 0000 24000000 		.4byte	0x24
 2508 0004 0200     		.2byte	0x2
 2509 0006 00000000 		.4byte	.Ldebug_info0
 2510 000a 04       		.byte	0x4
 2511 000b 00       		.byte	0
 2512 000c 0000     		.2byte	0
 2513 000e 0000     		.2byte	0
 2514 0010 00000000 		.4byte	.LFB10
 2515 0014 4A000000 		.4byte	.LFE10-.LFB10
 2516 0018 00000000 		.4byte	.LFB9
 2517 001c C8020000 		.4byte	.LFE9-.LFB9
 2518 0020 00000000 		.4byte	0
 2519 0024 00000000 		.4byte	0
 2520              		.section	.debug_ranges,"",%progbits
 2521              	.Ldebug_ranges0:
 2522 0000 00000000 		.4byte	.LFB10
 2523 0004 4A000000 		.4byte	.LFE10
 2524 0008 00000000 		.4byte	.LFB9
 2525 000c C8020000 		.4byte	.LFE9
 2526 0010 00000000 		.4byte	0
 2527 0014 00000000 		.4byte	0
 2528              		.section	.debug_line,"",%progbits
 2529              	.Ldebug_line0:
 2530 0000 61030000 		.section	.debug_str,"MS",%progbits,1
 2530      02000002 
 2530      00000201 
 2530      FB0E0D00 
 2530      01010101 
 2531              	.LASF2:
 2532 0000 73697A65 		.ascii	"size_t\000"
 2532      5F7400
 2533              	.LASF34:
 2534 0007 474E5520 		.ascii	"GNU C 4.7.3\000"
 2534      4320342E 
 2534      372E3300 
 2535              	.LASF31:
 2536 0013 69735F6C 		.ascii	"is_long\000"
 2536      6F6E6700 
 2537              	.LASF24:
 2538 001b 72616469 		.ascii	"radix\000"
 2538      7800
 2539              	.LASF14:
 2540 0021 626F6F6C 		.ascii	"bool_t\000"
 2540      5F7400
 2541              	.LASF26:
 2542 0028 6C6F6E67 		.ascii	"long_to_string_with_divisor\000"
 2542      5F746F5F 
 2542      73747269 
 2542      6E675F77 
 2542      6974685F 
 2543              	.LASF5:
 2544 0044 75696E74 		.ascii	"uint8_t\000"
 2544      385F7400 
 2545              	.LASF1:
 2546 004c 76615F6C 		.ascii	"va_list\000"
 2546      69737400 
ARM GAS  /tmp/ccnfYJZJ.s 			page 46


 2547              	.LASF23:
 2548 0054 42617365 		.ascii	"BaseSequentialStream\000"
 2548      53657175 
 2548      656E7469 
 2548      616C5374 
 2548      7265616D 
 2549              	.LASF6:
 2550 0069 756E7369 		.ascii	"unsigned char\000"
 2550      676E6564 
 2550      20636861 
 2550      7200
 2551              	.LASF11:
 2552 0077 6C6F6E67 		.ascii	"long unsigned int\000"
 2552      20756E73 
 2552      69676E65 
 2552      6420696E 
 2552      7400
 2553              	.LASF8:
 2554 0089 73686F72 		.ascii	"short unsigned int\000"
 2554      7420756E 
 2554      7369676E 
 2554      65642069 
 2554      6E7400
 2555              	.LASF35:
 2556 009c 2F686F6D 		.ascii	"/home/dpeter/devel/sources/ChibiOS-RT/os/various/ch"
 2556      652F6470 
 2556      65746572 
 2556      2F646576 
 2556      656C2F73 
 2557 00cf 7072696E 		.ascii	"printf.c\000"
 2557      74662E63 
 2557      00
 2558              	.LASF21:
 2559 00d8 77726974 		.ascii	"write\000"
 2559      6500
 2560              	.LASF30:
 2561 00de 77696474 		.ascii	"width\000"
 2561      6800
 2562              	.LASF38:
 2563 00e4 63687072 		.ascii	"chprintf\000"
 2563      696E7466 
 2563      00
 2564              	.LASF0:
 2565 00ed 5F5F676E 		.ascii	"__gnuc_va_list\000"
 2565      75635F76 
 2565      615F6C69 
 2565      737400
 2566              	.LASF22:
 2567 00fc 72656164 		.ascii	"read\000"
 2567      00
 2568              	.LASF28:
 2569 0101 66696C6C 		.ascii	"filler\000"
 2569      657200
 2570              	.LASF3:
 2571 0108 756E7369 		.ascii	"unsigned int\000"
 2571      676E6564 
 2571      20696E74 
ARM GAS  /tmp/ccnfYJZJ.s 			page 47


 2571      00
 2572              	.LASF13:
 2573 0115 6C6F6E67 		.ascii	"long long unsigned int\000"
 2573      206C6F6E 
 2573      6720756E 
 2573      7369676E 
 2573      65642069 
 2574              	.LASF25:
 2575 012c 64697669 		.ascii	"divisor\000"
 2575      736F7200 
 2576              	.LASF37:
 2577 0134 5F5F6170 		.ascii	"__ap\000"
 2577      00
 2578              	.LASF16:
 2579 0139 6D73675F 		.ascii	"msg_t\000"
 2579      7400
 2580              	.LASF36:
 2581 013f 2F686F6D 		.ascii	"/home/dpeter/devel/projects/chibios-bluetooth\000"
 2581      652F6470 
 2581      65746572 
 2581      2F646576 
 2581      656C2F70 
 2582              	.LASF9:
 2583 016d 696E7433 		.ascii	"int32_t\000"
 2583      325F7400 
 2584              	.LASF17:
 2585 0175 73697A65 		.ascii	"sizetype\000"
 2585      74797065 
 2585      00
 2586              	.LASF33:
 2587 017e 746D7062 		.ascii	"tmpbuf\000"
 2587      756600
 2588              	.LASF19:
 2589 0185 5F5F7661 		.ascii	"__va_list\000"
 2589      5F6C6973 
 2589      7400
 2590              	.LASF12:
 2591 018f 6C6F6E67 		.ascii	"long long int\000"
 2591      206C6F6E 
 2591      6720696E 
 2591      7400
 2592              	.LASF29:
 2593 019d 70726563 		.ascii	"precision\000"
 2593      6973696F 
 2593      6E00
 2594              	.LASF18:
 2595 01a7 63686172 		.ascii	"char\000"
 2595      00
 2596              	.LASF32:
 2597 01ac 6C656674 		.ascii	"left_align\000"
 2597      5F616C69 
 2597      676E00
 2598              	.LASF7:
 2599 01b7 73686F72 		.ascii	"short int\000"
 2599      7420696E 
 2599      7400
 2600              	.LASF39:
ARM GAS  /tmp/ccnfYJZJ.s 			page 48


 2601 01c1 756E7369 		.ascii	"unsigned_common\000"
 2601      676E6564 
 2601      5F636F6D 
 2601      6D6F6E00 
 2602              	.LASF10:
 2603 01d1 6C6F6E67 		.ascii	"long int\000"
 2603      20696E74 
 2603      00
 2604              	.LASF4:
 2605 01da 7369676E 		.ascii	"signed char\000"
 2605      65642063 
 2605      68617200 
 2606              	.LASF27:
 2607 01e6 6C746F61 		.ascii	"ltoa\000"
 2607      00
 2608              	.LASF15:
 2609 01eb 5F426F6F 		.ascii	"_Bool\000"
 2609      6C00
 2610              	.LASF20:
 2611 01f1 42617365 		.ascii	"BaseSequentialStreamVMT\000"
 2611      53657175 
 2611      656E7469 
 2611      616C5374 
 2611      7265616D 
 2612              		.ident	"GCC: (Sourcery CodeBench Lite 2013.05-23) 4.7.3"
ARM GAS  /tmp/ccnfYJZJ.s 			page 49


DEFINED SYMBOLS
                            *ABS*:00000000 chprintf.c
     /tmp/ccnfYJZJ.s:19     .text.long_to_string_with_divisor.constprop.0:00000000 $t
     /tmp/ccnfYJZJ.s:24     .text.long_to_string_with_divisor.constprop.0:00000000 long_to_string_with_divisor.constprop.0
     /tmp/ccnfYJZJ.s:102    .text.chprintf:00000000 $t
     /tmp/ccnfYJZJ.s:108    .text.chprintf:00000000 chprintf
     /tmp/ccnfYJZJ.s:271    .text.chprintf:000000b8 $d
     /tmp/ccnfYJZJ.s:327    .text.chprintf:00000122 $t
     /tmp/ccnfYJZJ.s:700    .text.chprintf:000002c4 $d
     /tmp/ccnfYJZJ.s:705    .rodata.str1.4:00000000 $d
                     .debug_frame:00000010 $d
     /tmp/ccnfYJZJ.s:704    .text.chprintf:000002c8 $t

NO UNDEFINED SYMBOLS
