ARM GAS  /tmp/ccADo36K.s 			page 1


   1              		.syntax unified
   2              		.cpu cortex-m4
   3              		.fpu softvfp
   4              		.eabi_attribute 20, 1
   5              		.eabi_attribute 21, 1
   6              		.eabi_attribute 23, 3
   7              		.eabi_attribute 24, 1
   8              		.eabi_attribute 25, 1
   9              		.eabi_attribute 26, 1
  10              		.eabi_attribute 30, 2
  11              		.eabi_attribute 34, 1
  12              		.eabi_attribute 18, 4
  13              		.thumb
  14              		.file	"chregistry.c"
  15              		.text
  16              	.Ltext0:
  17              		.cfi_sections	.debug_frame
  18              		.section	.text.chRegFirstThread,"ax",%progbits
  19              		.align	2
  20              		.p2align 4,,15
  21              		.global	chRegFirstThread
  22              		.thumb
  23              		.thumb_func
  24              		.type	chRegFirstThread, %function
  25              	chRegFirstThread:
  26              	.LFB7:
  27              		.file 1 "/home/dpeter/devel/sources/ChibiOS-RT/os/kernel/src/chregistry.c"
  28              		.loc 1 110 0
  29              		.cfi_startproc
  30              		@ args = 0, pretend = 0, frame = 0
  31              		@ frame_needed = 0, uses_anonymous_args = 0
  32              		@ link register save eliminated.
  33              	.LBB2:
  34              		.loc 1 113 0
  35 0000 2023     		movs	r3, #32
  36              	.LVL0:
  37              	@ 113 "/home/dpeter/devel/sources/ChibiOS-RT/os/kernel/src/chregistry.c" 1
  38 0002 83F31188 		msr     BASEPRI, r3
  39              	@ 0 "" 2
  40              	.LVL1:
  41              		.thumb
  42              	.LBE2:
  43              		.loc 1 114 0
  44 0006 044B     		ldr	r3, .L2
  45              	.LVL2:
  46 0008 1869     		ldr	r0, [r3, #16]
  47              	.LVL3:
  48              		.loc 1 116 0
  49 000a 837F     		ldrb	r3, [r0, #30]	@ zero_extendqisi2
  50 000c 0133     		adds	r3, r3, #1
  51 000e 8377     		strb	r3, [r0, #30]
  52              	.LBB3:
  53              		.loc 1 118 0
  54 0010 0023     		movs	r3, #0
  55              	.LVL4:
  56              	@ 118 "/home/dpeter/devel/sources/ChibiOS-RT/os/kernel/src/chregistry.c" 1
  57 0012 83F31188 		msr     BASEPRI, r3
ARM GAS  /tmp/ccADo36K.s 			page 2


  58              	@ 0 "" 2
  59              	.LVL5:
  60              		.thumb
  61              	.LBE3:
  62              		.loc 1 120 0
  63 0016 7047     		bx	lr
  64              	.L3:
  65              		.align	2
  66              	.L2:
  67 0018 00000000 		.word	rlist
  68              		.cfi_endproc
  69              	.LFE7:
  70              		.size	chRegFirstThread, .-chRegFirstThread
  71 001c AFF30080 		.section	.text.chRegNextThread,"ax",%progbits
  72              		.align	2
  73              		.p2align 4,,15
  74              		.global	chRegNextThread
  75              		.thumb
  76              		.thumb_func
  77              		.type	chRegNextThread, %function
  78              	chRegNextThread:
  79              	.LFB8:
  80              		.loc 1 133 0
  81              		.cfi_startproc
  82              		@ args = 0, pretend = 0, frame = 0
  83              		@ frame_needed = 0, uses_anonymous_args = 0
  84              	.LVL6:
  85 0000 10B5     		push	{r4, lr}
  86              	.LCFI0:
  87              		.cfi_def_cfa_offset 8
  88              		.cfi_offset 4, -8
  89              		.cfi_offset 14, -4
  90              	.LBB4:
  91              		.loc 1 136 0
  92 0002 2023     		movs	r3, #32
  93              	.LVL7:
  94              	@ 136 "/home/dpeter/devel/sources/ChibiOS-RT/os/kernel/src/chregistry.c" 1
  95 0004 83F31188 		msr     BASEPRI, r3
  96              	@ 0 "" 2
  97              	.LVL8:
  98              		.thumb
  99              	.LBE4:
 100              		.loc 1 138 0
 101 0008 074B     		ldr	r3, .L8
 102              	.LVL9:
 103              		.loc 1 137 0
 104 000a 0469     		ldr	r4, [r0, #16]
 105              	.LVL10:
 106              		.loc 1 138 0
 107 000c 9C42     		cmp	r4, r3
 108 000e 09D0     		beq	.L6
 109              		.loc 1 144 0
 110 0010 A37F     		ldrb	r3, [r4, #30]	@ zero_extendqisi2
 111 0012 0133     		adds	r3, r3, #1
 112 0014 A377     		strb	r3, [r4, #30]
 113              	.LVL11:
 114              	.L5:
ARM GAS  /tmp/ccADo36K.s 			page 3


 115              	.LBB5:
 116              		.loc 1 147 0
 117 0016 0023     		movs	r3, #0
 118              	.LVL12:
 119              	@ 147 "/home/dpeter/devel/sources/ChibiOS-RT/os/kernel/src/chregistry.c" 1
 120 0018 83F31188 		msr     BASEPRI, r3
 121              	@ 0 "" 2
 122              	.LVL13:
 123              		.thumb
 124              	.LBE5:
 125              		.loc 1 149 0
 126 001c FFF7FEFF 		bl	chThdRelease
 127              	.LVL14:
 128              		.loc 1 152 0
 129 0020 2046     		mov	r0, r4
 130 0022 10BD     		pop	{r4, pc}
 131              	.LVL15:
 132              	.L6:
 133              		.loc 1 139 0
 134 0024 0024     		movs	r4, #0
 135              	.LVL16:
 136 0026 F6E7     		b	.L5
 137              	.L9:
 138              		.align	2
 139              	.L8:
 140 0028 00000000 		.word	rlist
 141              		.cfi_endproc
 142              	.LFE8:
 143              		.size	chRegNextThread, .-chRegNextThread
 144              		.global	ch_debug
 145 002c AFF30080 		.section	.rodata.ch_debug,"a",%progbits
 146              		.align	2
 147              		.type	ch_debug, %object
 148              		.size	ch_debug, 22
 149              	ch_debug:
 150 0000 6D61696E 		.ascii	"main"
 151 0004 00       		.byte	0
 152 0005 16       		.byte	22
 153 0006 C011     		.short	4544
 154 0008 04       		.byte	4
 155 0009 04       		.byte	4
 156 000a 48       		.byte	72
 157 000b 08       		.byte	8
 158 000c 0C       		.byte	12
 159 000d 10       		.byte	16
 160 000e 14       		.byte	20
 161 000f 18       		.byte	24
 162 0010 00       		.byte	0
 163 0011 1C       		.byte	28
 164 0012 1D       		.byte	29
 165 0013 1E       		.byte	30
 166 0014 1F       		.byte	31
 167 0015 20       		.byte	32
 168 0016 0000     		.text
 169              	.Letext0:
 170              		.file 2 "/home/dpeter/CodeSourcery/Sourcery_CodeBench_Lite_for_ARM_EABI/bin/../lib/gcc/arm-none-ea
 171              		.file 3 "/home/dpeter/CodeSourcery/Sourcery_CodeBench_Lite_for_ARM_EABI/bin/../lib/gcc/arm-none-ea
ARM GAS  /tmp/ccADo36K.s 			page 4


 172              		.file 4 "/home/dpeter/devel/sources/ChibiOS-RT/os/ports/GCC/ARMCMx/chtypes.h"
 173              		.file 5 "/home/dpeter/devel/sources/ChibiOS-RT/os/kernel/include/chlists.h"
 174              		.file 6 "/home/dpeter/devel/sources/ChibiOS-RT/os/kernel/include/chthreads.h"
 175              		.file 7 "/home/dpeter/devel/sources/ChibiOS-RT/os/ports/GCC/ARMCMx/chcore_v7m.h"
 176              		.file 8 "/home/dpeter/devel/sources/ChibiOS-RT/os/kernel/include/chschd.h"
 177              		.file 9 "/home/dpeter/devel/sources/ChibiOS-RT/os/kernel/include/chmtx.h"
 178              		.file 10 "/home/dpeter/devel/sources/ChibiOS-RT/os/kernel/include/chregistry.h"
 179              		.file 11 "/home/dpeter/devel/sources/ChibiOS-RT/os/kernel/include/chdynamic.h"
 180              		.section	.debug_info,"",%progbits
 181              	.Ldebug_info0:
 182 0000 80060000 		.4byte	0x680
 183 0004 0200     		.2byte	0x2
 184 0006 00000000 		.4byte	.Ldebug_abbrev0
 185 000a 04       		.byte	0x4
 186 000b 01       		.uleb128 0x1
 187 000c 19020000 		.4byte	.LASF88
 188 0010 01       		.byte	0x1
 189 0011 62010000 		.4byte	.LASF89
 190 0015 00000000 		.4byte	.Ldebug_ranges0+0
 191 0019 00000000 		.4byte	0
 192 001d 00000000 		.4byte	0
 193 0021 00000000 		.4byte	.Ldebug_line0
 194 0025 02       		.uleb128 0x2
 195 0026 04       		.byte	0x4
 196 0027 05       		.byte	0x5
 197 0028 696E7400 		.ascii	"int\000"
 198 002c 03       		.uleb128 0x3
 199 002d 13000000 		.4byte	.LASF2
 200 0031 02       		.byte	0x2
 201 0032 D5       		.byte	0xd5
 202 0033 37000000 		.4byte	0x37
 203 0037 04       		.uleb128 0x4
 204 0038 04       		.byte	0x4
 205 0039 07       		.byte	0x7
 206 003a 03010000 		.4byte	.LASF0
 207 003e 04       		.uleb128 0x4
 208 003f 01       		.byte	0x1
 209 0040 06       		.byte	0x6
 210 0041 82000000 		.4byte	.LASF1
 211 0045 03       		.uleb128 0x3
 212 0046 88030000 		.4byte	.LASF3
 213 004a 03       		.byte	0x3
 214 004b 2A       		.byte	0x2a
 215 004c 50000000 		.4byte	0x50
 216 0050 04       		.uleb128 0x4
 217 0051 01       		.byte	0x1
 218 0052 08       		.byte	0x8
 219 0053 5D020000 		.4byte	.LASF4
 220 0057 04       		.uleb128 0x4
 221 0058 02       		.byte	0x2
 222 0059 05       		.byte	0x5
 223 005a 75020000 		.4byte	.LASF5
 224 005e 03       		.uleb128 0x3
 225 005f D7000000 		.4byte	.LASF6
 226 0063 03       		.byte	0x3
 227 0064 36       		.byte	0x36
 228 0065 69000000 		.4byte	0x69
ARM GAS  /tmp/ccADo36K.s 			page 5


 229 0069 04       		.uleb128 0x4
 230 006a 02       		.byte	0x2
 231 006b 07       		.byte	0x7
 232 006c 41010000 		.4byte	.LASF7
 233 0070 03       		.uleb128 0x3
 234 0071 55020000 		.4byte	.LASF8
 235 0075 03       		.byte	0x3
 236 0076 4F       		.byte	0x4f
 237 0077 7B000000 		.4byte	0x7b
 238 007b 04       		.uleb128 0x4
 239 007c 04       		.byte	0x4
 240 007d 05       		.byte	0x5
 241 007e C5000000 		.4byte	.LASF9
 242 0082 03       		.uleb128 0x3
 243 0083 F5020000 		.4byte	.LASF10
 244 0087 03       		.byte	0x3
 245 0088 50       		.byte	0x50
 246 0089 8D000000 		.4byte	0x8d
 247 008d 04       		.uleb128 0x4
 248 008e 04       		.byte	0x4
 249 008f 07       		.byte	0x7
 250 0090 10010000 		.4byte	.LASF11
 251 0094 04       		.uleb128 0x4
 252 0095 08       		.byte	0x8
 253 0096 05       		.byte	0x5
 254 0097 74000000 		.4byte	.LASF12
 255 009b 04       		.uleb128 0x4
 256 009c 08       		.byte	0x8
 257 009d 07       		.byte	0x7
 258 009e 21000000 		.4byte	.LASF13
 259 00a2 04       		.uleb128 0x4
 260 00a3 01       		.byte	0x1
 261 00a4 02       		.byte	0x2
 262 00a5 4F020000 		.4byte	.LASF14
 263 00a9 03       		.uleb128 0x3
 264 00aa 5A010000 		.4byte	.LASF15
 265 00ae 04       		.byte	0x4
 266 00af 25       		.byte	0x25
 267 00b0 45000000 		.4byte	0x45
 268 00b4 03       		.uleb128 0x3
 269 00b5 CE000000 		.4byte	.LASF16
 270 00b9 04       		.byte	0x4
 271 00ba 26       		.byte	0x26
 272 00bb 45000000 		.4byte	0x45
 273 00bf 03       		.uleb128 0x3
 274 00c0 2D020000 		.4byte	.LASF17
 275 00c4 04       		.byte	0x4
 276 00c5 27       		.byte	0x27
 277 00c6 45000000 		.4byte	0x45
 278 00ca 03       		.uleb128 0x3
 279 00cb BB000000 		.4byte	.LASF18
 280 00cf 04       		.byte	0x4
 281 00d0 28       		.byte	0x28
 282 00d1 45000000 		.4byte	0x45
 283 00d5 03       		.uleb128 0x3
 284 00d6 47020000 		.4byte	.LASF19
 285 00da 04       		.byte	0x4
ARM GAS  /tmp/ccADo36K.s 			page 6


 286 00db 29       		.byte	0x29
 287 00dc 82000000 		.4byte	0x82
 288 00e0 03       		.uleb128 0x3
 289 00e1 54010000 		.4byte	.LASF20
 290 00e5 04       		.byte	0x4
 291 00e6 2A       		.byte	0x2a
 292 00e7 70000000 		.4byte	0x70
 293 00eb 03       		.uleb128 0x3
 294 00ec AF010000 		.4byte	.LASF21
 295 00f0 04       		.byte	0x4
 296 00f1 2C       		.byte	0x2c
 297 00f2 82000000 		.4byte	0x82
 298 00f6 03       		.uleb128 0x3
 299 00f7 38030000 		.4byte	.LASF22
 300 00fb 04       		.byte	0x4
 301 00fc 2E       		.byte	0x2e
 302 00fd 82000000 		.4byte	0x82
 303 0101 03       		.uleb128 0x3
 304 0102 D6020000 		.4byte	.LASF23
 305 0106 05       		.byte	0x5
 306 0107 23       		.byte	0x23
 307 0108 0C010000 		.4byte	0x10c
 308 010c 05       		.uleb128 0x5
 309 010d D6020000 		.4byte	.LASF23
 310 0111 48       		.byte	0x48
 311 0112 06       		.byte	0x6
 312 0113 57       		.byte	0x57
 313 0114 31020000 		.4byte	0x231
 314 0118 06       		.uleb128 0x6
 315 0119 AB020000 		.4byte	.LASF24
 316 011d 06       		.byte	0x6
 317 011e 58       		.byte	0x58
 318 011f 56020000 		.4byte	0x256
 319 0123 02       		.byte	0x2
 320 0124 23       		.byte	0x23
 321 0125 00       		.uleb128 0
 322 0126 06       		.uleb128 0x6
 323 0127 40020000 		.4byte	.LASF25
 324 012b 06       		.byte	0x6
 325 012c 5A       		.byte	0x5a
 326 012d 56020000 		.4byte	0x256
 327 0131 02       		.byte	0x2
 328 0132 23       		.byte	0x23
 329 0133 04       		.uleb128 0x4
 330 0134 06       		.uleb128 0x6
 331 0135 60000000 		.4byte	.LASF26
 332 0139 06       		.byte	0x6
 333 013a 5C       		.byte	0x5c
 334 013b D5000000 		.4byte	0xd5
 335 013f 02       		.byte	0x2
 336 0140 23       		.byte	0x23
 337 0141 08       		.uleb128 0x8
 338 0142 06       		.uleb128 0x6
 339 0143 B1030000 		.4byte	.LASF27
 340 0147 06       		.byte	0x6
 341 0148 5D       		.byte	0x5d
 342 0149 24030000 		.4byte	0x324
ARM GAS  /tmp/ccADo36K.s 			page 7


 343 014d 02       		.byte	0x2
 344 014e 23       		.byte	0x23
 345 014f 0C       		.uleb128 0xc
 346 0150 06       		.uleb128 0x6
 347 0151 EA000000 		.4byte	.LASF28
 348 0155 06       		.byte	0x6
 349 0156 5F       		.byte	0x5f
 350 0157 56020000 		.4byte	0x256
 351 015b 02       		.byte	0x2
 352 015c 23       		.byte	0x23
 353 015d 10       		.uleb128 0x10
 354 015e 06       		.uleb128 0x6
 355 015f F6010000 		.4byte	.LASF29
 356 0163 06       		.byte	0x6
 357 0164 60       		.byte	0x60
 358 0165 56020000 		.4byte	0x256
 359 0169 02       		.byte	0x2
 360 016a 23       		.byte	0x23
 361 016b 14       		.uleb128 0x14
 362 016c 06       		.uleb128 0x6
 363 016d 97030000 		.4byte	.LASF30
 364 0171 06       		.byte	0x6
 365 0172 67       		.byte	0x67
 366 0173 38040000 		.4byte	0x438
 367 0177 02       		.byte	0x2
 368 0178 23       		.byte	0x23
 369 0179 18       		.uleb128 0x18
 370 017a 06       		.uleb128 0x6
 371 017b 7F020000 		.4byte	.LASF31
 372 017f 06       		.byte	0x6
 373 0180 72       		.byte	0x72
 374 0181 B4000000 		.4byte	0xb4
 375 0185 02       		.byte	0x2
 376 0186 23       		.byte	0x23
 377 0187 1C       		.uleb128 0x1c
 378 0188 06       		.uleb128 0x6
 379 0189 C1020000 		.4byte	.LASF32
 380 018d 06       		.byte	0x6
 381 018e 76       		.byte	0x76
 382 018f A9000000 		.4byte	0xa9
 383 0193 02       		.byte	0x2
 384 0194 23       		.byte	0x23
 385 0195 1D       		.uleb128 0x1d
 386 0196 06       		.uleb128 0x6
 387 0197 71030000 		.4byte	.LASF33
 388 019b 06       		.byte	0x6
 389 019c 7B       		.byte	0x7b
 390 019d BF000000 		.4byte	0xbf
 391 01a1 02       		.byte	0x2
 392 01a2 23       		.byte	0x23
 393 01a3 1E       		.uleb128 0x1e
 394 01a4 06       		.uleb128 0x6
 395 01a5 87020000 		.4byte	.LASF34
 396 01a9 06       		.byte	0x6
 397 01aa 81       		.byte	0x81
 398 01ab CA000000 		.4byte	0xca
 399 01af 02       		.byte	0x2
ARM GAS  /tmp/ccADo36K.s 			page 8


 400 01b0 23       		.byte	0x23
 401 01b1 1F       		.uleb128 0x1f
 402 01b2 06       		.uleb128 0x6
 403 01b3 4D030000 		.4byte	.LASF35
 404 01b7 06       		.byte	0x6
 405 01b8 88       		.byte	0x88
 406 01b9 4E030000 		.4byte	0x34e
 407 01bd 02       		.byte	0x2
 408 01be 23       		.byte	0x23
 409 01bf 20       		.uleb128 0x20
 410 01c0 07       		.uleb128 0x7
 411 01c1 705F7500 		.ascii	"p_u\000"
 412 01c5 06       		.byte	0x6
 413 01c6 AD       		.byte	0xad
 414 01c7 03040000 		.4byte	0x403
 415 01cb 02       		.byte	0x2
 416 01cc 23       		.byte	0x23
 417 01cd 24       		.uleb128 0x24
 418 01ce 06       		.uleb128 0x6
 419 01cf B7030000 		.4byte	.LASF36
 420 01d3 06       		.byte	0x6
 421 01d4 B2       		.byte	0xb2
 422 01d5 7E020000 		.4byte	0x27e
 423 01d9 02       		.byte	0x2
 424 01da 23       		.byte	0x23
 425 01db 28       		.uleb128 0x28
 426 01dc 06       		.uleb128 0x6
 427 01dd 5B030000 		.4byte	.LASF37
 428 01e1 06       		.byte	0x6
 429 01e2 B8       		.byte	0xb8
 430 01e3 5C020000 		.4byte	0x25c
 431 01e7 02       		.byte	0x2
 432 01e8 23       		.byte	0x23
 433 01e9 2C       		.uleb128 0x2c
 434 01ea 06       		.uleb128 0x6
 435 01eb 0D000000 		.4byte	.LASF38
 436 01ef 06       		.byte	0x6
 437 01f0 BC       		.byte	0xbc
 438 01f1 E0000000 		.4byte	0xe0
 439 01f5 02       		.byte	0x2
 440 01f6 23       		.byte	0x23
 441 01f7 34       		.uleb128 0x34
 442 01f8 06       		.uleb128 0x6
 443 01f9 EA020000 		.4byte	.LASF39
 444 01fd 06       		.byte	0x6
 445 01fe C2       		.byte	0xc2
 446 01ff EB000000 		.4byte	0xeb
 447 0203 02       		.byte	0x2
 448 0204 23       		.byte	0x23
 449 0205 38       		.uleb128 0x38
 450 0206 06       		.uleb128 0x6
 451 0207 6B020000 		.4byte	.LASF40
 452 020b 06       		.byte	0x6
 453 020c C9       		.byte	0xc9
 454 020d 4A040000 		.4byte	0x44a
 455 0211 02       		.byte	0x2
 456 0212 23       		.byte	0x23
ARM GAS  /tmp/ccADo36K.s 			page 9


 457 0213 3C       		.uleb128 0x3c
 458 0214 06       		.uleb128 0x6
 459 0215 42030000 		.4byte	.LASF41
 460 0219 06       		.byte	0x6
 461 021a CD       		.byte	0xcd
 462 021b D5000000 		.4byte	0xd5
 463 021f 02       		.byte	0x2
 464 0220 23       		.byte	0x23
 465 0221 40       		.uleb128 0x40
 466 0222 06       		.uleb128 0x6
 467 0223 AB000000 		.4byte	.LASF42
 468 0227 06       		.byte	0x6
 469 0228 D3       		.byte	0xd3
 470 0229 94020000 		.4byte	0x294
 471 022d 02       		.byte	0x2
 472 022e 23       		.byte	0x23
 473 022f 44       		.uleb128 0x44
 474 0230 00       		.byte	0
 475 0231 08       		.uleb128 0x8
 476 0232 08       		.byte	0x8
 477 0233 05       		.byte	0x5
 478 0234 5A       		.byte	0x5a
 479 0235 56020000 		.4byte	0x256
 480 0239 06       		.uleb128 0x6
 481 023a AB020000 		.4byte	.LASF24
 482 023e 05       		.byte	0x5
 483 023f 5B       		.byte	0x5b
 484 0240 56020000 		.4byte	0x256
 485 0244 02       		.byte	0x2
 486 0245 23       		.byte	0x23
 487 0246 00       		.uleb128 0
 488 0247 06       		.uleb128 0x6
 489 0248 40020000 		.4byte	.LASF25
 490 024c 05       		.byte	0x5
 491 024d 5D       		.byte	0x5d
 492 024e 56020000 		.4byte	0x256
 493 0252 02       		.byte	0x2
 494 0253 23       		.byte	0x23
 495 0254 04       		.uleb128 0x4
 496 0255 00       		.byte	0
 497 0256 09       		.uleb128 0x9
 498 0257 04       		.byte	0x4
 499 0258 01010000 		.4byte	0x101
 500 025c 03       		.uleb128 0x3
 501 025d 04020000 		.4byte	.LASF43
 502 0261 05       		.byte	0x5
 503 0262 5F       		.byte	0x5f
 504 0263 31020000 		.4byte	0x231
 505 0267 08       		.uleb128 0x8
 506 0268 04       		.byte	0x4
 507 0269 05       		.byte	0x5
 508 026a 64       		.byte	0x64
 509 026b 7E020000 		.4byte	0x27e
 510 026f 06       		.uleb128 0x6
 511 0270 AB020000 		.4byte	.LASF24
 512 0274 05       		.byte	0x5
 513 0275 66       		.byte	0x66
ARM GAS  /tmp/ccADo36K.s 			page 10


 514 0276 56020000 		.4byte	0x256
 515 027a 02       		.byte	0x2
 516 027b 23       		.byte	0x23
 517 027c 00       		.uleb128 0
 518 027d 00       		.byte	0
 519 027e 03       		.uleb128 0x3
 520 027f A3010000 		.4byte	.LASF44
 521 0283 05       		.byte	0x5
 522 0284 69       		.byte	0x69
 523 0285 67020000 		.4byte	0x267
 524 0289 03       		.uleb128 0x3
 525 028a FA000000 		.4byte	.LASF45
 526 028e 07       		.byte	0x7
 527 028f DE       		.byte	0xde
 528 0290 94020000 		.4byte	0x294
 529 0294 0A       		.uleb128 0xa
 530 0295 04       		.byte	0x4
 531 0296 0B       		.uleb128 0xb
 532 0297 54030000 		.4byte	.LASF46
 533 029b 24       		.byte	0x24
 534 029c 07       		.byte	0x7
 535 029d 0501     		.2byte	0x105
 536 029f 24030000 		.4byte	0x324
 537 02a3 0C       		.uleb128 0xc
 538 02a4 723400   		.ascii	"r4\000"
 539 02a7 07       		.byte	0x7
 540 02a8 1801     		.2byte	0x118
 541 02aa 89020000 		.4byte	0x289
 542 02ae 02       		.byte	0x2
 543 02af 23       		.byte	0x23
 544 02b0 00       		.uleb128 0
 545 02b1 0C       		.uleb128 0xc
 546 02b2 723500   		.ascii	"r5\000"
 547 02b5 07       		.byte	0x7
 548 02b6 1901     		.2byte	0x119
 549 02b8 89020000 		.4byte	0x289
 550 02bc 02       		.byte	0x2
 551 02bd 23       		.byte	0x23
 552 02be 04       		.uleb128 0x4
 553 02bf 0C       		.uleb128 0xc
 554 02c0 723600   		.ascii	"r6\000"
 555 02c3 07       		.byte	0x7
 556 02c4 1A01     		.2byte	0x11a
 557 02c6 89020000 		.4byte	0x289
 558 02ca 02       		.byte	0x2
 559 02cb 23       		.byte	0x23
 560 02cc 08       		.uleb128 0x8
 561 02cd 0C       		.uleb128 0xc
 562 02ce 723700   		.ascii	"r7\000"
 563 02d1 07       		.byte	0x7
 564 02d2 1B01     		.2byte	0x11b
 565 02d4 89020000 		.4byte	0x289
 566 02d8 02       		.byte	0x2
 567 02d9 23       		.byte	0x23
 568 02da 0C       		.uleb128 0xc
 569 02db 0C       		.uleb128 0xc
 570 02dc 723800   		.ascii	"r8\000"
ARM GAS  /tmp/ccADo36K.s 			page 11


 571 02df 07       		.byte	0x7
 572 02e0 1C01     		.2byte	0x11c
 573 02e2 89020000 		.4byte	0x289
 574 02e6 02       		.byte	0x2
 575 02e7 23       		.byte	0x23
 576 02e8 10       		.uleb128 0x10
 577 02e9 0C       		.uleb128 0xc
 578 02ea 723900   		.ascii	"r9\000"
 579 02ed 07       		.byte	0x7
 580 02ee 1D01     		.2byte	0x11d
 581 02f0 89020000 		.4byte	0x289
 582 02f4 02       		.byte	0x2
 583 02f5 23       		.byte	0x23
 584 02f6 14       		.uleb128 0x14
 585 02f7 0C       		.uleb128 0xc
 586 02f8 72313000 		.ascii	"r10\000"
 587 02fc 07       		.byte	0x7
 588 02fd 1E01     		.2byte	0x11e
 589 02ff 89020000 		.4byte	0x289
 590 0303 02       		.byte	0x2
 591 0304 23       		.byte	0x23
 592 0305 18       		.uleb128 0x18
 593 0306 0C       		.uleb128 0xc
 594 0307 72313100 		.ascii	"r11\000"
 595 030b 07       		.byte	0x7
 596 030c 1F01     		.2byte	0x11f
 597 030e 89020000 		.4byte	0x289
 598 0312 02       		.byte	0x2
 599 0313 23       		.byte	0x23
 600 0314 1C       		.uleb128 0x1c
 601 0315 0C       		.uleb128 0xc
 602 0316 6C7200   		.ascii	"lr\000"
 603 0319 07       		.byte	0x7
 604 031a 2001     		.2byte	0x120
 605 031c 89020000 		.4byte	0x289
 606 0320 02       		.byte	0x2
 607 0321 23       		.byte	0x23
 608 0322 20       		.uleb128 0x20
 609 0323 00       		.byte	0
 610 0324 0B       		.uleb128 0xb
 611 0325 39010000 		.4byte	.LASF47
 612 0329 04       		.byte	0x4
 613 032a 07       		.byte	0x7
 614 032b 2A01     		.2byte	0x12a
 615 032d 41030000 		.4byte	0x341
 616 0331 0C       		.uleb128 0xc
 617 0332 72313300 		.ascii	"r13\000"
 618 0336 07       		.byte	0x7
 619 0337 2B01     		.2byte	0x12b
 620 0339 41030000 		.4byte	0x341
 621 033d 02       		.byte	0x2
 622 033e 23       		.byte	0x23
 623 033f 00       		.uleb128 0
 624 0340 00       		.byte	0
 625 0341 09       		.uleb128 0x9
 626 0342 04       		.byte	0x4
 627 0343 96020000 		.4byte	0x296
ARM GAS  /tmp/ccADo36K.s 			page 12


 628 0347 04       		.uleb128 0x4
 629 0348 04       		.byte	0x4
 630 0349 07       		.byte	0x7
 631 034a D5010000 		.4byte	.LASF48
 632 034e 0D       		.uleb128 0xd
 633 034f F6000000 		.4byte	0xf6
 634 0353 08       		.uleb128 0x8
 635 0354 1C       		.byte	0x1c
 636 0355 08       		.byte	0x8
 637 0356 57       		.byte	0x57
 638 0357 B0030000 		.4byte	0x3b0
 639 035b 06       		.uleb128 0x6
 640 035c 0A030000 		.4byte	.LASF49
 641 0360 08       		.byte	0x8
 642 0361 58       		.byte	0x58
 643 0362 5C020000 		.4byte	0x25c
 644 0366 02       		.byte	0x2
 645 0367 23       		.byte	0x23
 646 0368 00       		.uleb128 0
 647 0369 06       		.uleb128 0x6
 648 036a 9D020000 		.4byte	.LASF50
 649 036e 08       		.byte	0x8
 650 036f 59       		.byte	0x59
 651 0370 D5000000 		.4byte	0xd5
 652 0374 02       		.byte	0x2
 653 0375 23       		.byte	0x23
 654 0376 08       		.uleb128 0x8
 655 0377 06       		.uleb128 0x6
 656 0378 FE010000 		.4byte	.LASF51
 657 037c 08       		.byte	0x8
 658 037d 5B       		.byte	0x5b
 659 037e 24030000 		.4byte	0x324
 660 0382 02       		.byte	0x2
 661 0383 23       		.byte	0x23
 662 0384 0C       		.uleb128 0xc
 663 0385 06       		.uleb128 0x6
 664 0386 F2000000 		.4byte	.LASF52
 665 038a 08       		.byte	0x8
 666 038b 5E       		.byte	0x5e
 667 038c 56020000 		.4byte	0x256
 668 0390 02       		.byte	0x2
 669 0391 23       		.byte	0x23
 670 0392 10       		.uleb128 0x10
 671 0393 06       		.uleb128 0x6
 672 0394 25020000 		.4byte	.LASF53
 673 0398 08       		.byte	0x8
 674 0399 5F       		.byte	0x5f
 675 039a 56020000 		.4byte	0x256
 676 039e 02       		.byte	0x2
 677 039f 23       		.byte	0x23
 678 03a0 14       		.uleb128 0x14
 679 03a1 06       		.uleb128 0x6
 680 03a2 12030000 		.4byte	.LASF54
 681 03a6 08       		.byte	0x8
 682 03a7 62       		.byte	0x62
 683 03a8 56020000 		.4byte	0x256
 684 03ac 02       		.byte	0x2
ARM GAS  /tmp/ccADo36K.s 			page 13


 685 03ad 23       		.byte	0x23
 686 03ae 18       		.uleb128 0x18
 687 03af 00       		.byte	0
 688 03b0 03       		.uleb128 0x3
 689 03b1 78030000 		.4byte	.LASF55
 690 03b5 08       		.byte	0x8
 691 03b6 64       		.byte	0x64
 692 03b7 53030000 		.4byte	0x353
 693 03bb 05       		.uleb128 0x5
 694 03bc BB010000 		.4byte	.LASF56
 695 03c0 10       		.byte	0x10
 696 03c1 09       		.byte	0x9
 697 03c2 25       		.byte	0x25
 698 03c3 F2030000 		.4byte	0x3f2
 699 03c7 06       		.uleb128 0x6
 700 03c8 B3000000 		.4byte	.LASF57
 701 03cc 09       		.byte	0x9
 702 03cd 26       		.byte	0x26
 703 03ce 5C020000 		.4byte	0x25c
 704 03d2 02       		.byte	0x2
 705 03d3 23       		.byte	0x23
 706 03d4 00       		.uleb128 0
 707 03d5 06       		.uleb128 0x6
 708 03d6 A9030000 		.4byte	.LASF58
 709 03da 09       		.byte	0x9
 710 03db 28       		.byte	0x28
 711 03dc 56020000 		.4byte	0x256
 712 03e0 02       		.byte	0x2
 713 03e1 23       		.byte	0x23
 714 03e2 08       		.uleb128 0x8
 715 03e3 06       		.uleb128 0x6
 716 03e4 31030000 		.4byte	.LASF59
 717 03e8 09       		.byte	0x9
 718 03e9 2A       		.byte	0x2a
 719 03ea F2030000 		.4byte	0x3f2
 720 03ee 02       		.byte	0x2
 721 03ef 23       		.byte	0x23
 722 03f0 0C       		.uleb128 0xc
 723 03f1 00       		.byte	0
 724 03f2 09       		.uleb128 0x9
 725 03f3 04       		.byte	0x4
 726 03f4 BB030000 		.4byte	0x3bb
 727 03f8 03       		.uleb128 0x3
 728 03f9 BB010000 		.4byte	.LASF56
 729 03fd 09       		.byte	0x9
 730 03fe 2C       		.byte	0x2c
 731 03ff BB030000 		.4byte	0x3bb
 732 0403 0E       		.uleb128 0xe
 733 0404 04       		.byte	0x4
 734 0405 06       		.byte	0x6
 735 0406 8F       		.byte	0x8f
 736 0407 38040000 		.4byte	0x438
 737 040b 0F       		.uleb128 0xf
 738 040c 1A000000 		.4byte	.LASF60
 739 0410 06       		.byte	0x6
 740 0411 96       		.byte	0x96
 741 0412 E0000000 		.4byte	0xe0
ARM GAS  /tmp/ccADo36K.s 			page 14


 742 0416 0F       		.uleb128 0xf
 743 0417 46000000 		.4byte	.LASF61
 744 041b 06       		.byte	0x6
 745 041c 9D       		.byte	0x9d
 746 041d E0000000 		.4byte	0xe0
 747 0421 0F       		.uleb128 0xf
 748 0422 90030000 		.4byte	.LASF62
 749 0426 06       		.byte	0x6
 750 0427 A4       		.byte	0xa4
 751 0428 94020000 		.4byte	0x294
 752 042c 0F       		.uleb128 0xf
 753 042d A4020000 		.4byte	.LASF63
 754 0431 06       		.byte	0x6
 755 0432 AB       		.byte	0xab
 756 0433 EB000000 		.4byte	0xeb
 757 0437 00       		.byte	0
 758 0438 09       		.uleb128 0x9
 759 0439 04       		.byte	0x4
 760 043a 3E040000 		.4byte	0x43e
 761 043e 10       		.uleb128 0x10
 762 043f 43040000 		.4byte	0x443
 763 0443 04       		.uleb128 0x4
 764 0444 01       		.byte	0x1
 765 0445 08       		.byte	0x8
 766 0446 1C030000 		.4byte	.LASF64
 767 044a 09       		.uleb128 0x9
 768 044b 04       		.byte	0x4
 769 044c F8030000 		.4byte	0x3f8
 770 0450 08       		.uleb128 0x8
 771 0451 16       		.byte	0x16
 772 0452 0A       		.byte	0xa
 773 0453 25       		.byte	0x25
 774 0454 55050000 		.4byte	0x555
 775 0458 06       		.uleb128 0x6
 776 0459 2B010000 		.4byte	.LASF65
 777 045d 0A       		.byte	0xa
 778 045e 26       		.byte	0x26
 779 045f 55050000 		.4byte	0x555
 780 0463 02       		.byte	0x2
 781 0464 23       		.byte	0x23
 782 0465 00       		.uleb128 0
 783 0466 06       		.uleb128 0x6
 784 0467 C1010000 		.4byte	.LASF66
 785 046b 0A       		.byte	0xa
 786 046c 27       		.byte	0x27
 787 046d 45000000 		.4byte	0x45
 788 0471 02       		.byte	0x2
 789 0472 23       		.byte	0x23
 790 0473 04       		.uleb128 0x4
 791 0474 06       		.uleb128 0x6
 792 0475 11020000 		.4byte	.LASF67
 793 0479 0A       		.byte	0xa
 794 047a 28       		.byte	0x28
 795 047b 45000000 		.4byte	0x45
 796 047f 02       		.byte	0x2
 797 0480 23       		.byte	0x23
 798 0481 05       		.uleb128 0x5
ARM GAS  /tmp/ccADo36K.s 			page 15


 799 0482 06       		.uleb128 0x6
 800 0483 9E030000 		.4byte	.LASF68
 801 0487 0A       		.byte	0xa
 802 0488 29       		.byte	0x29
 803 0489 5E000000 		.4byte	0x5e
 804 048d 02       		.byte	0x2
 805 048e 23       		.byte	0x23
 806 048f 06       		.uleb128 0x6
 807 0490 06       		.uleb128 0x6
 808 0491 35020000 		.4byte	.LASF69
 809 0495 0A       		.byte	0xa
 810 0496 2A       		.byte	0x2a
 811 0497 45000000 		.4byte	0x45
 812 049b 02       		.byte	0x2
 813 049c 23       		.byte	0x23
 814 049d 08       		.uleb128 0x8
 815 049e 06       		.uleb128 0x6
 816 049f DE010000 		.4byte	.LASF70
 817 04a3 0A       		.byte	0xa
 818 04a4 2B       		.byte	0x2b
 819 04a5 45000000 		.4byte	0x45
 820 04a9 02       		.byte	0x2
 821 04aa 23       		.byte	0x23
 822 04ab 09       		.uleb128 0x9
 823 04ac 06       		.uleb128 0x6
 824 04ad 38000000 		.4byte	.LASF71
 825 04b1 0A       		.byte	0xa
 826 04b2 2C       		.byte	0x2c
 827 04b3 45000000 		.4byte	0x45
 828 04b7 02       		.byte	0x2
 829 04b8 23       		.byte	0x23
 830 04b9 0A       		.uleb128 0xa
 831 04ba 06       		.uleb128 0x6
 832 04bb FE020000 		.4byte	.LASF72
 833 04bf 0A       		.byte	0xa
 834 04c0 2D       		.byte	0x2d
 835 04c1 45000000 		.4byte	0x45
 836 04c5 02       		.byte	0x2
 837 04c6 23       		.byte	0x23
 838 04c7 0B       		.uleb128 0xb
 839 04c8 06       		.uleb128 0x6
 840 04c9 66030000 		.4byte	.LASF73
 841 04cd 0A       		.byte	0xa
 842 04ce 2E       		.byte	0x2e
 843 04cf 45000000 		.4byte	0x45
 844 04d3 02       		.byte	0x2
 845 04d4 23       		.byte	0x23
 846 04d5 0C       		.uleb128 0xc
 847 04d6 06       		.uleb128 0x6
 848 04d7 DD020000 		.4byte	.LASF74
 849 04db 0A       		.byte	0xa
 850 04dc 2F       		.byte	0x2f
 851 04dd 45000000 		.4byte	0x45
 852 04e1 02       		.byte	0x2
 853 04e2 23       		.byte	0x23
 854 04e3 0D       		.uleb128 0xd
 855 04e4 06       		.uleb128 0x6
ARM GAS  /tmp/ccADo36K.s 			page 16


 856 04e5 00000000 		.4byte	.LASF75
 857 04e9 0A       		.byte	0xa
 858 04ea 30       		.byte	0x30
 859 04eb 45000000 		.4byte	0x45
 860 04ef 02       		.byte	0x2
 861 04f0 23       		.byte	0x23
 862 04f1 0E       		.uleb128 0xe
 863 04f2 06       		.uleb128 0x6
 864 04f3 EA010000 		.4byte	.LASF76
 865 04f7 0A       		.byte	0xa
 866 04f8 31       		.byte	0x31
 867 04f9 45000000 		.4byte	0x45
 868 04fd 02       		.byte	0x2
 869 04fe 23       		.byte	0x23
 870 04ff 0F       		.uleb128 0xf
 871 0500 06       		.uleb128 0x6
 872 0501 8E000000 		.4byte	.LASF77
 873 0505 0A       		.byte	0xa
 874 0506 32       		.byte	0x32
 875 0507 45000000 		.4byte	0x45
 876 050b 02       		.byte	0x2
 877 050c 23       		.byte	0x23
 878 050d 10       		.uleb128 0x10
 879 050e 06       		.uleb128 0x6
 880 050f 67000000 		.4byte	.LASF78
 881 0513 0A       		.byte	0xa
 882 0514 34       		.byte	0x34
 883 0515 45000000 		.4byte	0x45
 884 0519 02       		.byte	0x2
 885 051a 23       		.byte	0x23
 886 051b 11       		.uleb128 0x11
 887 051c 06       		.uleb128 0x6
 888 051d 9E000000 		.4byte	.LASF79
 889 0521 0A       		.byte	0xa
 890 0522 35       		.byte	0x35
 891 0523 45000000 		.4byte	0x45
 892 0527 02       		.byte	0x2
 893 0528 23       		.byte	0x23
 894 0529 12       		.uleb128 0x12
 895 052a 06       		.uleb128 0x6
 896 052b C9010000 		.4byte	.LASF80
 897 052f 0A       		.byte	0xa
 898 0530 36       		.byte	0x36
 899 0531 45000000 		.4byte	0x45
 900 0535 02       		.byte	0x2
 901 0536 23       		.byte	0x23
 902 0537 13       		.uleb128 0x13
 903 0538 06       		.uleb128 0x6
 904 0539 B2020000 		.4byte	.LASF81
 905 053d 0A       		.byte	0xa
 906 053e 37       		.byte	0x37
 907 053f 45000000 		.4byte	0x45
 908 0543 02       		.byte	0x2
 909 0544 23       		.byte	0x23
 910 0545 14       		.uleb128 0x14
 911 0546 06       		.uleb128 0x6
 912 0547 91020000 		.4byte	.LASF82
ARM GAS  /tmp/ccADo36K.s 			page 17


 913 054b 0A       		.byte	0xa
 914 054c 39       		.byte	0x39
 915 054d 45000000 		.4byte	0x45
 916 0551 02       		.byte	0x2
 917 0552 23       		.byte	0x23
 918 0553 15       		.uleb128 0x15
 919 0554 00       		.byte	0
 920 0555 11       		.uleb128 0x11
 921 0556 43040000 		.4byte	0x443
 922 055a 65050000 		.4byte	0x565
 923 055e 12       		.uleb128 0x12
 924 055f 47030000 		.4byte	0x347
 925 0563 03       		.byte	0x3
 926 0564 00       		.byte	0
 927 0565 03       		.uleb128 0x3
 928 0566 E0000000 		.4byte	.LASF83
 929 056a 0A       		.byte	0xa
 930 056b 3A       		.byte	0x3a
 931 056c 50040000 		.4byte	0x450
 932 0570 13       		.uleb128 0x13
 933 0571 01       		.byte	0x1
 934 0572 4F000000 		.4byte	.LASF84
 935 0576 01       		.byte	0x1
 936 0577 6E       		.byte	0x6e
 937 0578 01       		.byte	0x1
 938 0579 56020000 		.4byte	0x256
 939 057d 00000000 		.4byte	.LFB7
 940 0581 1C000000 		.4byte	.LFE7
 941 0585 02       		.byte	0x2
 942 0586 7D       		.byte	0x7d
 943 0587 00       		.sleb128 0
 944 0588 01       		.byte	0x1
 945 0589 D0050000 		.4byte	0x5d0
 946 058d 14       		.uleb128 0x14
 947 058e 747000   		.ascii	"tp\000"
 948 0591 01       		.byte	0x1
 949 0592 6F       		.byte	0x6f
 950 0593 56020000 		.4byte	0x256
 951 0597 01       		.byte	0x1
 952 0598 50       		.byte	0x50
 953 0599 15       		.uleb128 0x15
 954 059a 00000000 		.4byte	.LBB2
 955 059e 06000000 		.4byte	.LBE2
 956 05a2 B6050000 		.4byte	0x5b6
 957 05a6 16       		.uleb128 0x16
 958 05a7 746D7000 		.ascii	"tmp\000"
 959 05ab 01       		.byte	0x1
 960 05ac 71       		.byte	0x71
 961 05ad 82000000 		.4byte	0x82
 962 05b1 00000000 		.4byte	.LLST0
 963 05b5 00       		.byte	0
 964 05b6 17       		.uleb128 0x17
 965 05b7 10000000 		.4byte	.LBB3
 966 05bb 16000000 		.4byte	.LBE3
 967 05bf 16       		.uleb128 0x16
 968 05c0 746D7000 		.ascii	"tmp\000"
 969 05c4 01       		.byte	0x1
ARM GAS  /tmp/ccADo36K.s 			page 18


 970 05c5 76       		.byte	0x76
 971 05c6 82000000 		.4byte	0x82
 972 05ca 13000000 		.4byte	.LLST1
 973 05ce 00       		.byte	0
 974 05cf 00       		.byte	0
 975 05d0 18       		.uleb128 0x18
 976 05d1 01       		.byte	0x1
 977 05d2 21030000 		.4byte	.LASF85
 978 05d6 01       		.byte	0x1
 979 05d7 85       		.byte	0x85
 980 05d8 01       		.byte	0x1
 981 05d9 56020000 		.4byte	0x256
 982 05dd 00000000 		.4byte	.LFB8
 983 05e1 2C000000 		.4byte	.LFE8
 984 05e5 26000000 		.4byte	.LLST2
 985 05e9 01       		.byte	0x1
 986 05ea 4F060000 		.4byte	0x64f
 987 05ee 19       		.uleb128 0x19
 988 05ef 747000   		.ascii	"tp\000"
 989 05f2 01       		.byte	0x1
 990 05f3 85       		.byte	0x85
 991 05f4 56020000 		.4byte	0x256
 992 05f8 46000000 		.4byte	.LLST3
 993 05fc 16       		.uleb128 0x16
 994 05fd 6E747000 		.ascii	"ntp\000"
 995 0601 01       		.byte	0x1
 996 0602 86       		.byte	0x86
 997 0603 56020000 		.4byte	0x256
 998 0607 72000000 		.4byte	.LLST4
 999 060b 15       		.uleb128 0x15
 1000 060c 02000000 		.4byte	.LBB4
 1001 0610 08000000 		.4byte	.LBE4
 1002 0614 28060000 		.4byte	0x628
 1003 0618 16       		.uleb128 0x16
 1004 0619 746D7000 		.ascii	"tmp\000"
 1005 061d 01       		.byte	0x1
 1006 061e 88       		.byte	0x88
 1007 061f 82000000 		.4byte	0x82
 1008 0623 91000000 		.4byte	.LLST5
 1009 0627 00       		.byte	0
 1010 0628 15       		.uleb128 0x15
 1011 0629 16000000 		.4byte	.LBB5
 1012 062d 1C000000 		.4byte	.LBE5
 1013 0631 45060000 		.4byte	0x645
 1014 0635 16       		.uleb128 0x16
 1015 0636 746D7000 		.ascii	"tmp\000"
 1016 063a 01       		.byte	0x1
 1017 063b 93       		.byte	0x93
 1018 063c 82000000 		.4byte	0x82
 1019 0640 A4000000 		.4byte	.LLST6
 1020 0644 00       		.byte	0
 1021 0645 1A       		.uleb128 0x1a
 1022 0646 20000000 		.4byte	.LVL14
 1023 064a 73060000 		.4byte	0x673
 1024 064e 00       		.byte	0
 1025 064f 1B       		.uleb128 0x1b
 1026 0650 82030000 		.4byte	.LASF86
ARM GAS  /tmp/ccADo36K.s 			page 19


 1027 0654 08       		.byte	0x8
 1028 0655 68       		.byte	0x68
 1029 0656 B0030000 		.4byte	0x3b0
 1030 065a 01       		.byte	0x1
 1031 065b 01       		.byte	0x1
 1032 065c 1C       		.uleb128 0x1c
 1033 065d 22010000 		.4byte	.LASF87
 1034 0661 01       		.byte	0x1
 1035 0662 3B       		.byte	0x3b
 1036 0663 6E060000 		.4byte	0x66e
 1037 0667 01       		.byte	0x1
 1038 0668 05       		.byte	0x5
 1039 0669 03       		.byte	0x3
 1040 066a 00000000 		.4byte	ch_debug
 1041 066e 10       		.uleb128 0x10
 1042 066f 65050000 		.4byte	0x565
 1043 0673 1D       		.uleb128 0x1d
 1044 0674 01       		.byte	0x1
 1045 0675 C9020000 		.4byte	.LASF90
 1046 0679 0B       		.byte	0xb
 1047 067a 33       		.byte	0x33
 1048 067b 01       		.byte	0x1
 1049 067c 01       		.byte	0x1
 1050 067d 1E       		.uleb128 0x1e
 1051 067e 56020000 		.4byte	0x256
 1052 0682 00       		.byte	0
 1053 0683 00       		.byte	0
 1054              		.section	.debug_abbrev,"",%progbits
 1055              	.Ldebug_abbrev0:
 1056 0000 01       		.uleb128 0x1
 1057 0001 11       		.uleb128 0x11
 1058 0002 01       		.byte	0x1
 1059 0003 25       		.uleb128 0x25
 1060 0004 0E       		.uleb128 0xe
 1061 0005 13       		.uleb128 0x13
 1062 0006 0B       		.uleb128 0xb
 1063 0007 03       		.uleb128 0x3
 1064 0008 0E       		.uleb128 0xe
 1065 0009 55       		.uleb128 0x55
 1066 000a 06       		.uleb128 0x6
 1067 000b 11       		.uleb128 0x11
 1068 000c 01       		.uleb128 0x1
 1069 000d 52       		.uleb128 0x52
 1070 000e 01       		.uleb128 0x1
 1071 000f 10       		.uleb128 0x10
 1072 0010 06       		.uleb128 0x6
 1073 0011 00       		.byte	0
 1074 0012 00       		.byte	0
 1075 0013 02       		.uleb128 0x2
 1076 0014 24       		.uleb128 0x24
 1077 0015 00       		.byte	0
 1078 0016 0B       		.uleb128 0xb
 1079 0017 0B       		.uleb128 0xb
 1080 0018 3E       		.uleb128 0x3e
 1081 0019 0B       		.uleb128 0xb
 1082 001a 03       		.uleb128 0x3
 1083 001b 08       		.uleb128 0x8
ARM GAS  /tmp/ccADo36K.s 			page 20


 1084 001c 00       		.byte	0
 1085 001d 00       		.byte	0
 1086 001e 03       		.uleb128 0x3
 1087 001f 16       		.uleb128 0x16
 1088 0020 00       		.byte	0
 1089 0021 03       		.uleb128 0x3
 1090 0022 0E       		.uleb128 0xe
 1091 0023 3A       		.uleb128 0x3a
 1092 0024 0B       		.uleb128 0xb
 1093 0025 3B       		.uleb128 0x3b
 1094 0026 0B       		.uleb128 0xb
 1095 0027 49       		.uleb128 0x49
 1096 0028 13       		.uleb128 0x13
 1097 0029 00       		.byte	0
 1098 002a 00       		.byte	0
 1099 002b 04       		.uleb128 0x4
 1100 002c 24       		.uleb128 0x24
 1101 002d 00       		.byte	0
 1102 002e 0B       		.uleb128 0xb
 1103 002f 0B       		.uleb128 0xb
 1104 0030 3E       		.uleb128 0x3e
 1105 0031 0B       		.uleb128 0xb
 1106 0032 03       		.uleb128 0x3
 1107 0033 0E       		.uleb128 0xe
 1108 0034 00       		.byte	0
 1109 0035 00       		.byte	0
 1110 0036 05       		.uleb128 0x5
 1111 0037 13       		.uleb128 0x13
 1112 0038 01       		.byte	0x1
 1113 0039 03       		.uleb128 0x3
 1114 003a 0E       		.uleb128 0xe
 1115 003b 0B       		.uleb128 0xb
 1116 003c 0B       		.uleb128 0xb
 1117 003d 3A       		.uleb128 0x3a
 1118 003e 0B       		.uleb128 0xb
 1119 003f 3B       		.uleb128 0x3b
 1120 0040 0B       		.uleb128 0xb
 1121 0041 01       		.uleb128 0x1
 1122 0042 13       		.uleb128 0x13
 1123 0043 00       		.byte	0
 1124 0044 00       		.byte	0
 1125 0045 06       		.uleb128 0x6
 1126 0046 0D       		.uleb128 0xd
 1127 0047 00       		.byte	0
 1128 0048 03       		.uleb128 0x3
 1129 0049 0E       		.uleb128 0xe
 1130 004a 3A       		.uleb128 0x3a
 1131 004b 0B       		.uleb128 0xb
 1132 004c 3B       		.uleb128 0x3b
 1133 004d 0B       		.uleb128 0xb
 1134 004e 49       		.uleb128 0x49
 1135 004f 13       		.uleb128 0x13
 1136 0050 38       		.uleb128 0x38
 1137 0051 0A       		.uleb128 0xa
 1138 0052 00       		.byte	0
 1139 0053 00       		.byte	0
 1140 0054 07       		.uleb128 0x7
ARM GAS  /tmp/ccADo36K.s 			page 21


 1141 0055 0D       		.uleb128 0xd
 1142 0056 00       		.byte	0
 1143 0057 03       		.uleb128 0x3
 1144 0058 08       		.uleb128 0x8
 1145 0059 3A       		.uleb128 0x3a
 1146 005a 0B       		.uleb128 0xb
 1147 005b 3B       		.uleb128 0x3b
 1148 005c 0B       		.uleb128 0xb
 1149 005d 49       		.uleb128 0x49
 1150 005e 13       		.uleb128 0x13
 1151 005f 38       		.uleb128 0x38
 1152 0060 0A       		.uleb128 0xa
 1153 0061 00       		.byte	0
 1154 0062 00       		.byte	0
 1155 0063 08       		.uleb128 0x8
 1156 0064 13       		.uleb128 0x13
 1157 0065 01       		.byte	0x1
 1158 0066 0B       		.uleb128 0xb
 1159 0067 0B       		.uleb128 0xb
 1160 0068 3A       		.uleb128 0x3a
 1161 0069 0B       		.uleb128 0xb
 1162 006a 3B       		.uleb128 0x3b
 1163 006b 0B       		.uleb128 0xb
 1164 006c 01       		.uleb128 0x1
 1165 006d 13       		.uleb128 0x13
 1166 006e 00       		.byte	0
 1167 006f 00       		.byte	0
 1168 0070 09       		.uleb128 0x9
 1169 0071 0F       		.uleb128 0xf
 1170 0072 00       		.byte	0
 1171 0073 0B       		.uleb128 0xb
 1172 0074 0B       		.uleb128 0xb
 1173 0075 49       		.uleb128 0x49
 1174 0076 13       		.uleb128 0x13
 1175 0077 00       		.byte	0
 1176 0078 00       		.byte	0
 1177 0079 0A       		.uleb128 0xa
 1178 007a 0F       		.uleb128 0xf
 1179 007b 00       		.byte	0
 1180 007c 0B       		.uleb128 0xb
 1181 007d 0B       		.uleb128 0xb
 1182 007e 00       		.byte	0
 1183 007f 00       		.byte	0
 1184 0080 0B       		.uleb128 0xb
 1185 0081 13       		.uleb128 0x13
 1186 0082 01       		.byte	0x1
 1187 0083 03       		.uleb128 0x3
 1188 0084 0E       		.uleb128 0xe
 1189 0085 0B       		.uleb128 0xb
 1190 0086 0B       		.uleb128 0xb
 1191 0087 3A       		.uleb128 0x3a
 1192 0088 0B       		.uleb128 0xb
 1193 0089 3B       		.uleb128 0x3b
 1194 008a 05       		.uleb128 0x5
 1195 008b 01       		.uleb128 0x1
 1196 008c 13       		.uleb128 0x13
 1197 008d 00       		.byte	0
ARM GAS  /tmp/ccADo36K.s 			page 22


 1198 008e 00       		.byte	0
 1199 008f 0C       		.uleb128 0xc
 1200 0090 0D       		.uleb128 0xd
 1201 0091 00       		.byte	0
 1202 0092 03       		.uleb128 0x3
 1203 0093 08       		.uleb128 0x8
 1204 0094 3A       		.uleb128 0x3a
 1205 0095 0B       		.uleb128 0xb
 1206 0096 3B       		.uleb128 0x3b
 1207 0097 05       		.uleb128 0x5
 1208 0098 49       		.uleb128 0x49
 1209 0099 13       		.uleb128 0x13
 1210 009a 38       		.uleb128 0x38
 1211 009b 0A       		.uleb128 0xa
 1212 009c 00       		.byte	0
 1213 009d 00       		.byte	0
 1214 009e 0D       		.uleb128 0xd
 1215 009f 35       		.uleb128 0x35
 1216 00a0 00       		.byte	0
 1217 00a1 49       		.uleb128 0x49
 1218 00a2 13       		.uleb128 0x13
 1219 00a3 00       		.byte	0
 1220 00a4 00       		.byte	0
 1221 00a5 0E       		.uleb128 0xe
 1222 00a6 17       		.uleb128 0x17
 1223 00a7 01       		.byte	0x1
 1224 00a8 0B       		.uleb128 0xb
 1225 00a9 0B       		.uleb128 0xb
 1226 00aa 3A       		.uleb128 0x3a
 1227 00ab 0B       		.uleb128 0xb
 1228 00ac 3B       		.uleb128 0x3b
 1229 00ad 0B       		.uleb128 0xb
 1230 00ae 01       		.uleb128 0x1
 1231 00af 13       		.uleb128 0x13
 1232 00b0 00       		.byte	0
 1233 00b1 00       		.byte	0
 1234 00b2 0F       		.uleb128 0xf
 1235 00b3 0D       		.uleb128 0xd
 1236 00b4 00       		.byte	0
 1237 00b5 03       		.uleb128 0x3
 1238 00b6 0E       		.uleb128 0xe
 1239 00b7 3A       		.uleb128 0x3a
 1240 00b8 0B       		.uleb128 0xb
 1241 00b9 3B       		.uleb128 0x3b
 1242 00ba 0B       		.uleb128 0xb
 1243 00bb 49       		.uleb128 0x49
 1244 00bc 13       		.uleb128 0x13
 1245 00bd 00       		.byte	0
 1246 00be 00       		.byte	0
 1247 00bf 10       		.uleb128 0x10
 1248 00c0 26       		.uleb128 0x26
 1249 00c1 00       		.byte	0
 1250 00c2 49       		.uleb128 0x49
 1251 00c3 13       		.uleb128 0x13
 1252 00c4 00       		.byte	0
 1253 00c5 00       		.byte	0
 1254 00c6 11       		.uleb128 0x11
ARM GAS  /tmp/ccADo36K.s 			page 23


 1255 00c7 01       		.uleb128 0x1
 1256 00c8 01       		.byte	0x1
 1257 00c9 49       		.uleb128 0x49
 1258 00ca 13       		.uleb128 0x13
 1259 00cb 01       		.uleb128 0x1
 1260 00cc 13       		.uleb128 0x13
 1261 00cd 00       		.byte	0
 1262 00ce 00       		.byte	0
 1263 00cf 12       		.uleb128 0x12
 1264 00d0 21       		.uleb128 0x21
 1265 00d1 00       		.byte	0
 1266 00d2 49       		.uleb128 0x49
 1267 00d3 13       		.uleb128 0x13
 1268 00d4 2F       		.uleb128 0x2f
 1269 00d5 0B       		.uleb128 0xb
 1270 00d6 00       		.byte	0
 1271 00d7 00       		.byte	0
 1272 00d8 13       		.uleb128 0x13
 1273 00d9 2E       		.uleb128 0x2e
 1274 00da 01       		.byte	0x1
 1275 00db 3F       		.uleb128 0x3f
 1276 00dc 0C       		.uleb128 0xc
 1277 00dd 03       		.uleb128 0x3
 1278 00de 0E       		.uleb128 0xe
 1279 00df 3A       		.uleb128 0x3a
 1280 00e0 0B       		.uleb128 0xb
 1281 00e1 3B       		.uleb128 0x3b
 1282 00e2 0B       		.uleb128 0xb
 1283 00e3 27       		.uleb128 0x27
 1284 00e4 0C       		.uleb128 0xc
 1285 00e5 49       		.uleb128 0x49
 1286 00e6 13       		.uleb128 0x13
 1287 00e7 11       		.uleb128 0x11
 1288 00e8 01       		.uleb128 0x1
 1289 00e9 12       		.uleb128 0x12
 1290 00ea 01       		.uleb128 0x1
 1291 00eb 40       		.uleb128 0x40
 1292 00ec 0A       		.uleb128 0xa
 1293 00ed 9742     		.uleb128 0x2117
 1294 00ef 0C       		.uleb128 0xc
 1295 00f0 01       		.uleb128 0x1
 1296 00f1 13       		.uleb128 0x13
 1297 00f2 00       		.byte	0
 1298 00f3 00       		.byte	0
 1299 00f4 14       		.uleb128 0x14
 1300 00f5 34       		.uleb128 0x34
 1301 00f6 00       		.byte	0
 1302 00f7 03       		.uleb128 0x3
 1303 00f8 08       		.uleb128 0x8
 1304 00f9 3A       		.uleb128 0x3a
 1305 00fa 0B       		.uleb128 0xb
 1306 00fb 3B       		.uleb128 0x3b
 1307 00fc 0B       		.uleb128 0xb
 1308 00fd 49       		.uleb128 0x49
 1309 00fe 13       		.uleb128 0x13
 1310 00ff 02       		.uleb128 0x2
 1311 0100 0A       		.uleb128 0xa
ARM GAS  /tmp/ccADo36K.s 			page 24


 1312 0101 00       		.byte	0
 1313 0102 00       		.byte	0
 1314 0103 15       		.uleb128 0x15
 1315 0104 0B       		.uleb128 0xb
 1316 0105 01       		.byte	0x1
 1317 0106 11       		.uleb128 0x11
 1318 0107 01       		.uleb128 0x1
 1319 0108 12       		.uleb128 0x12
 1320 0109 01       		.uleb128 0x1
 1321 010a 01       		.uleb128 0x1
 1322 010b 13       		.uleb128 0x13
 1323 010c 00       		.byte	0
 1324 010d 00       		.byte	0
 1325 010e 16       		.uleb128 0x16
 1326 010f 34       		.uleb128 0x34
 1327 0110 00       		.byte	0
 1328 0111 03       		.uleb128 0x3
 1329 0112 08       		.uleb128 0x8
 1330 0113 3A       		.uleb128 0x3a
 1331 0114 0B       		.uleb128 0xb
 1332 0115 3B       		.uleb128 0x3b
 1333 0116 0B       		.uleb128 0xb
 1334 0117 49       		.uleb128 0x49
 1335 0118 13       		.uleb128 0x13
 1336 0119 02       		.uleb128 0x2
 1337 011a 06       		.uleb128 0x6
 1338 011b 00       		.byte	0
 1339 011c 00       		.byte	0
 1340 011d 17       		.uleb128 0x17
 1341 011e 0B       		.uleb128 0xb
 1342 011f 01       		.byte	0x1
 1343 0120 11       		.uleb128 0x11
 1344 0121 01       		.uleb128 0x1
 1345 0122 12       		.uleb128 0x12
 1346 0123 01       		.uleb128 0x1
 1347 0124 00       		.byte	0
 1348 0125 00       		.byte	0
 1349 0126 18       		.uleb128 0x18
 1350 0127 2E       		.uleb128 0x2e
 1351 0128 01       		.byte	0x1
 1352 0129 3F       		.uleb128 0x3f
 1353 012a 0C       		.uleb128 0xc
 1354 012b 03       		.uleb128 0x3
 1355 012c 0E       		.uleb128 0xe
 1356 012d 3A       		.uleb128 0x3a
 1357 012e 0B       		.uleb128 0xb
 1358 012f 3B       		.uleb128 0x3b
 1359 0130 0B       		.uleb128 0xb
 1360 0131 27       		.uleb128 0x27
 1361 0132 0C       		.uleb128 0xc
 1362 0133 49       		.uleb128 0x49
 1363 0134 13       		.uleb128 0x13
 1364 0135 11       		.uleb128 0x11
 1365 0136 01       		.uleb128 0x1
 1366 0137 12       		.uleb128 0x12
 1367 0138 01       		.uleb128 0x1
 1368 0139 40       		.uleb128 0x40
ARM GAS  /tmp/ccADo36K.s 			page 25


 1369 013a 06       		.uleb128 0x6
 1370 013b 9742     		.uleb128 0x2117
 1371 013d 0C       		.uleb128 0xc
 1372 013e 01       		.uleb128 0x1
 1373 013f 13       		.uleb128 0x13
 1374 0140 00       		.byte	0
 1375 0141 00       		.byte	0
 1376 0142 19       		.uleb128 0x19
 1377 0143 05       		.uleb128 0x5
 1378 0144 00       		.byte	0
 1379 0145 03       		.uleb128 0x3
 1380 0146 08       		.uleb128 0x8
 1381 0147 3A       		.uleb128 0x3a
 1382 0148 0B       		.uleb128 0xb
 1383 0149 3B       		.uleb128 0x3b
 1384 014a 0B       		.uleb128 0xb
 1385 014b 49       		.uleb128 0x49
 1386 014c 13       		.uleb128 0x13
 1387 014d 02       		.uleb128 0x2
 1388 014e 06       		.uleb128 0x6
 1389 014f 00       		.byte	0
 1390 0150 00       		.byte	0
 1391 0151 1A       		.uleb128 0x1a
 1392 0152 898201   		.uleb128 0x4109
 1393 0155 00       		.byte	0
 1394 0156 11       		.uleb128 0x11
 1395 0157 01       		.uleb128 0x1
 1396 0158 31       		.uleb128 0x31
 1397 0159 13       		.uleb128 0x13
 1398 015a 00       		.byte	0
 1399 015b 00       		.byte	0
 1400 015c 1B       		.uleb128 0x1b
 1401 015d 34       		.uleb128 0x34
 1402 015e 00       		.byte	0
 1403 015f 03       		.uleb128 0x3
 1404 0160 0E       		.uleb128 0xe
 1405 0161 3A       		.uleb128 0x3a
 1406 0162 0B       		.uleb128 0xb
 1407 0163 3B       		.uleb128 0x3b
 1408 0164 0B       		.uleb128 0xb
 1409 0165 49       		.uleb128 0x49
 1410 0166 13       		.uleb128 0x13
 1411 0167 3F       		.uleb128 0x3f
 1412 0168 0C       		.uleb128 0xc
 1413 0169 3C       		.uleb128 0x3c
 1414 016a 0C       		.uleb128 0xc
 1415 016b 00       		.byte	0
 1416 016c 00       		.byte	0
 1417 016d 1C       		.uleb128 0x1c
 1418 016e 34       		.uleb128 0x34
 1419 016f 00       		.byte	0
 1420 0170 03       		.uleb128 0x3
 1421 0171 0E       		.uleb128 0xe
 1422 0172 3A       		.uleb128 0x3a
 1423 0173 0B       		.uleb128 0xb
 1424 0174 3B       		.uleb128 0x3b
 1425 0175 0B       		.uleb128 0xb
ARM GAS  /tmp/ccADo36K.s 			page 26


 1426 0176 49       		.uleb128 0x49
 1427 0177 13       		.uleb128 0x13
 1428 0178 3F       		.uleb128 0x3f
 1429 0179 0C       		.uleb128 0xc
 1430 017a 02       		.uleb128 0x2
 1431 017b 0A       		.uleb128 0xa
 1432 017c 00       		.byte	0
 1433 017d 00       		.byte	0
 1434 017e 1D       		.uleb128 0x1d
 1435 017f 2E       		.uleb128 0x2e
 1436 0180 01       		.byte	0x1
 1437 0181 3F       		.uleb128 0x3f
 1438 0182 0C       		.uleb128 0xc
 1439 0183 03       		.uleb128 0x3
 1440 0184 0E       		.uleb128 0xe
 1441 0185 3A       		.uleb128 0x3a
 1442 0186 0B       		.uleb128 0xb
 1443 0187 3B       		.uleb128 0x3b
 1444 0188 0B       		.uleb128 0xb
 1445 0189 27       		.uleb128 0x27
 1446 018a 0C       		.uleb128 0xc
 1447 018b 3C       		.uleb128 0x3c
 1448 018c 0C       		.uleb128 0xc
 1449 018d 00       		.byte	0
 1450 018e 00       		.byte	0
 1451 018f 1E       		.uleb128 0x1e
 1452 0190 05       		.uleb128 0x5
 1453 0191 00       		.byte	0
 1454 0192 49       		.uleb128 0x49
 1455 0193 13       		.uleb128 0x13
 1456 0194 00       		.byte	0
 1457 0195 00       		.byte	0
 1458 0196 00       		.byte	0
 1459              		.section	.debug_loc,"",%progbits
 1460              	.Ldebug_loc0:
 1461              	.LLST0:
 1462 0000 06000000 		.4byte	.LVL1
 1463 0004 08000000 		.4byte	.LVL2
 1464 0008 0100     		.2byte	0x1
 1465 000a 53       		.byte	0x53
 1466 000b 00000000 		.4byte	0
 1467 000f 00000000 		.4byte	0
 1468              	.LLST1:
 1469 0013 16000000 		.4byte	.LVL5
 1470 0017 1C000000 		.4byte	.LFE7
 1471 001b 0100     		.2byte	0x1
 1472 001d 53       		.byte	0x53
 1473 001e 00000000 		.4byte	0
 1474 0022 00000000 		.4byte	0
 1475              	.LLST2:
 1476 0026 00000000 		.4byte	.LFB8
 1477 002a 02000000 		.4byte	.LCFI0
 1478 002e 0200     		.2byte	0x2
 1479 0030 7D       		.byte	0x7d
 1480 0031 00       		.sleb128 0
 1481 0032 02000000 		.4byte	.LCFI0
 1482 0036 2C000000 		.4byte	.LFE8
ARM GAS  /tmp/ccADo36K.s 			page 27


 1483 003a 0200     		.2byte	0x2
 1484 003c 7D       		.byte	0x7d
 1485 003d 08       		.sleb128 8
 1486 003e 00000000 		.4byte	0
 1487 0042 00000000 		.4byte	0
 1488              	.LLST3:
 1489 0046 00000000 		.4byte	.LVL6
 1490 004a 1F000000 		.4byte	.LVL14-1
 1491 004e 0100     		.2byte	0x1
 1492 0050 50       		.byte	0x50
 1493 0051 1F000000 		.4byte	.LVL14-1
 1494 0055 24000000 		.4byte	.LVL15
 1495 0059 0400     		.2byte	0x4
 1496 005b F3       		.byte	0xf3
 1497 005c 01       		.uleb128 0x1
 1498 005d 50       		.byte	0x50
 1499 005e 9F       		.byte	0x9f
 1500 005f 24000000 		.4byte	.LVL15
 1501 0063 2C000000 		.4byte	.LFE8
 1502 0067 0100     		.2byte	0x1
 1503 0069 50       		.byte	0x50
 1504 006a 00000000 		.4byte	0
 1505 006e 00000000 		.4byte	0
 1506              	.LLST4:
 1507 0072 0C000000 		.4byte	.LVL10
 1508 0076 26000000 		.4byte	.LVL16
 1509 007a 0100     		.2byte	0x1
 1510 007c 54       		.byte	0x54
 1511 007d 26000000 		.4byte	.LVL16
 1512 0081 2C000000 		.4byte	.LFE8
 1513 0085 0200     		.2byte	0x2
 1514 0087 70       		.byte	0x70
 1515 0088 10       		.sleb128 16
 1516 0089 00000000 		.4byte	0
 1517 008d 00000000 		.4byte	0
 1518              	.LLST5:
 1519 0091 08000000 		.4byte	.LVL8
 1520 0095 0A000000 		.4byte	.LVL9
 1521 0099 0100     		.2byte	0x1
 1522 009b 53       		.byte	0x53
 1523 009c 00000000 		.4byte	0
 1524 00a0 00000000 		.4byte	0
 1525              	.LLST6:
 1526 00a4 1C000000 		.4byte	.LVL13
 1527 00a8 1F000000 		.4byte	.LVL14-1
 1528 00ac 0100     		.2byte	0x1
 1529 00ae 53       		.byte	0x53
 1530 00af 00000000 		.4byte	0
 1531 00b3 00000000 		.4byte	0
 1532              		.section	.debug_aranges,"",%progbits
 1533 0000 24000000 		.4byte	0x24
 1534 0004 0200     		.2byte	0x2
 1535 0006 00000000 		.4byte	.Ldebug_info0
 1536 000a 04       		.byte	0x4
 1537 000b 00       		.byte	0
 1538 000c 0000     		.2byte	0
 1539 000e 0000     		.2byte	0
ARM GAS  /tmp/ccADo36K.s 			page 28


 1540 0010 00000000 		.4byte	.LFB7
 1541 0014 1C000000 		.4byte	.LFE7-.LFB7
 1542 0018 00000000 		.4byte	.LFB8
 1543 001c 2C000000 		.4byte	.LFE8-.LFB8
 1544 0020 00000000 		.4byte	0
 1545 0024 00000000 		.4byte	0
 1546              		.section	.debug_ranges,"",%progbits
 1547              	.Ldebug_ranges0:
 1548 0000 00000000 		.4byte	.LFB7
 1549 0004 1C000000 		.4byte	.LFE7
 1550 0008 00000000 		.4byte	.LFB8
 1551 000c 2C000000 		.4byte	.LFE8
 1552 0010 00000000 		.4byte	0
 1553 0014 00000000 		.4byte	0
 1554              		.section	.debug_line,"",%progbits
 1555              	.Ldebug_line0:
 1556 0000 74020000 		.section	.debug_str,"MS",%progbits,1
 1556      02003E02 
 1556      00000201 
 1556      FB0E0D00 
 1556      01010101 
 1557              	.LASF75:
 1558 0000 63665F6F 		.ascii	"cf_off_older\000"
 1558      66665F6F 
 1558      6C646572 
 1558      00
 1559              	.LASF38:
 1560 000d 705F6D73 		.ascii	"p_msg\000"
 1560      6700
 1561              	.LASF2:
 1562 0013 73697A65 		.ascii	"size_t\000"
 1562      5F7400
 1563              	.LASF60:
 1564 001a 7264796D 		.ascii	"rdymsg\000"
 1564      736700
 1565              	.LASF13:
 1566 0021 6C6F6E67 		.ascii	"long long unsigned int\000"
 1566      206C6F6E 
 1566      6720756E 
 1566      7369676E 
 1566      65642069 
 1567              	.LASF71:
 1568 0038 63685F74 		.ascii	"ch_threadsize\000"
 1568      68726561 
 1568      6473697A 
 1568      6500
 1569              	.LASF61:
 1570 0046 65786974 		.ascii	"exitcode\000"
 1570      636F6465 
 1570      00
 1571              	.LASF84:
 1572 004f 63685265 		.ascii	"chRegFirstThread\000"
 1572      67466972 
 1572      73745468 
 1572      72656164 
 1572      00
 1573              	.LASF26:
ARM GAS  /tmp/ccADo36K.s 			page 29


 1574 0060 705F7072 		.ascii	"p_prio\000"
 1574      696F00
 1575              	.LASF78:
 1576 0067 63665F6F 		.ascii	"cf_off_state\000"
 1576      66665F73 
 1576      74617465 
 1576      00
 1577              	.LASF12:
 1578 0074 6C6F6E67 		.ascii	"long long int\000"
 1578      206C6F6E 
 1578      6720696E 
 1578      7400
 1579              	.LASF1:
 1580 0082 7369676E 		.ascii	"signed char\000"
 1580      65642063 
 1580      68617200 
 1581              	.LASF77:
 1582 008e 63665F6F 		.ascii	"cf_off_stklimit\000"
 1582      66665F73 
 1582      746B6C69 
 1582      6D697400 
 1583              	.LASF79:
 1584 009e 63665F6F 		.ascii	"cf_off_flags\000"
 1584      66665F66 
 1584      6C616773 
 1584      00
 1585              	.LASF42:
 1586 00ab 705F6D70 		.ascii	"p_mpool\000"
 1586      6F6F6C00 
 1587              	.LASF57:
 1588 00b3 6D5F7175 		.ascii	"m_queue\000"
 1588      65756500 
 1589              	.LASF18:
 1590 00bb 74736C69 		.ascii	"tslices_t\000"
 1590      6365735F 
 1590      7400
 1591              	.LASF9:
 1592 00c5 6C6F6E67 		.ascii	"long int\000"
 1592      20696E74 
 1592      00
 1593              	.LASF16:
 1594 00ce 74737461 		.ascii	"tstate_t\000"
 1594      74655F74 
 1594      00
 1595              	.LASF6:
 1596 00d7 75696E74 		.ascii	"uint16_t\000"
 1596      31365F74 
 1596      00
 1597              	.LASF83:
 1598 00e0 63686465 		.ascii	"chdebug_t\000"
 1598      6275675F 
 1598      7400
 1599              	.LASF28:
 1600 00ea 705F6E65 		.ascii	"p_newer\000"
 1600      77657200 
 1601              	.LASF52:
 1602 00f2 725F6E65 		.ascii	"r_newer\000"
ARM GAS  /tmp/ccADo36K.s 			page 30


 1602      77657200 
 1603              	.LASF45:
 1604 00fa 72656761 		.ascii	"regarm_t\000"
 1604      726D5F74 
 1604      00
 1605              	.LASF0:
 1606 0103 756E7369 		.ascii	"unsigned int\000"
 1606      676E6564 
 1606      20696E74 
 1606      00
 1607              	.LASF11:
 1608 0110 6C6F6E67 		.ascii	"long unsigned int\000"
 1608      20756E73 
 1608      69676E65 
 1608      6420696E 
 1608      7400
 1609              	.LASF87:
 1610 0122 63685F64 		.ascii	"ch_debug\000"
 1610      65627567 
 1610      00
 1611              	.LASF65:
 1612 012b 63685F69 		.ascii	"ch_identifier\000"
 1612      64656E74 
 1612      69666965 
 1612      7200
 1613              	.LASF47:
 1614 0139 636F6E74 		.ascii	"context\000"
 1614      65787400 
 1615              	.LASF7:
 1616 0141 73686F72 		.ascii	"short unsigned int\000"
 1616      7420756E 
 1616      7369676E 
 1616      65642069 
 1616      6E7400
 1617              	.LASF20:
 1618 0154 6D73675F 		.ascii	"msg_t\000"
 1618      7400
 1619              	.LASF15:
 1620 015a 746D6F64 		.ascii	"tmode_t\000"
 1620      655F7400 
 1621              	.LASF89:
 1622 0162 2F686F6D 		.ascii	"/home/dpeter/devel/sources/ChibiOS-RT/os/kernel/src"
 1622      652F6470 
 1622      65746572 
 1622      2F646576 
 1622      656C2F73 
 1623 0195 2F636872 		.ascii	"/chregistry.c\000"
 1623      65676973 
 1623      7472792E 
 1623      6300
 1624              	.LASF44:
 1625 01a3 54687265 		.ascii	"ThreadsList\000"
 1625      6164734C 
 1625      69737400 
 1626              	.LASF21:
 1627 01af 6576656E 		.ascii	"eventmask_t\000"
 1627      746D6173 
ARM GAS  /tmp/ccADo36K.s 			page 31


 1627      6B5F7400 
 1628              	.LASF56:
 1629 01bb 4D757465 		.ascii	"Mutex\000"
 1629      7800
 1630              	.LASF66:
 1631 01c1 63685F7A 		.ascii	"ch_zero\000"
 1631      65726F00 
 1632              	.LASF80:
 1633 01c9 63665F6F 		.ascii	"cf_off_refs\000"
 1633      66665F72 
 1633      65667300 
 1634              	.LASF48:
 1635 01d5 73697A65 		.ascii	"sizetype\000"
 1635      74797065 
 1635      00
 1636              	.LASF70:
 1637 01de 63685F74 		.ascii	"ch_timesize\000"
 1637      696D6573 
 1637      697A6500 
 1638              	.LASF76:
 1639 01ea 63665F6F 		.ascii	"cf_off_name\000"
 1639      66665F6E 
 1639      616D6500 
 1640              	.LASF29:
 1641 01f6 705F6F6C 		.ascii	"p_older\000"
 1641      64657200 
 1642              	.LASF51:
 1643 01fe 725F6374 		.ascii	"r_ctx\000"
 1643      7800
 1644              	.LASF43:
 1645 0204 54687265 		.ascii	"ThreadsQueue\000"
 1645      61647351 
 1645      75657565 
 1645      00
 1646              	.LASF67:
 1647 0211 63685F73 		.ascii	"ch_size\000"
 1647      697A6500 
 1648              	.LASF88:
 1649 0219 474E5520 		.ascii	"GNU C 4.7.3\000"
 1649      4320342E 
 1649      372E3300 
 1650              	.LASF53:
 1651 0225 725F6F6C 		.ascii	"r_older\000"
 1651      64657200 
 1652              	.LASF17:
 1653 022d 74726566 		.ascii	"trefs_t\000"
 1653      735F7400 
 1654              	.LASF69:
 1655 0235 63685F70 		.ascii	"ch_ptrsize\000"
 1655      74727369 
 1655      7A6500
 1656              	.LASF25:
 1657 0240 705F7072 		.ascii	"p_prev\000"
 1657      657600
 1658              	.LASF19:
 1659 0247 74707269 		.ascii	"tprio_t\000"
 1659      6F5F7400 
ARM GAS  /tmp/ccADo36K.s 			page 32


 1660              	.LASF14:
 1661 024f 5F426F6F 		.ascii	"_Bool\000"
 1661      6C00
 1662              	.LASF8:
 1663 0255 696E7433 		.ascii	"int32_t\000"
 1663      325F7400 
 1664              	.LASF4:
 1665 025d 756E7369 		.ascii	"unsigned char\000"
 1665      676E6564 
 1665      20636861 
 1665      7200
 1666              	.LASF40:
 1667 026b 705F6D74 		.ascii	"p_mtxlist\000"
 1667      786C6973 
 1667      7400
 1668              	.LASF5:
 1669 0275 73686F72 		.ascii	"short int\000"
 1669      7420696E 
 1669      7400
 1670              	.LASF31:
 1671 027f 705F7374 		.ascii	"p_state\000"
 1671      61746500 
 1672              	.LASF34:
 1673 0287 705F7072 		.ascii	"p_preempt\000"
 1673      65656D70 
 1673      7400
 1674              	.LASF82:
 1675 0291 63665F6F 		.ascii	"cf_off_time\000"
 1675      66665F74 
 1675      696D6500 
 1676              	.LASF50:
 1677 029d 725F7072 		.ascii	"r_prio\000"
 1677      696F00
 1678              	.LASF63:
 1679 02a4 65776D61 		.ascii	"ewmask\000"
 1679      736B00
 1680              	.LASF24:
 1681 02ab 705F6E65 		.ascii	"p_next\000"
 1681      787400
 1682              	.LASF81:
 1683 02b2 63665F6F 		.ascii	"cf_off_preempt\000"
 1683      66665F70 
 1683      7265656D 
 1683      707400
 1684              	.LASF32:
 1685 02c1 705F666C 		.ascii	"p_flags\000"
 1685      61677300 
 1686              	.LASF90:
 1687 02c9 63685468 		.ascii	"chThdRelease\000"
 1687      6452656C 
 1687      65617365 
 1687      00
 1688              	.LASF23:
 1689 02d6 54687265 		.ascii	"Thread\000"
 1689      616400
 1690              	.LASF74:
 1691 02dd 63665F6F 		.ascii	"cf_off_newer\000"
ARM GAS  /tmp/ccADo36K.s 			page 33


 1691      66665F6E 
 1691      65776572 
 1691      00
 1692              	.LASF39:
 1693 02ea 705F6570 		.ascii	"p_epending\000"
 1693      656E6469 
 1693      6E6700
 1694              	.LASF10:
 1695 02f5 75696E74 		.ascii	"uint32_t\000"
 1695      33325F74 
 1695      00
 1696              	.LASF72:
 1697 02fe 63665F6F 		.ascii	"cf_off_prio\000"
 1697      66665F70 
 1697      72696F00 
 1698              	.LASF49:
 1699 030a 725F7175 		.ascii	"r_queue\000"
 1699      65756500 
 1700              	.LASF54:
 1701 0312 725F6375 		.ascii	"r_current\000"
 1701      7272656E 
 1701      7400
 1702              	.LASF64:
 1703 031c 63686172 		.ascii	"char\000"
 1703      00
 1704              	.LASF85:
 1705 0321 63685265 		.ascii	"chRegNextThread\000"
 1705      674E6578 
 1705      74546872 
 1705      65616400 
 1706              	.LASF59:
 1707 0331 6D5F6E65 		.ascii	"m_next\000"
 1707      787400
 1708              	.LASF22:
 1709 0338 73797374 		.ascii	"systime_t\000"
 1709      696D655F 
 1709      7400
 1710              	.LASF41:
 1711 0342 705F7265 		.ascii	"p_realprio\000"
 1711      616C7072 
 1711      696F00
 1712              	.LASF35:
 1713 034d 705F7469 		.ascii	"p_time\000"
 1713      6D6500
 1714              	.LASF46:
 1715 0354 696E7463 		.ascii	"intctx\000"
 1715      747800
 1716              	.LASF37:
 1717 035b 705F6D73 		.ascii	"p_msgqueue\000"
 1717      67717565 
 1717      756500
 1718              	.LASF73:
 1719 0366 63665F6F 		.ascii	"cf_off_ctx\000"
 1719      66665F63 
 1719      747800
 1720              	.LASF33:
 1721 0371 705F7265 		.ascii	"p_refs\000"
ARM GAS  /tmp/ccADo36K.s 			page 34


 1721      667300
 1722              	.LASF55:
 1723 0378 52656164 		.ascii	"ReadyList\000"
 1723      794C6973 
 1723      7400
 1724              	.LASF86:
 1725 0382 726C6973 		.ascii	"rlist\000"
 1725      7400
 1726              	.LASF3:
 1727 0388 75696E74 		.ascii	"uint8_t\000"
 1727      385F7400 
 1728              	.LASF62:
 1729 0390 77746F62 		.ascii	"wtobjp\000"
 1729      6A7000
 1730              	.LASF30:
 1731 0397 705F6E61 		.ascii	"p_name\000"
 1731      6D6500
 1732              	.LASF68:
 1733 039e 63685F76 		.ascii	"ch_version\000"
 1733      65727369 
 1733      6F6E00
 1734              	.LASF58:
 1735 03a9 6D5F6F77 		.ascii	"m_owner\000"
 1735      6E657200 
 1736              	.LASF27:
 1737 03b1 705F6374 		.ascii	"p_ctx\000"
 1737      7800
 1738              	.LASF36:
 1739 03b7 705F7761 		.ascii	"p_waiting\000"
 1739      6974696E 
 1739      6700
 1740              		.ident	"GCC: (Sourcery CodeBench Lite 2013.05-23) 4.7.3"
ARM GAS  /tmp/ccADo36K.s 			page 35


DEFINED SYMBOLS
                            *ABS*:00000000 chregistry.c
     /tmp/ccADo36K.s:19     .text.chRegFirstThread:00000000 $t
     /tmp/ccADo36K.s:25     .text.chRegFirstThread:00000000 chRegFirstThread
     /tmp/ccADo36K.s:67     .text.chRegFirstThread:00000018 $d
     /tmp/ccADo36K.s:72     .text.chRegNextThread:00000000 $t
     /tmp/ccADo36K.s:78     .text.chRegNextThread:00000000 chRegNextThread
     /tmp/ccADo36K.s:140    .text.chRegNextThread:00000028 $d
     /tmp/ccADo36K.s:149    .rodata.ch_debug:00000000 ch_debug
     /tmp/ccADo36K.s:146    .rodata.ch_debug:00000000 $d
                     .debug_frame:00000010 $d
     /tmp/ccADo36K.s:71     .text.chRegFirstThread:0000001c $t
     /tmp/ccADo36K.s:145    .text.chRegNextThread:0000002c $t

UNDEFINED SYMBOLS
rlist
chThdRelease
