ARM GAS  /tmp/ccU0zfrf.s 			page 1


   1              		.syntax unified
   2              		.cpu cortex-m4
   3              		.fpu softvfp
   4              		.eabi_attribute 20, 1
   5              		.eabi_attribute 21, 1
   6              		.eabi_attribute 23, 3
   7              		.eabi_attribute 24, 1
   8              		.eabi_attribute 25, 1
   9              		.eabi_attribute 26, 1
  10              		.eabi_attribute 30, 2
  11              		.eabi_attribute 34, 1
  12              		.eabi_attribute 18, 4
  13              		.thumb
  14              		.file	"chsys.c"
  15              		.text
  16              	.Ltext0:
  17              		.cfi_sections	.debug_frame
  18              		.section	.text._idle_thread,"ax",%progbits
  19              		.align	2
  20              		.p2align 4,,15
  21              		.global	_idle_thread
  22              		.thumb
  23              		.thumb_func
  24              		.type	_idle_thread, %function
  25              	_idle_thread:
  26              	.LFB7:
  27              		.file 1 "/home/dpeter/devel/sources/ChibiOS-RT/os/kernel/src/chsys.c"
  28              		.loc 1 54 0
  29              		.cfi_startproc
  30              		@ args = 0, pretend = 0, frame = 0
  31              		@ frame_needed = 0, uses_anonymous_args = 0
  32              		@ link register save eliminated.
  33              	.LVL0:
  34              		.loc 1 57 0
  35 0000 024B     		ldr	r3, .L4
  36 0002 034A     		ldr	r2, .L4+4
  37 0004 9B69     		ldr	r3, [r3, #24]
  38 0006 9A61     		str	r2, [r3, #24]
  39              	.L2:
  40 0008 FEE7     		b	.L2
  41              	.L5:
  42 000a 00BF     		.align	2
  43              	.L4:
  44 000c 00000000 		.word	rlist
  45 0010 00000000 		.word	.LC0
  46              		.cfi_endproc
  47              	.LFE7:
  48              		.size	_idle_thread, .-_idle_thread
  49 0014 AFF30080 		.section	.text.chSysInit,"ax",%progbits
  49      AFF30080 
  49      AFF30080 
  50              		.align	2
  51              		.p2align 4,,15
  52              		.global	chSysInit
  53              		.thumb
  54              		.thumb_func
  55              		.type	chSysInit, %function
ARM GAS  /tmp/ccU0zfrf.s 			page 2


  56              	chSysInit:
  57              	.LFB8:
  58              		.loc 1 77 0
  59              		.cfi_startproc
  60              		@ args = 0, pretend = 0, frame = 0
  61              		@ frame_needed = 0, uses_anonymous_args = 0
  62 0000 10B5     		push	{r4, lr}
  63              	.LCFI0:
  64              		.cfi_def_cfa_offset 8
  65              		.cfi_offset 4, -8
  66              		.cfi_offset 14, -4
  67 0002 82B0     		sub	sp, sp, #8
  68              	.LCFI1:
  69              		.cfi_def_cfa_offset 16
  70              		.loc 1 83 0
  71 0004 FFF7FEFF 		bl	_port_init
  72              	.LVL1:
  73              		.loc 1 84 0
  74 0008 FFF7FEFF 		bl	_scheduler_init
  75              	.LVL2:
  76              		.loc 1 85 0
  77 000c FFF7FEFF 		bl	_vt_init
  78              	.LVL3:
  79              		.loc 1 87 0
  80 0010 FFF7FEFF 		bl	_core_init
  81              	.LVL4:
  82              		.loc 1 90 0
  83 0014 FFF7FEFF 		bl	_heap_init
  84              	.LVL5:
  85              		.loc 1 97 0
  86 0018 4021     		movs	r1, #64
  87 001a 0B48     		ldr	r0, .L7
  88 001c FFF7FEFF 		bl	_thread_init
  89              	.LVL6:
  90 0020 0A49     		ldr	r1, .L7+4
  91              		.loc 1 98 0
  92 0022 0122     		movs	r2, #1
  93              		.loc 1 97 0
  94 0024 8861     		str	r0, [r1, #24]
  95              		.loc 1 98 0
  96 0026 0277     		strb	r2, [r0, #28]
  97              	.LBB2:
  98              		.loc 1 104 0
  99 0028 0023     		movs	r3, #0
 100              	.LVL7:
 101              	@ 104 "/home/dpeter/devel/sources/ChibiOS-RT/os/kernel/src/chsys.c" 1
 102 002a 83F31188 		msr     BASEPRI, r3                    
 103 002e 62B6     		cpsie   i
 104              	@ 0 "" 2
 105              	.LVL8:
 106              		.thumb
 107              	.LBE2:
 108              		.loc 1 108 0
 109 0030 074C     		ldr	r4, .L7+8
 110 0032 8969     		ldr	r1, [r1, #24]
 111              		.loc 1 114 0
 112 0034 0748     		ldr	r0, .L7+12
ARM GAS  /tmp/ccU0zfrf.s 			page 3


 113              		.loc 1 108 0
 114 0036 8C61     		str	r4, [r1, #24]
 115              		.loc 1 114 0
 116 0038 0093     		str	r3, [sp, #0]
 117 003a C021     		movs	r1, #192
 118 003c 064B     		ldr	r3, .L7+16
 119              	.LVL9:
 120 003e FFF7FEFF 		bl	chThdCreateStatic
 121              	.LVL10:
 122              		.loc 1 117 0
 123 0042 02B0     		add	sp, sp, #8
 124 0044 10BD     		pop	{r4, pc}
 125              	.L8:
 126 0046 00BF     		.align	2
 127              	.L7:
 128 0048 00000000 		.word	.LANCHOR0
 129 004c 00000000 		.word	rlist
 130 0050 00000000 		.word	ch_debug
 131 0054 00000000 		.word	.LANCHOR1
 132 0058 00000000 		.word	_idle_thread
 133              		.cfi_endproc
 134              	.LFE8:
 135              		.size	chSysInit, .-chSysInit
 136 005c AFF30080 		.section	.text.chSysTimerHandlerI,"ax",%progbits
 137              		.align	2
 138              		.p2align 4,,15
 139              		.global	chSysTimerHandlerI
 140              		.thumb
 141              		.thumb_func
 142              		.type	chSysTimerHandlerI, %function
 143              	chSysTimerHandlerI:
 144              	.LFB9:
 145              		.loc 1 130 0
 146              		.cfi_startproc
 147              		@ args = 0, pretend = 0, frame = 0
 148              		@ frame_needed = 0, uses_anonymous_args = 0
 149 0000 38B5     		push	{r3, r4, r5, lr}
 150              	.LCFI2:
 151              		.cfi_def_cfa_offset 16
 152              		.cfi_offset 3, -16
 153              		.cfi_offset 4, -12
 154              		.cfi_offset 5, -8
 155              		.cfi_offset 14, -4
 156              		.loc 1 136 0
 157 0002 134B     		ldr	r3, .L22
 158 0004 9B69     		ldr	r3, [r3, #24]
 159 0006 DA7F     		ldrb	r2, [r3, #31]	@ zero_extendqisi2
 160 0008 0AB1     		cbz	r2, .L10
 161              		.loc 1 138 0
 162 000a 013A     		subs	r2, r2, #1
 163 000c DA77     		strb	r2, [r3, #31]
 164              	.L10:
 165              		.loc 1 141 0
 166 000e 1A6A     		ldr	r2, [r3, #32]
 167              		.loc 1 143 0
 168 0010 104C     		ldr	r4, .L22+4
 169              		.loc 1 141 0
ARM GAS  /tmp/ccU0zfrf.s 			page 4


 170 0012 0132     		adds	r2, r2, #1
 171 0014 1A62     		str	r2, [r3, #32]
 172              		.loc 1 143 0
 173 0016 E368     		ldr	r3, [r4, #12]
 174 0018 2268     		ldr	r2, [r4, #0]
 175 001a 0133     		adds	r3, r3, #1
 176 001c A242     		cmp	r2, r4
 177 001e E360     		str	r3, [r4, #12]
 178 0020 14D0     		beq	.L9
 179              	.LBB3:
 180              		.loc 1 143 0 is_stmt 0 discriminator 1
 181 0022 9568     		ldr	r5, [r2, #8]
 182 0024 013D     		subs	r5, r5, #1
 183 0026 9560     		str	r5, [r2, #8]
 184              	.LVL11:
 185 0028 85B9     		cbnz	r5, .L9
 186              	.L18:
 187              	.LBB4:
 188              		.loc 1 143 0 discriminator 3
 189 002a 1368     		ldr	r3, [r2, #0]
 190 002c D168     		ldr	r1, [r2, #12]
 191              	.LVL12:
 192 002e 5C60     		str	r4, [r3, #4]
 193 0030 2360     		str	r3, [r4, #0]
 194 0032 D560     		str	r5, [r2, #12]
 195              	.LBB5:
 196 0034 0023     		movs	r3, #0
 197              	.LVL13:
 198              	@ 143 "/home/dpeter/devel/sources/ChibiOS-RT/os/kernel/src/chsys.c" 1
 199 0036 83F31188 		msr     BASEPRI, r3
 200              	@ 0 "" 2
 201              	.LVL14:
 202              		.thumb
 203              	.LBE5:
 204 003a 1069     		ldr	r0, [r2, #16]
 205 003c 8847     		blx	r1
 206              	.LVL15:
 207              	.LBB6:
 208 003e 2023     		movs	r3, #32
 209              	.LVL16:
 210              	@ 143 "/home/dpeter/devel/sources/ChibiOS-RT/os/kernel/src/chsys.c" 1
 211 0040 83F31188 		msr     BASEPRI, r3
 212              	@ 0 "" 2
 213              	.LVL17:
 214              		.thumb
 215              	.LBE6:
 216              	.LBE4:
 217 0044 2268     		ldr	r2, [r4, #0]
 218              	.LVL18:
 219 0046 9368     		ldr	r3, [r2, #8]
 220              	.LVL19:
 221 0048 002B     		cmp	r3, #0
 222 004a EED0     		beq	.L18
 223              	.LVL20:
 224              	.L9:
 225 004c 38BD     		pop	{r3, r4, r5, pc}
 226              	.L23:
ARM GAS  /tmp/ccU0zfrf.s 			page 5


 227 004e 00BF     		.align	2
 228              	.L22:
 229 0050 00000000 		.word	rlist
 230 0054 00000000 		.word	vtlist
 231              	.LBE3:
 232              		.cfi_endproc
 233              	.LFE9:
 234              		.size	chSysTimerHandlerI, .-chSysTimerHandlerI
 235              		.global	_idle_thread_wa
 236 0058 AFF30080 		.section	.bss.mainthread.4776,"aw",%nobits
 236      AFF30080 
 237              		.align	2
 238              		.set	.LANCHOR0,. + 0
 239              		.type	mainthread.4776, %object
 240              		.size	mainthread.4776, 72
 241              	mainthread.4776:
 242 0000 00000000 		.space	72
 242      00000000 
 242      00000000 
 242      00000000 
 242      00000000 
 243              		.section	.rodata.str1.4,"aMS",%progbits,1
 244              		.align	2
 245              	.LC0:
 246 0000 69646C65 		.ascii	"idle\000"
 246      00
 247 0005 000000   		.section	.bss._idle_thread_wa,"aw",%nobits
 248              		.align	3
 249              		.set	.LANCHOR1,. + 0
 250              		.type	_idle_thread_wa, %object
 251              		.size	_idle_thread_wa, 192
 252              	_idle_thread_wa:
 253 0000 00000000 		.space	192
 253      00000000 
 253      00000000 
 253      00000000 
 253      00000000 
 254              		.text
 255              	.Letext0:
 256              		.file 2 "/home/dpeter/CodeSourcery/Sourcery_CodeBench_Lite_for_ARM_EABI/bin/../lib/gcc/arm-none-ea
 257              		.file 3 "/home/dpeter/CodeSourcery/Sourcery_CodeBench_Lite_for_ARM_EABI/bin/../lib/gcc/arm-none-ea
 258              		.file 4 "/home/dpeter/devel/sources/ChibiOS-RT/os/ports/GCC/ARMCMx/chtypes.h"
 259              		.file 5 "/home/dpeter/devel/sources/ChibiOS-RT/os/kernel/include/chlists.h"
 260              		.file 6 "/home/dpeter/devel/sources/ChibiOS-RT/os/kernel/include/chthreads.h"
 261              		.file 7 "/home/dpeter/devel/sources/ChibiOS-RT/os/ports/GCC/ARMCMx/chcore_v7m.h"
 262              		.file 8 "/home/dpeter/devel/sources/ChibiOS-RT/os/kernel/include/chvt.h"
 263              		.file 9 "/home/dpeter/devel/sources/ChibiOS-RT/os/kernel/include/chschd.h"
 264              		.file 10 "/home/dpeter/devel/sources/ChibiOS-RT/os/kernel/include/chmtx.h"
 265              		.file 11 "/home/dpeter/devel/sources/ChibiOS-RT/os/kernel/include/chregistry.h"
 266              		.file 12 "/home/dpeter/devel/sources/ChibiOS-RT/os/kernel/include/chmemcore.h"
 267              		.file 13 "/home/dpeter/devel/sources/ChibiOS-RT/os/kernel/include/chheap.h"
 268              		.section	.debug_info,"",%progbits
 269              	.Ldebug_info0:
 270 0000 A0080000 		.4byte	0x8a0
 271 0004 0200     		.2byte	0x2
 272 0006 00000000 		.4byte	.Ldebug_abbrev0
 273 000a 04       		.byte	0x4
ARM GAS  /tmp/ccU0zfrf.s 			page 6


 274 000b 01       		.uleb128 0x1
 275 000c B8020000 		.4byte	.LASF109
 276 0010 01       		.byte	0x1
 277 0011 30020000 		.4byte	.LASF110
 278 0015 00000000 		.4byte	.Ldebug_ranges0+0
 279 0019 00000000 		.4byte	0
 280 001d 00000000 		.4byte	0
 281 0021 00000000 		.4byte	.Ldebug_line0
 282 0025 02       		.uleb128 0x2
 283 0026 04       		.byte	0x4
 284 0027 05       		.byte	0x5
 285 0028 696E7400 		.ascii	"int\000"
 286 002c 03       		.uleb128 0x3
 287 002d 1B000000 		.4byte	.LASF2
 288 0031 02       		.byte	0x2
 289 0032 D5       		.byte	0xd5
 290 0033 37000000 		.4byte	0x37
 291 0037 04       		.uleb128 0x4
 292 0038 04       		.byte	0x4
 293 0039 07       		.byte	0x7
 294 003a 65010000 		.4byte	.LASF0
 295 003e 04       		.uleb128 0x4
 296 003f 01       		.byte	0x1
 297 0040 06       		.byte	0x6
 298 0041 B7000000 		.4byte	.LASF1
 299 0045 03       		.uleb128 0x3
 300 0046 48040000 		.4byte	.LASF3
 301 004a 03       		.byte	0x3
 302 004b 2A       		.byte	0x2a
 303 004c 50000000 		.4byte	0x50
 304 0050 04       		.uleb128 0x4
 305 0051 01       		.byte	0x1
 306 0052 08       		.byte	0x8
 307 0053 09030000 		.4byte	.LASF4
 308 0057 04       		.uleb128 0x4
 309 0058 02       		.byte	0x2
 310 0059 05       		.byte	0x5
 311 005a 2C030000 		.4byte	.LASF5
 312 005e 03       		.uleb128 0x3
 313 005f 0C010000 		.4byte	.LASF6
 314 0063 03       		.byte	0x3
 315 0064 36       		.byte	0x36
 316 0065 69000000 		.4byte	0x69
 317 0069 04       		.uleb128 0x4
 318 006a 02       		.byte	0x2
 319 006b 07       		.byte	0x7
 320 006c B8010000 		.4byte	.LASF7
 321 0070 03       		.uleb128 0x3
 322 0071 01030000 		.4byte	.LASF8
 323 0075 03       		.byte	0x3
 324 0076 4F       		.byte	0x4f
 325 0077 7B000000 		.4byte	0x7b
 326 007b 04       		.uleb128 0x4
 327 007c 04       		.byte	0x4
 328 007d 05       		.byte	0x5
 329 007e FA000000 		.4byte	.LASF9
 330 0082 03       		.uleb128 0x3
ARM GAS  /tmp/ccU0zfrf.s 			page 7


 331 0083 9F030000 		.4byte	.LASF10
 332 0087 03       		.byte	0x3
 333 0088 50       		.byte	0x50
 334 0089 8D000000 		.4byte	0x8d
 335 008d 04       		.uleb128 0x4
 336 008e 04       		.byte	0x4
 337 008f 07       		.byte	0x7
 338 0090 87010000 		.4byte	.LASF11
 339 0094 04       		.uleb128 0x4
 340 0095 08       		.byte	0x8
 341 0096 05       		.byte	0x5
 342 0097 A9000000 		.4byte	.LASF12
 343 009b 03       		.uleb128 0x3
 344 009c 29000000 		.4byte	.LASF13
 345 00a0 03       		.byte	0x3
 346 00a1 78       		.byte	0x78
 347 00a2 A6000000 		.4byte	0xa6
 348 00a6 04       		.uleb128 0x4
 349 00a7 08       		.byte	0x8
 350 00a8 07       		.byte	0x7
 351 00a9 4C000000 		.4byte	.LASF14
 352 00ad 04       		.uleb128 0x4
 353 00ae 01       		.byte	0x1
 354 00af 02       		.byte	0x2
 355 00b0 FB020000 		.4byte	.LASF15
 356 00b4 03       		.uleb128 0x3
 357 00b5 D1010000 		.4byte	.LASF16
 358 00b9 04       		.byte	0x4
 359 00ba 25       		.byte	0x25
 360 00bb 45000000 		.4byte	0x45
 361 00bf 03       		.uleb128 0x3
 362 00c0 03010000 		.4byte	.LASF17
 363 00c4 04       		.byte	0x4
 364 00c5 26       		.byte	0x26
 365 00c6 45000000 		.4byte	0x45
 366 00ca 03       		.uleb128 0x3
 367 00cb D9020000 		.4byte	.LASF18
 368 00cf 04       		.byte	0x4
 369 00d0 27       		.byte	0x27
 370 00d1 45000000 		.4byte	0x45
 371 00d5 03       		.uleb128 0x3
 372 00d6 F0000000 		.4byte	.LASF19
 373 00da 04       		.byte	0x4
 374 00db 28       		.byte	0x28
 375 00dc 45000000 		.4byte	0x45
 376 00e0 03       		.uleb128 0x3
 377 00e1 F3020000 		.4byte	.LASF20
 378 00e5 04       		.byte	0x4
 379 00e6 29       		.byte	0x29
 380 00e7 82000000 		.4byte	0x82
 381 00eb 03       		.uleb128 0x3
 382 00ec CB010000 		.4byte	.LASF21
 383 00f0 04       		.byte	0x4
 384 00f1 2A       		.byte	0x2a
 385 00f2 70000000 		.4byte	0x70
 386 00f6 03       		.uleb128 0x3
 387 00f7 E5010000 		.4byte	.LASF22
ARM GAS  /tmp/ccU0zfrf.s 			page 8


 388 00fb 04       		.byte	0x4
 389 00fc 2C       		.byte	0x2c
 390 00fd 82000000 		.4byte	0x82
 391 0101 03       		.uleb128 0x3
 392 0102 DF030000 		.4byte	.LASF23
 393 0106 04       		.byte	0x4
 394 0107 2E       		.byte	0x2e
 395 0108 82000000 		.4byte	0x82
 396 010c 03       		.uleb128 0x3
 397 010d 80030000 		.4byte	.LASF24
 398 0111 05       		.byte	0x5
 399 0112 23       		.byte	0x23
 400 0113 17010000 		.4byte	0x117
 401 0117 05       		.uleb128 0x5
 402 0118 80030000 		.4byte	.LASF24
 403 011c 48       		.byte	0x48
 404 011d 06       		.byte	0x6
 405 011e 57       		.byte	0x57
 406 011f 3C020000 		.4byte	0x23c
 407 0123 06       		.uleb128 0x6
 408 0124 62030000 		.4byte	.LASF25
 409 0128 06       		.byte	0x6
 410 0129 58       		.byte	0x58
 411 012a 61020000 		.4byte	0x261
 412 012e 02       		.byte	0x2
 413 012f 23       		.byte	0x23
 414 0130 00       		.uleb128 0
 415 0131 06       		.uleb128 0x6
 416 0132 EC020000 		.4byte	.LASF26
 417 0136 06       		.byte	0x6
 418 0137 5A       		.byte	0x5a
 419 0138 61020000 		.4byte	0x261
 420 013c 02       		.byte	0x2
 421 013d 23       		.byte	0x23
 422 013e 04       		.uleb128 0x4
 423 013f 06       		.uleb128 0x6
 424 0140 85000000 		.4byte	.LASF27
 425 0144 06       		.byte	0x6
 426 0145 5C       		.byte	0x5c
 427 0146 E0000000 		.4byte	0xe0
 428 014a 02       		.byte	0x2
 429 014b 23       		.byte	0x23
 430 014c 08       		.uleb128 0x8
 431 014d 06       		.uleb128 0x6
 432 014e 8E040000 		.4byte	.LASF28
 433 0152 06       		.byte	0x6
 434 0153 5D       		.byte	0x5d
 435 0154 3A030000 		.4byte	0x33a
 436 0158 02       		.byte	0x2
 437 0159 23       		.byte	0x23
 438 015a 0C       		.uleb128 0xc
 439 015b 06       		.uleb128 0x6
 440 015c 1F010000 		.4byte	.LASF29
 441 0160 06       		.byte	0x6
 442 0161 5F       		.byte	0x5f
 443 0162 61020000 		.4byte	0x261
 444 0166 02       		.byte	0x2
ARM GAS  /tmp/ccU0zfrf.s 			page 9


 445 0167 23       		.byte	0x23
 446 0168 10       		.uleb128 0x10
 447 0169 06       		.uleb128 0x6
 448 016a 95020000 		.4byte	.LASF30
 449 016e 06       		.byte	0x6
 450 016f 60       		.byte	0x60
 451 0170 61020000 		.4byte	0x261
 452 0174 02       		.byte	0x2
 453 0175 23       		.byte	0x23
 454 0176 14       		.uleb128 0x14
 455 0177 06       		.uleb128 0x6
 456 0178 62040000 		.4byte	.LASF31
 457 017c 06       		.byte	0x6
 458 017d 67       		.byte	0x67
 459 017e 1B050000 		.4byte	0x51b
 460 0182 02       		.byte	0x2
 461 0183 23       		.byte	0x23
 462 0184 18       		.uleb128 0x18
 463 0185 06       		.uleb128 0x6
 464 0186 36030000 		.4byte	.LASF32
 465 018a 06       		.byte	0x6
 466 018b 72       		.byte	0x72
 467 018c BF000000 		.4byte	0xbf
 468 0190 02       		.byte	0x2
 469 0191 23       		.byte	0x23
 470 0192 1C       		.uleb128 0x1c
 471 0193 06       		.uleb128 0x6
 472 0194 78030000 		.4byte	.LASF33
 473 0198 06       		.byte	0x6
 474 0199 76       		.byte	0x76
 475 019a B4000000 		.4byte	0xb4
 476 019e 02       		.byte	0x2
 477 019f 23       		.byte	0x23
 478 01a0 1D       		.uleb128 0x1d
 479 01a1 06       		.uleb128 0x6
 480 01a2 31040000 		.4byte	.LASF34
 481 01a6 06       		.byte	0x6
 482 01a7 7B       		.byte	0x7b
 483 01a8 CA000000 		.4byte	0xca
 484 01ac 02       		.byte	0x2
 485 01ad 23       		.byte	0x23
 486 01ae 1E       		.uleb128 0x1e
 487 01af 06       		.uleb128 0x6
 488 01b0 3E030000 		.4byte	.LASF35
 489 01b4 06       		.byte	0x6
 490 01b5 81       		.byte	0x81
 491 01b6 D5000000 		.4byte	0xd5
 492 01ba 02       		.byte	0x2
 493 01bb 23       		.byte	0x23
 494 01bc 1F       		.uleb128 0x1f
 495 01bd 06       		.uleb128 0x6
 496 01be 06040000 		.4byte	.LASF36
 497 01c2 06       		.byte	0x6
 498 01c3 88       		.byte	0x88
 499 01c4 26040000 		.4byte	0x426
 500 01c8 02       		.byte	0x2
 501 01c9 23       		.byte	0x23
ARM GAS  /tmp/ccU0zfrf.s 			page 10


 502 01ca 20       		.uleb128 0x20
 503 01cb 07       		.uleb128 0x7
 504 01cc 705F7500 		.ascii	"p_u\000"
 505 01d0 06       		.byte	0x6
 506 01d1 AD       		.byte	0xad
 507 01d2 E6040000 		.4byte	0x4e6
 508 01d6 02       		.byte	0x2
 509 01d7 23       		.byte	0x23
 510 01d8 24       		.uleb128 0x24
 511 01d9 06       		.uleb128 0x6
 512 01da 94040000 		.4byte	.LASF37
 513 01de 06       		.byte	0x6
 514 01df B2       		.byte	0xb2
 515 01e0 89020000 		.4byte	0x289
 516 01e4 02       		.byte	0x2
 517 01e5 23       		.byte	0x23
 518 01e6 28       		.uleb128 0x28
 519 01e7 06       		.uleb128 0x6
 520 01e8 14040000 		.4byte	.LASF38
 521 01ec 06       		.byte	0x6
 522 01ed B8       		.byte	0xb8
 523 01ee 67020000 		.4byte	0x267
 524 01f2 02       		.byte	0x2
 525 01f3 23       		.byte	0x23
 526 01f4 2C       		.uleb128 0x2c
 527 01f5 06       		.uleb128 0x6
 528 01f6 15000000 		.4byte	.LASF39
 529 01fa 06       		.byte	0x6
 530 01fb BC       		.byte	0xbc
 531 01fc EB000000 		.4byte	0xeb
 532 0200 02       		.byte	0x2
 533 0201 23       		.byte	0x23
 534 0202 34       		.uleb128 0x34
 535 0203 06       		.uleb128 0x6
 536 0204 94030000 		.4byte	.LASF40
 537 0208 06       		.byte	0x6
 538 0209 C2       		.byte	0xc2
 539 020a F6000000 		.4byte	0xf6
 540 020e 02       		.byte	0x2
 541 020f 23       		.byte	0x23
 542 0210 38       		.uleb128 0x38
 543 0211 06       		.uleb128 0x6
 544 0212 22030000 		.4byte	.LASF41
 545 0216 06       		.byte	0x6
 546 0217 C9       		.byte	0xc9
 547 0218 2D050000 		.4byte	0x52d
 548 021c 02       		.byte	0x2
 549 021d 23       		.byte	0x23
 550 021e 3C       		.uleb128 0x3c
 551 021f 06       		.uleb128 0x6
 552 0220 E9030000 		.4byte	.LASF42
 553 0224 06       		.byte	0x6
 554 0225 CD       		.byte	0xcd
 555 0226 E0000000 		.4byte	0xe0
 556 022a 02       		.byte	0x2
 557 022b 23       		.byte	0x23
 558 022c 40       		.uleb128 0x40
ARM GAS  /tmp/ccU0zfrf.s 			page 11


 559 022d 06       		.uleb128 0x6
 560 022e E0000000 		.4byte	.LASF43
 561 0232 06       		.byte	0x6
 562 0233 D3       		.byte	0xd3
 563 0234 9F020000 		.4byte	0x29f
 564 0238 02       		.byte	0x2
 565 0239 23       		.byte	0x23
 566 023a 44       		.uleb128 0x44
 567 023b 00       		.byte	0
 568 023c 08       		.uleb128 0x8
 569 023d 08       		.byte	0x8
 570 023e 05       		.byte	0x5
 571 023f 5A       		.byte	0x5a
 572 0240 61020000 		.4byte	0x261
 573 0244 06       		.uleb128 0x6
 574 0245 62030000 		.4byte	.LASF25
 575 0249 05       		.byte	0x5
 576 024a 5B       		.byte	0x5b
 577 024b 61020000 		.4byte	0x261
 578 024f 02       		.byte	0x2
 579 0250 23       		.byte	0x23
 580 0251 00       		.uleb128 0
 581 0252 06       		.uleb128 0x6
 582 0253 EC020000 		.4byte	.LASF26
 583 0257 05       		.byte	0x5
 584 0258 5D       		.byte	0x5d
 585 0259 61020000 		.4byte	0x261
 586 025d 02       		.byte	0x2
 587 025e 23       		.byte	0x23
 588 025f 04       		.uleb128 0x4
 589 0260 00       		.byte	0
 590 0261 09       		.uleb128 0x9
 591 0262 04       		.byte	0x4
 592 0263 0C010000 		.4byte	0x10c
 593 0267 03       		.uleb128 0x3
 594 0268 A3020000 		.4byte	.LASF44
 595 026c 05       		.byte	0x5
 596 026d 5F       		.byte	0x5f
 597 026e 3C020000 		.4byte	0x23c
 598 0272 08       		.uleb128 0x8
 599 0273 04       		.byte	0x4
 600 0274 05       		.byte	0x5
 601 0275 64       		.byte	0x64
 602 0276 89020000 		.4byte	0x289
 603 027a 06       		.uleb128 0x6
 604 027b 62030000 		.4byte	.LASF25
 605 027f 05       		.byte	0x5
 606 0280 66       		.byte	0x66
 607 0281 61020000 		.4byte	0x261
 608 0285 02       		.byte	0x2
 609 0286 23       		.byte	0x23
 610 0287 00       		.uleb128 0
 611 0288 00       		.byte	0
 612 0289 03       		.uleb128 0x3
 613 028a D9010000 		.4byte	.LASF45
 614 028e 05       		.byte	0x5
 615 028f 69       		.byte	0x69
ARM GAS  /tmp/ccU0zfrf.s 			page 12


 616 0290 72020000 		.4byte	0x272
 617 0294 03       		.uleb128 0x3
 618 0295 3F010000 		.4byte	.LASF46
 619 0299 07       		.byte	0x7
 620 029a DE       		.byte	0xde
 621 029b 9F020000 		.4byte	0x29f
 622 029f 0A       		.uleb128 0xa
 623 02a0 04       		.byte	0x4
 624 02a1 03       		.uleb128 0x3
 625 02a2 F7010000 		.4byte	.LASF47
 626 02a6 07       		.byte	0x7
 627 02a7 E4       		.byte	0xe4
 628 02a8 9B000000 		.4byte	0x9b
 629 02ac 0B       		.uleb128 0xb
 630 02ad 0D040000 		.4byte	.LASF48
 631 02b1 24       		.byte	0x24
 632 02b2 07       		.byte	0x7
 633 02b3 0501     		.2byte	0x105
 634 02b5 3A030000 		.4byte	0x33a
 635 02b9 0C       		.uleb128 0xc
 636 02ba 723400   		.ascii	"r4\000"
 637 02bd 07       		.byte	0x7
 638 02be 1801     		.2byte	0x118
 639 02c0 94020000 		.4byte	0x294
 640 02c4 02       		.byte	0x2
 641 02c5 23       		.byte	0x23
 642 02c6 00       		.uleb128 0
 643 02c7 0C       		.uleb128 0xc
 644 02c8 723500   		.ascii	"r5\000"
 645 02cb 07       		.byte	0x7
 646 02cc 1901     		.2byte	0x119
 647 02ce 94020000 		.4byte	0x294
 648 02d2 02       		.byte	0x2
 649 02d3 23       		.byte	0x23
 650 02d4 04       		.uleb128 0x4
 651 02d5 0C       		.uleb128 0xc
 652 02d6 723600   		.ascii	"r6\000"
 653 02d9 07       		.byte	0x7
 654 02da 1A01     		.2byte	0x11a
 655 02dc 94020000 		.4byte	0x294
 656 02e0 02       		.byte	0x2
 657 02e1 23       		.byte	0x23
 658 02e2 08       		.uleb128 0x8
 659 02e3 0C       		.uleb128 0xc
 660 02e4 723700   		.ascii	"r7\000"
 661 02e7 07       		.byte	0x7
 662 02e8 1B01     		.2byte	0x11b
 663 02ea 94020000 		.4byte	0x294
 664 02ee 02       		.byte	0x2
 665 02ef 23       		.byte	0x23
 666 02f0 0C       		.uleb128 0xc
 667 02f1 0C       		.uleb128 0xc
 668 02f2 723800   		.ascii	"r8\000"
 669 02f5 07       		.byte	0x7
 670 02f6 1C01     		.2byte	0x11c
 671 02f8 94020000 		.4byte	0x294
 672 02fc 02       		.byte	0x2
ARM GAS  /tmp/ccU0zfrf.s 			page 13


 673 02fd 23       		.byte	0x23
 674 02fe 10       		.uleb128 0x10
 675 02ff 0C       		.uleb128 0xc
 676 0300 723900   		.ascii	"r9\000"
 677 0303 07       		.byte	0x7
 678 0304 1D01     		.2byte	0x11d
 679 0306 94020000 		.4byte	0x294
 680 030a 02       		.byte	0x2
 681 030b 23       		.byte	0x23
 682 030c 14       		.uleb128 0x14
 683 030d 0C       		.uleb128 0xc
 684 030e 72313000 		.ascii	"r10\000"
 685 0312 07       		.byte	0x7
 686 0313 1E01     		.2byte	0x11e
 687 0315 94020000 		.4byte	0x294
 688 0319 02       		.byte	0x2
 689 031a 23       		.byte	0x23
 690 031b 18       		.uleb128 0x18
 691 031c 0C       		.uleb128 0xc
 692 031d 72313100 		.ascii	"r11\000"
 693 0321 07       		.byte	0x7
 694 0322 1F01     		.2byte	0x11f
 695 0324 94020000 		.4byte	0x294
 696 0328 02       		.byte	0x2
 697 0329 23       		.byte	0x23
 698 032a 1C       		.uleb128 0x1c
 699 032b 0C       		.uleb128 0xc
 700 032c 6C7200   		.ascii	"lr\000"
 701 032f 07       		.byte	0x7
 702 0330 2001     		.2byte	0x120
 703 0332 94020000 		.4byte	0x294
 704 0336 02       		.byte	0x2
 705 0337 23       		.byte	0x23
 706 0338 20       		.uleb128 0x20
 707 0339 00       		.byte	0
 708 033a 0B       		.uleb128 0xb
 709 033b B0010000 		.4byte	.LASF49
 710 033f 04       		.byte	0x4
 711 0340 07       		.byte	0x7
 712 0341 2A01     		.2byte	0x12a
 713 0343 57030000 		.4byte	0x357
 714 0347 0C       		.uleb128 0xc
 715 0348 72313300 		.ascii	"r13\000"
 716 034c 07       		.byte	0x7
 717 034d 2B01     		.2byte	0x12b
 718 034f 57030000 		.4byte	0x357
 719 0353 02       		.byte	0x2
 720 0354 23       		.byte	0x23
 721 0355 00       		.uleb128 0
 722 0356 00       		.byte	0
 723 0357 09       		.uleb128 0x9
 724 0358 04       		.byte	0x4
 725 0359 AC020000 		.4byte	0x2ac
 726 035d 04       		.uleb128 0x4
 727 035e 04       		.byte	0x4
 728 035f 07       		.byte	0x7
 729 0360 6C020000 		.4byte	.LASF50
ARM GAS  /tmp/ccU0zfrf.s 			page 14


 730 0364 03       		.uleb128 0x3
 731 0365 F4030000 		.4byte	.LASF51
 732 0369 08       		.byte	0x8
 733 036a 51       		.byte	0x51
 734 036b 6F030000 		.4byte	0x36f
 735 036f 09       		.uleb128 0x9
 736 0370 04       		.byte	0x4
 737 0371 75030000 		.4byte	0x375
 738 0375 0D       		.uleb128 0xd
 739 0376 01       		.byte	0x1
 740 0377 81030000 		.4byte	0x381
 741 037b 0E       		.uleb128 0xe
 742 037c 9F020000 		.4byte	0x29f
 743 0380 00       		.byte	0
 744 0381 03       		.uleb128 0x3
 745 0382 BC030000 		.4byte	.LASF52
 746 0386 08       		.byte	0x8
 747 0387 56       		.byte	0x56
 748 0388 8C030000 		.4byte	0x38c
 749 038c 05       		.uleb128 0x5
 750 038d BC030000 		.4byte	.LASF52
 751 0391 14       		.byte	0x14
 752 0392 08       		.byte	0x8
 753 0393 5D       		.byte	0x5d
 754 0394 DF030000 		.4byte	0x3df
 755 0398 06       		.uleb128 0x6
 756 0399 7F010000 		.4byte	.LASF53
 757 039d 08       		.byte	0x8
 758 039e 5E       		.byte	0x5e
 759 039f DF030000 		.4byte	0x3df
 760 03a3 02       		.byte	0x2
 761 03a4 23       		.byte	0x23
 762 03a5 00       		.uleb128 0
 763 03a6 06       		.uleb128 0x6
 764 03a7 48010000 		.4byte	.LASF54
 765 03ab 08       		.byte	0x8
 766 03ac 60       		.byte	0x60
 767 03ad DF030000 		.4byte	0x3df
 768 03b1 02       		.byte	0x2
 769 03b2 23       		.byte	0x23
 770 03b3 04       		.uleb128 0x4
 771 03b4 06       		.uleb128 0x6
 772 03b5 28020000 		.4byte	.LASF55
 773 03b9 08       		.byte	0x8
 774 03ba 62       		.byte	0x62
 775 03bb 01010000 		.4byte	0x101
 776 03bf 02       		.byte	0x2
 777 03c0 23       		.byte	0x23
 778 03c1 08       		.uleb128 0x8
 779 03c2 06       		.uleb128 0x6
 780 03c3 75020000 		.4byte	.LASF56
 781 03c7 08       		.byte	0x8
 782 03c8 63       		.byte	0x63
 783 03c9 64030000 		.4byte	0x364
 784 03cd 02       		.byte	0x2
 785 03ce 23       		.byte	0x23
 786 03cf 0C       		.uleb128 0xc
ARM GAS  /tmp/ccU0zfrf.s 			page 15


 787 03d0 06       		.uleb128 0x6
 788 03d1 1F040000 		.4byte	.LASF57
 789 03d5 08       		.byte	0x8
 790 03d6 65       		.byte	0x65
 791 03d7 9F020000 		.4byte	0x29f
 792 03db 02       		.byte	0x2
 793 03dc 23       		.byte	0x23
 794 03dd 10       		.uleb128 0x10
 795 03de 00       		.byte	0
 796 03df 09       		.uleb128 0x9
 797 03e0 04       		.byte	0x4
 798 03e1 81030000 		.4byte	0x381
 799 03e5 08       		.uleb128 0x8
 800 03e6 10       		.byte	0x10
 801 03e7 08       		.byte	0x8
 802 03e8 6F       		.byte	0x6f
 803 03e9 26040000 		.4byte	0x426
 804 03ed 06       		.uleb128 0x6
 805 03ee 7F010000 		.4byte	.LASF53
 806 03f2 08       		.byte	0x8
 807 03f3 70       		.byte	0x70
 808 03f4 DF030000 		.4byte	0x3df
 809 03f8 02       		.byte	0x2
 810 03f9 23       		.byte	0x23
 811 03fa 00       		.uleb128 0
 812 03fb 06       		.uleb128 0x6
 813 03fc 48010000 		.4byte	.LASF54
 814 0400 08       		.byte	0x8
 815 0401 72       		.byte	0x72
 816 0402 DF030000 		.4byte	0x3df
 817 0406 02       		.byte	0x2
 818 0407 23       		.byte	0x23
 819 0408 04       		.uleb128 0x4
 820 0409 06       		.uleb128 0x6
 821 040a 28020000 		.4byte	.LASF55
 822 040e 08       		.byte	0x8
 823 040f 74       		.byte	0x74
 824 0410 01010000 		.4byte	0x101
 825 0414 02       		.byte	0x2
 826 0415 23       		.byte	0x23
 827 0416 08       		.uleb128 0x8
 828 0417 06       		.uleb128 0x6
 829 0418 69040000 		.4byte	.LASF58
 830 041c 08       		.byte	0x8
 831 041d 75       		.byte	0x75
 832 041e 26040000 		.4byte	0x426
 833 0422 02       		.byte	0x2
 834 0423 23       		.byte	0x23
 835 0424 0C       		.uleb128 0xc
 836 0425 00       		.byte	0
 837 0426 0F       		.uleb128 0xf
 838 0427 01010000 		.4byte	0x101
 839 042b 03       		.uleb128 0x3
 840 042c 7F040000 		.4byte	.LASF59
 841 0430 08       		.byte	0x8
 842 0431 76       		.byte	0x76
 843 0432 E5030000 		.4byte	0x3e5
ARM GAS  /tmp/ccU0zfrf.s 			page 16


 844 0436 08       		.uleb128 0x8
 845 0437 1C       		.byte	0x1c
 846 0438 09       		.byte	0x9
 847 0439 57       		.byte	0x57
 848 043a 93040000 		.4byte	0x493
 849 043e 06       		.uleb128 0x6
 850 043f B4030000 		.4byte	.LASF60
 851 0443 09       		.byte	0x9
 852 0444 58       		.byte	0x58
 853 0445 67020000 		.4byte	0x267
 854 0449 02       		.byte	0x2
 855 044a 23       		.byte	0x23
 856 044b 00       		.uleb128 0
 857 044c 06       		.uleb128 0x6
 858 044d 54030000 		.4byte	.LASF61
 859 0451 09       		.byte	0x9
 860 0452 59       		.byte	0x59
 861 0453 E0000000 		.4byte	0xe0
 862 0457 02       		.byte	0x2
 863 0458 23       		.byte	0x23
 864 0459 08       		.uleb128 0x8
 865 045a 06       		.uleb128 0x6
 866 045b 9D020000 		.4byte	.LASF62
 867 045f 09       		.byte	0x9
 868 0460 5B       		.byte	0x5b
 869 0461 3A030000 		.4byte	0x33a
 870 0465 02       		.byte	0x2
 871 0466 23       		.byte	0x23
 872 0467 0C       		.uleb128 0xc
 873 0468 06       		.uleb128 0x6
 874 0469 37010000 		.4byte	.LASF63
 875 046d 09       		.byte	0x9
 876 046e 5E       		.byte	0x5e
 877 046f 61020000 		.4byte	0x261
 878 0473 02       		.byte	0x2
 879 0474 23       		.byte	0x23
 880 0475 10       		.uleb128 0x10
 881 0476 06       		.uleb128 0x6
 882 0477 C4020000 		.4byte	.LASF64
 883 047b 09       		.byte	0x9
 884 047c 5F       		.byte	0x5f
 885 047d 61020000 		.4byte	0x261
 886 0481 02       		.byte	0x2
 887 0482 23       		.byte	0x23
 888 0483 14       		.uleb128 0x14
 889 0484 06       		.uleb128 0x6
 890 0485 C9030000 		.4byte	.LASF65
 891 0489 09       		.byte	0x9
 892 048a 62       		.byte	0x62
 893 048b 61020000 		.4byte	0x261
 894 048f 02       		.byte	0x2
 895 0490 23       		.byte	0x23
 896 0491 18       		.uleb128 0x18
 897 0492 00       		.byte	0
 898 0493 03       		.uleb128 0x3
 899 0494 38040000 		.4byte	.LASF66
 900 0498 09       		.byte	0x9
ARM GAS  /tmp/ccU0zfrf.s 			page 17


 901 0499 64       		.byte	0x64
 902 049a 36040000 		.4byte	0x436
 903 049e 05       		.uleb128 0x5
 904 049f F1010000 		.4byte	.LASF67
 905 04a3 10       		.byte	0x10
 906 04a4 0A       		.byte	0xa
 907 04a5 25       		.byte	0x25
 908 04a6 D5040000 		.4byte	0x4d5
 909 04aa 06       		.uleb128 0x6
 910 04ab E8000000 		.4byte	.LASF68
 911 04af 0A       		.byte	0xa
 912 04b0 26       		.byte	0x26
 913 04b1 67020000 		.4byte	0x267
 914 04b5 02       		.byte	0x2
 915 04b6 23       		.byte	0x23
 916 04b7 00       		.uleb128 0
 917 04b8 06       		.uleb128 0x6
 918 04b9 86040000 		.4byte	.LASF69
 919 04bd 0A       		.byte	0xa
 920 04be 28       		.byte	0x28
 921 04bf 61020000 		.4byte	0x261
 922 04c3 02       		.byte	0x2
 923 04c4 23       		.byte	0x23
 924 04c5 08       		.uleb128 0x8
 925 04c6 06       		.uleb128 0x6
 926 04c7 D8030000 		.4byte	.LASF70
 927 04cb 0A       		.byte	0xa
 928 04cc 2A       		.byte	0x2a
 929 04cd D5040000 		.4byte	0x4d5
 930 04d1 02       		.byte	0x2
 931 04d2 23       		.byte	0x23
 932 04d3 0C       		.uleb128 0xc
 933 04d4 00       		.byte	0
 934 04d5 09       		.uleb128 0x9
 935 04d6 04       		.byte	0x4
 936 04d7 9E040000 		.4byte	0x49e
 937 04db 03       		.uleb128 0x3
 938 04dc F1010000 		.4byte	.LASF67
 939 04e0 0A       		.byte	0xa
 940 04e1 2C       		.byte	0x2c
 941 04e2 9E040000 		.4byte	0x49e
 942 04e6 10       		.uleb128 0x10
 943 04e7 04       		.byte	0x4
 944 04e8 06       		.byte	0x6
 945 04e9 8F       		.byte	0x8f
 946 04ea 1B050000 		.4byte	0x51b
 947 04ee 11       		.uleb128 0x11
 948 04ef 22000000 		.4byte	.LASF71
 949 04f3 06       		.byte	0x6
 950 04f4 96       		.byte	0x96
 951 04f5 EB000000 		.4byte	0xeb
 952 04f9 11       		.uleb128 0x11
 953 04fa 71000000 		.4byte	.LASF72
 954 04fe 06       		.byte	0x6
 955 04ff 9D       		.byte	0x9d
 956 0500 EB000000 		.4byte	0xeb
 957 0504 11       		.uleb128 0x11
ARM GAS  /tmp/ccU0zfrf.s 			page 18


 958 0505 5B040000 		.4byte	.LASF73
 959 0509 06       		.byte	0x6
 960 050a A4       		.byte	0xa4
 961 050b 9F020000 		.4byte	0x29f
 962 050f 11       		.uleb128 0x11
 963 0510 5B030000 		.4byte	.LASF74
 964 0514 06       		.byte	0x6
 965 0515 AB       		.byte	0xab
 966 0516 F6000000 		.4byte	0xf6
 967 051a 00       		.byte	0
 968 051b 09       		.uleb128 0x9
 969 051c 04       		.byte	0x4
 970 051d 21050000 		.4byte	0x521
 971 0521 12       		.uleb128 0x12
 972 0522 26050000 		.4byte	0x526
 973 0526 04       		.uleb128 0x4
 974 0527 01       		.byte	0x1
 975 0528 08       		.byte	0x8
 976 0529 D3030000 		.4byte	.LASF75
 977 052d 09       		.uleb128 0x9
 978 052e 04       		.byte	0x4
 979 052f DB040000 		.4byte	0x4db
 980 0533 03       		.uleb128 0x3
 981 0534 00000000 		.4byte	.LASF76
 982 0538 06       		.byte	0x6
 983 0539 DE       		.byte	0xde
 984 053a 3E050000 		.4byte	0x53e
 985 053e 09       		.uleb128 0x9
 986 053f 04       		.byte	0x4
 987 0540 44050000 		.4byte	0x544
 988 0544 13       		.uleb128 0x13
 989 0545 01       		.byte	0x1
 990 0546 EB000000 		.4byte	0xeb
 991 054a 54050000 		.4byte	0x554
 992 054e 0E       		.uleb128 0xe
 993 054f 9F020000 		.4byte	0x29f
 994 0553 00       		.byte	0
 995 0554 08       		.uleb128 0x8
 996 0555 16       		.byte	0x16
 997 0556 0B       		.byte	0xb
 998 0557 25       		.byte	0x25
 999 0558 59060000 		.4byte	0x659
 1000 055c 06       		.uleb128 0x6
 1001 055d A2010000 		.4byte	.LASF77
 1002 0561 0B       		.byte	0xb
 1003 0562 26       		.byte	0x26
 1004 0563 59060000 		.4byte	0x659
 1005 0567 02       		.byte	0x2
 1006 0568 23       		.byte	0x23
 1007 0569 00       		.uleb128 0
 1008 056a 06       		.uleb128 0x6
 1009 056b 14020000 		.4byte	.LASF78
 1010 056f 0B       		.byte	0xb
 1011 0570 27       		.byte	0x27
 1012 0571 45000000 		.4byte	0x45
 1013 0575 02       		.byte	0x2
 1014 0576 23       		.byte	0x23
ARM GAS  /tmp/ccU0zfrf.s 			page 19


 1015 0577 04       		.uleb128 0x4
 1016 0578 06       		.uleb128 0x6
 1017 0579 B0020000 		.4byte	.LASF79
 1018 057d 0B       		.byte	0xb
 1019 057e 28       		.byte	0x28
 1020 057f 45000000 		.4byte	0x45
 1021 0583 02       		.byte	0x2
 1022 0584 23       		.byte	0x23
 1023 0585 05       		.uleb128 0x5
 1024 0586 06       		.uleb128 0x6
 1025 0587 74040000 		.4byte	.LASF80
 1026 058b 0B       		.byte	0xb
 1027 058c 29       		.byte	0x29
 1028 058d 5E000000 		.4byte	0x5e
 1029 0591 02       		.byte	0x2
 1030 0592 23       		.byte	0x23
 1031 0593 06       		.uleb128 0x6
 1032 0594 06       		.uleb128 0x6
 1033 0595 E1020000 		.4byte	.LASF81
 1034 0599 0B       		.byte	0xb
 1035 059a 2A       		.byte	0x2a
 1036 059b 45000000 		.4byte	0x45
 1037 059f 02       		.byte	0x2
 1038 05a0 23       		.byte	0x23
 1039 05a1 08       		.uleb128 0x8
 1040 05a2 06       		.uleb128 0x6
 1041 05a3 7D020000 		.4byte	.LASF82
 1042 05a7 0B       		.byte	0xb
 1043 05a8 2B       		.byte	0x2b
 1044 05a9 45000000 		.4byte	0x45
 1045 05ad 02       		.byte	0x2
 1046 05ae 23       		.byte	0x23
 1047 05af 09       		.uleb128 0x9
 1048 05b0 06       		.uleb128 0x6
 1049 05b1 63000000 		.4byte	.LASF83
 1050 05b5 0B       		.byte	0xb
 1051 05b6 2C       		.byte	0x2c
 1052 05b7 45000000 		.4byte	0x45
 1053 05bb 02       		.byte	0x2
 1054 05bc 23       		.byte	0x23
 1055 05bd 0A       		.uleb128 0xa
 1056 05be 06       		.uleb128 0x6
 1057 05bf A8030000 		.4byte	.LASF84
 1058 05c3 0B       		.byte	0xb
 1059 05c4 2D       		.byte	0x2d
 1060 05c5 45000000 		.4byte	0x45
 1061 05c9 02       		.byte	0x2
 1062 05ca 23       		.byte	0x23
 1063 05cb 0B       		.uleb128 0xb
 1064 05cc 06       		.uleb128 0x6
 1065 05cd 26040000 		.4byte	.LASF85
 1066 05d1 0B       		.byte	0xb
 1067 05d2 2E       		.byte	0x2e
 1068 05d3 45000000 		.4byte	0x45
 1069 05d7 02       		.byte	0x2
 1070 05d8 23       		.byte	0x23
 1071 05d9 0C       		.uleb128 0xc
ARM GAS  /tmp/ccU0zfrf.s 			page 20


 1072 05da 06       		.uleb128 0x6
 1073 05db 87030000 		.4byte	.LASF86
 1074 05df 0B       		.byte	0xb
 1075 05e0 2F       		.byte	0x2f
 1076 05e1 45000000 		.4byte	0x45
 1077 05e5 02       		.byte	0x2
 1078 05e6 23       		.byte	0x23
 1079 05e7 0D       		.uleb128 0xd
 1080 05e8 06       		.uleb128 0x6
 1081 05e9 08000000 		.4byte	.LASF87
 1082 05ed 0B       		.byte	0xb
 1083 05ee 30       		.byte	0x30
 1084 05ef 45000000 		.4byte	0x45
 1085 05f3 02       		.byte	0x2
 1086 05f4 23       		.byte	0x23
 1087 05f5 0E       		.uleb128 0xe
 1088 05f6 06       		.uleb128 0x6
 1089 05f7 89020000 		.4byte	.LASF88
 1090 05fb 0B       		.byte	0xb
 1091 05fc 31       		.byte	0x31
 1092 05fd 45000000 		.4byte	0x45
 1093 0601 02       		.byte	0x2
 1094 0602 23       		.byte	0x23
 1095 0603 0F       		.uleb128 0xf
 1096 0604 06       		.uleb128 0x6
 1097 0605 C3000000 		.4byte	.LASF89
 1098 0609 0B       		.byte	0xb
 1099 060a 32       		.byte	0x32
 1100 060b 45000000 		.4byte	0x45
 1101 060f 02       		.byte	0x2
 1102 0610 23       		.byte	0x23
 1103 0611 10       		.uleb128 0x10
 1104 0612 06       		.uleb128 0x6
 1105 0613 8C000000 		.4byte	.LASF90
 1106 0617 0B       		.byte	0xb
 1107 0618 34       		.byte	0x34
 1108 0619 45000000 		.4byte	0x45
 1109 061d 02       		.byte	0x2
 1110 061e 23       		.byte	0x23
 1111 061f 11       		.uleb128 0x11
 1112 0620 06       		.uleb128 0x6
 1113 0621 D3000000 		.4byte	.LASF91
 1114 0625 0B       		.byte	0xb
 1115 0626 35       		.byte	0x35
 1116 0627 45000000 		.4byte	0x45
 1117 062b 02       		.byte	0x2
 1118 062c 23       		.byte	0x23
 1119 062d 12       		.uleb128 0x12
 1120 062e 06       		.uleb128 0x6
 1121 062f 1C020000 		.4byte	.LASF92
 1122 0633 0B       		.byte	0xb
 1123 0634 36       		.byte	0x36
 1124 0635 45000000 		.4byte	0x45
 1125 0639 02       		.byte	0x2
 1126 063a 23       		.byte	0x23
 1127 063b 13       		.uleb128 0x13
 1128 063c 06       		.uleb128 0x6
ARM GAS  /tmp/ccU0zfrf.s 			page 21


 1129 063d 69030000 		.4byte	.LASF93
 1130 0641 0B       		.byte	0xb
 1131 0642 37       		.byte	0x37
 1132 0643 45000000 		.4byte	0x45
 1133 0647 02       		.byte	0x2
 1134 0648 23       		.byte	0x23
 1135 0649 14       		.uleb128 0x14
 1136 064a 06       		.uleb128 0x6
 1137 064b 48030000 		.4byte	.LASF94
 1138 064f 0B       		.byte	0xb
 1139 0650 39       		.byte	0x39
 1140 0651 45000000 		.4byte	0x45
 1141 0655 02       		.byte	0x2
 1142 0656 23       		.byte	0x23
 1143 0657 15       		.uleb128 0x15
 1144 0658 00       		.byte	0
 1145 0659 14       		.uleb128 0x14
 1146 065a 26050000 		.4byte	0x526
 1147 065e 69060000 		.4byte	0x669
 1148 0662 15       		.uleb128 0x15
 1149 0663 5D030000 		.4byte	0x35d
 1150 0667 03       		.byte	0x3
 1151 0668 00       		.byte	0
 1152 0669 03       		.uleb128 0x3
 1153 066a 15010000 		.4byte	.LASF95
 1154 066e 0B       		.byte	0xb
 1155 066f 3A       		.byte	0x3a
 1156 0670 54050000 		.4byte	0x554
 1157 0674 16       		.uleb128 0x16
 1158 0675 01       		.byte	0x1
 1159 0676 CC020000 		.4byte	.LASF96
 1160 067a 01       		.byte	0x1
 1161 067b 36       		.byte	0x36
 1162 067c 01       		.byte	0x1
 1163 067d 00000000 		.4byte	.LFB7
 1164 0681 14000000 		.4byte	.LFE7
 1165 0685 02       		.byte	0x2
 1166 0686 7D       		.byte	0x7d
 1167 0687 00       		.sleb128 0
 1168 0688 01       		.byte	0x1
 1169 0689 99060000 		.4byte	0x699
 1170 068d 17       		.uleb128 0x17
 1171 068e 7000     		.ascii	"p\000"
 1172 0690 01       		.byte	0x1
 1173 0691 36       		.byte	0x36
 1174 0692 9F020000 		.4byte	0x29f
 1175 0696 01       		.byte	0x1
 1176 0697 50       		.byte	0x50
 1177 0698 00       		.byte	0
 1178 0699 18       		.uleb128 0x18
 1179 069a 01       		.byte	0x1
 1180 069b 50010000 		.4byte	.LASF97
 1181 069f 01       		.byte	0x1
 1182 06a0 4D       		.byte	0x4d
 1183 06a1 01       		.byte	0x1
 1184 06a2 00000000 		.4byte	.LFB8
 1185 06a6 5C000000 		.4byte	.LFE8
ARM GAS  /tmp/ccU0zfrf.s 			page 22


 1186 06aa 00000000 		.4byte	.LLST0
 1187 06ae 01       		.byte	0x1
 1188 06af 59070000 		.4byte	0x759
 1189 06b3 19       		.uleb128 0x19
 1190 06b4 7A000000 		.4byte	.LASF98
 1191 06b8 01       		.byte	0x1
 1192 06b9 4E       		.byte	0x4e
 1193 06ba 0C010000 		.4byte	0x10c
 1194 06be 05       		.byte	0x5
 1195 06bf 03       		.byte	0x3
 1196 06c0 00000000 		.4byte	mainthread.4776
 1197 06c4 1A       		.uleb128 0x1a
 1198 06c5 28000000 		.4byte	.LBB2
 1199 06c9 30000000 		.4byte	.LBE2
 1200 06cd E1060000 		.4byte	0x6e1
 1201 06d1 1B       		.uleb128 0x1b
 1202 06d2 746D7000 		.ascii	"tmp\000"
 1203 06d6 01       		.byte	0x1
 1204 06d7 68       		.byte	0x68
 1205 06d8 82000000 		.4byte	0x82
 1206 06dc 2C000000 		.4byte	.LLST1
 1207 06e0 00       		.byte	0
 1208 06e1 1C       		.uleb128 0x1c
 1209 06e2 08000000 		.4byte	.LVL1
 1210 06e6 29080000 		.4byte	0x829
 1211 06ea 1C       		.uleb128 0x1c
 1212 06eb 0C000000 		.4byte	.LVL2
 1213 06ef 34080000 		.4byte	0x834
 1214 06f3 1C       		.uleb128 0x1c
 1215 06f4 10000000 		.4byte	.LVL3
 1216 06f8 3E080000 		.4byte	0x83e
 1217 06fc 1C       		.uleb128 0x1c
 1218 06fd 14000000 		.4byte	.LVL4
 1219 0701 48080000 		.4byte	0x848
 1220 0705 1C       		.uleb128 0x1c
 1221 0706 18000000 		.4byte	.LVL5
 1222 070a 52080000 		.4byte	0x852
 1223 070e 1D       		.uleb128 0x1d
 1224 070f 20000000 		.4byte	.LVL6
 1225 0713 5C080000 		.4byte	0x85c
 1226 0717 2B070000 		.4byte	0x72b
 1227 071b 1E       		.uleb128 0x1e
 1228 071c 01       		.byte	0x1
 1229 071d 51       		.byte	0x51
 1230 071e 02       		.byte	0x2
 1231 071f 08       		.byte	0x8
 1232 0720 40       		.byte	0x40
 1233 0721 1E       		.uleb128 0x1e
 1234 0722 01       		.byte	0x1
 1235 0723 50       		.byte	0x50
 1236 0724 05       		.byte	0x5
 1237 0725 03       		.byte	0x3
 1238 0726 00000000 		.4byte	.LANCHOR0
 1239 072a 00       		.byte	0
 1240 072b 1F       		.uleb128 0x1f
 1241 072c 42000000 		.4byte	.LVL10
 1242 0730 7A080000 		.4byte	0x87a
ARM GAS  /tmp/ccU0zfrf.s 			page 23


 1243 0734 1E       		.uleb128 0x1e
 1244 0735 01       		.byte	0x1
 1245 0736 53       		.byte	0x53
 1246 0737 05       		.byte	0x5
 1247 0738 03       		.byte	0x3
 1248 0739 00000000 		.4byte	_idle_thread
 1249 073d 1E       		.uleb128 0x1e
 1250 073e 01       		.byte	0x1
 1251 073f 52       		.byte	0x52
 1252 0740 01       		.byte	0x1
 1253 0741 31       		.byte	0x31
 1254 0742 1E       		.uleb128 0x1e
 1255 0743 01       		.byte	0x1
 1256 0744 51       		.byte	0x51
 1257 0745 02       		.byte	0x2
 1258 0746 08       		.byte	0x8
 1259 0747 C0       		.byte	0xc0
 1260 0748 1E       		.uleb128 0x1e
 1261 0749 01       		.byte	0x1
 1262 074a 50       		.byte	0x50
 1263 074b 05       		.byte	0x5
 1264 074c 03       		.byte	0x3
 1265 074d 00000000 		.4byte	.LANCHOR1
 1266 0751 1E       		.uleb128 0x1e
 1267 0752 02       		.byte	0x2
 1268 0753 7D       		.byte	0x7d
 1269 0754 00       		.sleb128 0
 1270 0755 01       		.byte	0x1
 1271 0756 30       		.byte	0x30
 1272 0757 00       		.byte	0
 1273 0758 00       		.byte	0
 1274 0759 20       		.uleb128 0x20
 1275 075a 01       		.byte	0x1
 1276 075b 39000000 		.4byte	.LASF99
 1277 075f 01       		.byte	0x1
 1278 0760 82       		.byte	0x82
 1279 0761 01       		.byte	0x1
 1280 0762 00000000 		.4byte	.LFB9
 1281 0766 58000000 		.4byte	.LFE9
 1282 076a 3F000000 		.4byte	.LLST2
 1283 076e 01       		.byte	0x1
 1284 076f DB070000 		.4byte	0x7db
 1285 0773 21       		.uleb128 0x21
 1286 0774 22000000 		.4byte	.LBB3
 1287 0778 58000000 		.4byte	.LBE3
 1288 077c 1B       		.uleb128 0x1b
 1289 077d 76747000 		.ascii	"vtp\000"
 1290 0781 01       		.byte	0x1
 1291 0782 8F       		.byte	0x8f
 1292 0783 DF030000 		.4byte	0x3df
 1293 0787 5F000000 		.4byte	.LLST3
 1294 078b 21       		.uleb128 0x21
 1295 078c 2A000000 		.4byte	.LBB4
 1296 0790 44000000 		.4byte	.LBE4
 1297 0794 1B       		.uleb128 0x1b
 1298 0795 666E00   		.ascii	"fn\000"
 1299 0798 01       		.byte	0x1
ARM GAS  /tmp/ccU0zfrf.s 			page 24


 1300 0799 8F       		.byte	0x8f
 1301 079a 64030000 		.4byte	0x364
 1302 079e 7D000000 		.4byte	.LLST4
 1303 07a2 1A       		.uleb128 0x1a
 1304 07a3 34000000 		.4byte	.LBB5
 1305 07a7 3A000000 		.4byte	.LBE5
 1306 07ab BF070000 		.4byte	0x7bf
 1307 07af 1B       		.uleb128 0x1b
 1308 07b0 746D7000 		.ascii	"tmp\000"
 1309 07b4 01       		.byte	0x1
 1310 07b5 8F       		.byte	0x8f
 1311 07b6 82000000 		.4byte	0x82
 1312 07ba 90000000 		.4byte	.LLST5
 1313 07be 00       		.byte	0
 1314 07bf 21       		.uleb128 0x21
 1315 07c0 3E000000 		.4byte	.LBB6
 1316 07c4 44000000 		.4byte	.LBE6
 1317 07c8 1B       		.uleb128 0x1b
 1318 07c9 746D7000 		.ascii	"tmp\000"
 1319 07cd 01       		.byte	0x1
 1320 07ce 8F       		.byte	0x8f
 1321 07cf 82000000 		.4byte	0x82
 1322 07d3 A3000000 		.4byte	.LLST6
 1323 07d7 00       		.byte	0
 1324 07d8 00       		.byte	0
 1325 07d9 00       		.byte	0
 1326 07da 00       		.byte	0
 1327 07db 22       		.uleb128 0x22
 1328 07dc 32000000 		.4byte	.LASF100
 1329 07e0 08       		.byte	0x8
 1330 07e1 EE       		.byte	0xee
 1331 07e2 2B040000 		.4byte	0x42b
 1332 07e6 01       		.byte	0x1
 1333 07e7 01       		.byte	0x1
 1334 07e8 22       		.uleb128 0x22
 1335 07e9 42040000 		.4byte	.LASF101
 1336 07ed 09       		.byte	0x9
 1337 07ee 68       		.byte	0x68
 1338 07ef 93040000 		.4byte	0x493
 1339 07f3 01       		.byte	0x1
 1340 07f4 01       		.byte	0x1
 1341 07f5 22       		.uleb128 0x22
 1342 07f6 99010000 		.4byte	.LASF102
 1343 07fa 0B       		.byte	0xb
 1344 07fb 77       		.byte	0x77
 1345 07fc 02080000 		.4byte	0x802
 1346 0800 01       		.byte	0x1
 1347 0801 01       		.byte	0x1
 1348 0802 12       		.uleb128 0x12
 1349 0803 69060000 		.4byte	0x669
 1350 0807 14       		.uleb128 0x14
 1351 0808 A1020000 		.4byte	0x2a1
 1352 080c 17080000 		.4byte	0x817
 1353 0810 15       		.uleb128 0x15
 1354 0811 5D030000 		.4byte	0x35d
 1355 0815 17       		.byte	0x17
 1356 0816 00       		.byte	0
ARM GAS  /tmp/ccU0zfrf.s 			page 25


 1357 0817 23       		.uleb128 0x23
 1358 0818 27010000 		.4byte	.LASF103
 1359 081c 01       		.byte	0x1
 1360 081d 2A       		.byte	0x2a
 1361 081e 07080000 		.4byte	0x807
 1362 0822 01       		.byte	0x1
 1363 0823 05       		.byte	0x5
 1364 0824 03       		.byte	0x3
 1365 0825 00000000 		.4byte	_idle_thread_wa
 1366 0829 24       		.uleb128 0x24
 1367 082a 01       		.byte	0x1
 1368 082b 50040000 		.4byte	.LASF104
 1369 082f 07       		.byte	0x7
 1370 0830 FB01     		.2byte	0x1fb
 1371 0832 01       		.byte	0x1
 1372 0833 01       		.byte	0x1
 1373 0834 25       		.uleb128 0x25
 1374 0835 01       		.byte	0x1
 1375 0836 99000000 		.4byte	.LASF105
 1376 083a 09       		.byte	0x9
 1377 083b 87       		.byte	0x87
 1378 083c 01       		.byte	0x1
 1379 083d 01       		.byte	0x1
 1380 083e 25       		.uleb128 0x25
 1381 083f 01       		.byte	0x1
 1382 0840 FD030000 		.4byte	.LASF106
 1383 0844 08       		.byte	0x8
 1384 0845 F6       		.byte	0xf6
 1385 0846 01       		.byte	0x1
 1386 0847 01       		.byte	0x1
 1387 0848 25       		.uleb128 0x25
 1388 0849 01       		.byte	0x1
 1389 084a 17030000 		.4byte	.LASF107
 1390 084e 0C       		.byte	0xc
 1391 084f 4A       		.byte	0x4a
 1392 0850 01       		.byte	0x1
 1393 0851 01       		.byte	0x1
 1394 0852 25       		.uleb128 0x25
 1395 0853 01       		.byte	0x1
 1396 0854 5A010000 		.4byte	.LASF108
 1397 0858 0D       		.byte	0xd
 1398 0859 4E       		.byte	0x4e
 1399 085a 01       		.byte	0x1
 1400 085b 01       		.byte	0x1
 1401 085c 26       		.uleb128 0x26
 1402 085d 01       		.byte	0x1
 1403 085e 72010000 		.4byte	.LASF111
 1404 0862 06       		.byte	0x6
 1405 0863 6301     		.2byte	0x163
 1406 0865 01       		.byte	0x1
 1407 0866 61020000 		.4byte	0x261
 1408 086a 01       		.byte	0x1
 1409 086b 7A080000 		.4byte	0x87a
 1410 086f 0E       		.uleb128 0xe
 1411 0870 61020000 		.4byte	0x261
 1412 0874 0E       		.uleb128 0xe
 1413 0875 E0000000 		.4byte	0xe0
ARM GAS  /tmp/ccU0zfrf.s 			page 26


 1414 0879 00       		.byte	0
 1415 087a 27       		.uleb128 0x27
 1416 087b 01       		.byte	0x1
 1417 087c 02020000 		.4byte	.LASF112
 1418 0880 06       		.byte	0x6
 1419 0881 6901     		.2byte	0x169
 1420 0883 01       		.byte	0x1
 1421 0884 61020000 		.4byte	0x261
 1422 0888 01       		.byte	0x1
 1423 0889 0E       		.uleb128 0xe
 1424 088a 9F020000 		.4byte	0x29f
 1425 088e 0E       		.uleb128 0xe
 1426 088f 2C000000 		.4byte	0x2c
 1427 0893 0E       		.uleb128 0xe
 1428 0894 E0000000 		.4byte	0xe0
 1429 0898 0E       		.uleb128 0xe
 1430 0899 33050000 		.4byte	0x533
 1431 089d 0E       		.uleb128 0xe
 1432 089e 9F020000 		.4byte	0x29f
 1433 08a2 00       		.byte	0
 1434 08a3 00       		.byte	0
 1435              		.section	.debug_abbrev,"",%progbits
 1436              	.Ldebug_abbrev0:
 1437 0000 01       		.uleb128 0x1
 1438 0001 11       		.uleb128 0x11
 1439 0002 01       		.byte	0x1
 1440 0003 25       		.uleb128 0x25
 1441 0004 0E       		.uleb128 0xe
 1442 0005 13       		.uleb128 0x13
 1443 0006 0B       		.uleb128 0xb
 1444 0007 03       		.uleb128 0x3
 1445 0008 0E       		.uleb128 0xe
 1446 0009 55       		.uleb128 0x55
 1447 000a 06       		.uleb128 0x6
 1448 000b 11       		.uleb128 0x11
 1449 000c 01       		.uleb128 0x1
 1450 000d 52       		.uleb128 0x52
 1451 000e 01       		.uleb128 0x1
 1452 000f 10       		.uleb128 0x10
 1453 0010 06       		.uleb128 0x6
 1454 0011 00       		.byte	0
 1455 0012 00       		.byte	0
 1456 0013 02       		.uleb128 0x2
 1457 0014 24       		.uleb128 0x24
 1458 0015 00       		.byte	0
 1459 0016 0B       		.uleb128 0xb
 1460 0017 0B       		.uleb128 0xb
 1461 0018 3E       		.uleb128 0x3e
 1462 0019 0B       		.uleb128 0xb
 1463 001a 03       		.uleb128 0x3
 1464 001b 08       		.uleb128 0x8
 1465 001c 00       		.byte	0
 1466 001d 00       		.byte	0
 1467 001e 03       		.uleb128 0x3
 1468 001f 16       		.uleb128 0x16
 1469 0020 00       		.byte	0
 1470 0021 03       		.uleb128 0x3
ARM GAS  /tmp/ccU0zfrf.s 			page 27


 1471 0022 0E       		.uleb128 0xe
 1472 0023 3A       		.uleb128 0x3a
 1473 0024 0B       		.uleb128 0xb
 1474 0025 3B       		.uleb128 0x3b
 1475 0026 0B       		.uleb128 0xb
 1476 0027 49       		.uleb128 0x49
 1477 0028 13       		.uleb128 0x13
 1478 0029 00       		.byte	0
 1479 002a 00       		.byte	0
 1480 002b 04       		.uleb128 0x4
 1481 002c 24       		.uleb128 0x24
 1482 002d 00       		.byte	0
 1483 002e 0B       		.uleb128 0xb
 1484 002f 0B       		.uleb128 0xb
 1485 0030 3E       		.uleb128 0x3e
 1486 0031 0B       		.uleb128 0xb
 1487 0032 03       		.uleb128 0x3
 1488 0033 0E       		.uleb128 0xe
 1489 0034 00       		.byte	0
 1490 0035 00       		.byte	0
 1491 0036 05       		.uleb128 0x5
 1492 0037 13       		.uleb128 0x13
 1493 0038 01       		.byte	0x1
 1494 0039 03       		.uleb128 0x3
 1495 003a 0E       		.uleb128 0xe
 1496 003b 0B       		.uleb128 0xb
 1497 003c 0B       		.uleb128 0xb
 1498 003d 3A       		.uleb128 0x3a
 1499 003e 0B       		.uleb128 0xb
 1500 003f 3B       		.uleb128 0x3b
 1501 0040 0B       		.uleb128 0xb
 1502 0041 01       		.uleb128 0x1
 1503 0042 13       		.uleb128 0x13
 1504 0043 00       		.byte	0
 1505 0044 00       		.byte	0
 1506 0045 06       		.uleb128 0x6
 1507 0046 0D       		.uleb128 0xd
 1508 0047 00       		.byte	0
 1509 0048 03       		.uleb128 0x3
 1510 0049 0E       		.uleb128 0xe
 1511 004a 3A       		.uleb128 0x3a
 1512 004b 0B       		.uleb128 0xb
 1513 004c 3B       		.uleb128 0x3b
 1514 004d 0B       		.uleb128 0xb
 1515 004e 49       		.uleb128 0x49
 1516 004f 13       		.uleb128 0x13
 1517 0050 38       		.uleb128 0x38
 1518 0051 0A       		.uleb128 0xa
 1519 0052 00       		.byte	0
 1520 0053 00       		.byte	0
 1521 0054 07       		.uleb128 0x7
 1522 0055 0D       		.uleb128 0xd
 1523 0056 00       		.byte	0
 1524 0057 03       		.uleb128 0x3
 1525 0058 08       		.uleb128 0x8
 1526 0059 3A       		.uleb128 0x3a
 1527 005a 0B       		.uleb128 0xb
ARM GAS  /tmp/ccU0zfrf.s 			page 28


 1528 005b 3B       		.uleb128 0x3b
 1529 005c 0B       		.uleb128 0xb
 1530 005d 49       		.uleb128 0x49
 1531 005e 13       		.uleb128 0x13
 1532 005f 38       		.uleb128 0x38
 1533 0060 0A       		.uleb128 0xa
 1534 0061 00       		.byte	0
 1535 0062 00       		.byte	0
 1536 0063 08       		.uleb128 0x8
 1537 0064 13       		.uleb128 0x13
 1538 0065 01       		.byte	0x1
 1539 0066 0B       		.uleb128 0xb
 1540 0067 0B       		.uleb128 0xb
 1541 0068 3A       		.uleb128 0x3a
 1542 0069 0B       		.uleb128 0xb
 1543 006a 3B       		.uleb128 0x3b
 1544 006b 0B       		.uleb128 0xb
 1545 006c 01       		.uleb128 0x1
 1546 006d 13       		.uleb128 0x13
 1547 006e 00       		.byte	0
 1548 006f 00       		.byte	0
 1549 0070 09       		.uleb128 0x9
 1550 0071 0F       		.uleb128 0xf
 1551 0072 00       		.byte	0
 1552 0073 0B       		.uleb128 0xb
 1553 0074 0B       		.uleb128 0xb
 1554 0075 49       		.uleb128 0x49
 1555 0076 13       		.uleb128 0x13
 1556 0077 00       		.byte	0
 1557 0078 00       		.byte	0
 1558 0079 0A       		.uleb128 0xa
 1559 007a 0F       		.uleb128 0xf
 1560 007b 00       		.byte	0
 1561 007c 0B       		.uleb128 0xb
 1562 007d 0B       		.uleb128 0xb
 1563 007e 00       		.byte	0
 1564 007f 00       		.byte	0
 1565 0080 0B       		.uleb128 0xb
 1566 0081 13       		.uleb128 0x13
 1567 0082 01       		.byte	0x1
 1568 0083 03       		.uleb128 0x3
 1569 0084 0E       		.uleb128 0xe
 1570 0085 0B       		.uleb128 0xb
 1571 0086 0B       		.uleb128 0xb
 1572 0087 3A       		.uleb128 0x3a
 1573 0088 0B       		.uleb128 0xb
 1574 0089 3B       		.uleb128 0x3b
 1575 008a 05       		.uleb128 0x5
 1576 008b 01       		.uleb128 0x1
 1577 008c 13       		.uleb128 0x13
 1578 008d 00       		.byte	0
 1579 008e 00       		.byte	0
 1580 008f 0C       		.uleb128 0xc
 1581 0090 0D       		.uleb128 0xd
 1582 0091 00       		.byte	0
 1583 0092 03       		.uleb128 0x3
 1584 0093 08       		.uleb128 0x8
ARM GAS  /tmp/ccU0zfrf.s 			page 29


 1585 0094 3A       		.uleb128 0x3a
 1586 0095 0B       		.uleb128 0xb
 1587 0096 3B       		.uleb128 0x3b
 1588 0097 05       		.uleb128 0x5
 1589 0098 49       		.uleb128 0x49
 1590 0099 13       		.uleb128 0x13
 1591 009a 38       		.uleb128 0x38
 1592 009b 0A       		.uleb128 0xa
 1593 009c 00       		.byte	0
 1594 009d 00       		.byte	0
 1595 009e 0D       		.uleb128 0xd
 1596 009f 15       		.uleb128 0x15
 1597 00a0 01       		.byte	0x1
 1598 00a1 27       		.uleb128 0x27
 1599 00a2 0C       		.uleb128 0xc
 1600 00a3 01       		.uleb128 0x1
 1601 00a4 13       		.uleb128 0x13
 1602 00a5 00       		.byte	0
 1603 00a6 00       		.byte	0
 1604 00a7 0E       		.uleb128 0xe
 1605 00a8 05       		.uleb128 0x5
 1606 00a9 00       		.byte	0
 1607 00aa 49       		.uleb128 0x49
 1608 00ab 13       		.uleb128 0x13
 1609 00ac 00       		.byte	0
 1610 00ad 00       		.byte	0
 1611 00ae 0F       		.uleb128 0xf
 1612 00af 35       		.uleb128 0x35
 1613 00b0 00       		.byte	0
 1614 00b1 49       		.uleb128 0x49
 1615 00b2 13       		.uleb128 0x13
 1616 00b3 00       		.byte	0
 1617 00b4 00       		.byte	0
 1618 00b5 10       		.uleb128 0x10
 1619 00b6 17       		.uleb128 0x17
 1620 00b7 01       		.byte	0x1
 1621 00b8 0B       		.uleb128 0xb
 1622 00b9 0B       		.uleb128 0xb
 1623 00ba 3A       		.uleb128 0x3a
 1624 00bb 0B       		.uleb128 0xb
 1625 00bc 3B       		.uleb128 0x3b
 1626 00bd 0B       		.uleb128 0xb
 1627 00be 01       		.uleb128 0x1
 1628 00bf 13       		.uleb128 0x13
 1629 00c0 00       		.byte	0
 1630 00c1 00       		.byte	0
 1631 00c2 11       		.uleb128 0x11
 1632 00c3 0D       		.uleb128 0xd
 1633 00c4 00       		.byte	0
 1634 00c5 03       		.uleb128 0x3
 1635 00c6 0E       		.uleb128 0xe
 1636 00c7 3A       		.uleb128 0x3a
 1637 00c8 0B       		.uleb128 0xb
 1638 00c9 3B       		.uleb128 0x3b
 1639 00ca 0B       		.uleb128 0xb
 1640 00cb 49       		.uleb128 0x49
 1641 00cc 13       		.uleb128 0x13
ARM GAS  /tmp/ccU0zfrf.s 			page 30


 1642 00cd 00       		.byte	0
 1643 00ce 00       		.byte	0
 1644 00cf 12       		.uleb128 0x12
 1645 00d0 26       		.uleb128 0x26
 1646 00d1 00       		.byte	0
 1647 00d2 49       		.uleb128 0x49
 1648 00d3 13       		.uleb128 0x13
 1649 00d4 00       		.byte	0
 1650 00d5 00       		.byte	0
 1651 00d6 13       		.uleb128 0x13
 1652 00d7 15       		.uleb128 0x15
 1653 00d8 01       		.byte	0x1
 1654 00d9 27       		.uleb128 0x27
 1655 00da 0C       		.uleb128 0xc
 1656 00db 49       		.uleb128 0x49
 1657 00dc 13       		.uleb128 0x13
 1658 00dd 01       		.uleb128 0x1
 1659 00de 13       		.uleb128 0x13
 1660 00df 00       		.byte	0
 1661 00e0 00       		.byte	0
 1662 00e1 14       		.uleb128 0x14
 1663 00e2 01       		.uleb128 0x1
 1664 00e3 01       		.byte	0x1
 1665 00e4 49       		.uleb128 0x49
 1666 00e5 13       		.uleb128 0x13
 1667 00e6 01       		.uleb128 0x1
 1668 00e7 13       		.uleb128 0x13
 1669 00e8 00       		.byte	0
 1670 00e9 00       		.byte	0
 1671 00ea 15       		.uleb128 0x15
 1672 00eb 21       		.uleb128 0x21
 1673 00ec 00       		.byte	0
 1674 00ed 49       		.uleb128 0x49
 1675 00ee 13       		.uleb128 0x13
 1676 00ef 2F       		.uleb128 0x2f
 1677 00f0 0B       		.uleb128 0xb
 1678 00f1 00       		.byte	0
 1679 00f2 00       		.byte	0
 1680 00f3 16       		.uleb128 0x16
 1681 00f4 2E       		.uleb128 0x2e
 1682 00f5 01       		.byte	0x1
 1683 00f6 3F       		.uleb128 0x3f
 1684 00f7 0C       		.uleb128 0xc
 1685 00f8 03       		.uleb128 0x3
 1686 00f9 0E       		.uleb128 0xe
 1687 00fa 3A       		.uleb128 0x3a
 1688 00fb 0B       		.uleb128 0xb
 1689 00fc 3B       		.uleb128 0x3b
 1690 00fd 0B       		.uleb128 0xb
 1691 00fe 27       		.uleb128 0x27
 1692 00ff 0C       		.uleb128 0xc
 1693 0100 11       		.uleb128 0x11
 1694 0101 01       		.uleb128 0x1
 1695 0102 12       		.uleb128 0x12
 1696 0103 01       		.uleb128 0x1
 1697 0104 40       		.uleb128 0x40
 1698 0105 0A       		.uleb128 0xa
ARM GAS  /tmp/ccU0zfrf.s 			page 31


 1699 0106 9742     		.uleb128 0x2117
 1700 0108 0C       		.uleb128 0xc
 1701 0109 01       		.uleb128 0x1
 1702 010a 13       		.uleb128 0x13
 1703 010b 00       		.byte	0
 1704 010c 00       		.byte	0
 1705 010d 17       		.uleb128 0x17
 1706 010e 05       		.uleb128 0x5
 1707 010f 00       		.byte	0
 1708 0110 03       		.uleb128 0x3
 1709 0111 08       		.uleb128 0x8
 1710 0112 3A       		.uleb128 0x3a
 1711 0113 0B       		.uleb128 0xb
 1712 0114 3B       		.uleb128 0x3b
 1713 0115 0B       		.uleb128 0xb
 1714 0116 49       		.uleb128 0x49
 1715 0117 13       		.uleb128 0x13
 1716 0118 02       		.uleb128 0x2
 1717 0119 0A       		.uleb128 0xa
 1718 011a 00       		.byte	0
 1719 011b 00       		.byte	0
 1720 011c 18       		.uleb128 0x18
 1721 011d 2E       		.uleb128 0x2e
 1722 011e 01       		.byte	0x1
 1723 011f 3F       		.uleb128 0x3f
 1724 0120 0C       		.uleb128 0xc
 1725 0121 03       		.uleb128 0x3
 1726 0122 0E       		.uleb128 0xe
 1727 0123 3A       		.uleb128 0x3a
 1728 0124 0B       		.uleb128 0xb
 1729 0125 3B       		.uleb128 0x3b
 1730 0126 0B       		.uleb128 0xb
 1731 0127 27       		.uleb128 0x27
 1732 0128 0C       		.uleb128 0xc
 1733 0129 11       		.uleb128 0x11
 1734 012a 01       		.uleb128 0x1
 1735 012b 12       		.uleb128 0x12
 1736 012c 01       		.uleb128 0x1
 1737 012d 40       		.uleb128 0x40
 1738 012e 06       		.uleb128 0x6
 1739 012f 9742     		.uleb128 0x2117
 1740 0131 0C       		.uleb128 0xc
 1741 0132 01       		.uleb128 0x1
 1742 0133 13       		.uleb128 0x13
 1743 0134 00       		.byte	0
 1744 0135 00       		.byte	0
 1745 0136 19       		.uleb128 0x19
 1746 0137 34       		.uleb128 0x34
 1747 0138 00       		.byte	0
 1748 0139 03       		.uleb128 0x3
 1749 013a 0E       		.uleb128 0xe
 1750 013b 3A       		.uleb128 0x3a
 1751 013c 0B       		.uleb128 0xb
 1752 013d 3B       		.uleb128 0x3b
 1753 013e 0B       		.uleb128 0xb
 1754 013f 49       		.uleb128 0x49
 1755 0140 13       		.uleb128 0x13
ARM GAS  /tmp/ccU0zfrf.s 			page 32


 1756 0141 02       		.uleb128 0x2
 1757 0142 0A       		.uleb128 0xa
 1758 0143 00       		.byte	0
 1759 0144 00       		.byte	0
 1760 0145 1A       		.uleb128 0x1a
 1761 0146 0B       		.uleb128 0xb
 1762 0147 01       		.byte	0x1
 1763 0148 11       		.uleb128 0x11
 1764 0149 01       		.uleb128 0x1
 1765 014a 12       		.uleb128 0x12
 1766 014b 01       		.uleb128 0x1
 1767 014c 01       		.uleb128 0x1
 1768 014d 13       		.uleb128 0x13
 1769 014e 00       		.byte	0
 1770 014f 00       		.byte	0
 1771 0150 1B       		.uleb128 0x1b
 1772 0151 34       		.uleb128 0x34
 1773 0152 00       		.byte	0
 1774 0153 03       		.uleb128 0x3
 1775 0154 08       		.uleb128 0x8
 1776 0155 3A       		.uleb128 0x3a
 1777 0156 0B       		.uleb128 0xb
 1778 0157 3B       		.uleb128 0x3b
 1779 0158 0B       		.uleb128 0xb
 1780 0159 49       		.uleb128 0x49
 1781 015a 13       		.uleb128 0x13
 1782 015b 02       		.uleb128 0x2
 1783 015c 06       		.uleb128 0x6
 1784 015d 00       		.byte	0
 1785 015e 00       		.byte	0
 1786 015f 1C       		.uleb128 0x1c
 1787 0160 898201   		.uleb128 0x4109
 1788 0163 00       		.byte	0
 1789 0164 11       		.uleb128 0x11
 1790 0165 01       		.uleb128 0x1
 1791 0166 31       		.uleb128 0x31
 1792 0167 13       		.uleb128 0x13
 1793 0168 00       		.byte	0
 1794 0169 00       		.byte	0
 1795 016a 1D       		.uleb128 0x1d
 1796 016b 898201   		.uleb128 0x4109
 1797 016e 01       		.byte	0x1
 1798 016f 11       		.uleb128 0x11
 1799 0170 01       		.uleb128 0x1
 1800 0171 31       		.uleb128 0x31
 1801 0172 13       		.uleb128 0x13
 1802 0173 01       		.uleb128 0x1
 1803 0174 13       		.uleb128 0x13
 1804 0175 00       		.byte	0
 1805 0176 00       		.byte	0
 1806 0177 1E       		.uleb128 0x1e
 1807 0178 8A8201   		.uleb128 0x410a
 1808 017b 00       		.byte	0
 1809 017c 02       		.uleb128 0x2
 1810 017d 0A       		.uleb128 0xa
 1811 017e 9142     		.uleb128 0x2111
 1812 0180 0A       		.uleb128 0xa
ARM GAS  /tmp/ccU0zfrf.s 			page 33


 1813 0181 00       		.byte	0
 1814 0182 00       		.byte	0
 1815 0183 1F       		.uleb128 0x1f
 1816 0184 898201   		.uleb128 0x4109
 1817 0187 01       		.byte	0x1
 1818 0188 11       		.uleb128 0x11
 1819 0189 01       		.uleb128 0x1
 1820 018a 31       		.uleb128 0x31
 1821 018b 13       		.uleb128 0x13
 1822 018c 00       		.byte	0
 1823 018d 00       		.byte	0
 1824 018e 20       		.uleb128 0x20
 1825 018f 2E       		.uleb128 0x2e
 1826 0190 01       		.byte	0x1
 1827 0191 3F       		.uleb128 0x3f
 1828 0192 0C       		.uleb128 0xc
 1829 0193 03       		.uleb128 0x3
 1830 0194 0E       		.uleb128 0xe
 1831 0195 3A       		.uleb128 0x3a
 1832 0196 0B       		.uleb128 0xb
 1833 0197 3B       		.uleb128 0x3b
 1834 0198 0B       		.uleb128 0xb
 1835 0199 27       		.uleb128 0x27
 1836 019a 0C       		.uleb128 0xc
 1837 019b 11       		.uleb128 0x11
 1838 019c 01       		.uleb128 0x1
 1839 019d 12       		.uleb128 0x12
 1840 019e 01       		.uleb128 0x1
 1841 019f 40       		.uleb128 0x40
 1842 01a0 06       		.uleb128 0x6
 1843 01a1 9642     		.uleb128 0x2116
 1844 01a3 0C       		.uleb128 0xc
 1845 01a4 01       		.uleb128 0x1
 1846 01a5 13       		.uleb128 0x13
 1847 01a6 00       		.byte	0
 1848 01a7 00       		.byte	0
 1849 01a8 21       		.uleb128 0x21
 1850 01a9 0B       		.uleb128 0xb
 1851 01aa 01       		.byte	0x1
 1852 01ab 11       		.uleb128 0x11
 1853 01ac 01       		.uleb128 0x1
 1854 01ad 12       		.uleb128 0x12
 1855 01ae 01       		.uleb128 0x1
 1856 01af 00       		.byte	0
 1857 01b0 00       		.byte	0
 1858 01b1 22       		.uleb128 0x22
 1859 01b2 34       		.uleb128 0x34
 1860 01b3 00       		.byte	0
 1861 01b4 03       		.uleb128 0x3
 1862 01b5 0E       		.uleb128 0xe
 1863 01b6 3A       		.uleb128 0x3a
 1864 01b7 0B       		.uleb128 0xb
 1865 01b8 3B       		.uleb128 0x3b
 1866 01b9 0B       		.uleb128 0xb
 1867 01ba 49       		.uleb128 0x49
 1868 01bb 13       		.uleb128 0x13
 1869 01bc 3F       		.uleb128 0x3f
ARM GAS  /tmp/ccU0zfrf.s 			page 34


 1870 01bd 0C       		.uleb128 0xc
 1871 01be 3C       		.uleb128 0x3c
 1872 01bf 0C       		.uleb128 0xc
 1873 01c0 00       		.byte	0
 1874 01c1 00       		.byte	0
 1875 01c2 23       		.uleb128 0x23
 1876 01c3 34       		.uleb128 0x34
 1877 01c4 00       		.byte	0
 1878 01c5 03       		.uleb128 0x3
 1879 01c6 0E       		.uleb128 0xe
 1880 01c7 3A       		.uleb128 0x3a
 1881 01c8 0B       		.uleb128 0xb
 1882 01c9 3B       		.uleb128 0x3b
 1883 01ca 0B       		.uleb128 0xb
 1884 01cb 49       		.uleb128 0x49
 1885 01cc 13       		.uleb128 0x13
 1886 01cd 3F       		.uleb128 0x3f
 1887 01ce 0C       		.uleb128 0xc
 1888 01cf 02       		.uleb128 0x2
 1889 01d0 0A       		.uleb128 0xa
 1890 01d1 00       		.byte	0
 1891 01d2 00       		.byte	0
 1892 01d3 24       		.uleb128 0x24
 1893 01d4 2E       		.uleb128 0x2e
 1894 01d5 00       		.byte	0
 1895 01d6 3F       		.uleb128 0x3f
 1896 01d7 0C       		.uleb128 0xc
 1897 01d8 03       		.uleb128 0x3
 1898 01d9 0E       		.uleb128 0xe
 1899 01da 3A       		.uleb128 0x3a
 1900 01db 0B       		.uleb128 0xb
 1901 01dc 3B       		.uleb128 0x3b
 1902 01dd 05       		.uleb128 0x5
 1903 01de 27       		.uleb128 0x27
 1904 01df 0C       		.uleb128 0xc
 1905 01e0 3C       		.uleb128 0x3c
 1906 01e1 0C       		.uleb128 0xc
 1907 01e2 00       		.byte	0
 1908 01e3 00       		.byte	0
 1909 01e4 25       		.uleb128 0x25
 1910 01e5 2E       		.uleb128 0x2e
 1911 01e6 00       		.byte	0
 1912 01e7 3F       		.uleb128 0x3f
 1913 01e8 0C       		.uleb128 0xc
 1914 01e9 03       		.uleb128 0x3
 1915 01ea 0E       		.uleb128 0xe
 1916 01eb 3A       		.uleb128 0x3a
 1917 01ec 0B       		.uleb128 0xb
 1918 01ed 3B       		.uleb128 0x3b
 1919 01ee 0B       		.uleb128 0xb
 1920 01ef 27       		.uleb128 0x27
 1921 01f0 0C       		.uleb128 0xc
 1922 01f1 3C       		.uleb128 0x3c
 1923 01f2 0C       		.uleb128 0xc
 1924 01f3 00       		.byte	0
 1925 01f4 00       		.byte	0
 1926 01f5 26       		.uleb128 0x26
ARM GAS  /tmp/ccU0zfrf.s 			page 35


 1927 01f6 2E       		.uleb128 0x2e
 1928 01f7 01       		.byte	0x1
 1929 01f8 3F       		.uleb128 0x3f
 1930 01f9 0C       		.uleb128 0xc
 1931 01fa 03       		.uleb128 0x3
 1932 01fb 0E       		.uleb128 0xe
 1933 01fc 3A       		.uleb128 0x3a
 1934 01fd 0B       		.uleb128 0xb
 1935 01fe 3B       		.uleb128 0x3b
 1936 01ff 05       		.uleb128 0x5
 1937 0200 27       		.uleb128 0x27
 1938 0201 0C       		.uleb128 0xc
 1939 0202 49       		.uleb128 0x49
 1940 0203 13       		.uleb128 0x13
 1941 0204 3C       		.uleb128 0x3c
 1942 0205 0C       		.uleb128 0xc
 1943 0206 01       		.uleb128 0x1
 1944 0207 13       		.uleb128 0x13
 1945 0208 00       		.byte	0
 1946 0209 00       		.byte	0
 1947 020a 27       		.uleb128 0x27
 1948 020b 2E       		.uleb128 0x2e
 1949 020c 01       		.byte	0x1
 1950 020d 3F       		.uleb128 0x3f
 1951 020e 0C       		.uleb128 0xc
 1952 020f 03       		.uleb128 0x3
 1953 0210 0E       		.uleb128 0xe
 1954 0211 3A       		.uleb128 0x3a
 1955 0212 0B       		.uleb128 0xb
 1956 0213 3B       		.uleb128 0x3b
 1957 0214 05       		.uleb128 0x5
 1958 0215 27       		.uleb128 0x27
 1959 0216 0C       		.uleb128 0xc
 1960 0217 49       		.uleb128 0x49
 1961 0218 13       		.uleb128 0x13
 1962 0219 3C       		.uleb128 0x3c
 1963 021a 0C       		.uleb128 0xc
 1964 021b 00       		.byte	0
 1965 021c 00       		.byte	0
 1966 021d 00       		.byte	0
 1967              		.section	.debug_loc,"",%progbits
 1968              	.Ldebug_loc0:
 1969              	.LLST0:
 1970 0000 00000000 		.4byte	.LFB8
 1971 0004 02000000 		.4byte	.LCFI0
 1972 0008 0200     		.2byte	0x2
 1973 000a 7D       		.byte	0x7d
 1974 000b 00       		.sleb128 0
 1975 000c 02000000 		.4byte	.LCFI0
 1976 0010 04000000 		.4byte	.LCFI1
 1977 0014 0200     		.2byte	0x2
 1978 0016 7D       		.byte	0x7d
 1979 0017 08       		.sleb128 8
 1980 0018 04000000 		.4byte	.LCFI1
 1981 001c 5C000000 		.4byte	.LFE8
 1982 0020 0200     		.2byte	0x2
 1983 0022 7D       		.byte	0x7d
ARM GAS  /tmp/ccU0zfrf.s 			page 36


 1984 0023 10       		.sleb128 16
 1985 0024 00000000 		.4byte	0
 1986 0028 00000000 		.4byte	0
 1987              	.LLST1:
 1988 002c 30000000 		.4byte	.LVL8
 1989 0030 3E000000 		.4byte	.LVL9
 1990 0034 0100     		.2byte	0x1
 1991 0036 53       		.byte	0x53
 1992 0037 00000000 		.4byte	0
 1993 003b 00000000 		.4byte	0
 1994              	.LLST2:
 1995 003f 00000000 		.4byte	.LFB9
 1996 0043 02000000 		.4byte	.LCFI2
 1997 0047 0200     		.2byte	0x2
 1998 0049 7D       		.byte	0x7d
 1999 004a 00       		.sleb128 0
 2000 004b 02000000 		.4byte	.LCFI2
 2001 004f 58000000 		.4byte	.LFE9
 2002 0053 0200     		.2byte	0x2
 2003 0055 7D       		.byte	0x7d
 2004 0056 10       		.sleb128 16
 2005 0057 00000000 		.4byte	0
 2006 005b 00000000 		.4byte	0
 2007              	.LLST3:
 2008 005f 28000000 		.4byte	.LVL11
 2009 0063 3D000000 		.4byte	.LVL15-1
 2010 0067 0100     		.2byte	0x1
 2011 0069 52       		.byte	0x52
 2012 006a 46000000 		.4byte	.LVL18
 2013 006e 4C000000 		.4byte	.LVL20
 2014 0072 0100     		.2byte	0x1
 2015 0074 52       		.byte	0x52
 2016 0075 00000000 		.4byte	0
 2017 0079 00000000 		.4byte	0
 2018              	.LLST4:
 2019 007d 2E000000 		.4byte	.LVL12
 2020 0081 3D000000 		.4byte	.LVL15-1
 2021 0085 0100     		.2byte	0x1
 2022 0087 51       		.byte	0x51
 2023 0088 00000000 		.4byte	0
 2024 008c 00000000 		.4byte	0
 2025              	.LLST5:
 2026 0090 3A000000 		.4byte	.LVL14
 2027 0094 3D000000 		.4byte	.LVL15-1
 2028 0098 0100     		.2byte	0x1
 2029 009a 53       		.byte	0x53
 2030 009b 00000000 		.4byte	0
 2031 009f 00000000 		.4byte	0
 2032              	.LLST6:
 2033 00a3 44000000 		.4byte	.LVL17
 2034 00a7 48000000 		.4byte	.LVL19
 2035 00ab 0100     		.2byte	0x1
 2036 00ad 53       		.byte	0x53
 2037 00ae 00000000 		.4byte	0
 2038 00b2 00000000 		.4byte	0
 2039              		.section	.debug_aranges,"",%progbits
 2040 0000 2C000000 		.4byte	0x2c
ARM GAS  /tmp/ccU0zfrf.s 			page 37


 2041 0004 0200     		.2byte	0x2
 2042 0006 00000000 		.4byte	.Ldebug_info0
 2043 000a 04       		.byte	0x4
 2044 000b 00       		.byte	0
 2045 000c 0000     		.2byte	0
 2046 000e 0000     		.2byte	0
 2047 0010 00000000 		.4byte	.LFB7
 2048 0014 14000000 		.4byte	.LFE7-.LFB7
 2049 0018 00000000 		.4byte	.LFB8
 2050 001c 5C000000 		.4byte	.LFE8-.LFB8
 2051 0020 00000000 		.4byte	.LFB9
 2052 0024 58000000 		.4byte	.LFE9-.LFB9
 2053 0028 00000000 		.4byte	0
 2054 002c 00000000 		.4byte	0
 2055              		.section	.debug_ranges,"",%progbits
 2056              	.Ldebug_ranges0:
 2057 0000 00000000 		.4byte	.LFB7
 2058 0004 14000000 		.4byte	.LFE7
 2059 0008 00000000 		.4byte	.LFB8
 2060 000c 5C000000 		.4byte	.LFE8
 2061 0010 00000000 		.4byte	.LFB9
 2062 0014 58000000 		.4byte	.LFE9
 2063 0018 00000000 		.4byte	0
 2064 001c 00000000 		.4byte	0
 2065              		.section	.debug_line,"",%progbits
 2066              	.Ldebug_line0:
 2067 0000 A7020000 		.section	.debug_str,"MS",%progbits,1
 2067      02004F02 
 2067      00000201 
 2067      FB0E0D00 
 2067      01010101 
 2068              	.LASF76:
 2069 0000 7466756E 		.ascii	"tfunc_t\000"
 2069      635F7400 
 2070              	.LASF87:
 2071 0008 63665F6F 		.ascii	"cf_off_older\000"
 2071      66665F6F 
 2071      6C646572 
 2071      00
 2072              	.LASF39:
 2073 0015 705F6D73 		.ascii	"p_msg\000"
 2073      6700
 2074              	.LASF2:
 2075 001b 73697A65 		.ascii	"size_t\000"
 2075      5F7400
 2076              	.LASF71:
 2077 0022 7264796D 		.ascii	"rdymsg\000"
 2077      736700
 2078              	.LASF13:
 2079 0029 75696E74 		.ascii	"uint64_t\000"
 2079      36345F74 
 2079      00
 2080              	.LASF100:
 2081 0032 76746C69 		.ascii	"vtlist\000"
 2081      737400
 2082              	.LASF99:
 2083 0039 63685379 		.ascii	"chSysTimerHandlerI\000"
ARM GAS  /tmp/ccU0zfrf.s 			page 38


 2083      7354696D 
 2083      65724861 
 2083      6E646C65 
 2083      724900
 2084              	.LASF14:
 2085 004c 6C6F6E67 		.ascii	"long long unsigned int\000"
 2085      206C6F6E 
 2085      6720756E 
 2085      7369676E 
 2085      65642069 
 2086              	.LASF83:
 2087 0063 63685F74 		.ascii	"ch_threadsize\000"
 2087      68726561 
 2087      6473697A 
 2087      6500
 2088              	.LASF72:
 2089 0071 65786974 		.ascii	"exitcode\000"
 2089      636F6465 
 2089      00
 2090              	.LASF98:
 2091 007a 6D61696E 		.ascii	"mainthread\000"
 2091      74687265 
 2091      616400
 2092              	.LASF27:
 2093 0085 705F7072 		.ascii	"p_prio\000"
 2093      696F00
 2094              	.LASF90:
 2095 008c 63665F6F 		.ascii	"cf_off_state\000"
 2095      66665F73 
 2095      74617465 
 2095      00
 2096              	.LASF105:
 2097 0099 5F736368 		.ascii	"_scheduler_init\000"
 2097      6564756C 
 2097      65725F69 
 2097      6E697400 
 2098              	.LASF12:
 2099 00a9 6C6F6E67 		.ascii	"long long int\000"
 2099      206C6F6E 
 2099      6720696E 
 2099      7400
 2100              	.LASF1:
 2101 00b7 7369676E 		.ascii	"signed char\000"
 2101      65642063 
 2101      68617200 
 2102              	.LASF89:
 2103 00c3 63665F6F 		.ascii	"cf_off_stklimit\000"
 2103      66665F73 
 2103      746B6C69 
 2103      6D697400 
 2104              	.LASF91:
 2105 00d3 63665F6F 		.ascii	"cf_off_flags\000"
 2105      66665F66 
 2105      6C616773 
 2105      00
 2106              	.LASF43:
 2107 00e0 705F6D70 		.ascii	"p_mpool\000"
ARM GAS  /tmp/ccU0zfrf.s 			page 39


 2107      6F6F6C00 
 2108              	.LASF68:
 2109 00e8 6D5F7175 		.ascii	"m_queue\000"
 2109      65756500 
 2110              	.LASF19:
 2111 00f0 74736C69 		.ascii	"tslices_t\000"
 2111      6365735F 
 2111      7400
 2112              	.LASF9:
 2113 00fa 6C6F6E67 		.ascii	"long int\000"
 2113      20696E74 
 2113      00
 2114              	.LASF17:
 2115 0103 74737461 		.ascii	"tstate_t\000"
 2115      74655F74 
 2115      00
 2116              	.LASF6:
 2117 010c 75696E74 		.ascii	"uint16_t\000"
 2117      31365F74 
 2117      00
 2118              	.LASF95:
 2119 0115 63686465 		.ascii	"chdebug_t\000"
 2119      6275675F 
 2119      7400
 2120              	.LASF29:
 2121 011f 705F6E65 		.ascii	"p_newer\000"
 2121      77657200 
 2122              	.LASF103:
 2123 0127 5F69646C 		.ascii	"_idle_thread_wa\000"
 2123      655F7468 
 2123      72656164 
 2123      5F776100 
 2124              	.LASF63:
 2125 0137 725F6E65 		.ascii	"r_newer\000"
 2125      77657200 
 2126              	.LASF46:
 2127 013f 72656761 		.ascii	"regarm_t\000"
 2127      726D5F74 
 2127      00
 2128              	.LASF54:
 2129 0148 76745F70 		.ascii	"vt_prev\000"
 2129      72657600 
 2130              	.LASF97:
 2131 0150 63685379 		.ascii	"chSysInit\000"
 2131      73496E69 
 2131      7400
 2132              	.LASF108:
 2133 015a 5F686561 		.ascii	"_heap_init\000"
 2133      705F696E 
 2133      697400
 2134              	.LASF0:
 2135 0165 756E7369 		.ascii	"unsigned int\000"
 2135      676E6564 
 2135      20696E74 
 2135      00
 2136              	.LASF111:
 2137 0172 5F746872 		.ascii	"_thread_init\000"
ARM GAS  /tmp/ccU0zfrf.s 			page 40


 2137      6561645F 
 2137      696E6974 
 2137      00
 2138              	.LASF53:
 2139 017f 76745F6E 		.ascii	"vt_next\000"
 2139      65787400 
 2140              	.LASF11:
 2141 0187 6C6F6E67 		.ascii	"long unsigned int\000"
 2141      20756E73 
 2141      69676E65 
 2141      6420696E 
 2141      7400
 2142              	.LASF102:
 2143 0199 63685F64 		.ascii	"ch_debug\000"
 2143      65627567 
 2143      00
 2144              	.LASF77:
 2145 01a2 63685F69 		.ascii	"ch_identifier\000"
 2145      64656E74 
 2145      69666965 
 2145      7200
 2146              	.LASF49:
 2147 01b0 636F6E74 		.ascii	"context\000"
 2147      65787400 
 2148              	.LASF7:
 2149 01b8 73686F72 		.ascii	"short unsigned int\000"
 2149      7420756E 
 2149      7369676E 
 2149      65642069 
 2149      6E7400
 2150              	.LASF21:
 2151 01cb 6D73675F 		.ascii	"msg_t\000"
 2151      7400
 2152              	.LASF16:
 2153 01d1 746D6F64 		.ascii	"tmode_t\000"
 2153      655F7400 
 2154              	.LASF45:
 2155 01d9 54687265 		.ascii	"ThreadsList\000"
 2155      6164734C 
 2155      69737400 
 2156              	.LASF22:
 2157 01e5 6576656E 		.ascii	"eventmask_t\000"
 2157      746D6173 
 2157      6B5F7400 
 2158              	.LASF67:
 2159 01f1 4D757465 		.ascii	"Mutex\000"
 2159      7800
 2160              	.LASF47:
 2161 01f7 73746B61 		.ascii	"stkalign_t\000"
 2161      6C69676E 
 2161      5F7400
 2162              	.LASF112:
 2163 0202 63685468 		.ascii	"chThdCreateStatic\000"
 2163      64437265 
 2163      61746553 
 2163      74617469 
 2163      6300
ARM GAS  /tmp/ccU0zfrf.s 			page 41


 2164              	.LASF78:
 2165 0214 63685F7A 		.ascii	"ch_zero\000"
 2165      65726F00 
 2166              	.LASF92:
 2167 021c 63665F6F 		.ascii	"cf_off_refs\000"
 2167      66665F72 
 2167      65667300 
 2168              	.LASF55:
 2169 0228 76745F74 		.ascii	"vt_time\000"
 2169      696D6500 
 2170              	.LASF110:
 2171 0230 2F686F6D 		.ascii	"/home/dpeter/devel/sources/ChibiOS-RT/os/kernel/src"
 2171      652F6470 
 2171      65746572 
 2171      2F646576 
 2171      656C2F73 
 2172 0263 2F636873 		.ascii	"/chsys.c\000"
 2172      79732E63 
 2172      00
 2173              	.LASF50:
 2174 026c 73697A65 		.ascii	"sizetype\000"
 2174      74797065 
 2174      00
 2175              	.LASF56:
 2176 0275 76745F66 		.ascii	"vt_func\000"
 2176      756E6300 
 2177              	.LASF82:
 2178 027d 63685F74 		.ascii	"ch_timesize\000"
 2178      696D6573 
 2178      697A6500 
 2179              	.LASF88:
 2180 0289 63665F6F 		.ascii	"cf_off_name\000"
 2180      66665F6E 
 2180      616D6500 
 2181              	.LASF30:
 2182 0295 705F6F6C 		.ascii	"p_older\000"
 2182      64657200 
 2183              	.LASF62:
 2184 029d 725F6374 		.ascii	"r_ctx\000"
 2184      7800
 2185              	.LASF44:
 2186 02a3 54687265 		.ascii	"ThreadsQueue\000"
 2186      61647351 
 2186      75657565 
 2186      00
 2187              	.LASF79:
 2188 02b0 63685F73 		.ascii	"ch_size\000"
 2188      697A6500 
 2189              	.LASF109:
 2190 02b8 474E5520 		.ascii	"GNU C 4.7.3\000"
 2190      4320342E 
 2190      372E3300 
 2191              	.LASF64:
 2192 02c4 725F6F6C 		.ascii	"r_older\000"
 2192      64657200 
 2193              	.LASF96:
 2194 02cc 5F69646C 		.ascii	"_idle_thread\000"
ARM GAS  /tmp/ccU0zfrf.s 			page 42


 2194      655F7468 
 2194      72656164 
 2194      00
 2195              	.LASF18:
 2196 02d9 74726566 		.ascii	"trefs_t\000"
 2196      735F7400 
 2197              	.LASF81:
 2198 02e1 63685F70 		.ascii	"ch_ptrsize\000"
 2198      74727369 
 2198      7A6500
 2199              	.LASF26:
 2200 02ec 705F7072 		.ascii	"p_prev\000"
 2200      657600
 2201              	.LASF20:
 2202 02f3 74707269 		.ascii	"tprio_t\000"
 2202      6F5F7400 
 2203              	.LASF15:
 2204 02fb 5F426F6F 		.ascii	"_Bool\000"
 2204      6C00
 2205              	.LASF8:
 2206 0301 696E7433 		.ascii	"int32_t\000"
 2206      325F7400 
 2207              	.LASF4:
 2208 0309 756E7369 		.ascii	"unsigned char\000"
 2208      676E6564 
 2208      20636861 
 2208      7200
 2209              	.LASF107:
 2210 0317 5F636F72 		.ascii	"_core_init\000"
 2210      655F696E 
 2210      697400
 2211              	.LASF41:
 2212 0322 705F6D74 		.ascii	"p_mtxlist\000"
 2212      786C6973 
 2212      7400
 2213              	.LASF5:
 2214 032c 73686F72 		.ascii	"short int\000"
 2214      7420696E 
 2214      7400
 2215              	.LASF32:
 2216 0336 705F7374 		.ascii	"p_state\000"
 2216      61746500 
 2217              	.LASF35:
 2218 033e 705F7072 		.ascii	"p_preempt\000"
 2218      65656D70 
 2218      7400
 2219              	.LASF94:
 2220 0348 63665F6F 		.ascii	"cf_off_time\000"
 2220      66665F74 
 2220      696D6500 
 2221              	.LASF61:
 2222 0354 725F7072 		.ascii	"r_prio\000"
 2222      696F00
 2223              	.LASF74:
 2224 035b 65776D61 		.ascii	"ewmask\000"
 2224      736B00
 2225              	.LASF25:
ARM GAS  /tmp/ccU0zfrf.s 			page 43


 2226 0362 705F6E65 		.ascii	"p_next\000"
 2226      787400
 2227              	.LASF93:
 2228 0369 63665F6F 		.ascii	"cf_off_preempt\000"
 2228      66665F70 
 2228      7265656D 
 2228      707400
 2229              	.LASF33:
 2230 0378 705F666C 		.ascii	"p_flags\000"
 2230      61677300 
 2231              	.LASF24:
 2232 0380 54687265 		.ascii	"Thread\000"
 2232      616400
 2233              	.LASF86:
 2234 0387 63665F6F 		.ascii	"cf_off_newer\000"
 2234      66665F6E 
 2234      65776572 
 2234      00
 2235              	.LASF40:
 2236 0394 705F6570 		.ascii	"p_epending\000"
 2236      656E6469 
 2236      6E6700
 2237              	.LASF10:
 2238 039f 75696E74 		.ascii	"uint32_t\000"
 2238      33325F74 
 2238      00
 2239              	.LASF84:
 2240 03a8 63665F6F 		.ascii	"cf_off_prio\000"
 2240      66665F70 
 2240      72696F00 
 2241              	.LASF60:
 2242 03b4 725F7175 		.ascii	"r_queue\000"
 2242      65756500 
 2243              	.LASF52:
 2244 03bc 56697274 		.ascii	"VirtualTimer\000"
 2244      75616C54 
 2244      696D6572 
 2244      00
 2245              	.LASF65:
 2246 03c9 725F6375 		.ascii	"r_current\000"
 2246      7272656E 
 2246      7400
 2247              	.LASF75:
 2248 03d3 63686172 		.ascii	"char\000"
 2248      00
 2249              	.LASF70:
 2250 03d8 6D5F6E65 		.ascii	"m_next\000"
 2250      787400
 2251              	.LASF23:
 2252 03df 73797374 		.ascii	"systime_t\000"
 2252      696D655F 
 2252      7400
 2253              	.LASF42:
 2254 03e9 705F7265 		.ascii	"p_realprio\000"
 2254      616C7072 
 2254      696F00
 2255              	.LASF51:
ARM GAS  /tmp/ccU0zfrf.s 			page 44


 2256 03f4 76746675 		.ascii	"vtfunc_t\000"
 2256      6E635F74 
 2256      00
 2257              	.LASF106:
 2258 03fd 5F76745F 		.ascii	"_vt_init\000"
 2258      696E6974 
 2258      00
 2259              	.LASF36:
 2260 0406 705F7469 		.ascii	"p_time\000"
 2260      6D6500
 2261              	.LASF48:
 2262 040d 696E7463 		.ascii	"intctx\000"
 2262      747800
 2263              	.LASF38:
 2264 0414 705F6D73 		.ascii	"p_msgqueue\000"
 2264      67717565 
 2264      756500
 2265              	.LASF57:
 2266 041f 76745F70 		.ascii	"vt_par\000"
 2266      617200
 2267              	.LASF85:
 2268 0426 63665F6F 		.ascii	"cf_off_ctx\000"
 2268      66665F63 
 2268      747800
 2269              	.LASF34:
 2270 0431 705F7265 		.ascii	"p_refs\000"
 2270      667300
 2271              	.LASF66:
 2272 0438 52656164 		.ascii	"ReadyList\000"
 2272      794C6973 
 2272      7400
 2273              	.LASF101:
 2274 0442 726C6973 		.ascii	"rlist\000"
 2274      7400
 2275              	.LASF3:
 2276 0448 75696E74 		.ascii	"uint8_t\000"
 2276      385F7400 
 2277              	.LASF104:
 2278 0450 5F706F72 		.ascii	"_port_init\000"
 2278      745F696E 
 2278      697400
 2279              	.LASF73:
 2280 045b 77746F62 		.ascii	"wtobjp\000"
 2280      6A7000
 2281              	.LASF31:
 2282 0462 705F6E61 		.ascii	"p_name\000"
 2282      6D6500
 2283              	.LASF58:
 2284 0469 76745F73 		.ascii	"vt_systime\000"
 2284      79737469 
 2284      6D6500
 2285              	.LASF80:
 2286 0474 63685F76 		.ascii	"ch_version\000"
 2286      65727369 
 2286      6F6E00
 2287              	.LASF59:
 2288 047f 56544C69 		.ascii	"VTList\000"
ARM GAS  /tmp/ccU0zfrf.s 			page 45


 2288      737400
 2289              	.LASF69:
 2290 0486 6D5F6F77 		.ascii	"m_owner\000"
 2290      6E657200 
 2291              	.LASF28:
 2292 048e 705F6374 		.ascii	"p_ctx\000"
 2292      7800
 2293              	.LASF37:
 2294 0494 705F7761 		.ascii	"p_waiting\000"
 2294      6974696E 
 2294      6700
 2295              		.ident	"GCC: (Sourcery CodeBench Lite 2013.05-23) 4.7.3"
ARM GAS  /tmp/ccU0zfrf.s 			page 46


DEFINED SYMBOLS
                            *ABS*:00000000 chsys.c
     /tmp/ccU0zfrf.s:19     .text._idle_thread:00000000 $t
     /tmp/ccU0zfrf.s:25     .text._idle_thread:00000000 _idle_thread
     /tmp/ccU0zfrf.s:44     .text._idle_thread:0000000c $d
     /tmp/ccU0zfrf.s:50     .text.chSysInit:00000000 $t
     /tmp/ccU0zfrf.s:56     .text.chSysInit:00000000 chSysInit
     /tmp/ccU0zfrf.s:128    .text.chSysInit:00000048 $d
     /tmp/ccU0zfrf.s:137    .text.chSysTimerHandlerI:00000000 $t
     /tmp/ccU0zfrf.s:143    .text.chSysTimerHandlerI:00000000 chSysTimerHandlerI
     /tmp/ccU0zfrf.s:229    .text.chSysTimerHandlerI:00000050 $d
     /tmp/ccU0zfrf.s:252    .bss._idle_thread_wa:00000000 _idle_thread_wa
     /tmp/ccU0zfrf.s:237    .bss.mainthread.4776:00000000 $d
     /tmp/ccU0zfrf.s:241    .bss.mainthread.4776:00000000 mainthread.4776
     /tmp/ccU0zfrf.s:244    .rodata.str1.4:00000000 $d
     /tmp/ccU0zfrf.s:248    .bss._idle_thread_wa:00000000 $d
                     .debug_frame:00000010 $d
     /tmp/ccU0zfrf.s:49     .text._idle_thread:00000014 $t
     /tmp/ccU0zfrf.s:136    .text.chSysInit:0000005c $t
     /tmp/ccU0zfrf.s:236    .text.chSysTimerHandlerI:00000058 $t

UNDEFINED SYMBOLS
rlist
_port_init
_scheduler_init
_vt_init
_core_init
_heap_init
_thread_init
chThdCreateStatic
ch_debug
vtlist
