ARM GAS  /tmp/cchhW6Tn.s 			page 1


   1              		.syntax unified
   2              		.cpu cortex-m4
   3              		.fpu softvfp
   4              		.eabi_attribute 20, 1
   5              		.eabi_attribute 21, 1
   6              		.eabi_attribute 23, 3
   7              		.eabi_attribute 24, 1
   8              		.eabi_attribute 25, 1
   9              		.eabi_attribute 26, 1
  10              		.eabi_attribute 30, 2
  11              		.eabi_attribute 34, 1
  12              		.eabi_attribute 18, 4
  13              		.thumb
  14              		.file	"chvt.c"
  15              		.text
  16              	.Ltext0:
  17              		.cfi_sections	.debug_frame
  18              		.section	.text._vt_init,"ax",%progbits
  19              		.align	2
  20              		.p2align 4,,15
  21              		.global	_vt_init
  22              		.thumb
  23              		.thumb_func
  24              		.type	_vt_init, %function
  25              	_vt_init:
  26              	.LFB7:
  27              		.file 1 "/home/dpeter/devel/sources/ChibiOS-RT/os/kernel/src/chvt.c"
  28              		.loc 1 43 0
  29              		.cfi_startproc
  30              		@ args = 0, pretend = 0, frame = 0
  31              		@ frame_needed = 0, uses_anonymous_args = 0
  32              		@ link register save eliminated.
  33              		.loc 1 45 0
  34 0000 044B     		ldr	r3, .L2
  35              		.loc 1 46 0
  36 0002 4FF0FF32 		mov	r2, #-1
  37 0006 9A60     		str	r2, [r3, #8]
  38              		.loc 1 47 0
  39 0008 0022     		movs	r2, #0
  40              		.loc 1 45 0
  41 000a 5B60     		str	r3, [r3, #4]
  42 000c 1B60     		str	r3, [r3, #0]
  43              		.loc 1 47 0
  44 000e DA60     		str	r2, [r3, #12]
  45 0010 7047     		bx	lr
  46              	.L3:
  47 0012 00BF     		.align	2
  48              	.L2:
  49 0014 00000000 		.word	.LANCHOR0
  50              		.cfi_endproc
  51              	.LFE7:
  52              		.size	_vt_init, .-_vt_init
  53 0018 AFF30080 		.section	.text.chVTSetI,"ax",%progbits
  53      AFF30080 
  54              		.align	2
  55              		.p2align 4,,15
  56              		.global	chVTSetI
ARM GAS  /tmp/cchhW6Tn.s 			page 2


  57              		.thumb
  58              		.thumb_func
  59              		.type	chVTSetI, %function
  60              	chVTSetI:
  61              	.LFB8:
  62              		.loc 1 69 0
  63              		.cfi_startproc
  64              		@ args = 0, pretend = 0, frame = 0
  65              		@ frame_needed = 0, uses_anonymous_args = 0
  66              		@ link register save eliminated.
  67              	.LVL0:
  68 0000 70B4     		push	{r4, r5, r6}
  69              	.LCFI0:
  70              		.cfi_def_cfa_offset 12
  71              		.cfi_offset 4, -12
  72              		.cfi_offset 5, -8
  73              		.cfi_offset 6, -4
  74              		.loc 1 78 0
  75 0002 0C4E     		ldr	r6, .L11
  76              		.loc 1 76 0
  77 0004 0361     		str	r3, [r0, #16]
  78              		.loc 1 78 0
  79 0006 3468     		ldr	r4, [r6, #0]
  80              	.LVL1:
  81              		.loc 1 77 0
  82 0008 C260     		str	r2, [r0, #12]
  83              		.loc 1 79 0
  84 000a A568     		ldr	r5, [r4, #8]
  85 000c A942     		cmp	r1, r5
  86 000e 04D9     		bls	.L5
  87              	.L8:
  88              		.loc 1 81 0
  89 0010 2468     		ldr	r4, [r4, #0]
  90              	.LVL2:
  91              		.loc 1 80 0
  92 0012 491B     		subs	r1, r1, r5
  93              	.LVL3:
  94              		.loc 1 79 0
  95 0014 A568     		ldr	r5, [r4, #8]
  96 0016 8D42     		cmp	r5, r1
  97 0018 FAD3     		bcc	.L8
  98              	.L5:
  99              		.loc 1 84 0
 100 001a 6368     		ldr	r3, [r4, #4]
 101              	.LVL4:
 102 001c 0460     		str	r4, [r0, #0]
 103              		.loc 1 87 0
 104 001e B442     		cmp	r4, r6
 105              		.loc 1 84 0
 106 0020 4360     		str	r3, [r0, #4]
 107              		.loc 1 85 0
 108 0022 1860     		str	r0, [r3, #0]
 109 0024 6060     		str	r0, [r4, #4]
 110              		.loc 1 86 0
 111 0026 8160     		str	r1, [r0, #8]
 112              		.loc 1 87 0
 113 0028 02D0     		beq	.L4
ARM GAS  /tmp/cchhW6Tn.s 			page 3


 114              		.loc 1 88 0
 115 002a A368     		ldr	r3, [r4, #8]
 116 002c 591A     		subs	r1, r3, r1
 117              	.LVL5:
 118 002e A160     		str	r1, [r4, #8]
 119              	.L4:
 120              		.loc 1 89 0
 121 0030 70BC     		pop	{r4, r5, r6}
 122 0032 7047     		bx	lr
 123              	.L12:
 124              		.align	2
 125              	.L11:
 126 0034 00000000 		.word	.LANCHOR0
 127              		.cfi_endproc
 128              	.LFE8:
 129              		.size	chVTSetI, .-chVTSetI
 130 0038 AFF30080 		.section	.text.chVTResetI,"ax",%progbits
 130      AFF30080 
 131              		.align	2
 132              		.p2align 4,,15
 133              		.global	chVTResetI
 134              		.thumb
 135              		.thumb_func
 136              		.type	chVTResetI, %function
 137              	chVTResetI:
 138              	.LFB9:
 139              		.loc 1 99 0
 140              		.cfi_startproc
 141              		@ args = 0, pretend = 0, frame = 0
 142              		@ frame_needed = 0, uses_anonymous_args = 0
 143              		@ link register save eliminated.
 144              	.LVL6:
 145              		.loc 1 107 0
 146 0000 0368     		ldr	r3, [r0, #0]
 147 0002 074A     		ldr	r2, .L15
 148 0004 9342     		cmp	r3, r2
 149 0006 03D0     		beq	.L14
 150              		.loc 1 108 0
 151 0008 9968     		ldr	r1, [r3, #8]
 152 000a 8268     		ldr	r2, [r0, #8]
 153 000c 8A18     		adds	r2, r1, r2
 154 000e 9A60     		str	r2, [r3, #8]
 155              	.L14:
 156              		.loc 1 109 0
 157 0010 4268     		ldr	r2, [r0, #4]
 158 0012 1360     		str	r3, [r2, #0]
 159              		.loc 1 110 0
 160 0014 0368     		ldr	r3, [r0, #0]
 161 0016 5A60     		str	r2, [r3, #4]
 162              		.loc 1 111 0
 163 0018 0023     		movs	r3, #0
 164 001a C360     		str	r3, [r0, #12]
 165 001c 7047     		bx	lr
 166              	.L16:
 167 001e 00BF     		.align	2
 168              	.L15:
 169 0020 00000000 		.word	.LANCHOR0
ARM GAS  /tmp/cchhW6Tn.s 			page 4


 170              		.cfi_endproc
 171              	.LFE9:
 172              		.size	chVTResetI, .-chVTResetI
 173              		.global	vtlist
 174 0024 AFF30080 		.section	.bss.vtlist,"aw",%nobits
 174      AFF30080 
 174      AFF30080 
 175              		.align	2
 176              		.set	.LANCHOR0,. + 0
 177              		.type	vtlist, %object
 178              		.size	vtlist, 16
 179              	vtlist:
 180 0000 00000000 		.space	16
 180      00000000 
 180      00000000 
 180      00000000 
 181              		.text
 182              	.Letext0:
 183              		.file 2 "/home/dpeter/CodeSourcery/Sourcery_CodeBench_Lite_for_ARM_EABI/bin/../lib/gcc/arm-none-ea
 184              		.file 3 "/home/dpeter/devel/sources/ChibiOS-RT/os/ports/GCC/ARMCMx/chtypes.h"
 185              		.file 4 "/home/dpeter/devel/sources/ChibiOS-RT/os/kernel/include/chvt.h"
 186              		.section	.debug_info,"",%progbits
 187              	.Ldebug_info0:
 188 0000 15020000 		.4byte	0x215
 189 0004 0200     		.2byte	0x2
 190 0006 00000000 		.4byte	.Ldebug_abbrev0
 191 000a 04       		.byte	0x4
 192 000b 01       		.uleb128 0x1
 193 000c 15010000 		.4byte	.LASF27
 194 0010 01       		.byte	0x1
 195 0011 13000000 		.4byte	.LASF28
 196 0015 00000000 		.4byte	.Ldebug_ranges0+0
 197 0019 00000000 		.4byte	0
 198 001d 00000000 		.4byte	0
 199 0021 00000000 		.4byte	.Ldebug_line0
 200 0025 02       		.uleb128 0x2
 201 0026 04       		.byte	0x4
 202 0027 05       		.byte	0x5
 203 0028 696E7400 		.ascii	"int\000"
 204 002c 03       		.uleb128 0x3
 205 002d 04       		.byte	0x4
 206 002e 07       		.byte	0x7
 207 002f A7000000 		.4byte	.LASF0
 208 0033 03       		.uleb128 0x3
 209 0034 01       		.byte	0x1
 210 0035 06       		.byte	0x6
 211 0036 45010000 		.4byte	.LASF1
 212 003a 03       		.uleb128 0x3
 213 003b 01       		.byte	0x1
 214 003c 08       		.byte	0x8
 215 003d 90000000 		.4byte	.LASF2
 216 0041 03       		.uleb128 0x3
 217 0042 02       		.byte	0x2
 218 0043 05       		.byte	0x5
 219 0044 21010000 		.4byte	.LASF3
 220 0048 03       		.uleb128 0x3
 221 0049 02       		.byte	0x2
ARM GAS  /tmp/cchhW6Tn.s 			page 5


 222 004a 07       		.byte	0x7
 223 004b 70000000 		.4byte	.LASF4
 224 004f 03       		.uleb128 0x3
 225 0050 04       		.byte	0x4
 226 0051 05       		.byte	0x5
 227 0052 3C010000 		.4byte	.LASF5
 228 0056 04       		.uleb128 0x4
 229 0057 33010000 		.4byte	.LASF10
 230 005b 02       		.byte	0x2
 231 005c 50       		.byte	0x50
 232 005d 61000000 		.4byte	0x61
 233 0061 03       		.uleb128 0x3
 234 0062 04       		.byte	0x4
 235 0063 07       		.byte	0x7
 236 0064 5E000000 		.4byte	.LASF6
 237 0068 03       		.uleb128 0x3
 238 0069 08       		.byte	0x8
 239 006a 05       		.byte	0x5
 240 006b F3000000 		.4byte	.LASF7
 241 006f 03       		.uleb128 0x3
 242 0070 08       		.byte	0x8
 243 0071 07       		.byte	0x7
 244 0072 B4000000 		.4byte	.LASF8
 245 0076 03       		.uleb128 0x3
 246 0077 01       		.byte	0x1
 247 0078 02       		.byte	0x2
 248 0079 6B010000 		.4byte	.LASF9
 249 007d 04       		.uleb128 0x4
 250 007e 09000000 		.4byte	.LASF11
 251 0082 03       		.byte	0x3
 252 0083 2E       		.byte	0x2e
 253 0084 56000000 		.4byte	0x56
 254 0088 05       		.uleb128 0x5
 255 0089 04       		.byte	0x4
 256 008a 03       		.uleb128 0x3
 257 008b 04       		.byte	0x4
 258 008c 07       		.byte	0x7
 259 008d DF000000 		.4byte	.LASF12
 260 0091 04       		.uleb128 0x4
 261 0092 55000000 		.4byte	.LASF13
 262 0096 04       		.byte	0x4
 263 0097 51       		.byte	0x51
 264 0098 9C000000 		.4byte	0x9c
 265 009c 06       		.uleb128 0x6
 266 009d 04       		.byte	0x4
 267 009e A2000000 		.4byte	0xa2
 268 00a2 07       		.uleb128 0x7
 269 00a3 01       		.byte	0x1
 270 00a4 AE000000 		.4byte	0xae
 271 00a8 08       		.uleb128 0x8
 272 00a9 88000000 		.4byte	0x88
 273 00ad 00       		.byte	0
 274 00ae 04       		.uleb128 0x4
 275 00af 83000000 		.4byte	.LASF14
 276 00b3 04       		.byte	0x4
 277 00b4 56       		.byte	0x56
 278 00b5 B9000000 		.4byte	0xb9
ARM GAS  /tmp/cchhW6Tn.s 			page 6


 279 00b9 09       		.uleb128 0x9
 280 00ba 83000000 		.4byte	.LASF14
 281 00be 14       		.byte	0x14
 282 00bf 04       		.byte	0x4
 283 00c0 5D       		.byte	0x5d
 284 00c1 0C010000 		.4byte	0x10c
 285 00c5 0A       		.uleb128 0xa
 286 00c6 58010000 		.4byte	.LASF15
 287 00ca 04       		.byte	0x4
 288 00cb 5E       		.byte	0x5e
 289 00cc 0C010000 		.4byte	0x10c
 290 00d0 02       		.byte	0x2
 291 00d1 23       		.byte	0x23
 292 00d2 00       		.uleb128 0
 293 00d3 0A       		.uleb128 0xa
 294 00d4 2B010000 		.4byte	.LASF16
 295 00d8 04       		.byte	0x4
 296 00d9 60       		.byte	0x60
 297 00da 0C010000 		.4byte	0x10c
 298 00de 02       		.byte	0x2
 299 00df 23       		.byte	0x23
 300 00e0 04       		.uleb128 0x4
 301 00e1 0A       		.uleb128 0xa
 302 00e2 D7000000 		.4byte	.LASF17
 303 00e6 04       		.byte	0x4
 304 00e7 62       		.byte	0x62
 305 00e8 7D000000 		.4byte	0x7d
 306 00ec 02       		.byte	0x2
 307 00ed 23       		.byte	0x23
 308 00ee 08       		.uleb128 0x8
 309 00ef 0A       		.uleb128 0xa
 310 00f0 01010000 		.4byte	.LASF18
 311 00f4 04       		.byte	0x4
 312 00f5 63       		.byte	0x63
 313 00f6 91000000 		.4byte	0x91
 314 00fa 02       		.byte	0x2
 315 00fb 23       		.byte	0x23
 316 00fc 0C       		.uleb128 0xc
 317 00fd 0A       		.uleb128 0xa
 318 00fe 4E000000 		.4byte	.LASF19
 319 0102 04       		.byte	0x4
 320 0103 65       		.byte	0x65
 321 0104 88000000 		.4byte	0x88
 322 0108 02       		.byte	0x2
 323 0109 23       		.byte	0x23
 324 010a 10       		.uleb128 0x10
 325 010b 00       		.byte	0
 326 010c 06       		.uleb128 0x6
 327 010d 04       		.byte	0x4
 328 010e AE000000 		.4byte	0xae
 329 0112 0B       		.uleb128 0xb
 330 0113 10       		.byte	0x10
 331 0114 04       		.byte	0x4
 332 0115 6F       		.byte	0x6f
 333 0116 53010000 		.4byte	0x153
 334 011a 0A       		.uleb128 0xa
 335 011b 58010000 		.4byte	.LASF15
ARM GAS  /tmp/cchhW6Tn.s 			page 7


 336 011f 04       		.byte	0x4
 337 0120 70       		.byte	0x70
 338 0121 0C010000 		.4byte	0x10c
 339 0125 02       		.byte	0x2
 340 0126 23       		.byte	0x23
 341 0127 00       		.uleb128 0
 342 0128 0A       		.uleb128 0xa
 343 0129 2B010000 		.4byte	.LASF16
 344 012d 04       		.byte	0x4
 345 012e 72       		.byte	0x72
 346 012f 0C010000 		.4byte	0x10c
 347 0133 02       		.byte	0x2
 348 0134 23       		.byte	0x23
 349 0135 04       		.uleb128 0x4
 350 0136 0A       		.uleb128 0xa
 351 0137 D7000000 		.4byte	.LASF17
 352 013b 04       		.byte	0x4
 353 013c 74       		.byte	0x74
 354 013d 7D000000 		.4byte	0x7d
 355 0141 02       		.byte	0x2
 356 0142 23       		.byte	0x23
 357 0143 08       		.uleb128 0x8
 358 0144 0A       		.uleb128 0xa
 359 0145 E8000000 		.4byte	.LASF20
 360 0149 04       		.byte	0x4
 361 014a 75       		.byte	0x75
 362 014b 53010000 		.4byte	0x153
 363 014f 02       		.byte	0x2
 364 0150 23       		.byte	0x23
 365 0151 0C       		.uleb128 0xc
 366 0152 00       		.byte	0
 367 0153 0C       		.uleb128 0xc
 368 0154 7D000000 		.4byte	0x7d
 369 0158 04       		.uleb128 0x4
 370 0159 51010000 		.4byte	.LASF21
 371 015d 04       		.byte	0x4
 372 015e 76       		.byte	0x76
 373 015f 12010000 		.4byte	0x112
 374 0163 03       		.uleb128 0x3
 375 0164 01       		.byte	0x1
 376 0165 08       		.byte	0x8
 377 0166 10010000 		.4byte	.LASF22
 378 016a 0D       		.uleb128 0xd
 379 016b 01       		.byte	0x1
 380 016c 9E000000 		.4byte	.LASF29
 381 0170 01       		.byte	0x1
 382 0171 2B       		.byte	0x2b
 383 0172 01       		.byte	0x1
 384 0173 00000000 		.4byte	.LFB7
 385 0177 18000000 		.4byte	.LFE7
 386 017b 02       		.byte	0x2
 387 017c 7D       		.byte	0x7d
 388 017d 00       		.sleb128 0
 389 017e 01       		.byte	0x1
 390 017f 0E       		.uleb128 0xe
 391 0180 01       		.byte	0x1
 392 0181 00000000 		.4byte	.LASF25
ARM GAS  /tmp/cchhW6Tn.s 			page 8


 393 0185 01       		.byte	0x1
 394 0186 45       		.byte	0x45
 395 0187 01       		.byte	0x1
 396 0188 00000000 		.4byte	.LFB8
 397 018c 38000000 		.4byte	.LFE8
 398 0190 00000000 		.4byte	.LLST0
 399 0194 01       		.byte	0x1
 400 0195 DF010000 		.4byte	0x1df
 401 0199 0F       		.uleb128 0xf
 402 019a 76747000 		.ascii	"vtp\000"
 403 019e 01       		.byte	0x1
 404 019f 45       		.byte	0x45
 405 01a0 0C010000 		.4byte	0x10c
 406 01a4 01       		.byte	0x1
 407 01a5 50       		.byte	0x50
 408 01a6 10       		.uleb128 0x10
 409 01a7 D2000000 		.4byte	.LASF23
 410 01ab 01       		.byte	0x1
 411 01ac 45       		.byte	0x45
 412 01ad 7D000000 		.4byte	0x7d
 413 01b1 20000000 		.4byte	.LLST1
 414 01b5 11       		.uleb128 0x11
 415 01b6 09010000 		.4byte	.LASF24
 416 01ba 01       		.byte	0x1
 417 01bb 45       		.byte	0x45
 418 01bc 91000000 		.4byte	0x91
 419 01c0 01       		.byte	0x1
 420 01c1 52       		.byte	0x52
 421 01c2 12       		.uleb128 0x12
 422 01c3 70617200 		.ascii	"par\000"
 423 01c7 01       		.byte	0x1
 424 01c8 45       		.byte	0x45
 425 01c9 88000000 		.4byte	0x88
 426 01cd 4A000000 		.4byte	.LLST2
 427 01d1 13       		.uleb128 0x13
 428 01d2 7000     		.ascii	"p\000"
 429 01d4 01       		.byte	0x1
 430 01d5 46       		.byte	0x46
 431 01d6 0C010000 		.4byte	0x10c
 432 01da 69000000 		.4byte	.LLST3
 433 01de 00       		.byte	0
 434 01df 14       		.uleb128 0x14
 435 01e0 01       		.byte	0x1
 436 01e1 60010000 		.4byte	.LASF26
 437 01e5 01       		.byte	0x1
 438 01e6 63       		.byte	0x63
 439 01e7 01       		.byte	0x1
 440 01e8 00000000 		.4byte	.LFB9
 441 01ec 24000000 		.4byte	.LFE9
 442 01f0 02       		.byte	0x2
 443 01f1 7D       		.byte	0x7d
 444 01f2 00       		.sleb128 0
 445 01f3 01       		.byte	0x1
 446 01f4 06020000 		.4byte	0x206
 447 01f8 0F       		.uleb128 0xf
 448 01f9 76747000 		.ascii	"vtp\000"
 449 01fd 01       		.byte	0x1
ARM GAS  /tmp/cchhW6Tn.s 			page 9


 450 01fe 63       		.byte	0x63
 451 01ff 0C010000 		.4byte	0x10c
 452 0203 01       		.byte	0x1
 453 0204 50       		.byte	0x50
 454 0205 00       		.byte	0
 455 0206 15       		.uleb128 0x15
 456 0207 CB000000 		.4byte	.LASF30
 457 020b 01       		.byte	0x1
 458 020c 23       		.byte	0x23
 459 020d 58010000 		.4byte	0x158
 460 0211 01       		.byte	0x1
 461 0212 05       		.byte	0x5
 462 0213 03       		.byte	0x3
 463 0214 00000000 		.4byte	vtlist
 464 0218 00       		.byte	0
 465              		.section	.debug_abbrev,"",%progbits
 466              	.Ldebug_abbrev0:
 467 0000 01       		.uleb128 0x1
 468 0001 11       		.uleb128 0x11
 469 0002 01       		.byte	0x1
 470 0003 25       		.uleb128 0x25
 471 0004 0E       		.uleb128 0xe
 472 0005 13       		.uleb128 0x13
 473 0006 0B       		.uleb128 0xb
 474 0007 03       		.uleb128 0x3
 475 0008 0E       		.uleb128 0xe
 476 0009 55       		.uleb128 0x55
 477 000a 06       		.uleb128 0x6
 478 000b 11       		.uleb128 0x11
 479 000c 01       		.uleb128 0x1
 480 000d 52       		.uleb128 0x52
 481 000e 01       		.uleb128 0x1
 482 000f 10       		.uleb128 0x10
 483 0010 06       		.uleb128 0x6
 484 0011 00       		.byte	0
 485 0012 00       		.byte	0
 486 0013 02       		.uleb128 0x2
 487 0014 24       		.uleb128 0x24
 488 0015 00       		.byte	0
 489 0016 0B       		.uleb128 0xb
 490 0017 0B       		.uleb128 0xb
 491 0018 3E       		.uleb128 0x3e
 492 0019 0B       		.uleb128 0xb
 493 001a 03       		.uleb128 0x3
 494 001b 08       		.uleb128 0x8
 495 001c 00       		.byte	0
 496 001d 00       		.byte	0
 497 001e 03       		.uleb128 0x3
 498 001f 24       		.uleb128 0x24
 499 0020 00       		.byte	0
 500 0021 0B       		.uleb128 0xb
 501 0022 0B       		.uleb128 0xb
 502 0023 3E       		.uleb128 0x3e
 503 0024 0B       		.uleb128 0xb
 504 0025 03       		.uleb128 0x3
 505 0026 0E       		.uleb128 0xe
 506 0027 00       		.byte	0
ARM GAS  /tmp/cchhW6Tn.s 			page 10


 507 0028 00       		.byte	0
 508 0029 04       		.uleb128 0x4
 509 002a 16       		.uleb128 0x16
 510 002b 00       		.byte	0
 511 002c 03       		.uleb128 0x3
 512 002d 0E       		.uleb128 0xe
 513 002e 3A       		.uleb128 0x3a
 514 002f 0B       		.uleb128 0xb
 515 0030 3B       		.uleb128 0x3b
 516 0031 0B       		.uleb128 0xb
 517 0032 49       		.uleb128 0x49
 518 0033 13       		.uleb128 0x13
 519 0034 00       		.byte	0
 520 0035 00       		.byte	0
 521 0036 05       		.uleb128 0x5
 522 0037 0F       		.uleb128 0xf
 523 0038 00       		.byte	0
 524 0039 0B       		.uleb128 0xb
 525 003a 0B       		.uleb128 0xb
 526 003b 00       		.byte	0
 527 003c 00       		.byte	0
 528 003d 06       		.uleb128 0x6
 529 003e 0F       		.uleb128 0xf
 530 003f 00       		.byte	0
 531 0040 0B       		.uleb128 0xb
 532 0041 0B       		.uleb128 0xb
 533 0042 49       		.uleb128 0x49
 534 0043 13       		.uleb128 0x13
 535 0044 00       		.byte	0
 536 0045 00       		.byte	0
 537 0046 07       		.uleb128 0x7
 538 0047 15       		.uleb128 0x15
 539 0048 01       		.byte	0x1
 540 0049 27       		.uleb128 0x27
 541 004a 0C       		.uleb128 0xc
 542 004b 01       		.uleb128 0x1
 543 004c 13       		.uleb128 0x13
 544 004d 00       		.byte	0
 545 004e 00       		.byte	0
 546 004f 08       		.uleb128 0x8
 547 0050 05       		.uleb128 0x5
 548 0051 00       		.byte	0
 549 0052 49       		.uleb128 0x49
 550 0053 13       		.uleb128 0x13
 551 0054 00       		.byte	0
 552 0055 00       		.byte	0
 553 0056 09       		.uleb128 0x9
 554 0057 13       		.uleb128 0x13
 555 0058 01       		.byte	0x1
 556 0059 03       		.uleb128 0x3
 557 005a 0E       		.uleb128 0xe
 558 005b 0B       		.uleb128 0xb
 559 005c 0B       		.uleb128 0xb
 560 005d 3A       		.uleb128 0x3a
 561 005e 0B       		.uleb128 0xb
 562 005f 3B       		.uleb128 0x3b
 563 0060 0B       		.uleb128 0xb
ARM GAS  /tmp/cchhW6Tn.s 			page 11


 564 0061 01       		.uleb128 0x1
 565 0062 13       		.uleb128 0x13
 566 0063 00       		.byte	0
 567 0064 00       		.byte	0
 568 0065 0A       		.uleb128 0xa
 569 0066 0D       		.uleb128 0xd
 570 0067 00       		.byte	0
 571 0068 03       		.uleb128 0x3
 572 0069 0E       		.uleb128 0xe
 573 006a 3A       		.uleb128 0x3a
 574 006b 0B       		.uleb128 0xb
 575 006c 3B       		.uleb128 0x3b
 576 006d 0B       		.uleb128 0xb
 577 006e 49       		.uleb128 0x49
 578 006f 13       		.uleb128 0x13
 579 0070 38       		.uleb128 0x38
 580 0071 0A       		.uleb128 0xa
 581 0072 00       		.byte	0
 582 0073 00       		.byte	0
 583 0074 0B       		.uleb128 0xb
 584 0075 13       		.uleb128 0x13
 585 0076 01       		.byte	0x1
 586 0077 0B       		.uleb128 0xb
 587 0078 0B       		.uleb128 0xb
 588 0079 3A       		.uleb128 0x3a
 589 007a 0B       		.uleb128 0xb
 590 007b 3B       		.uleb128 0x3b
 591 007c 0B       		.uleb128 0xb
 592 007d 01       		.uleb128 0x1
 593 007e 13       		.uleb128 0x13
 594 007f 00       		.byte	0
 595 0080 00       		.byte	0
 596 0081 0C       		.uleb128 0xc
 597 0082 35       		.uleb128 0x35
 598 0083 00       		.byte	0
 599 0084 49       		.uleb128 0x49
 600 0085 13       		.uleb128 0x13
 601 0086 00       		.byte	0
 602 0087 00       		.byte	0
 603 0088 0D       		.uleb128 0xd
 604 0089 2E       		.uleb128 0x2e
 605 008a 00       		.byte	0
 606 008b 3F       		.uleb128 0x3f
 607 008c 0C       		.uleb128 0xc
 608 008d 03       		.uleb128 0x3
 609 008e 0E       		.uleb128 0xe
 610 008f 3A       		.uleb128 0x3a
 611 0090 0B       		.uleb128 0xb
 612 0091 3B       		.uleb128 0x3b
 613 0092 0B       		.uleb128 0xb
 614 0093 27       		.uleb128 0x27
 615 0094 0C       		.uleb128 0xc
 616 0095 11       		.uleb128 0x11
 617 0096 01       		.uleb128 0x1
 618 0097 12       		.uleb128 0x12
 619 0098 01       		.uleb128 0x1
 620 0099 40       		.uleb128 0x40
ARM GAS  /tmp/cchhW6Tn.s 			page 12


 621 009a 0A       		.uleb128 0xa
 622 009b 9742     		.uleb128 0x2117
 623 009d 0C       		.uleb128 0xc
 624 009e 00       		.byte	0
 625 009f 00       		.byte	0
 626 00a0 0E       		.uleb128 0xe
 627 00a1 2E       		.uleb128 0x2e
 628 00a2 01       		.byte	0x1
 629 00a3 3F       		.uleb128 0x3f
 630 00a4 0C       		.uleb128 0xc
 631 00a5 03       		.uleb128 0x3
 632 00a6 0E       		.uleb128 0xe
 633 00a7 3A       		.uleb128 0x3a
 634 00a8 0B       		.uleb128 0xb
 635 00a9 3B       		.uleb128 0x3b
 636 00aa 0B       		.uleb128 0xb
 637 00ab 27       		.uleb128 0x27
 638 00ac 0C       		.uleb128 0xc
 639 00ad 11       		.uleb128 0x11
 640 00ae 01       		.uleb128 0x1
 641 00af 12       		.uleb128 0x12
 642 00b0 01       		.uleb128 0x1
 643 00b1 40       		.uleb128 0x40
 644 00b2 06       		.uleb128 0x6
 645 00b3 9742     		.uleb128 0x2117
 646 00b5 0C       		.uleb128 0xc
 647 00b6 01       		.uleb128 0x1
 648 00b7 13       		.uleb128 0x13
 649 00b8 00       		.byte	0
 650 00b9 00       		.byte	0
 651 00ba 0F       		.uleb128 0xf
 652 00bb 05       		.uleb128 0x5
 653 00bc 00       		.byte	0
 654 00bd 03       		.uleb128 0x3
 655 00be 08       		.uleb128 0x8
 656 00bf 3A       		.uleb128 0x3a
 657 00c0 0B       		.uleb128 0xb
 658 00c1 3B       		.uleb128 0x3b
 659 00c2 0B       		.uleb128 0xb
 660 00c3 49       		.uleb128 0x49
 661 00c4 13       		.uleb128 0x13
 662 00c5 02       		.uleb128 0x2
 663 00c6 0A       		.uleb128 0xa
 664 00c7 00       		.byte	0
 665 00c8 00       		.byte	0
 666 00c9 10       		.uleb128 0x10
 667 00ca 05       		.uleb128 0x5
 668 00cb 00       		.byte	0
 669 00cc 03       		.uleb128 0x3
 670 00cd 0E       		.uleb128 0xe
 671 00ce 3A       		.uleb128 0x3a
 672 00cf 0B       		.uleb128 0xb
 673 00d0 3B       		.uleb128 0x3b
 674 00d1 0B       		.uleb128 0xb
 675 00d2 49       		.uleb128 0x49
 676 00d3 13       		.uleb128 0x13
 677 00d4 02       		.uleb128 0x2
ARM GAS  /tmp/cchhW6Tn.s 			page 13


 678 00d5 06       		.uleb128 0x6
 679 00d6 00       		.byte	0
 680 00d7 00       		.byte	0
 681 00d8 11       		.uleb128 0x11
 682 00d9 05       		.uleb128 0x5
 683 00da 00       		.byte	0
 684 00db 03       		.uleb128 0x3
 685 00dc 0E       		.uleb128 0xe
 686 00dd 3A       		.uleb128 0x3a
 687 00de 0B       		.uleb128 0xb
 688 00df 3B       		.uleb128 0x3b
 689 00e0 0B       		.uleb128 0xb
 690 00e1 49       		.uleb128 0x49
 691 00e2 13       		.uleb128 0x13
 692 00e3 02       		.uleb128 0x2
 693 00e4 0A       		.uleb128 0xa
 694 00e5 00       		.byte	0
 695 00e6 00       		.byte	0
 696 00e7 12       		.uleb128 0x12
 697 00e8 05       		.uleb128 0x5
 698 00e9 00       		.byte	0
 699 00ea 03       		.uleb128 0x3
 700 00eb 08       		.uleb128 0x8
 701 00ec 3A       		.uleb128 0x3a
 702 00ed 0B       		.uleb128 0xb
 703 00ee 3B       		.uleb128 0x3b
 704 00ef 0B       		.uleb128 0xb
 705 00f0 49       		.uleb128 0x49
 706 00f1 13       		.uleb128 0x13
 707 00f2 02       		.uleb128 0x2
 708 00f3 06       		.uleb128 0x6
 709 00f4 00       		.byte	0
 710 00f5 00       		.byte	0
 711 00f6 13       		.uleb128 0x13
 712 00f7 34       		.uleb128 0x34
 713 00f8 00       		.byte	0
 714 00f9 03       		.uleb128 0x3
 715 00fa 08       		.uleb128 0x8
 716 00fb 3A       		.uleb128 0x3a
 717 00fc 0B       		.uleb128 0xb
 718 00fd 3B       		.uleb128 0x3b
 719 00fe 0B       		.uleb128 0xb
 720 00ff 49       		.uleb128 0x49
 721 0100 13       		.uleb128 0x13
 722 0101 02       		.uleb128 0x2
 723 0102 06       		.uleb128 0x6
 724 0103 00       		.byte	0
 725 0104 00       		.byte	0
 726 0105 14       		.uleb128 0x14
 727 0106 2E       		.uleb128 0x2e
 728 0107 01       		.byte	0x1
 729 0108 3F       		.uleb128 0x3f
 730 0109 0C       		.uleb128 0xc
 731 010a 03       		.uleb128 0x3
 732 010b 0E       		.uleb128 0xe
 733 010c 3A       		.uleb128 0x3a
 734 010d 0B       		.uleb128 0xb
ARM GAS  /tmp/cchhW6Tn.s 			page 14


 735 010e 3B       		.uleb128 0x3b
 736 010f 0B       		.uleb128 0xb
 737 0110 27       		.uleb128 0x27
 738 0111 0C       		.uleb128 0xc
 739 0112 11       		.uleb128 0x11
 740 0113 01       		.uleb128 0x1
 741 0114 12       		.uleb128 0x12
 742 0115 01       		.uleb128 0x1
 743 0116 40       		.uleb128 0x40
 744 0117 0A       		.uleb128 0xa
 745 0118 9742     		.uleb128 0x2117
 746 011a 0C       		.uleb128 0xc
 747 011b 01       		.uleb128 0x1
 748 011c 13       		.uleb128 0x13
 749 011d 00       		.byte	0
 750 011e 00       		.byte	0
 751 011f 15       		.uleb128 0x15
 752 0120 34       		.uleb128 0x34
 753 0121 00       		.byte	0
 754 0122 03       		.uleb128 0x3
 755 0123 0E       		.uleb128 0xe
 756 0124 3A       		.uleb128 0x3a
 757 0125 0B       		.uleb128 0xb
 758 0126 3B       		.uleb128 0x3b
 759 0127 0B       		.uleb128 0xb
 760 0128 49       		.uleb128 0x49
 761 0129 13       		.uleb128 0x13
 762 012a 3F       		.uleb128 0x3f
 763 012b 0C       		.uleb128 0xc
 764 012c 02       		.uleb128 0x2
 765 012d 0A       		.uleb128 0xa
 766 012e 00       		.byte	0
 767 012f 00       		.byte	0
 768 0130 00       		.byte	0
 769              		.section	.debug_loc,"",%progbits
 770              	.Ldebug_loc0:
 771              	.LLST0:
 772 0000 00000000 		.4byte	.LFB8
 773 0004 02000000 		.4byte	.LCFI0
 774 0008 0200     		.2byte	0x2
 775 000a 7D       		.byte	0x7d
 776 000b 00       		.sleb128 0
 777 000c 02000000 		.4byte	.LCFI0
 778 0010 38000000 		.4byte	.LFE8
 779 0014 0200     		.2byte	0x2
 780 0016 7D       		.byte	0x7d
 781 0017 0C       		.sleb128 12
 782 0018 00000000 		.4byte	0
 783 001c 00000000 		.4byte	0
 784              	.LLST1:
 785 0020 00000000 		.4byte	.LVL0
 786 0024 14000000 		.4byte	.LVL3
 787 0028 0100     		.2byte	0x1
 788 002a 51       		.byte	0x51
 789 002b 14000000 		.4byte	.LVL3
 790 002f 2E000000 		.4byte	.LVL5
 791 0033 0100     		.2byte	0x1
ARM GAS  /tmp/cchhW6Tn.s 			page 15


 792 0035 51       		.byte	0x51
 793 0036 2E000000 		.4byte	.LVL5
 794 003a 38000000 		.4byte	.LFE8
 795 003e 0200     		.2byte	0x2
 796 0040 70       		.byte	0x70
 797 0041 08       		.sleb128 8
 798 0042 00000000 		.4byte	0
 799 0046 00000000 		.4byte	0
 800              	.LLST2:
 801 004a 00000000 		.4byte	.LVL0
 802 004e 1C000000 		.4byte	.LVL4
 803 0052 0100     		.2byte	0x1
 804 0054 53       		.byte	0x53
 805 0055 1C000000 		.4byte	.LVL4
 806 0059 38000000 		.4byte	.LFE8
 807 005d 0200     		.2byte	0x2
 808 005f 70       		.byte	0x70
 809 0060 10       		.sleb128 16
 810 0061 00000000 		.4byte	0
 811 0065 00000000 		.4byte	0
 812              	.LLST3:
 813 0069 08000000 		.4byte	.LVL1
 814 006d 12000000 		.4byte	.LVL2
 815 0071 0100     		.2byte	0x1
 816 0073 54       		.byte	0x54
 817 0074 14000000 		.4byte	.LVL3
 818 0078 38000000 		.4byte	.LFE8
 819 007c 0100     		.2byte	0x1
 820 007e 54       		.byte	0x54
 821 007f 00000000 		.4byte	0
 822 0083 00000000 		.4byte	0
 823              		.section	.debug_aranges,"",%progbits
 824 0000 2C000000 		.4byte	0x2c
 825 0004 0200     		.2byte	0x2
 826 0006 00000000 		.4byte	.Ldebug_info0
 827 000a 04       		.byte	0x4
 828 000b 00       		.byte	0
 829 000c 0000     		.2byte	0
 830 000e 0000     		.2byte	0
 831 0010 00000000 		.4byte	.LFB7
 832 0014 18000000 		.4byte	.LFE7-.LFB7
 833 0018 00000000 		.4byte	.LFB8
 834 001c 38000000 		.4byte	.LFE8-.LFB8
 835 0020 00000000 		.4byte	.LFB9
 836 0024 24000000 		.4byte	.LFE9-.LFB9
 837 0028 00000000 		.4byte	0
 838 002c 00000000 		.4byte	0
 839              		.section	.debug_ranges,"",%progbits
 840              	.Ldebug_ranges0:
 841 0000 00000000 		.4byte	.LFB7
 842 0004 18000000 		.4byte	.LFE7
 843 0008 00000000 		.4byte	.LFB8
 844 000c 38000000 		.4byte	.LFE8
 845 0010 00000000 		.4byte	.LFB9
 846 0014 24000000 		.4byte	.LFE9
 847 0018 00000000 		.4byte	0
 848 001c 00000000 		.4byte	0
ARM GAS  /tmp/cchhW6Tn.s 			page 16


 849              		.section	.debug_line,"",%progbits
 850              	.Ldebug_line0:
 851 0000 BB010000 		.section	.debug_str,"MS",%progbits,1
 851      02006A01 
 851      00000201 
 851      FB0E0D00 
 851      01010101 
 852              	.LASF25:
 853 0000 63685654 		.ascii	"chVTSetI\000"
 853      53657449 
 853      00
 854              	.LASF11:
 855 0009 73797374 		.ascii	"systime_t\000"
 855      696D655F 
 855      7400
 856              	.LASF28:
 857 0013 2F686F6D 		.ascii	"/home/dpeter/devel/sources/ChibiOS-RT/os/kernel/src"
 857      652F6470 
 857      65746572 
 857      2F646576 
 857      656C2F73 
 858 0046 2F636876 		.ascii	"/chvt.c\000"
 858      742E6300 
 859              	.LASF19:
 860 004e 76745F70 		.ascii	"vt_par\000"
 860      617200
 861              	.LASF13:
 862 0055 76746675 		.ascii	"vtfunc_t\000"
 862      6E635F74 
 862      00
 863              	.LASF6:
 864 005e 6C6F6E67 		.ascii	"long unsigned int\000"
 864      20756E73 
 864      69676E65 
 864      6420696E 
 864      7400
 865              	.LASF4:
 866 0070 73686F72 		.ascii	"short unsigned int\000"
 866      7420756E 
 866      7369676E 
 866      65642069 
 866      6E7400
 867              	.LASF14:
 868 0083 56697274 		.ascii	"VirtualTimer\000"
 868      75616C54 
 868      696D6572 
 868      00
 869              	.LASF2:
 870 0090 756E7369 		.ascii	"unsigned char\000"
 870      676E6564 
 870      20636861 
 870      7200
 871              	.LASF29:
 872 009e 5F76745F 		.ascii	"_vt_init\000"
 872      696E6974 
 872      00
 873              	.LASF0:
ARM GAS  /tmp/cchhW6Tn.s 			page 17


 874 00a7 756E7369 		.ascii	"unsigned int\000"
 874      676E6564 
 874      20696E74 
 874      00
 875              	.LASF8:
 876 00b4 6C6F6E67 		.ascii	"long long unsigned int\000"
 876      206C6F6E 
 876      6720756E 
 876      7369676E 
 876      65642069 
 877              	.LASF30:
 878 00cb 76746C69 		.ascii	"vtlist\000"
 878      737400
 879              	.LASF23:
 880 00d2 74696D65 		.ascii	"time\000"
 880      00
 881              	.LASF17:
 882 00d7 76745F74 		.ascii	"vt_time\000"
 882      696D6500 
 883              	.LASF12:
 884 00df 73697A65 		.ascii	"sizetype\000"
 884      74797065 
 884      00
 885              	.LASF20:
 886 00e8 76745F73 		.ascii	"vt_systime\000"
 886      79737469 
 886      6D6500
 887              	.LASF7:
 888 00f3 6C6F6E67 		.ascii	"long long int\000"
 888      206C6F6E 
 888      6720696E 
 888      7400
 889              	.LASF18:
 890 0101 76745F66 		.ascii	"vt_func\000"
 890      756E6300 
 891              	.LASF24:
 892 0109 76746675 		.ascii	"vtfunc\000"
 892      6E6300
 893              	.LASF22:
 894 0110 63686172 		.ascii	"char\000"
 894      00
 895              	.LASF27:
 896 0115 474E5520 		.ascii	"GNU C 4.7.3\000"
 896      4320342E 
 896      372E3300 
 897              	.LASF3:
 898 0121 73686F72 		.ascii	"short int\000"
 898      7420696E 
 898      7400
 899              	.LASF16:
 900 012b 76745F70 		.ascii	"vt_prev\000"
 900      72657600 
 901              	.LASF10:
 902 0133 75696E74 		.ascii	"uint32_t\000"
 902      33325F74 
 902      00
 903              	.LASF5:
ARM GAS  /tmp/cchhW6Tn.s 			page 18


 904 013c 6C6F6E67 		.ascii	"long int\000"
 904      20696E74 
 904      00
 905              	.LASF1:
 906 0145 7369676E 		.ascii	"signed char\000"
 906      65642063 
 906      68617200 
 907              	.LASF21:
 908 0151 56544C69 		.ascii	"VTList\000"
 908      737400
 909              	.LASF15:
 910 0158 76745F6E 		.ascii	"vt_next\000"
 910      65787400 
 911              	.LASF26:
 912 0160 63685654 		.ascii	"chVTResetI\000"
 912      52657365 
 912      744900
 913              	.LASF9:
 914 016b 5F426F6F 		.ascii	"_Bool\000"
 914      6C00
 915              		.ident	"GCC: (Sourcery CodeBench Lite 2013.05-23) 4.7.3"
ARM GAS  /tmp/cchhW6Tn.s 			page 19


DEFINED SYMBOLS
                            *ABS*:00000000 chvt.c
     /tmp/cchhW6Tn.s:19     .text._vt_init:00000000 $t
     /tmp/cchhW6Tn.s:25     .text._vt_init:00000000 _vt_init
     /tmp/cchhW6Tn.s:49     .text._vt_init:00000014 $d
     /tmp/cchhW6Tn.s:54     .text.chVTSetI:00000000 $t
     /tmp/cchhW6Tn.s:60     .text.chVTSetI:00000000 chVTSetI
     /tmp/cchhW6Tn.s:126    .text.chVTSetI:00000034 $d
     /tmp/cchhW6Tn.s:131    .text.chVTResetI:00000000 $t
     /tmp/cchhW6Tn.s:137    .text.chVTResetI:00000000 chVTResetI
     /tmp/cchhW6Tn.s:169    .text.chVTResetI:00000020 $d
     /tmp/cchhW6Tn.s:179    .bss.vtlist:00000000 vtlist
     /tmp/cchhW6Tn.s:175    .bss.vtlist:00000000 $d
                     .debug_frame:00000010 $d
     /tmp/cchhW6Tn.s:53     .text._vt_init:00000018 $t
     /tmp/cchhW6Tn.s:130    .text.chVTSetI:00000038 $t
     /tmp/cchhW6Tn.s:174    .text.chVTResetI:00000024 $t

NO UNDEFINED SYMBOLS
