ARM GAS  /tmp/ccY3pheS.s 			page 1


   1              		.syntax unified
   2              		.cpu cortex-m4
   3              		.fpu softvfp
   4              		.eabi_attribute 20, 1
   5              		.eabi_attribute 21, 1
   6              		.eabi_attribute 23, 3
   7              		.eabi_attribute 24, 1
   8              		.eabi_attribute 25, 1
   9              		.eabi_attribute 26, 1
  10              		.eabi_attribute 30, 2
  11              		.eabi_attribute 34, 1
  12              		.eabi_attribute 18, 4
  13              		.thumb
  14              		.file	"crt0.c"
  15              		.text
  16              	.Ltext0:
  17              		.cfi_sections	.debug_frame
  18              		.section	.text.__early_init,"ax",%progbits
  19              		.align	2
  20              		.p2align 4,,15
  21              		.weak	__early_init
  22              		.thumb
  23              		.thumb_func
  24              		.type	__early_init, %function
  25              	__early_init:
  26              	.LFB0:
  27              		.file 1 "/home/dpeter/devel/sources/ChibiOS-RT/os/ports/GCC/ARMCMx/crt0.c"
  28              		.loc 1 227 0
  29              		.cfi_startproc
  30              		@ args = 0, pretend = 0, frame = 0
  31              		@ frame_needed = 0, uses_anonymous_args = 0
  32              		@ link register save eliminated.
  33 0000 7047     		bx	lr
  34              		.cfi_endproc
  35              	.LFE0:
  36              		.size	__early_init, .-__early_init
  37 0002 00BFAFF3 		.section	.text.__late_init,"ax",%progbits
  37      0080AFF3 
  37      0080AFF3 
  37      0080
  38              		.align	2
  39              		.p2align 4,,15
  40              		.weak	__late_init
  41              		.thumb
  42              		.thumb_func
  43              		.type	__late_init, %function
  44              	__late_init:
  45              	.LFB1:
  46              		.loc 1 239 0
  47              		.cfi_startproc
  48              		@ args = 0, pretend = 0, frame = 0
  49              		@ frame_needed = 0, uses_anonymous_args = 0
  50              		@ link register save eliminated.
  51 0000 7047     		bx	lr
  52              		.cfi_endproc
  53              	.LFE1:
  54              		.size	__late_init, .-__late_init
ARM GAS  /tmp/ccY3pheS.s 			page 2


  55 0002 00BFAFF3 		.section	.text._default_exit,"ax",%progbits
  55      0080AFF3 
  55      0080AFF3 
  55      0080
  56              		.align	2
  57              		.p2align 4,,15
  58              		.weak	_default_exit
  59              		.thumb
  60              		.thumb_func
  61              		.type	_default_exit, %function
  62              	_default_exit:
  63              	.LFB2:
  64              		.loc 1 250 0
  65              		.cfi_startproc
  66              		@ Naked Function: prologue and epilogue provided by programmer.
  67              		@ args = 0, pretend = 0, frame = 0
  68              		@ frame_needed = 0, uses_anonymous_args = 0
  69              	.L4:
  70 0000 FEE7     		b	.L4
  71              		.cfi_endproc
  72              	.LFE2:
  73              		.size	_default_exit, .-_default_exit
  74 0002 00BFAFF3 		.section	.text.ResetHandler,"ax",%progbits
  74      0080AFF3 
  74      0080AFF3 
  74      0080
  75              		.align	2
  76              		.p2align 4,,15
  77              		.global	ResetHandler
  78              		.thumb
  79              		.thumb_func
  80              		.type	ResetHandler, %function
  81              	ResetHandler:
  82              	.LFB3:
  83              		.loc 1 261 0
  84              		.cfi_startproc
  85              		@ Naked Function: prologue and epilogue provided by programmer.
  86              		@ args = 0, pretend = 0, frame = 0
  87              		@ frame_needed = 0, uses_anonymous_args = 0
  88              		.loc 1 267 0
  89              	@ 267 "/home/dpeter/devel/sources/ChibiOS-RT/os/ports/GCC/ARMCMx/crt0.c" 1
  90 0000 72B6     		cpsid   i
  91              	@ 0 "" 2
  92              		.loc 1 268 0
  93              		.thumb
  94 0002 3748     		ldr	r0, .L32
  95              	.LVL0:
  96              		.loc 1 269 0
  97              	@ 269 "/home/dpeter/devel/sources/ChibiOS-RT/os/ports/GCC/ARMCMx/crt0.c" 1
  98 0004 80F30988 		msr     PSP, r0
  99              	@ 0 "" 2
 100              	.LVL1:
 101              		.loc 1 289 0
 102              		.thumb
 103 0008 0223     		movs	r3, #2
 104              	@ 289 "/home/dpeter/devel/sources/ChibiOS-RT/os/ports/GCC/ARMCMx/crt0.c" 1
 105 000a 83F31488 		msr     CONTROL, r3
ARM GAS  /tmp/ccY3pheS.s 			page 3


 106              	@ 0 "" 2
 107              		.loc 1 290 0
 108              	@ 290 "/home/dpeter/devel/sources/ChibiOS-RT/os/ports/GCC/ARMCMx/crt0.c" 1
 109 000e BFF36F8F 		isb
 110              	@ 0 "" 2
 111              	.LVL2:
 112              		.thumb
 113              	.LBB2:
 114              		.loc 1 294 0
 115 0012 344A     		ldr	r2, .L32+4
 116 0014 344B     		ldr	r3, .L32+8
 117 0016 9A42     		cmp	r2, r3
 118 0018 0BD2     		bcs	.L10
 119              	.LBE2:
 120              	.LBB3:
 121              		.loc 1 261 0
 122 001a D143     		mvns	r1, r2
 123 001c C918     		adds	r1, r1, r3
 124 001e 21F00301 		bic	r1, r1, #3
 125 0022 131F     		subs	r3, r2, #4
 126 0024 8918     		adds	r1, r1, r2
 127              	.LBE3:
 128              	.LBB4:
 129              		.loc 1 294 0
 130 0026 4FF05532 		mov	r2, #1431655765
 131              	.LVL3:
 132              	.L9:
 133              		.loc 1 294 0 is_stmt 0 discriminator 2
 134 002a 43F8042F 		str	r2, [r3, #4]!
 135 002e 8B42     		cmp	r3, r1
 136 0030 FBD1     		bne	.L9
 137              	.L10:
 138              	.LVL4:
 139              	.LBE4:
 140              	.LBB5:
 141              		.loc 1 297 0 is_stmt 1
 142 0032 2E4A     		ldr	r2, .L32+12
 143 0034 8242     		cmp	r2, r0
 144 0036 0CD2     		bcs	.L8
 145              	.LBE5:
 146              	.LBB6:
 147              		.loc 1 261 0
 148 0038 2D49     		ldr	r1, .L32+16
 149 003a 131D     		adds	r3, r2, #4
 150 003c C91A     		subs	r1, r1, r3
 151 003e 21F00301 		bic	r1, r1, #3
 152 0042 131F     		subs	r3, r2, #4
 153 0044 8918     		adds	r1, r1, r2
 154              	.LBE6:
 155              	.LBB7:
 156              		.loc 1 297 0
 157 0046 4FF05532 		mov	r2, #1431655765
 158              	.LVL5:
 159              	.L13:
 160              		.loc 1 297 0 is_stmt 0 discriminator 2
 161 004a 43F8042F 		str	r2, [r3, #4]!
 162 004e 8B42     		cmp	r3, r1
ARM GAS  /tmp/ccY3pheS.s 			page 4


 163 0050 FBD1     		bne	.L13
 164              	.L8:
 165              	.LBE7:
 166              		.loc 1 303 0 is_stmt 1
 167 0052 FFF7FEFF 		bl	__early_init
 168              	.LVL6:
 169              	.LBB8:
 170              		.loc 1 312 0
 171 0056 2749     		ldr	r1, .L32+20
 172 0058 274B     		ldr	r3, .L32+24
 173 005a 9942     		cmp	r1, r3
 174 005c 0BD2     		bcs	.L12
 175              	.LBE8:
 176              	.LBB9:
 177              		.loc 1 261 0
 178 005e C843     		mvns	r0, r1
 179 0060 C018     		adds	r0, r0, r3
 180 0062 20F00300 		bic	r0, r0, #3
 181 0066 254C     		ldr	r4, .L32+28
 182 0068 0430     		adds	r0, r0, #4
 183              	.LBE9:
 184 006a 0023     		movs	r3, #0
 185              	.LVL7:
 186              	.L16:
 187              	.LBB10:
 188              		.loc 1 313 0
 189 006c E258     		ldr	r2, [r4, r3]
 190 006e CA50     		str	r2, [r1, r3]
 191 0070 0433     		adds	r3, r3, #4
 192              		.loc 1 312 0
 193 0072 8342     		cmp	r3, r0
 194 0074 FAD1     		bne	.L16
 195              	.L12:
 196              	.LVL8:
 197              	.LBE10:
 198              	.LBB11:
 199              		.loc 1 319 0
 200 0076 224A     		ldr	r2, .L32+32
 201 0078 224B     		ldr	r3, .L32+36
 202 007a 9A42     		cmp	r2, r3
 203 007c 0AD2     		bcs	.L15
 204              	.LBE11:
 205              	.LBB12:
 206              		.loc 1 261 0
 207 007e D143     		mvns	r1, r2
 208 0080 C918     		adds	r1, r1, r3
 209 0082 21F00301 		bic	r1, r1, #3
 210 0086 131F     		subs	r3, r2, #4
 211 0088 8918     		adds	r1, r1, r2
 212              	.LBE12:
 213              	.LBB13:
 214              		.loc 1 319 0
 215 008a 0022     		movs	r2, #0
 216              	.LVL9:
 217              	.L19:
 218              		.loc 1 319 0 is_stmt 0 discriminator 2
 219 008c 43F8042F 		str	r2, [r3, #4]!
ARM GAS  /tmp/ccY3pheS.s 			page 5


 220 0090 8B42     		cmp	r3, r1
 221 0092 FBD1     		bne	.L19
 222              	.L15:
 223              	.LBE13:
 224              		.loc 1 323 0 is_stmt 1
 225 0094 FFF7FEFF 		bl	__late_init
 226              	.LVL10:
 227              	.LBB14:
 228              		.loc 1 329 0
 229 0098 1B4D     		ldr	r5, .L32+40
 230 009a 1C4B     		ldr	r3, .L32+44
 231 009c 9D42     		cmp	r5, r3
 232 009e 0BD2     		bcs	.L18
 233              	.LBE14:
 234              	.LBB15:
 235              		.loc 1 261 0
 236 00a0 EE43     		mvns	r6, r5
 237 00a2 F618     		adds	r6, r6, r3
 238 00a4 B608     		lsrs	r6, r6, #2
 239 00a6 043D     		subs	r5, r5, #4
 240 00a8 0136     		adds	r6, r6, #1
 241              	.LBE15:
 242 00aa 0024     		movs	r4, #0
 243              	.LVL11:
 244              	.L22:
 245              	.LBB16:
 246              		.loc 1 330 0
 247 00ac 55F8043F 		ldr	r3, [r5, #4]!
 248 00b0 0134     		adds	r4, r4, #1
 249 00b2 9847     		blx	r3
 250              	.LVL12:
 251              		.loc 1 329 0
 252 00b4 B442     		cmp	r4, r6
 253 00b6 F9D1     		bne	.L22
 254              	.L18:
 255              	.LBE16:
 256              		.loc 1 337 0
 257 00b8 FFF7FEFF 		bl	main
 258              	.LVL13:
 259              	.LBB17:
 260              		.loc 1 343 0
 261 00bc 144D     		ldr	r5, .L32+48
 262 00be 154B     		ldr	r3, .L32+52
 263 00c0 9D42     		cmp	r5, r3
 264 00c2 0BD2     		bcs	.L21
 265              	.LBE17:
 266              		.loc 1 261 0
 267 00c4 EE43     		mvns	r6, r5
 268 00c6 F618     		adds	r6, r6, r3
 269 00c8 B608     		lsrs	r6, r6, #2
 270 00ca 043D     		subs	r5, r5, #4
 271 00cc 0136     		adds	r6, r6, #1
 272 00ce 0024     		movs	r4, #0
 273              	.LVL14:
 274              	.L23:
 275              	.LBB18:
 276              		.loc 1 344 0
ARM GAS  /tmp/ccY3pheS.s 			page 6


 277 00d0 55F8043F 		ldr	r3, [r5, #4]!
 278 00d4 0134     		adds	r4, r4, #1
 279 00d6 9847     		blx	r3
 280              	.LVL15:
 281              		.loc 1 343 0
 282 00d8 B442     		cmp	r4, r6
 283 00da F9D1     		bne	.L23
 284              	.L21:
 285              	.LBE18:
 286              		.loc 1 351 0
 287 00dc FFF7FEFF 		bl	_default_exit
 288              	.LVL16:
 289              		.loc 1 352 0
 290              	.L33:
 291              		.align	2
 292              	.L32:
 293 00e0 00000000 		.word	__process_stack_end__
 294 00e4 00000000 		.word	__main_stack_base__
 295 00e8 00000000 		.word	__main_stack_end__
 296 00ec 00000000 		.word	__process_stack_base__
 297 00f0 03000000 		.word	__process_stack_end__+3
 298 00f4 00000000 		.word	_data
 299 00f8 00000000 		.word	_edata
 300 00fc 00000000 		.word	_textdata
 301 0100 00000000 		.word	_bss_start
 302 0104 00000000 		.word	_bss_end
 303 0108 00000000 		.word	__init_array_start
 304 010c 00000000 		.word	__init_array_end
 305 0110 00000000 		.word	__fini_array_start
 306 0114 00000000 		.word	__fini_array_end
 307              		.cfi_endproc
 308              	.LFE3:
 309              		.size	ResetHandler, .-ResetHandler
 310 0118 AFF30080 		.text
 310      AFF30080 
 311              	.Letext0:
 312              		.file 2 "/home/dpeter/CodeSourcery/Sourcery_CodeBench_Lite_for_ARM_EABI/bin/../lib/gcc/arm-none-ea
 313              		.section	.debug_info,"",%progbits
 314              	.Ldebug_info0:
 315 0000 9E020000 		.4byte	0x29e
 316 0004 0200     		.2byte	0x2
 317 0006 00000000 		.4byte	.Ldebug_abbrev0
 318 000a 04       		.byte	0x4
 319 000b 01       		.uleb128 0x1
 320 000c 61010000 		.4byte	.LASF29
 321 0010 01       		.byte	0x1
 322 0011 CF000000 		.4byte	.LASF30
 323 0015 B8000000 		.4byte	.Ldebug_ranges0+0xb8
 324 0019 00000000 		.4byte	0
 325 001d 00000000 		.4byte	0
 326 0021 00000000 		.4byte	.Ldebug_line0
 327 0025 02       		.uleb128 0x2
 328 0026 01       		.byte	0x1
 329 0027 06       		.byte	0x6
 330 0028 AB010000 		.4byte	.LASF0
 331 002c 03       		.uleb128 0x3
 332 002d 34010000 		.4byte	.LASF5
ARM GAS  /tmp/ccY3pheS.s 			page 7


 333 0031 02       		.byte	0x2
 334 0032 2A       		.byte	0x2a
 335 0033 37000000 		.4byte	0x37
 336 0037 02       		.uleb128 0x2
 337 0038 01       		.byte	0x1
 338 0039 08       		.byte	0x8
 339 003a 51000000 		.4byte	.LASF1
 340 003e 02       		.uleb128 0x2
 341 003f 02       		.byte	0x2
 342 0040 05       		.byte	0x5
 343 0041 81010000 		.4byte	.LASF2
 344 0045 02       		.uleb128 0x2
 345 0046 02       		.byte	0x2
 346 0047 07       		.byte	0x7
 347 0048 8A000000 		.4byte	.LASF3
 348 004c 02       		.uleb128 0x2
 349 004d 04       		.byte	0x4
 350 004e 05       		.byte	0x5
 351 004f 9C010000 		.4byte	.LASF4
 352 0053 03       		.uleb128 0x3
 353 0054 93010000 		.4byte	.LASF6
 354 0058 02       		.byte	0x2
 355 0059 50       		.byte	0x50
 356 005a 5E000000 		.4byte	0x5e
 357 005e 02       		.uleb128 0x2
 358 005f 04       		.byte	0x4
 359 0060 07       		.byte	0x7
 360 0061 6B000000 		.4byte	.LASF7
 361 0065 02       		.uleb128 0x2
 362 0066 08       		.byte	0x8
 363 0067 05       		.byte	0x5
 364 0068 53010000 		.4byte	.LASF8
 365 006c 02       		.uleb128 0x2
 366 006d 08       		.byte	0x8
 367 006e 07       		.byte	0x7
 368 006f 1D010000 		.4byte	.LASF9
 369 0073 04       		.uleb128 0x4
 370 0074 04       		.byte	0x4
 371 0075 05       		.byte	0x5
 372 0076 696E7400 		.ascii	"int\000"
 373 007a 02       		.uleb128 0x2
 374 007b 04       		.byte	0x4
 375 007c 07       		.byte	0x7
 376 007d 10010000 		.4byte	.LASF10
 377 0081 03       		.uleb128 0x3
 378 0082 8B010000 		.4byte	.LASF11
 379 0086 01       		.byte	0x1
 380 0087 2D       		.byte	0x2d
 381 0088 8C000000 		.4byte	0x8c
 382 008c 05       		.uleb128 0x5
 383 008d 04       		.byte	0x4
 384 008e 92000000 		.4byte	0x92
 385 0092 06       		.uleb128 0x6
 386 0093 01       		.byte	0x1
 387 0094 03       		.uleb128 0x3
 388 0095 3A000000 		.4byte	.LASF12
 389 0099 01       		.byte	0x1
ARM GAS  /tmp/ccY3pheS.s 			page 8


 390 009a 2E       		.byte	0x2e
 391 009b 9F000000 		.4byte	0x9f
 392 009f 05       		.uleb128 0x5
 393 00a0 04       		.byte	0x4
 394 00a1 81000000 		.4byte	0x81
 395 00a5 07       		.uleb128 0x7
 396 00a6 01       		.byte	0x1
 397 00a7 46010000 		.4byte	.LASF13
 398 00ab 01       		.byte	0x1
 399 00ac E3       		.byte	0xe3
 400 00ad 01       		.byte	0x1
 401 00ae 00000000 		.4byte	.LFB0
 402 00b2 02000000 		.4byte	.LFE0
 403 00b6 02       		.byte	0x2
 404 00b7 7D       		.byte	0x7d
 405 00b8 00       		.sleb128 0
 406 00b9 01       		.byte	0x1
 407 00ba 07       		.uleb128 0x7
 408 00bb 01       		.byte	0x1
 409 00bc 5F000000 		.4byte	.LASF14
 410 00c0 01       		.byte	0x1
 411 00c1 EF       		.byte	0xef
 412 00c2 01       		.byte	0x1
 413 00c3 00000000 		.4byte	.LFB1
 414 00c7 02000000 		.4byte	.LFE1
 415 00cb 02       		.byte	0x2
 416 00cc 7D       		.byte	0x7d
 417 00cd 00       		.sleb128 0
 418 00ce 01       		.byte	0x1
 419 00cf 07       		.uleb128 0x7
 420 00d0 01       		.byte	0x1
 421 00d1 43000000 		.4byte	.LASF15
 422 00d5 01       		.byte	0x1
 423 00d6 FA       		.byte	0xfa
 424 00d7 01       		.byte	0x1
 425 00d8 00000000 		.4byte	.LFB2
 426 00dc 02000000 		.4byte	.LFE2
 427 00e0 02       		.byte	0x2
 428 00e1 7D       		.byte	0x7d
 429 00e2 00       		.sleb128 0
 430 00e3 01       		.byte	0x1
 431 00e4 08       		.uleb128 0x8
 432 00e5 01       		.byte	0x1
 433 00e6 7D000000 		.4byte	.LASF31
 434 00ea 01       		.byte	0x1
 435 00eb 0501     		.2byte	0x105
 436 00ed 01       		.byte	0x1
 437 00ee 00000000 		.4byte	.LFB3
 438 00f2 18010000 		.4byte	.LFE3
 439 00f6 02       		.byte	0x2
 440 00f7 7D       		.byte	0x7d
 441 00f8 00       		.sleb128 0
 442 00f9 01       		.byte	0x1
 443 00fa E8010000 		.4byte	0x1e8
 444 00fe 09       		.uleb128 0x9
 445 00ff 70737000 		.ascii	"psp\000"
 446 0103 01       		.byte	0x1
ARM GAS  /tmp/ccY3pheS.s 			page 9


 447 0104 0601     		.2byte	0x106
 448 0106 53000000 		.4byte	0x53
 449 010a 0A       		.uleb128 0xa
 450 010b 72656700 		.ascii	"reg\000"
 451 010f 01       		.byte	0x1
 452 0110 0601     		.2byte	0x106
 453 0112 53000000 		.4byte	0x53
 454 0116 02       		.byte	0x2
 455 0117 0B       		.uleb128 0xb
 456 0118 00000000 		.4byte	.Ldebug_ranges0+0
 457 011c 37010000 		.4byte	0x137
 458 0120 09       		.uleb128 0x9
 459 0121 703100   		.ascii	"p1\000"
 460 0124 01       		.byte	0x1
 461 0125 2601     		.2byte	0x126
 462 0127 E8010000 		.4byte	0x1e8
 463 012b 09       		.uleb128 0x9
 464 012c 703200   		.ascii	"p2\000"
 465 012f 01       		.byte	0x1
 466 0130 2601     		.2byte	0x126
 467 0132 E8010000 		.4byte	0x1e8
 468 0136 00       		.byte	0
 469 0137 0B       		.uleb128 0xb
 470 0138 18000000 		.4byte	.Ldebug_ranges0+0x18
 471 013c 57010000 		.4byte	0x157
 472 0140 09       		.uleb128 0x9
 473 0141 703100   		.ascii	"p1\000"
 474 0144 01       		.byte	0x1
 475 0145 2901     		.2byte	0x129
 476 0147 E8010000 		.4byte	0x1e8
 477 014b 09       		.uleb128 0x9
 478 014c 703200   		.ascii	"p2\000"
 479 014f 01       		.byte	0x1
 480 0150 2901     		.2byte	0x129
 481 0152 E8010000 		.4byte	0x1e8
 482 0156 00       		.byte	0
 483 0157 0B       		.uleb128 0xb
 484 0158 38000000 		.4byte	.Ldebug_ranges0+0x38
 485 015c 77010000 		.4byte	0x177
 486 0160 09       		.uleb128 0x9
 487 0161 747000   		.ascii	"tp\000"
 488 0164 01       		.byte	0x1
 489 0165 3401     		.2byte	0x134
 490 0167 E8010000 		.4byte	0x1e8
 491 016b 09       		.uleb128 0x9
 492 016c 647000   		.ascii	"dp\000"
 493 016f 01       		.byte	0x1
 494 0170 3401     		.2byte	0x134
 495 0172 E8010000 		.4byte	0x1e8
 496 0176 00       		.byte	0
 497 0177 0B       		.uleb128 0xb
 498 0178 58000000 		.4byte	.Ldebug_ranges0+0x58
 499 017c 97010000 		.4byte	0x197
 500 0180 09       		.uleb128 0x9
 501 0181 703100   		.ascii	"p1\000"
 502 0184 01       		.byte	0x1
 503 0185 3F01     		.2byte	0x13f
ARM GAS  /tmp/ccY3pheS.s 			page 10


 504 0187 E8010000 		.4byte	0x1e8
 505 018b 09       		.uleb128 0x9
 506 018c 703200   		.ascii	"p2\000"
 507 018f 01       		.byte	0x1
 508 0190 3F01     		.2byte	0x13f
 509 0192 E8010000 		.4byte	0x1e8
 510 0196 00       		.byte	0
 511 0197 0B       		.uleb128 0xb
 512 0198 78000000 		.4byte	.Ldebug_ranges0+0x78
 513 019c AD010000 		.4byte	0x1ad
 514 01a0 09       		.uleb128 0x9
 515 01a1 66707000 		.ascii	"fpp\000"
 516 01a5 01       		.byte	0x1
 517 01a6 4801     		.2byte	0x148
 518 01a8 94000000 		.4byte	0x94
 519 01ac 00       		.byte	0
 520 01ad 0B       		.uleb128 0xb
 521 01ae 98000000 		.4byte	.Ldebug_ranges0+0x98
 522 01b2 C3010000 		.4byte	0x1c3
 523 01b6 09       		.uleb128 0x9
 524 01b7 66707000 		.ascii	"fpp\000"
 525 01bb 01       		.byte	0x1
 526 01bc 5601     		.2byte	0x156
 527 01be 94000000 		.4byte	0x94
 528 01c2 00       		.byte	0
 529 01c3 0C       		.uleb128 0xc
 530 01c4 56000000 		.4byte	.LVL6
 531 01c8 A5000000 		.4byte	0xa5
 532 01cc 0C       		.uleb128 0xc
 533 01cd 98000000 		.4byte	.LVL10
 534 01d1 BA000000 		.4byte	0xba
 535 01d5 0C       		.uleb128 0xc
 536 01d6 BC000000 		.4byte	.LVL13
 537 01da 97020000 		.4byte	0x297
 538 01de 0C       		.uleb128 0xc
 539 01df E0000000 		.4byte	.LVL16
 540 01e3 CF000000 		.4byte	0xcf
 541 01e7 00       		.byte	0
 542 01e8 05       		.uleb128 0x5
 543 01e9 04       		.byte	0x4
 544 01ea 53000000 		.4byte	0x53
 545 01ee 0D       		.uleb128 0xd
 546 01ef 6D010000 		.4byte	.LASF16
 547 01f3 01       		.byte	0x1
 548 01f4 84       		.byte	0x84
 549 01f5 53000000 		.4byte	0x53
 550 01f9 01       		.byte	0x1
 551 01fa 01       		.byte	0x1
 552 01fb 0D       		.uleb128 0xd
 553 01fc E0010000 		.4byte	.LASF17
 554 0200 01       		.byte	0x1
 555 0201 8C       		.byte	0x8c
 556 0202 53000000 		.4byte	0x53
 557 0206 01       		.byte	0x1
 558 0207 01       		.byte	0x1
 559 0208 0D       		.uleb128 0xd
 560 0209 23000000 		.4byte	.LASF18
ARM GAS  /tmp/ccY3pheS.s 			page 11


 561 020d 01       		.byte	0x1
 562 020e 93       		.byte	0x93
 563 020f 53000000 		.4byte	0x53
 564 0213 01       		.byte	0x1
 565 0214 01       		.byte	0x1
 566 0215 0D       		.uleb128 0xd
 567 0216 B7010000 		.4byte	.LASF19
 568 021a 01       		.byte	0x1
 569 021b 9A       		.byte	0x9a
 570 021c 53000000 		.4byte	0x53
 571 0220 01       		.byte	0x1
 572 0221 01       		.byte	0x1
 573 0222 0D       		.uleb128 0xd
 574 0223 3C010000 		.4byte	.LASF20
 575 0227 01       		.byte	0x1
 576 0228 A0       		.byte	0xa0
 577 0229 53000000 		.4byte	0x53
 578 022d 01       		.byte	0x1
 579 022e 01       		.byte	0x1
 580 022f 0D       		.uleb128 0xd
 581 0230 A5010000 		.4byte	.LASF21
 582 0234 01       		.byte	0x1
 583 0235 A6       		.byte	0xa6
 584 0236 53000000 		.4byte	0x53
 585 023a 01       		.byte	0x1
 586 023b 01       		.byte	0x1
 587 023c 0D       		.uleb128 0xd
 588 023d 0B000000 		.4byte	.LASF22
 589 0241 01       		.byte	0x1
 590 0242 AC       		.byte	0xac
 591 0243 53000000 		.4byte	0x53
 592 0247 01       		.byte	0x1
 593 0248 01       		.byte	0x1
 594 0249 0D       		.uleb128 0xd
 595 024a 00000000 		.4byte	.LASF23
 596 024e 01       		.byte	0x1
 597 024f B2       		.byte	0xb2
 598 0250 53000000 		.4byte	0x53
 599 0254 01       		.byte	0x1
 600 0255 01       		.byte	0x1
 601 0256 0D       		.uleb128 0xd
 602 0257 B0000000 		.4byte	.LASF24
 603 025b 01       		.byte	0x1
 604 025c B8       		.byte	0xb8
 605 025d 53000000 		.4byte	0x53
 606 0261 01       		.byte	0x1
 607 0262 01       		.byte	0x1
 608 0263 0D       		.uleb128 0xd
 609 0264 CD010000 		.4byte	.LASF25
 610 0268 01       		.byte	0x1
 611 0269 BE       		.byte	0xbe
 612 026a 81000000 		.4byte	0x81
 613 026e 01       		.byte	0x1
 614 026f 01       		.byte	0x1
 615 0270 0D       		.uleb128 0xd
 616 0271 B9000000 		.4byte	.LASF26
 617 0275 01       		.byte	0x1
ARM GAS  /tmp/ccY3pheS.s 			page 12


 618 0276 C4       		.byte	0xc4
 619 0277 81000000 		.4byte	0x81
 620 027b 01       		.byte	0x1
 621 027c 01       		.byte	0x1
 622 027d 0D       		.uleb128 0xd
 623 027e 9D000000 		.4byte	.LASF27
 624 0282 01       		.byte	0x1
 625 0283 CA       		.byte	0xca
 626 0284 81000000 		.4byte	0x81
 627 0288 01       		.byte	0x1
 628 0289 01       		.byte	0x1
 629 028a 0D       		.uleb128 0xd
 630 028b 12000000 		.4byte	.LASF28
 631 028f 01       		.byte	0x1
 632 0290 D0       		.byte	0xd0
 633 0291 81000000 		.4byte	0x81
 634 0295 01       		.byte	0x1
 635 0296 01       		.byte	0x1
 636 0297 0E       		.uleb128 0xe
 637 0298 01       		.byte	0x1
 638 0299 CA000000 		.4byte	.LASF32
 639 029d 01       		.byte	0x1
 640 029e D7       		.byte	0xd7
 641 029f 01       		.byte	0x1
 642 02a0 01       		.byte	0x1
 643 02a1 00       		.byte	0
 644              		.section	.debug_abbrev,"",%progbits
 645              	.Ldebug_abbrev0:
 646 0000 01       		.uleb128 0x1
 647 0001 11       		.uleb128 0x11
 648 0002 01       		.byte	0x1
 649 0003 25       		.uleb128 0x25
 650 0004 0E       		.uleb128 0xe
 651 0005 13       		.uleb128 0x13
 652 0006 0B       		.uleb128 0xb
 653 0007 03       		.uleb128 0x3
 654 0008 0E       		.uleb128 0xe
 655 0009 55       		.uleb128 0x55
 656 000a 06       		.uleb128 0x6
 657 000b 11       		.uleb128 0x11
 658 000c 01       		.uleb128 0x1
 659 000d 52       		.uleb128 0x52
 660 000e 01       		.uleb128 0x1
 661 000f 10       		.uleb128 0x10
 662 0010 06       		.uleb128 0x6
 663 0011 00       		.byte	0
 664 0012 00       		.byte	0
 665 0013 02       		.uleb128 0x2
 666 0014 24       		.uleb128 0x24
 667 0015 00       		.byte	0
 668 0016 0B       		.uleb128 0xb
 669 0017 0B       		.uleb128 0xb
 670 0018 3E       		.uleb128 0x3e
 671 0019 0B       		.uleb128 0xb
 672 001a 03       		.uleb128 0x3
 673 001b 0E       		.uleb128 0xe
 674 001c 00       		.byte	0
ARM GAS  /tmp/ccY3pheS.s 			page 13


 675 001d 00       		.byte	0
 676 001e 03       		.uleb128 0x3
 677 001f 16       		.uleb128 0x16
 678 0020 00       		.byte	0
 679 0021 03       		.uleb128 0x3
 680 0022 0E       		.uleb128 0xe
 681 0023 3A       		.uleb128 0x3a
 682 0024 0B       		.uleb128 0xb
 683 0025 3B       		.uleb128 0x3b
 684 0026 0B       		.uleb128 0xb
 685 0027 49       		.uleb128 0x49
 686 0028 13       		.uleb128 0x13
 687 0029 00       		.byte	0
 688 002a 00       		.byte	0
 689 002b 04       		.uleb128 0x4
 690 002c 24       		.uleb128 0x24
 691 002d 00       		.byte	0
 692 002e 0B       		.uleb128 0xb
 693 002f 0B       		.uleb128 0xb
 694 0030 3E       		.uleb128 0x3e
 695 0031 0B       		.uleb128 0xb
 696 0032 03       		.uleb128 0x3
 697 0033 08       		.uleb128 0x8
 698 0034 00       		.byte	0
 699 0035 00       		.byte	0
 700 0036 05       		.uleb128 0x5
 701 0037 0F       		.uleb128 0xf
 702 0038 00       		.byte	0
 703 0039 0B       		.uleb128 0xb
 704 003a 0B       		.uleb128 0xb
 705 003b 49       		.uleb128 0x49
 706 003c 13       		.uleb128 0x13
 707 003d 00       		.byte	0
 708 003e 00       		.byte	0
 709 003f 06       		.uleb128 0x6
 710 0040 15       		.uleb128 0x15
 711 0041 00       		.byte	0
 712 0042 27       		.uleb128 0x27
 713 0043 0C       		.uleb128 0xc
 714 0044 00       		.byte	0
 715 0045 00       		.byte	0
 716 0046 07       		.uleb128 0x7
 717 0047 2E       		.uleb128 0x2e
 718 0048 00       		.byte	0
 719 0049 3F       		.uleb128 0x3f
 720 004a 0C       		.uleb128 0xc
 721 004b 03       		.uleb128 0x3
 722 004c 0E       		.uleb128 0xe
 723 004d 3A       		.uleb128 0x3a
 724 004e 0B       		.uleb128 0xb
 725 004f 3B       		.uleb128 0x3b
 726 0050 0B       		.uleb128 0xb
 727 0051 27       		.uleb128 0x27
 728 0052 0C       		.uleb128 0xc
 729 0053 11       		.uleb128 0x11
 730 0054 01       		.uleb128 0x1
 731 0055 12       		.uleb128 0x12
ARM GAS  /tmp/ccY3pheS.s 			page 14


 732 0056 01       		.uleb128 0x1
 733 0057 40       		.uleb128 0x40
 734 0058 0A       		.uleb128 0xa
 735 0059 9742     		.uleb128 0x2117
 736 005b 0C       		.uleb128 0xc
 737 005c 00       		.byte	0
 738 005d 00       		.byte	0
 739 005e 08       		.uleb128 0x8
 740 005f 2E       		.uleb128 0x2e
 741 0060 01       		.byte	0x1
 742 0061 3F       		.uleb128 0x3f
 743 0062 0C       		.uleb128 0xc
 744 0063 03       		.uleb128 0x3
 745 0064 0E       		.uleb128 0xe
 746 0065 3A       		.uleb128 0x3a
 747 0066 0B       		.uleb128 0xb
 748 0067 3B       		.uleb128 0x3b
 749 0068 05       		.uleb128 0x5
 750 0069 27       		.uleb128 0x27
 751 006a 0C       		.uleb128 0xc
 752 006b 11       		.uleb128 0x11
 753 006c 01       		.uleb128 0x1
 754 006d 12       		.uleb128 0x12
 755 006e 01       		.uleb128 0x1
 756 006f 40       		.uleb128 0x40
 757 0070 0A       		.uleb128 0xa
 758 0071 9642     		.uleb128 0x2116
 759 0073 0C       		.uleb128 0xc
 760 0074 01       		.uleb128 0x1
 761 0075 13       		.uleb128 0x13
 762 0076 00       		.byte	0
 763 0077 00       		.byte	0
 764 0078 09       		.uleb128 0x9
 765 0079 34       		.uleb128 0x34
 766 007a 00       		.byte	0
 767 007b 03       		.uleb128 0x3
 768 007c 08       		.uleb128 0x8
 769 007d 3A       		.uleb128 0x3a
 770 007e 0B       		.uleb128 0xb
 771 007f 3B       		.uleb128 0x3b
 772 0080 05       		.uleb128 0x5
 773 0081 49       		.uleb128 0x49
 774 0082 13       		.uleb128 0x13
 775 0083 00       		.byte	0
 776 0084 00       		.byte	0
 777 0085 0A       		.uleb128 0xa
 778 0086 34       		.uleb128 0x34
 779 0087 00       		.byte	0
 780 0088 03       		.uleb128 0x3
 781 0089 08       		.uleb128 0x8
 782 008a 3A       		.uleb128 0x3a
 783 008b 0B       		.uleb128 0xb
 784 008c 3B       		.uleb128 0x3b
 785 008d 05       		.uleb128 0x5
 786 008e 49       		.uleb128 0x49
 787 008f 13       		.uleb128 0x13
 788 0090 1C       		.uleb128 0x1c
ARM GAS  /tmp/ccY3pheS.s 			page 15


 789 0091 0B       		.uleb128 0xb
 790 0092 00       		.byte	0
 791 0093 00       		.byte	0
 792 0094 0B       		.uleb128 0xb
 793 0095 0B       		.uleb128 0xb
 794 0096 01       		.byte	0x1
 795 0097 55       		.uleb128 0x55
 796 0098 06       		.uleb128 0x6
 797 0099 01       		.uleb128 0x1
 798 009a 13       		.uleb128 0x13
 799 009b 00       		.byte	0
 800 009c 00       		.byte	0
 801 009d 0C       		.uleb128 0xc
 802 009e 898201   		.uleb128 0x4109
 803 00a1 00       		.byte	0
 804 00a2 11       		.uleb128 0x11
 805 00a3 01       		.uleb128 0x1
 806 00a4 31       		.uleb128 0x31
 807 00a5 13       		.uleb128 0x13
 808 00a6 00       		.byte	0
 809 00a7 00       		.byte	0
 810 00a8 0D       		.uleb128 0xd
 811 00a9 34       		.uleb128 0x34
 812 00aa 00       		.byte	0
 813 00ab 03       		.uleb128 0x3
 814 00ac 0E       		.uleb128 0xe
 815 00ad 3A       		.uleb128 0x3a
 816 00ae 0B       		.uleb128 0xb
 817 00af 3B       		.uleb128 0x3b
 818 00b0 0B       		.uleb128 0xb
 819 00b1 49       		.uleb128 0x49
 820 00b2 13       		.uleb128 0x13
 821 00b3 3F       		.uleb128 0x3f
 822 00b4 0C       		.uleb128 0xc
 823 00b5 3C       		.uleb128 0x3c
 824 00b6 0C       		.uleb128 0xc
 825 00b7 00       		.byte	0
 826 00b8 00       		.byte	0
 827 00b9 0E       		.uleb128 0xe
 828 00ba 2E       		.uleb128 0x2e
 829 00bb 00       		.byte	0
 830 00bc 3F       		.uleb128 0x3f
 831 00bd 0C       		.uleb128 0xc
 832 00be 03       		.uleb128 0x3
 833 00bf 0E       		.uleb128 0xe
 834 00c0 3A       		.uleb128 0x3a
 835 00c1 0B       		.uleb128 0xb
 836 00c2 3B       		.uleb128 0x3b
 837 00c3 0B       		.uleb128 0xb
 838 00c4 27       		.uleb128 0x27
 839 00c5 0C       		.uleb128 0xc
 840 00c6 3C       		.uleb128 0x3c
 841 00c7 0C       		.uleb128 0xc
 842 00c8 00       		.byte	0
 843 00c9 00       		.byte	0
 844 00ca 00       		.byte	0
 845              		.section	.debug_aranges,"",%progbits
ARM GAS  /tmp/ccY3pheS.s 			page 16


 846 0000 34000000 		.4byte	0x34
 847 0004 0200     		.2byte	0x2
 848 0006 00000000 		.4byte	.Ldebug_info0
 849 000a 04       		.byte	0x4
 850 000b 00       		.byte	0
 851 000c 0000     		.2byte	0
 852 000e 0000     		.2byte	0
 853 0010 00000000 		.4byte	.LFB0
 854 0014 02000000 		.4byte	.LFE0-.LFB0
 855 0018 00000000 		.4byte	.LFB1
 856 001c 02000000 		.4byte	.LFE1-.LFB1
 857 0020 00000000 		.4byte	.LFB2
 858 0024 02000000 		.4byte	.LFE2-.LFB2
 859 0028 00000000 		.4byte	.LFB3
 860 002c 18010000 		.4byte	.LFE3-.LFB3
 861 0030 00000000 		.4byte	0
 862 0034 00000000 		.4byte	0
 863              		.section	.debug_ranges,"",%progbits
 864              	.Ldebug_ranges0:
 865 0000 12000000 		.4byte	.LBB2
 866 0004 1A000000 		.4byte	.LBE2
 867 0008 26000000 		.4byte	.LBB4
 868 000c 32000000 		.4byte	.LBE4
 869 0010 00000000 		.4byte	0
 870 0014 00000000 		.4byte	0
 871 0018 1A000000 		.4byte	.LBB3
 872 001c 26000000 		.4byte	.LBE3
 873 0020 32000000 		.4byte	.LBB5
 874 0024 38000000 		.4byte	.LBE5
 875 0028 46000000 		.4byte	.LBB7
 876 002c 52000000 		.4byte	.LBE7
 877 0030 00000000 		.4byte	0
 878 0034 00000000 		.4byte	0
 879 0038 38000000 		.4byte	.LBB6
 880 003c 46000000 		.4byte	.LBE6
 881 0040 56000000 		.4byte	.LBB8
 882 0044 5E000000 		.4byte	.LBE8
 883 0048 6C000000 		.4byte	.LBB10
 884 004c 76000000 		.4byte	.LBE10
 885 0050 00000000 		.4byte	0
 886 0054 00000000 		.4byte	0
 887 0058 5E000000 		.4byte	.LBB9
 888 005c 6A000000 		.4byte	.LBE9
 889 0060 76000000 		.4byte	.LBB11
 890 0064 7E000000 		.4byte	.LBE11
 891 0068 8A000000 		.4byte	.LBB13
 892 006c 94000000 		.4byte	.LBE13
 893 0070 00000000 		.4byte	0
 894 0074 00000000 		.4byte	0
 895 0078 7E000000 		.4byte	.LBB12
 896 007c 8A000000 		.4byte	.LBE12
 897 0080 98000000 		.4byte	.LBB14
 898 0084 A0000000 		.4byte	.LBE14
 899 0088 AC000000 		.4byte	.LBB16
 900 008c B8000000 		.4byte	.LBE16
 901 0090 00000000 		.4byte	0
 902 0094 00000000 		.4byte	0
ARM GAS  /tmp/ccY3pheS.s 			page 17


 903 0098 A0000000 		.4byte	.LBB15
 904 009c AA000000 		.4byte	.LBE15
 905 00a0 BC000000 		.4byte	.LBB17
 906 00a4 C4000000 		.4byte	.LBE17
 907 00a8 D0000000 		.4byte	.LBB18
 908 00ac DC000000 		.4byte	.LBE18
 909 00b0 00000000 		.4byte	0
 910 00b4 00000000 		.4byte	0
 911 00b8 00000000 		.4byte	.LFB0
 912 00bc 02000000 		.4byte	.LFE0
 913 00c0 00000000 		.4byte	.LFB1
 914 00c4 02000000 		.4byte	.LFE1
 915 00c8 00000000 		.4byte	.LFB2
 916 00cc 02000000 		.4byte	.LFE2
 917 00d0 00000000 		.4byte	.LFB3
 918 00d4 18010000 		.4byte	.LFE3
 919 00d8 00000000 		.4byte	0
 920 00dc 00000000 		.4byte	0
 921              		.section	.debug_line,"",%progbits
 922              	.Ldebug_line0:
 923 0000 80010000 		.section	.debug_str,"MS",%progbits,1
 923      0200E700 
 923      00000201 
 923      FB0E0D00 
 923      01010101 
 924              	.LASF23:
 925 0000 5F627373 		.ascii	"_bss_start\000"
 925      5F737461 
 925      727400
 926              	.LASF22:
 927 000b 5F656461 		.ascii	"_edata\000"
 927      746100
 928              	.LASF28:
 929 0012 5F5F6669 		.ascii	"__fini_array_end\000"
 929      6E695F61 
 929      72726179 
 929      5F656E64 
 929      00
 930              	.LASF18:
 931 0023 5F5F7072 		.ascii	"__process_stack_base__\000"
 931      6F636573 
 931      735F7374 
 931      61636B5F 
 931      62617365 
 932              	.LASF12:
 933 003a 66756E63 		.ascii	"funcpp_t\000"
 933      70705F74 
 933      00
 934              	.LASF15:
 935 0043 5F646566 		.ascii	"_default_exit\000"
 935      61756C74 
 935      5F657869 
 935      7400
 936              	.LASF1:
 937 0051 756E7369 		.ascii	"unsigned char\000"
 937      676E6564 
 937      20636861 
ARM GAS  /tmp/ccY3pheS.s 			page 18


 937      7200
 938              	.LASF14:
 939 005f 5F5F6C61 		.ascii	"__late_init\000"
 939      74655F69 
 939      6E697400 
 940              	.LASF7:
 941 006b 6C6F6E67 		.ascii	"long unsigned int\000"
 941      20756E73 
 941      69676E65 
 941      6420696E 
 941      7400
 942              	.LASF31:
 943 007d 52657365 		.ascii	"ResetHandler\000"
 943      7448616E 
 943      646C6572 
 943      00
 944              	.LASF3:
 945 008a 73686F72 		.ascii	"short unsigned int\000"
 945      7420756E 
 945      7369676E 
 945      65642069 
 945      6E7400
 946              	.LASF27:
 947 009d 5F5F6669 		.ascii	"__fini_array_start\000"
 947      6E695F61 
 947      72726179 
 947      5F737461 
 947      727400
 948              	.LASF24:
 949 00b0 5F627373 		.ascii	"_bss_end\000"
 949      5F656E64 
 949      00
 950              	.LASF26:
 951 00b9 5F5F696E 		.ascii	"__init_array_end\000"
 951      69745F61 
 951      72726179 
 951      5F656E64 
 951      00
 952              	.LASF32:
 953 00ca 6D61696E 		.ascii	"main\000"
 953      00
 954              	.LASF30:
 955 00cf 2F686F6D 		.ascii	"/home/dpeter/devel/sources/ChibiOS-RT/os/ports/GCC/"
 955      652F6470 
 955      65746572 
 955      2F646576 
 955      656C2F73 
 956 0102 41524D43 		.ascii	"ARMCMx/crt0.c\000"
 956      4D782F63 
 956      7274302E 
 956      6300
 957              	.LASF10:
 958 0110 756E7369 		.ascii	"unsigned int\000"
 958      676E6564 
 958      20696E74 
 958      00
 959              	.LASF9:
ARM GAS  /tmp/ccY3pheS.s 			page 19


 960 011d 6C6F6E67 		.ascii	"long long unsigned int\000"
 960      206C6F6E 
 960      6720756E 
 960      7369676E 
 960      65642069 
 961              	.LASF5:
 962 0134 75696E74 		.ascii	"uint8_t\000"
 962      385F7400 
 963              	.LASF20:
 964 013c 5F746578 		.ascii	"_textdata\000"
 964      74646174 
 964      6100
 965              	.LASF13:
 966 0146 5F5F6561 		.ascii	"__early_init\000"
 966      726C795F 
 966      696E6974 
 966      00
 967              	.LASF8:
 968 0153 6C6F6E67 		.ascii	"long long int\000"
 968      206C6F6E 
 968      6720696E 
 968      7400
 969              	.LASF29:
 970 0161 474E5520 		.ascii	"GNU C 4.7.3\000"
 970      4320342E 
 970      372E3300 
 971              	.LASF16:
 972 016d 5F5F6D61 		.ascii	"__main_stack_base__\000"
 972      696E5F73 
 972      7461636B 
 972      5F626173 
 972      655F5F00 
 973              	.LASF2:
 974 0181 73686F72 		.ascii	"short int\000"
 974      7420696E 
 974      7400
 975              	.LASF11:
 976 018b 66756E63 		.ascii	"funcp_t\000"
 976      705F7400 
 977              	.LASF6:
 978 0193 75696E74 		.ascii	"uint32_t\000"
 978      33325F74 
 978      00
 979              	.LASF4:
 980 019c 6C6F6E67 		.ascii	"long int\000"
 980      20696E74 
 980      00
 981              	.LASF21:
 982 01a5 5F646174 		.ascii	"_data\000"
 982      6100
 983              	.LASF0:
 984 01ab 7369676E 		.ascii	"signed char\000"
 984      65642063 
 984      68617200 
 985              	.LASF19:
 986 01b7 5F5F7072 		.ascii	"__process_stack_end__\000"
 986      6F636573 
ARM GAS  /tmp/ccY3pheS.s 			page 20


 986      735F7374 
 986      61636B5F 
 986      656E645F 
 987              	.LASF25:
 988 01cd 5F5F696E 		.ascii	"__init_array_start\000"
 988      69745F61 
 988      72726179 
 988      5F737461 
 988      727400
 989              	.LASF17:
 990 01e0 5F5F6D61 		.ascii	"__main_stack_end__\000"
 990      696E5F73 
 990      7461636B 
 990      5F656E64 
 990      5F5F00
 991              		.ident	"GCC: (Sourcery CodeBench Lite 2013.05-23) 4.7.3"
ARM GAS  /tmp/ccY3pheS.s 			page 21


DEFINED SYMBOLS
                            *ABS*:00000000 crt0.c
     /tmp/ccY3pheS.s:19     .text.__early_init:00000000 $t
     /tmp/ccY3pheS.s:25     .text.__early_init:00000000 __early_init
     /tmp/ccY3pheS.s:38     .text.__late_init:00000000 $t
     /tmp/ccY3pheS.s:44     .text.__late_init:00000000 __late_init
     /tmp/ccY3pheS.s:56     .text._default_exit:00000000 $t
     /tmp/ccY3pheS.s:62     .text._default_exit:00000000 _default_exit
     /tmp/ccY3pheS.s:75     .text.ResetHandler:00000000 $t
     /tmp/ccY3pheS.s:81     .text.ResetHandler:00000000 ResetHandler
     /tmp/ccY3pheS.s:293    .text.ResetHandler:000000e0 $d
                     .debug_frame:00000010 $d
     /tmp/ccY3pheS.s:310    .text.ResetHandler:00000118 $t

UNDEFINED SYMBOLS
main
__process_stack_end__
__main_stack_base__
__main_stack_end__
__process_stack_base__
_data
_edata
_textdata
_bss_start
_bss_end
__init_array_start
__init_array_end
__fini_array_start
__fini_array_end
