ARM GAS  /tmp/cc1U3Bmh.s 			page 1


   1              		.syntax unified
   2              		.cpu cortex-m4
   3              		.fpu softvfp
   4              		.eabi_attribute 20, 1
   5              		.eabi_attribute 21, 1
   6              		.eabi_attribute 23, 3
   7              		.eabi_attribute 24, 1
   8              		.eabi_attribute 25, 1
   9              		.eabi_attribute 26, 1
  10              		.eabi_attribute 30, 2
  11              		.eabi_attribute 34, 1
  12              		.eabi_attribute 18, 4
  13              		.thumb
  14              		.file	"lis302dl.c"
  15              		.text
  16              	.Ltext0:
  17              		.cfi_sections	.debug_frame
  18              		.section	.text.lis302dlReadRegister,"ax",%progbits
  19              		.align	2
  20              		.p2align 4,,15
  21              		.global	lis302dlReadRegister
  22              		.thumb
  23              		.thumb_func
  24              		.type	lis302dlReadRegister, %function
  25              	lis302dlReadRegister:
  26              	.LFB118:
  27              		.file 1 "/home/dpeter/devel/sources/ChibiOS-RT/os/various/devices_lib/accel/lis302dl.c"
  28              		.loc 1 60 0
  29              		.cfi_startproc
  30              		@ args = 0, pretend = 0, frame = 0
  31              		@ frame_needed = 0, uses_anonymous_args = 0
  32              	.LVL0:
  33 0000 F8B5     		push	{r3, r4, r5, r6, r7, lr}
  34              	.LCFI0:
  35              		.cfi_def_cfa_offset 24
  36              		.cfi_offset 3, -24
  37              		.cfi_offset 4, -20
  38              		.cfi_offset 5, -16
  39              		.cfi_offset 6, -12
  40              		.cfi_offset 7, -8
  41              		.cfi_offset 14, -4
  42              		.loc 1 63 0
  43 0002 0B4C     		ldr	r4, .L2
  44              		.loc 1 65 0
  45 0004 0B4D     		ldr	r5, .L2+4
  46              		.loc 1 60 0
  47 0006 0F46     		mov	r7, r1
  48 0008 0646     		mov	r6, r0
  49              		.loc 1 63 0
  50 000a 67F07F07 		orn	r7, r7, #127
  51              		.loc 1 62 0
  52 000e FFF7FEFF 		bl	spiSelect
  53              	.LVL1:
  54              		.loc 1 65 0
  55 0012 0221     		movs	r1, #2
  56 0014 2246     		mov	r2, r4
  57 0016 2B46     		mov	r3, r5
ARM GAS  /tmp/cc1U3Bmh.s 			page 2


  58 0018 3046     		mov	r0, r6
  59              		.loc 1 63 0
  60 001a 2770     		strb	r7, [r4, #0]
  61              		.loc 1 64 0
  62 001c FF27     		movs	r7, #255
  63 001e 6770     		strb	r7, [r4, #1]
  64              		.loc 1 65 0
  65 0020 FFF7FEFF 		bl	spiExchange
  66              	.LVL2:
  67              		.loc 1 66 0
  68 0024 3046     		mov	r0, r6
  69 0026 FFF7FEFF 		bl	spiUnselect
  70              	.LVL3:
  71              		.loc 1 68 0
  72 002a 6878     		ldrb	r0, [r5, #1]	@ zero_extendqisi2
  73 002c F8BD     		pop	{r3, r4, r5, r6, r7, pc}
  74              	.L3:
  75 002e 00BF     		.align	2
  76              	.L2:
  77 0030 00000000 		.word	.LANCHOR0
  78 0034 00000000 		.word	.LANCHOR1
  79              		.cfi_endproc
  80              	.LFE118:
  81              		.size	lis302dlReadRegister, .-lis302dlReadRegister
  82 0038 AFF30080 		.section	.text.lis302dlWriteRegister,"ax",%progbits
  82      AFF30080 
  83              		.align	2
  84              		.p2align 4,,15
  85              		.global	lis302dlWriteRegister
  86              		.thumb
  87              		.thumb_func
  88              		.type	lis302dlWriteRegister, %function
  89              	lis302dlWriteRegister:
  90              	.LFB119:
  91              		.loc 1 78 0
  92              		.cfi_startproc
  93              		@ args = 0, pretend = 0, frame = 0
  94              		@ frame_needed = 0, uses_anonymous_args = 0
  95              	.LVL4:
  96              		.loc 1 80 0
  97 0000 A1F12003 		sub	r3, r1, #32
  98              		.loc 1 78 0
  99 0004 70B5     		push	{r4, r5, r6, lr}
 100              	.LCFI1:
 101              		.cfi_def_cfa_offset 16
 102              		.cfi_offset 4, -16
 103              		.cfi_offset 5, -12
 104              		.cfi_offset 6, -8
 105              		.cfi_offset 14, -4
 106              		.loc 1 78 0
 107 0006 0C46     		mov	r4, r1
 108              		.loc 1 80 0
 109 0008 D9B2     		uxtb	r1, r3
 110              	.LVL5:
 111 000a 1F29     		cmp	r1, #31
 112              		.loc 1 78 0
 113 000c 0546     		mov	r5, r0
ARM GAS  /tmp/cc1U3Bmh.s 			page 3


 114 000e 1646     		mov	r6, r2
 115              		.loc 1 80 0
 116 0010 12D8     		bhi	.L4
 117 0012 0A4A     		ldr	r2, .L8
 118              	.LVL6:
 119 0014 5BB2     		sxtb	r3, r3
 120 0016 9A40     		lsls	r2, r2, r3
 121 0018 0ED5     		bpl	.L4
 122              		.loc 1 111 0
 123 001a FFF7FEFF 		bl	spiSelect
 124              	.LVL7:
 125              		.loc 1 112 0
 126 001e 084B     		ldr	r3, .L8+4
 127              		.loc 1 114 0
 128 0020 2846     		mov	r0, r5
 129 0022 0221     		movs	r1, #2
 130 0024 1A46     		mov	r2, r3
 131              		.loc 1 112 0
 132 0026 1C70     		strb	r4, [r3, #0]
 133              		.loc 1 113 0
 134 0028 5E70     		strb	r6, [r3, #1]
 135              		.loc 1 114 0
 136 002a FFF7FEFF 		bl	spiSend
 137              	.LVL8:
 138              		.loc 1 115 0
 139 002e 2846     		mov	r0, r5
 140              		.loc 1 117 0
 141 0030 BDE87040 		pop	{r4, r5, r6, lr}
 142              		.loc 1 115 0
 143 0034 FFF7FEBF 		b	spiUnselect
 144              	.LVL9:
 145              	.L4:
 146 0038 70BD     		pop	{r4, r5, r6, pc}
 147              	.L9:
 148 003a 00BF     		.align	2
 149              	.L8:
 150 003c 9FBB00E0 		.word	-536822881
 151 0040 00000000 		.word	.LANCHOR0
 152              		.cfi_endproc
 153              	.LFE119:
 154              		.size	lis302dlWriteRegister, .-lis302dlWriteRegister
 155 0044 AFF30080 		.section	.bss.rxbuf,"aw",%nobits
 155      AFF30080 
 155      AFF30080 
 156              		.align	2
 157              		.set	.LANCHOR1,. + 0
 158              		.type	rxbuf, %object
 159              		.size	rxbuf, 2
 160              	rxbuf:
 161 0000 0000     		.space	2
 162 0002 0000     		.section	.bss.txbuf,"aw",%nobits
 163              		.align	2
 164              		.set	.LANCHOR0,. + 0
 165              		.type	txbuf, %object
 166              		.size	txbuf, 2
 167              	txbuf:
 168 0000 0000     		.space	2
ARM GAS  /tmp/cc1U3Bmh.s 			page 4


 169 0002 0000     		.text
 170              	.Letext0:
 171              		.file 2 "/home/dpeter/CodeSourcery/Sourcery_CodeBench_Lite_for_ARM_EABI/bin/../lib/gcc/arm-none-ea
 172              		.file 3 "/home/dpeter/CodeSourcery/Sourcery_CodeBench_Lite_for_ARM_EABI/bin/../lib/gcc/arm-none-ea
 173              		.file 4 "/home/dpeter/devel/sources/ChibiOS-RT/os/ports/GCC/ARMCMx/chtypes.h"
 174              		.file 5 "/home/dpeter/devel/sources/ChibiOS-RT/os/kernel/include/chlists.h"
 175              		.file 6 "/home/dpeter/devel/sources/ChibiOS-RT/os/kernel/include/chthreads.h"
 176              		.file 7 "/home/dpeter/devel/sources/ChibiOS-RT/os/ports/GCC/ARMCMx/chcore_v7m.h"
 177              		.file 8 "/home/dpeter/devel/sources/ChibiOS-RT/os/kernel/include/chmtx.h"
 178              		.file 9 "/home/dpeter/devel/sources/ChibiOS-RT/os/hal/platforms/STM32F4xx/stm32f4xx.h"
 179              		.file 10 "/home/dpeter/devel/sources/ChibiOS-RT/os/hal/platforms/STM32F4xx/stm32_dma.h"
 180              		.file 11 "/home/dpeter/devel/sources/ChibiOS-RT/os/hal/platforms/STM32/GPIOv2/pal_lld.h"
 181              		.file 12 "/home/dpeter/devel/sources/ChibiOS-RT/os/hal/include/spi.h"
 182              		.file 13 "/home/dpeter/devel/sources/ChibiOS-RT/os/hal/platforms/STM32/SPIv1/spi_lld.h"
 183              		.file 14 "/home/dpeter/devel/sources/ChibiOS-RT/os/ports/common/ARMCMx/CMSIS/include/core_cm4.h"
 184              		.section	.debug_info,"",%progbits
 185              	.Ldebug_info0:
 186 0000 0B0A0000 		.4byte	0xa0b
 187 0004 0200     		.2byte	0x2
 188 0006 00000000 		.4byte	.Ldebug_abbrev0
 189 000a 04       		.byte	0x4
 190 000b 01       		.uleb128 0x1
 191 000c 9B020000 		.4byte	.LASF121
 192 0010 01       		.byte	0x1
 193 0011 E1010000 		.4byte	.LASF122
 194 0015 00000000 		.4byte	.Ldebug_ranges0+0
 195 0019 00000000 		.4byte	0
 196 001d 00000000 		.4byte	0
 197 0021 00000000 		.4byte	.Ldebug_line0
 198 0025 02       		.uleb128 0x2
 199 0026 04       		.byte	0x4
 200 0027 05       		.byte	0x5
 201 0028 696E7400 		.ascii	"int\000"
 202 002c 03       		.uleb128 0x3
 203 002d 0B000000 		.4byte	.LASF2
 204 0031 02       		.byte	0x2
 205 0032 D5       		.byte	0xd5
 206 0033 37000000 		.4byte	0x37
 207 0037 04       		.uleb128 0x4
 208 0038 04       		.byte	0x4
 209 0039 07       		.byte	0x7
 210 003a A4010000 		.4byte	.LASF0
 211 003e 04       		.uleb128 0x4
 212 003f 01       		.byte	0x1
 213 0040 06       		.byte	0x6
 214 0041 CA000000 		.4byte	.LASF1
 215 0045 03       		.uleb128 0x3
 216 0046 87040000 		.4byte	.LASF3
 217 004a 03       		.byte	0x3
 218 004b 2A       		.byte	0x2a
 219 004c 50000000 		.4byte	0x50
 220 0050 04       		.uleb128 0x4
 221 0051 01       		.byte	0x1
 222 0052 08       		.byte	0x8
 223 0053 2B030000 		.4byte	.LASF4
 224 0057 04       		.uleb128 0x4
 225 0058 02       		.byte	0x2
ARM GAS  /tmp/cc1U3Bmh.s 			page 5


 226 0059 05       		.byte	0x5
 227 005a 56030000 		.4byte	.LASF5
 228 005e 03       		.uleb128 0x3
 229 005f 2B010000 		.4byte	.LASF6
 230 0063 03       		.byte	0x3
 231 0064 36       		.byte	0x36
 232 0065 69000000 		.4byte	0x69
 233 0069 04       		.uleb128 0x4
 234 006a 02       		.byte	0x2
 235 006b 07       		.byte	0x7
 236 006c CE010000 		.4byte	.LASF7
 237 0070 03       		.uleb128 0x3
 238 0071 23030000 		.4byte	.LASF8
 239 0075 03       		.byte	0x3
 240 0076 4F       		.byte	0x4f
 241 0077 7B000000 		.4byte	0x7b
 242 007b 04       		.uleb128 0x4
 243 007c 04       		.byte	0x4
 244 007d 05       		.byte	0x5
 245 007e 12010000 		.4byte	.LASF9
 246 0082 03       		.uleb128 0x3
 247 0083 A9030000 		.4byte	.LASF10
 248 0087 03       		.byte	0x3
 249 0088 50       		.byte	0x50
 250 0089 8D000000 		.4byte	0x8d
 251 008d 04       		.uleb128 0x4
 252 008e 04       		.byte	0x4
 253 008f 07       		.byte	0x7
 254 0090 BA030000 		.4byte	.LASF11
 255 0094 04       		.uleb128 0x4
 256 0095 08       		.byte	0x8
 257 0096 05       		.byte	0x5
 258 0097 BC000000 		.4byte	.LASF12
 259 009b 04       		.uleb128 0x4
 260 009c 08       		.byte	0x8
 261 009d 07       		.byte	0x7
 262 009e 38000000 		.4byte	.LASF13
 263 00a2 04       		.uleb128 0x4
 264 00a3 01       		.byte	0x1
 265 00a4 02       		.byte	0x2
 266 00a5 1D030000 		.4byte	.LASF14
 267 00a9 03       		.uleb128 0x3
 268 00aa 35020000 		.4byte	.LASF15
 269 00ae 04       		.byte	0x4
 270 00af 25       		.byte	0x25
 271 00b0 45000000 		.4byte	0x45
 272 00b4 03       		.uleb128 0x3
 273 00b5 1B010000 		.4byte	.LASF16
 274 00b9 04       		.byte	0x4
 275 00ba 26       		.byte	0x26
 276 00bb 45000000 		.4byte	0x45
 277 00bf 03       		.uleb128 0x3
 278 00c0 B2030000 		.4byte	.LASF17
 279 00c4 04       		.byte	0x4
 280 00c5 27       		.byte	0x27
 281 00c6 45000000 		.4byte	0x45
 282 00ca 03       		.uleb128 0x3
ARM GAS  /tmp/cc1U3Bmh.s 			page 6


 283 00cb F4000000 		.4byte	.LASF18
 284 00cf 04       		.byte	0x4
 285 00d0 28       		.byte	0x28
 286 00d1 45000000 		.4byte	0x45
 287 00d5 03       		.uleb128 0x3
 288 00d6 0F030000 		.4byte	.LASF19
 289 00da 04       		.byte	0x4
 290 00db 29       		.byte	0x29
 291 00dc 82000000 		.4byte	0x82
 292 00e0 03       		.uleb128 0x3
 293 00e1 2F020000 		.4byte	.LASF20
 294 00e5 04       		.byte	0x4
 295 00e6 2A       		.byte	0x2a
 296 00e7 70000000 		.4byte	0x70
 297 00eb 03       		.uleb128 0x3
 298 00ec 49020000 		.4byte	.LASF21
 299 00f0 04       		.byte	0x4
 300 00f1 2C       		.byte	0x2c
 301 00f2 82000000 		.4byte	0x82
 302 00f6 03       		.uleb128 0x3
 303 00f7 03040000 		.4byte	.LASF22
 304 00fb 04       		.byte	0x4
 305 00fc 2E       		.byte	0x2e
 306 00fd 82000000 		.4byte	0x82
 307 0101 03       		.uleb128 0x3
 308 0102 88030000 		.4byte	.LASF23
 309 0106 05       		.byte	0x5
 310 0107 23       		.byte	0x23
 311 0108 0C010000 		.4byte	0x10c
 312 010c 05       		.uleb128 0x5
 313 010d 88030000 		.4byte	.LASF23
 314 0111 48       		.byte	0x48
 315 0112 06       		.byte	0x6
 316 0113 57       		.byte	0x57
 317 0114 31020000 		.4byte	0x231
 318 0118 06       		.uleb128 0x6
 319 0119 79030000 		.4byte	.LASF24
 320 011d 06       		.byte	0x6
 321 011e 58       		.byte	0x58
 322 011f 56020000 		.4byte	0x256
 323 0123 02       		.byte	0x2
 324 0124 23       		.byte	0x23
 325 0125 00       		.uleb128 0
 326 0126 06       		.uleb128 0x6
 327 0127 EA020000 		.4byte	.LASF25
 328 012b 06       		.byte	0x6
 329 012c 5A       		.byte	0x5a
 330 012d 56020000 		.4byte	0x256
 331 0131 02       		.byte	0x2
 332 0132 23       		.byte	0x23
 333 0133 04       		.uleb128 0x4
 334 0134 06       		.uleb128 0x6
 335 0135 AF000000 		.4byte	.LASF26
 336 0139 06       		.byte	0x6
 337 013a 5C       		.byte	0x5c
 338 013b D5000000 		.4byte	0xd5
 339 013f 02       		.byte	0x2
ARM GAS  /tmp/cc1U3Bmh.s 			page 7


 340 0140 23       		.byte	0x23
 341 0141 08       		.uleb128 0x8
 342 0142 06       		.uleb128 0x6
 343 0143 BA040000 		.4byte	.LASF27
 344 0147 06       		.byte	0x6
 345 0148 5D       		.byte	0x5d
 346 0149 24030000 		.4byte	0x324
 347 014d 02       		.byte	0x2
 348 014e 23       		.byte	0x23
 349 014f 0C       		.uleb128 0xc
 350 0150 06       		.uleb128 0x6
 351 0151 3B010000 		.4byte	.LASF28
 352 0155 06       		.byte	0x6
 353 0156 5F       		.byte	0x5f
 354 0157 56020000 		.4byte	0x256
 355 015b 02       		.byte	0x2
 356 015c 23       		.byte	0x23
 357 015d 10       		.uleb128 0x10
 358 015e 06       		.uleb128 0x6
 359 015f 7C020000 		.4byte	.LASF29
 360 0163 06       		.byte	0x6
 361 0164 60       		.byte	0x60
 362 0165 56020000 		.4byte	0x256
 363 0169 02       		.byte	0x2
 364 016a 23       		.byte	0x23
 365 016b 14       		.uleb128 0x14
 366 016c 06       		.uleb128 0x6
 367 016d 9B040000 		.4byte	.LASF30
 368 0171 06       		.byte	0x6
 369 0172 67       		.byte	0x67
 370 0173 D5030000 		.4byte	0x3d5
 371 0177 02       		.byte	0x2
 372 0178 23       		.byte	0x23
 373 0179 18       		.uleb128 0x18
 374 017a 06       		.uleb128 0x6
 375 017b 60030000 		.4byte	.LASF31
 376 017f 06       		.byte	0x6
 377 0180 72       		.byte	0x72
 378 0181 B4000000 		.4byte	0xb4
 379 0185 02       		.byte	0x2
 380 0186 23       		.byte	0x23
 381 0187 1C       		.uleb128 0x1c
 382 0188 06       		.uleb128 0x6
 383 0189 80030000 		.4byte	.LASF32
 384 018d 06       		.byte	0x6
 385 018e 76       		.byte	0x76
 386 018f A9000000 		.4byte	0xa9
 387 0193 02       		.byte	0x2
 388 0194 23       		.byte	0x23
 389 0195 1D       		.uleb128 0x1d
 390 0196 06       		.uleb128 0x6
 391 0197 79040000 		.4byte	.LASF33
 392 019b 06       		.byte	0x6
 393 019c 7B       		.byte	0x7b
 394 019d BF000000 		.4byte	0xbf
 395 01a1 02       		.byte	0x2
 396 01a2 23       		.byte	0x23
ARM GAS  /tmp/cc1U3Bmh.s 			page 8


 397 01a3 1E       		.uleb128 0x1e
 398 01a4 06       		.uleb128 0x6
 399 01a5 68030000 		.4byte	.LASF34
 400 01a9 06       		.byte	0x6
 401 01aa 81       		.byte	0x81
 402 01ab CA000000 		.4byte	0xca
 403 01af 02       		.byte	0x2
 404 01b0 23       		.byte	0x23
 405 01b1 1F       		.uleb128 0x1f
 406 01b2 06       		.uleb128 0x6
 407 01b3 34010000 		.4byte	.LASF35
 408 01b7 06       		.byte	0x6
 409 01b8 88       		.byte	0x88
 410 01b9 53030000 		.4byte	0x353
 411 01bd 02       		.byte	0x2
 412 01be 23       		.byte	0x23
 413 01bf 20       		.uleb128 0x20
 414 01c0 07       		.uleb128 0x7
 415 01c1 705F7500 		.ascii	"p_u\000"
 416 01c5 06       		.byte	0x6
 417 01c6 AD       		.byte	0xad
 418 01c7 A0030000 		.4byte	0x3a0
 419 01cb 02       		.byte	0x2
 420 01cc 23       		.byte	0x23
 421 01cd 24       		.uleb128 0x24
 422 01ce 06       		.uleb128 0x6
 423 01cf C0040000 		.4byte	.LASF36
 424 01d3 06       		.byte	0x6
 425 01d4 B2       		.byte	0xb2
 426 01d5 7E020000 		.4byte	0x27e
 427 01d9 02       		.byte	0x2
 428 01da 23       		.byte	0x23
 429 01db 28       		.uleb128 0x28
 430 01dc 06       		.uleb128 0x6
 431 01dd B7010000 		.4byte	.LASF37
 432 01e1 06       		.byte	0x6
 433 01e2 B8       		.byte	0xb8
 434 01e3 5C020000 		.4byte	0x25c
 435 01e7 02       		.byte	0x2
 436 01e8 23       		.byte	0x23
 437 01e9 2C       		.uleb128 0x2c
 438 01ea 06       		.uleb128 0x6
 439 01eb AC040000 		.4byte	.LASF38
 440 01ef 06       		.byte	0x6
 441 01f0 BC       		.byte	0xbc
 442 01f1 E0000000 		.4byte	0xe0
 443 01f5 02       		.byte	0x2
 444 01f6 23       		.byte	0x23
 445 01f7 34       		.uleb128 0x34
 446 01f8 06       		.uleb128 0x6
 447 01f9 8F030000 		.4byte	.LASF39
 448 01fd 06       		.byte	0x6
 449 01fe C2       		.byte	0xc2
 450 01ff EB000000 		.4byte	0xeb
 451 0203 02       		.byte	0x2
 452 0204 23       		.byte	0x23
 453 0205 38       		.uleb128 0x38
ARM GAS  /tmp/cc1U3Bmh.s 			page 9


 454 0206 06       		.uleb128 0x6
 455 0207 4C030000 		.4byte	.LASF40
 456 020b 06       		.byte	0x6
 457 020c C9       		.byte	0xc9
 458 020d E7030000 		.4byte	0x3e7
 459 0211 02       		.byte	0x2
 460 0212 23       		.byte	0x23
 461 0213 3C       		.uleb128 0x3c
 462 0214 06       		.uleb128 0x6
 463 0215 0D040000 		.4byte	.LASF41
 464 0219 06       		.byte	0x6
 465 021a CD       		.byte	0xcd
 466 021b D5000000 		.4byte	0xd5
 467 021f 02       		.byte	0x2
 468 0220 23       		.byte	0x23
 469 0221 40       		.uleb128 0x40
 470 0222 06       		.uleb128 0x6
 471 0223 77010000 		.4byte	.LASF42
 472 0227 06       		.byte	0x6
 473 0228 D3       		.byte	0xd3
 474 0229 94020000 		.4byte	0x294
 475 022d 02       		.byte	0x2
 476 022e 23       		.byte	0x23
 477 022f 44       		.uleb128 0x44
 478 0230 00       		.byte	0
 479 0231 08       		.uleb128 0x8
 480 0232 08       		.byte	0x8
 481 0233 05       		.byte	0x5
 482 0234 5A       		.byte	0x5a
 483 0235 56020000 		.4byte	0x256
 484 0239 06       		.uleb128 0x6
 485 023a 79030000 		.4byte	.LASF24
 486 023e 05       		.byte	0x5
 487 023f 5B       		.byte	0x5b
 488 0240 56020000 		.4byte	0x256
 489 0244 02       		.byte	0x2
 490 0245 23       		.byte	0x23
 491 0246 00       		.uleb128 0
 492 0247 06       		.uleb128 0x6
 493 0248 EA020000 		.4byte	.LASF25
 494 024c 05       		.byte	0x5
 495 024d 5D       		.byte	0x5d
 496 024e 56020000 		.4byte	0x256
 497 0252 02       		.byte	0x2
 498 0253 23       		.byte	0x23
 499 0254 04       		.uleb128 0x4
 500 0255 00       		.byte	0
 501 0256 09       		.uleb128 0x9
 502 0257 04       		.byte	0x4
 503 0258 01010000 		.4byte	0x101
 504 025c 03       		.uleb128 0x3
 505 025d 84020000 		.4byte	.LASF43
 506 0261 05       		.byte	0x5
 507 0262 5F       		.byte	0x5f
 508 0263 31020000 		.4byte	0x231
 509 0267 08       		.uleb128 0x8
 510 0268 04       		.byte	0x4
ARM GAS  /tmp/cc1U3Bmh.s 			page 10


 511 0269 05       		.byte	0x5
 512 026a 64       		.byte	0x64
 513 026b 7E020000 		.4byte	0x27e
 514 026f 06       		.uleb128 0x6
 515 0270 79030000 		.4byte	.LASF24
 516 0274 05       		.byte	0x5
 517 0275 66       		.byte	0x66
 518 0276 56020000 		.4byte	0x256
 519 027a 02       		.byte	0x2
 520 027b 23       		.byte	0x23
 521 027c 00       		.uleb128 0
 522 027d 00       		.byte	0
 523 027e 03       		.uleb128 0x3
 524 027f 3D020000 		.4byte	.LASF44
 525 0283 05       		.byte	0x5
 526 0284 69       		.byte	0x69
 527 0285 67020000 		.4byte	0x267
 528 0289 03       		.uleb128 0x3
 529 028a 7F010000 		.4byte	.LASF45
 530 028e 07       		.byte	0x7
 531 028f DE       		.byte	0xde
 532 0290 94020000 		.4byte	0x294
 533 0294 0A       		.uleb128 0xa
 534 0295 04       		.byte	0x4
 535 0296 0B       		.uleb128 0xb
 536 0297 4D040000 		.4byte	.LASF46
 537 029b 24       		.byte	0x24
 538 029c 07       		.byte	0x7
 539 029d 0501     		.2byte	0x105
 540 029f 24030000 		.4byte	0x324
 541 02a3 0C       		.uleb128 0xc
 542 02a4 723400   		.ascii	"r4\000"
 543 02a7 07       		.byte	0x7
 544 02a8 1801     		.2byte	0x118
 545 02aa 89020000 		.4byte	0x289
 546 02ae 02       		.byte	0x2
 547 02af 23       		.byte	0x23
 548 02b0 00       		.uleb128 0
 549 02b1 0C       		.uleb128 0xc
 550 02b2 723500   		.ascii	"r5\000"
 551 02b5 07       		.byte	0x7
 552 02b6 1901     		.2byte	0x119
 553 02b8 89020000 		.4byte	0x289
 554 02bc 02       		.byte	0x2
 555 02bd 23       		.byte	0x23
 556 02be 04       		.uleb128 0x4
 557 02bf 0C       		.uleb128 0xc
 558 02c0 723600   		.ascii	"r6\000"
 559 02c3 07       		.byte	0x7
 560 02c4 1A01     		.2byte	0x11a
 561 02c6 89020000 		.4byte	0x289
 562 02ca 02       		.byte	0x2
 563 02cb 23       		.byte	0x23
 564 02cc 08       		.uleb128 0x8
 565 02cd 0C       		.uleb128 0xc
 566 02ce 723700   		.ascii	"r7\000"
 567 02d1 07       		.byte	0x7
ARM GAS  /tmp/cc1U3Bmh.s 			page 11


 568 02d2 1B01     		.2byte	0x11b
 569 02d4 89020000 		.4byte	0x289
 570 02d8 02       		.byte	0x2
 571 02d9 23       		.byte	0x23
 572 02da 0C       		.uleb128 0xc
 573 02db 0C       		.uleb128 0xc
 574 02dc 723800   		.ascii	"r8\000"
 575 02df 07       		.byte	0x7
 576 02e0 1C01     		.2byte	0x11c
 577 02e2 89020000 		.4byte	0x289
 578 02e6 02       		.byte	0x2
 579 02e7 23       		.byte	0x23
 580 02e8 10       		.uleb128 0x10
 581 02e9 0C       		.uleb128 0xc
 582 02ea 723900   		.ascii	"r9\000"
 583 02ed 07       		.byte	0x7
 584 02ee 1D01     		.2byte	0x11d
 585 02f0 89020000 		.4byte	0x289
 586 02f4 02       		.byte	0x2
 587 02f5 23       		.byte	0x23
 588 02f6 14       		.uleb128 0x14
 589 02f7 0C       		.uleb128 0xc
 590 02f8 72313000 		.ascii	"r10\000"
 591 02fc 07       		.byte	0x7
 592 02fd 1E01     		.2byte	0x11e
 593 02ff 89020000 		.4byte	0x289
 594 0303 02       		.byte	0x2
 595 0304 23       		.byte	0x23
 596 0305 18       		.uleb128 0x18
 597 0306 0C       		.uleb128 0xc
 598 0307 72313100 		.ascii	"r11\000"
 599 030b 07       		.byte	0x7
 600 030c 1F01     		.2byte	0x11f
 601 030e 89020000 		.4byte	0x289
 602 0312 02       		.byte	0x2
 603 0313 23       		.byte	0x23
 604 0314 1C       		.uleb128 0x1c
 605 0315 0C       		.uleb128 0xc
 606 0316 6C7200   		.ascii	"lr\000"
 607 0319 07       		.byte	0x7
 608 031a 2001     		.2byte	0x120
 609 031c 89020000 		.4byte	0x289
 610 0320 02       		.byte	0x2
 611 0321 23       		.byte	0x23
 612 0322 20       		.uleb128 0x20
 613 0323 00       		.byte	0
 614 0324 0B       		.uleb128 0xb
 615 0325 3B040000 		.4byte	.LASF47
 616 0329 04       		.byte	0x4
 617 032a 07       		.byte	0x7
 618 032b 2A01     		.2byte	0x12a
 619 032d 41030000 		.4byte	0x341
 620 0331 0C       		.uleb128 0xc
 621 0332 72313300 		.ascii	"r13\000"
 622 0336 07       		.byte	0x7
 623 0337 2B01     		.2byte	0x12b
 624 0339 41030000 		.4byte	0x341
ARM GAS  /tmp/cc1U3Bmh.s 			page 12


 625 033d 02       		.byte	0x2
 626 033e 23       		.byte	0x23
 627 033f 00       		.uleb128 0
 628 0340 00       		.byte	0
 629 0341 09       		.uleb128 0x9
 630 0342 04       		.byte	0x4
 631 0343 96020000 		.4byte	0x296
 632 0347 0D       		.uleb128 0xd
 633 0348 82000000 		.4byte	0x82
 634 034c 04       		.uleb128 0x4
 635 034d 04       		.byte	0x4
 636 034e 07       		.byte	0x7
 637 034f 67020000 		.4byte	.LASF48
 638 0353 0D       		.uleb128 0xd
 639 0354 F6000000 		.4byte	0xf6
 640 0358 05       		.uleb128 0x5
 641 0359 76020000 		.4byte	.LASF49
 642 035d 10       		.byte	0x10
 643 035e 08       		.byte	0x8
 644 035f 25       		.byte	0x25
 645 0360 8F030000 		.4byte	0x38f
 646 0364 06       		.uleb128 0x6
 647 0365 EC000000 		.4byte	.LASF50
 648 0369 08       		.byte	0x8
 649 036a 26       		.byte	0x26
 650 036b 5C020000 		.4byte	0x25c
 651 036f 02       		.byte	0x2
 652 0370 23       		.byte	0x23
 653 0371 00       		.uleb128 0
 654 0372 06       		.uleb128 0x6
 655 0373 B2040000 		.4byte	.LASF51
 656 0377 08       		.byte	0x8
 657 0378 28       		.byte	0x28
 658 0379 56020000 		.4byte	0x256
 659 037d 02       		.byte	0x2
 660 037e 23       		.byte	0x23
 661 037f 08       		.uleb128 0x8
 662 0380 06       		.uleb128 0x6
 663 0381 FC030000 		.4byte	.LASF52
 664 0385 08       		.byte	0x8
 665 0386 2A       		.byte	0x2a
 666 0387 8F030000 		.4byte	0x38f
 667 038b 02       		.byte	0x2
 668 038c 23       		.byte	0x23
 669 038d 0C       		.uleb128 0xc
 670 038e 00       		.byte	0
 671 038f 09       		.uleb128 0x9
 672 0390 04       		.byte	0x4
 673 0391 58030000 		.4byte	0x358
 674 0395 03       		.uleb128 0x3
 675 0396 76020000 		.4byte	.LASF49
 676 039a 08       		.byte	0x8
 677 039b 2C       		.byte	0x2c
 678 039c 58030000 		.4byte	0x358
 679 03a0 0E       		.uleb128 0xe
 680 03a1 04       		.byte	0x4
 681 03a2 06       		.byte	0x6
ARM GAS  /tmp/cc1U3Bmh.s 			page 13


 682 03a3 8F       		.byte	0x8f
 683 03a4 D5030000 		.4byte	0x3d5
 684 03a8 0F       		.uleb128 0xf
 685 03a9 12000000 		.4byte	.LASF53
 686 03ad 06       		.byte	0x6
 687 03ae 96       		.byte	0x96
 688 03af E0000000 		.4byte	0xe0
 689 03b3 0F       		.uleb128 0xf
 690 03b4 65000000 		.4byte	.LASF54
 691 03b8 06       		.byte	0x6
 692 03b9 9D       		.byte	0x9d
 693 03ba E0000000 		.4byte	0xe0
 694 03be 0F       		.uleb128 0xf
 695 03bf 94040000 		.4byte	.LASF55
 696 03c3 06       		.byte	0x6
 697 03c4 A4       		.byte	0xa4
 698 03c5 94020000 		.4byte	0x294
 699 03c9 0F       		.uleb128 0xf
 700 03ca 72030000 		.4byte	.LASF56
 701 03ce 06       		.byte	0x6
 702 03cf AB       		.byte	0xab
 703 03d0 EB000000 		.4byte	0xeb
 704 03d4 00       		.byte	0
 705 03d5 09       		.uleb128 0x9
 706 03d6 04       		.byte	0x4
 707 03d7 DB030000 		.4byte	0x3db
 708 03db 10       		.uleb128 0x10
 709 03dc E0030000 		.4byte	0x3e0
 710 03e0 04       		.uleb128 0x4
 711 03e1 01       		.byte	0x1
 712 03e2 08       		.byte	0x8
 713 03e3 D8030000 		.4byte	.LASF57
 714 03e7 09       		.uleb128 0x9
 715 03e8 04       		.byte	0x4
 716 03e9 95030000 		.4byte	0x395
 717 03ed 0D       		.uleb128 0xd
 718 03ee 5E000000 		.4byte	0x5e
 719 03f2 0D       		.uleb128 0xd
 720 03f3 70000000 		.4byte	0x70
 721 03f7 11       		.uleb128 0x11
 722 03f8 18       		.byte	0x18
 723 03f9 09       		.byte	0x9
 724 03fa B102     		.2byte	0x2b1
 725 03fc 5A040000 		.4byte	0x45a
 726 0400 0C       		.uleb128 0xc
 727 0401 435200   		.ascii	"CR\000"
 728 0404 09       		.byte	0x9
 729 0405 B302     		.2byte	0x2b3
 730 0407 47030000 		.4byte	0x347
 731 040b 02       		.byte	0x2
 732 040c 23       		.byte	0x23
 733 040d 00       		.uleb128 0
 734 040e 12       		.uleb128 0x12
 735 040f 18040000 		.4byte	.LASF58
 736 0413 09       		.byte	0x9
 737 0414 B402     		.2byte	0x2b4
 738 0416 47030000 		.4byte	0x347
ARM GAS  /tmp/cc1U3Bmh.s 			page 14


 739 041a 02       		.byte	0x2
 740 041b 23       		.byte	0x23
 741 041c 04       		.uleb128 0x4
 742 041d 0C       		.uleb128 0xc
 743 041e 50415200 		.ascii	"PAR\000"
 744 0422 09       		.byte	0x9
 745 0423 B502     		.2byte	0x2b5
 746 0425 47030000 		.4byte	0x347
 747 0429 02       		.byte	0x2
 748 042a 23       		.byte	0x23
 749 042b 08       		.uleb128 0x8
 750 042c 12       		.uleb128 0x12
 751 042d 06000000 		.4byte	.LASF59
 752 0431 09       		.byte	0x9
 753 0432 B602     		.2byte	0x2b6
 754 0434 47030000 		.4byte	0x347
 755 0438 02       		.byte	0x2
 756 0439 23       		.byte	0x23
 757 043a 0C       		.uleb128 0xc
 758 043b 12       		.uleb128 0x12
 759 043c 54040000 		.4byte	.LASF60
 760 0440 09       		.byte	0x9
 761 0441 B702     		.2byte	0x2b7
 762 0443 47030000 		.4byte	0x347
 763 0447 02       		.byte	0x2
 764 0448 23       		.byte	0x23
 765 0449 10       		.uleb128 0x10
 766 044a 0C       		.uleb128 0xc
 767 044b 46435200 		.ascii	"FCR\000"
 768 044f 09       		.byte	0x9
 769 0450 B802     		.2byte	0x2b8
 770 0452 47030000 		.4byte	0x347
 771 0456 02       		.byte	0x2
 772 0457 23       		.byte	0x23
 773 0458 14       		.uleb128 0x14
 774 0459 00       		.byte	0
 775 045a 13       		.uleb128 0x13
 776 045b 1D040000 		.4byte	.LASF61
 777 045f 09       		.byte	0x9
 778 0460 B902     		.2byte	0x2b9
 779 0462 F7030000 		.4byte	0x3f7
 780 0466 11       		.uleb128 0x11
 781 0467 24       		.byte	0x24
 782 0468 09       		.byte	0x9
 783 0469 E304     		.2byte	0x4e3
 784 046b 7C050000 		.4byte	0x57c
 785 046f 0C       		.uleb128 0xc
 786 0470 43523100 		.ascii	"CR1\000"
 787 0474 09       		.byte	0x9
 788 0475 E504     		.2byte	0x4e5
 789 0477 ED030000 		.4byte	0x3ed
 790 047b 02       		.byte	0x2
 791 047c 23       		.byte	0x23
 792 047d 00       		.uleb128 0
 793 047e 12       		.uleb128 0x12
 794 047f B8020000 		.4byte	.LASF62
 795 0483 09       		.byte	0x9
ARM GAS  /tmp/cc1U3Bmh.s 			page 15


 796 0484 E604     		.2byte	0x4e6
 797 0486 5E000000 		.4byte	0x5e
 798 048a 02       		.byte	0x2
 799 048b 23       		.byte	0x23
 800 048c 02       		.uleb128 0x2
 801 048d 0C       		.uleb128 0xc
 802 048e 43523200 		.ascii	"CR2\000"
 803 0492 09       		.byte	0x9
 804 0493 E704     		.2byte	0x4e7
 805 0495 ED030000 		.4byte	0x3ed
 806 0499 02       		.byte	0x2
 807 049a 23       		.byte	0x23
 808 049b 04       		.uleb128 0x4
 809 049c 12       		.uleb128 0x12
 810 049d C2020000 		.4byte	.LASF63
 811 04a1 09       		.byte	0x9
 812 04a2 E804     		.2byte	0x4e8
 813 04a4 5E000000 		.4byte	0x5e
 814 04a8 02       		.byte	0x2
 815 04a9 23       		.byte	0x23
 816 04aa 06       		.uleb128 0x6
 817 04ab 0C       		.uleb128 0xc
 818 04ac 535200   		.ascii	"SR\000"
 819 04af 09       		.byte	0x9
 820 04b0 E904     		.2byte	0x4e9
 821 04b2 ED030000 		.4byte	0x3ed
 822 04b6 02       		.byte	0x2
 823 04b7 23       		.byte	0x23
 824 04b8 08       		.uleb128 0x8
 825 04b9 12       		.uleb128 0x12
 826 04ba CC020000 		.4byte	.LASF64
 827 04be 09       		.byte	0x9
 828 04bf EA04     		.2byte	0x4ea
 829 04c1 5E000000 		.4byte	0x5e
 830 04c5 02       		.byte	0x2
 831 04c6 23       		.byte	0x23
 832 04c7 0A       		.uleb128 0xa
 833 04c8 0C       		.uleb128 0xc
 834 04c9 445200   		.ascii	"DR\000"
 835 04cc 09       		.byte	0x9
 836 04cd EB04     		.2byte	0x4eb
 837 04cf ED030000 		.4byte	0x3ed
 838 04d3 02       		.byte	0x2
 839 04d4 23       		.byte	0x23
 840 04d5 0C       		.uleb128 0xc
 841 04d6 12       		.uleb128 0x12
 842 04d7 D6020000 		.4byte	.LASF65
 843 04db 09       		.byte	0x9
 844 04dc EC04     		.2byte	0x4ec
 845 04de 5E000000 		.4byte	0x5e
 846 04e2 02       		.byte	0x2
 847 04e3 23       		.byte	0x23
 848 04e4 0E       		.uleb128 0xe
 849 04e5 12       		.uleb128 0x12
 850 04e6 59000000 		.4byte	.LASF66
 851 04ea 09       		.byte	0x9
 852 04eb ED04     		.2byte	0x4ed
ARM GAS  /tmp/cc1U3Bmh.s 			page 16


 853 04ed ED030000 		.4byte	0x3ed
 854 04f1 02       		.byte	0x2
 855 04f2 23       		.byte	0x23
 856 04f3 10       		.uleb128 0x10
 857 04f4 12       		.uleb128 0x12
 858 04f5 E0020000 		.4byte	.LASF67
 859 04f9 09       		.byte	0x9
 860 04fa EE04     		.2byte	0x4ee
 861 04fc 5E000000 		.4byte	0x5e
 862 0500 02       		.byte	0x2
 863 0501 23       		.byte	0x23
 864 0502 12       		.uleb128 0x12
 865 0503 12       		.uleb128 0x12
 866 0504 80040000 		.4byte	.LASF68
 867 0508 09       		.byte	0x9
 868 0509 EF04     		.2byte	0x4ef
 869 050b ED030000 		.4byte	0x3ed
 870 050f 02       		.byte	0x2
 871 0510 23       		.byte	0x23
 872 0511 14       		.uleb128 0x14
 873 0512 12       		.uleb128 0x12
 874 0513 9F030000 		.4byte	.LASF69
 875 0517 09       		.byte	0x9
 876 0518 F004     		.2byte	0x4f0
 877 051a 5E000000 		.4byte	0x5e
 878 051e 02       		.byte	0x2
 879 051f 23       		.byte	0x23
 880 0520 16       		.uleb128 0x16
 881 0521 12       		.uleb128 0x12
 882 0522 B1020000 		.4byte	.LASF70
 883 0526 09       		.byte	0x9
 884 0527 F104     		.2byte	0x4f1
 885 0529 ED030000 		.4byte	0x3ed
 886 052d 02       		.byte	0x2
 887 052e 23       		.byte	0x23
 888 052f 18       		.uleb128 0x18
 889 0530 12       		.uleb128 0x12
 890 0531 F1020000 		.4byte	.LASF71
 891 0535 09       		.byte	0x9
 892 0536 F204     		.2byte	0x4f2
 893 0538 5E000000 		.4byte	0x5e
 894 053c 02       		.byte	0x2
 895 053d 23       		.byte	0x23
 896 053e 1A       		.uleb128 0x1a
 897 053f 12       		.uleb128 0x12
 898 0540 E4000000 		.4byte	.LASF72
 899 0544 09       		.byte	0x9
 900 0545 F304     		.2byte	0x4f3
 901 0547 ED030000 		.4byte	0x3ed
 902 054b 02       		.byte	0x2
 903 054c 23       		.byte	0x23
 904 054d 1C       		.uleb128 0x1c
 905 054e 12       		.uleb128 0x12
 906 054f FB020000 		.4byte	.LASF73
 907 0553 09       		.byte	0x9
 908 0554 F404     		.2byte	0x4f4
 909 0556 5E000000 		.4byte	0x5e
ARM GAS  /tmp/cc1U3Bmh.s 			page 17


 910 055a 02       		.byte	0x2
 911 055b 23       		.byte	0x23
 912 055c 1E       		.uleb128 0x1e
 913 055d 12       		.uleb128 0x12
 914 055e 61020000 		.4byte	.LASF74
 915 0562 09       		.byte	0x9
 916 0563 F504     		.2byte	0x4f5
 917 0565 ED030000 		.4byte	0x3ed
 918 0569 02       		.byte	0x2
 919 056a 23       		.byte	0x23
 920 056b 20       		.uleb128 0x20
 921 056c 12       		.uleb128 0x12
 922 056d 05030000 		.4byte	.LASF75
 923 0571 09       		.byte	0x9
 924 0572 F604     		.2byte	0x4f6
 925 0574 5E000000 		.4byte	0x5e
 926 0578 02       		.byte	0x2
 927 0579 23       		.byte	0x23
 928 057a 22       		.uleb128 0x22
 929 057b 00       		.byte	0
 930 057c 13       		.uleb128 0x13
 931 057d CC030000 		.4byte	.LASF76
 932 0581 09       		.byte	0x9
 933 0582 F704     		.2byte	0x4f7
 934 0584 66040000 		.4byte	0x466
 935 0588 08       		.uleb128 0x8
 936 0589 0C       		.byte	0xc
 937 058a 0A       		.byte	0xa
 938 058b DA       		.byte	0xda
 939 058c D7050000 		.4byte	0x5d7
 940 0590 06       		.uleb128 0x6
 941 0591 2B000000 		.4byte	.LASF77
 942 0595 0A       		.byte	0xa
 943 0596 DB       		.byte	0xdb
 944 0597 D7050000 		.4byte	0x5d7
 945 059b 02       		.byte	0x2
 946 059c 23       		.byte	0x23
 947 059d 00       		.uleb128 0
 948 059e 06       		.uleb128 0x6
 949 059f 9A030000 		.4byte	.LASF78
 950 05a3 0A       		.byte	0xa
 951 05a4 DC       		.byte	0xdc
 952 05a5 DD050000 		.4byte	0x5dd
 953 05a9 02       		.byte	0x2
 954 05aa 23       		.byte	0x23
 955 05ab 04       		.uleb128 0x4
 956 05ac 06       		.uleb128 0x6
 957 05ad C7010000 		.4byte	.LASF79
 958 05b1 0A       		.byte	0xa
 959 05b2 DD       		.byte	0xdd
 960 05b3 45000000 		.4byte	0x45
 961 05b7 02       		.byte	0x2
 962 05b8 23       		.byte	0x23
 963 05b9 08       		.uleb128 0x8
 964 05ba 06       		.uleb128 0x6
 965 05bb 88010000 		.4byte	.LASF80
 966 05bf 0A       		.byte	0xa
ARM GAS  /tmp/cc1U3Bmh.s 			page 18


 967 05c0 DF       		.byte	0xdf
 968 05c1 45000000 		.4byte	0x45
 969 05c5 02       		.byte	0x2
 970 05c6 23       		.byte	0x23
 971 05c7 09       		.uleb128 0x9
 972 05c8 06       		.uleb128 0x6
 973 05c9 6E000000 		.4byte	.LASF81
 974 05cd 0A       		.byte	0xa
 975 05ce E0       		.byte	0xe0
 976 05cf 45000000 		.4byte	0x45
 977 05d3 02       		.byte	0x2
 978 05d4 23       		.byte	0x23
 979 05d5 0A       		.uleb128 0xa
 980 05d6 00       		.byte	0
 981 05d7 09       		.uleb128 0x9
 982 05d8 04       		.byte	0x4
 983 05d9 5A040000 		.4byte	0x45a
 984 05dd 09       		.uleb128 0x9
 985 05de 04       		.byte	0x4
 986 05df 47030000 		.4byte	0x347
 987 05e3 03       		.uleb128 0x3
 988 05e4 39030000 		.4byte	.LASF82
 989 05e8 0A       		.byte	0xa
 990 05e9 E1       		.byte	0xe1
 991 05ea 88050000 		.4byte	0x588
 992 05ee 08       		.uleb128 0x8
 993 05ef 04       		.byte	0x4
 994 05f0 0B       		.byte	0xb
 995 05f1 96       		.byte	0x96
 996 05f2 13060000 		.4byte	0x613
 997 05f6 07       		.uleb128 0x7
 998 05f7 73657400 		.ascii	"set\000"
 999 05fb 0B       		.byte	0xb
 1000 05fc 97       		.byte	0x97
 1001 05fd 5E000000 		.4byte	0x5e
 1002 0601 02       		.byte	0x2
 1003 0602 23       		.byte	0x23
 1004 0603 00       		.uleb128 0
 1005 0604 06       		.uleb128 0x6
 1006 0605 70020000 		.4byte	.LASF83
 1007 0609 0B       		.byte	0xb
 1008 060a 98       		.byte	0x98
 1009 060b 5E000000 		.4byte	0x5e
 1010 060f 02       		.byte	0x2
 1011 0610 23       		.byte	0x23
 1012 0611 02       		.uleb128 0x2
 1013 0612 00       		.byte	0
 1014 0613 0E       		.uleb128 0xe
 1015 0614 04       		.byte	0x4
 1016 0615 0B       		.byte	0xb
 1017 0616 94       		.byte	0x94
 1018 0617 2E060000 		.4byte	0x62e
 1019 061b 14       		.uleb128 0x14
 1020 061c 5700     		.ascii	"W\000"
 1021 061e 0B       		.byte	0xb
 1022 061f 95       		.byte	0x95
 1023 0620 82000000 		.4byte	0x82
ARM GAS  /tmp/cc1U3Bmh.s 			page 19


 1024 0624 14       		.uleb128 0x14
 1025 0625 4800     		.ascii	"H\000"
 1026 0627 0B       		.byte	0xb
 1027 0628 99       		.byte	0x99
 1028 0629 EE050000 		.4byte	0x5ee
 1029 062d 00       		.byte	0
 1030 062e 08       		.uleb128 0x8
 1031 062f 28       		.byte	0x28
 1032 0630 0B       		.byte	0xb
 1033 0631 8C       		.byte	0x8c
 1034 0632 C3060000 		.4byte	0x6c3
 1035 0636 06       		.uleb128 0x6
 1036 0637 32000000 		.4byte	.LASF84
 1037 063b 0B       		.byte	0xb
 1038 063c 8E       		.byte	0x8e
 1039 063d 47030000 		.4byte	0x347
 1040 0641 02       		.byte	0x2
 1041 0642 23       		.byte	0x23
 1042 0643 00       		.uleb128 0
 1043 0644 06       		.uleb128 0x6
 1044 0645 19000000 		.4byte	.LASF85
 1045 0649 0B       		.byte	0xb
 1046 064a 8F       		.byte	0x8f
 1047 064b 47030000 		.4byte	0x347
 1048 064f 02       		.byte	0x2
 1049 0650 23       		.byte	0x23
 1050 0651 04       		.uleb128 0x4
 1051 0652 06       		.uleb128 0x6
 1052 0653 67010000 		.4byte	.LASF86
 1053 0657 0B       		.byte	0xb
 1054 0658 90       		.byte	0x90
 1055 0659 47030000 		.4byte	0x347
 1056 065d 02       		.byte	0x2
 1057 065e 23       		.byte	0x23
 1058 065f 08       		.uleb128 0x8
 1059 0660 06       		.uleb128 0x6
 1060 0661 5F000000 		.4byte	.LASF87
 1061 0665 0B       		.byte	0xb
 1062 0666 91       		.byte	0x91
 1063 0667 47030000 		.4byte	0x347
 1064 066b 02       		.byte	0x2
 1065 066c 23       		.byte	0x23
 1066 066d 0C       		.uleb128 0xc
 1067 066e 07       		.uleb128 0x7
 1068 066f 49445200 		.ascii	"IDR\000"
 1069 0673 0B       		.byte	0xb
 1070 0674 92       		.byte	0x92
 1071 0675 47030000 		.4byte	0x347
 1072 0679 02       		.byte	0x2
 1073 067a 23       		.byte	0x23
 1074 067b 10       		.uleb128 0x10
 1075 067c 07       		.uleb128 0x7
 1076 067d 4F445200 		.ascii	"ODR\000"
 1077 0681 0B       		.byte	0xb
 1078 0682 93       		.byte	0x93
 1079 0683 47030000 		.4byte	0x347
 1080 0687 02       		.byte	0x2
ARM GAS  /tmp/cc1U3Bmh.s 			page 20


 1081 0688 23       		.byte	0x23
 1082 0689 14       		.uleb128 0x14
 1083 068a 06       		.uleb128 0x6
 1084 068b D6000000 		.4byte	.LASF88
 1085 068f 0B       		.byte	0xb
 1086 0690 9A       		.byte	0x9a
 1087 0691 C3060000 		.4byte	0x6c3
 1088 0695 02       		.byte	0x2
 1089 0696 23       		.byte	0x23
 1090 0697 18       		.uleb128 0x18
 1091 0698 06       		.uleb128 0x6
 1092 0699 C2010000 		.4byte	.LASF89
 1093 069d 0B       		.byte	0xb
 1094 069e 9B       		.byte	0x9b
 1095 069f 47030000 		.4byte	0x347
 1096 06a3 02       		.byte	0x2
 1097 06a4 23       		.byte	0x23
 1098 06a5 1C       		.uleb128 0x1c
 1099 06a6 06       		.uleb128 0x6
 1100 06a7 AC020000 		.4byte	.LASF90
 1101 06ab 0B       		.byte	0xb
 1102 06ac 9C       		.byte	0x9c
 1103 06ad 47030000 		.4byte	0x347
 1104 06b1 02       		.byte	0x2
 1105 06b2 23       		.byte	0x23
 1106 06b3 20       		.uleb128 0x20
 1107 06b4 06       		.uleb128 0x6
 1108 06b5 A7020000 		.4byte	.LASF91
 1109 06b9 0B       		.byte	0xb
 1110 06ba 9D       		.byte	0x9d
 1111 06bb 47030000 		.4byte	0x347
 1112 06bf 02       		.byte	0x2
 1113 06c0 23       		.byte	0x23
 1114 06c1 24       		.uleb128 0x24
 1115 06c2 00       		.byte	0
 1116 06c3 0D       		.uleb128 0xd
 1117 06c4 13060000 		.4byte	0x613
 1118 06c8 03       		.uleb128 0x3
 1119 06c9 54010000 		.4byte	.LASF92
 1120 06cd 0B       		.byte	0xb
 1121 06ce 9E       		.byte	0x9e
 1122 06cf 2E060000 		.4byte	0x62e
 1123 06d3 03       		.uleb128 0x3
 1124 06d4 30040000 		.4byte	.LASF93
 1125 06d8 0B       		.byte	0xb
 1126 06d9 F5       		.byte	0xf5
 1127 06da DE060000 		.4byte	0x6de
 1128 06de 09       		.uleb128 0x9
 1129 06df 04       		.byte	0x4
 1130 06e0 C8060000 		.4byte	0x6c8
 1131 06e4 15       		.uleb128 0x15
 1132 06e5 01       		.byte	0x1
 1133 06e6 0C       		.byte	0xc
 1134 06e7 4E       		.byte	0x4e
 1135 06e8 0B070000 		.4byte	0x70b
 1136 06ec 16       		.uleb128 0x16
 1137 06ed 59040000 		.4byte	.LASF94
ARM GAS  /tmp/cc1U3Bmh.s 			page 21


 1138 06f1 00       		.sleb128 0
 1139 06f2 16       		.uleb128 0x16
 1140 06f3 DB000000 		.4byte	.LASF95
 1141 06f7 01       		.sleb128 1
 1142 06f8 16       		.uleb128 0x16
 1143 06f9 4F000000 		.4byte	.LASF96
 1144 06fd 02       		.sleb128 2
 1145 06fe 16       		.uleb128 0x16
 1146 06ff 20000000 		.4byte	.LASF97
 1147 0703 03       		.sleb128 3
 1148 0704 16       		.uleb128 0x16
 1149 0705 DD030000 		.4byte	.LASF98
 1150 0709 04       		.sleb128 4
 1151 070a 00       		.byte	0
 1152 070b 03       		.uleb128 0x3
 1153 070c F1030000 		.4byte	.LASF99
 1154 0710 0C       		.byte	0xc
 1155 0711 54       		.byte	0x54
 1156 0712 E4060000 		.4byte	0x6e4
 1157 0716 13       		.uleb128 0x13
 1158 0717 8B000000 		.4byte	.LASF100
 1159 071b 0D       		.byte	0xd
 1160 071c 1A01     		.2byte	0x11a
 1161 071e 22070000 		.4byte	0x722
 1162 0722 0B       		.uleb128 0xb
 1163 0723 8B000000 		.4byte	.LASF100
 1164 0727 30       		.byte	0x30
 1165 0728 0D       		.byte	0xd
 1166 0729 3E01     		.2byte	0x13e
 1167 072b B7070000 		.4byte	0x7b7
 1168 072f 12       		.uleb128 0x12
 1169 0730 0C010000 		.4byte	.LASF101
 1170 0734 0D       		.byte	0xd
 1171 0735 4201     		.2byte	0x142
 1172 0737 0B070000 		.4byte	0x70b
 1173 073b 02       		.byte	0x2
 1174 073c 23       		.byte	0x23
 1175 073d 00       		.uleb128 0
 1176 073e 12       		.uleb128 0x12
 1177 073f EA030000 		.4byte	.LASF102
 1178 0743 0D       		.byte	0xd
 1179 0744 4601     		.2byte	0x146
 1180 0746 2D080000 		.4byte	0x82d
 1181 074a 02       		.byte	0x2
 1182 074b 23       		.byte	0x23
 1183 074c 04       		.uleb128 0x4
 1184 074d 12       		.uleb128 0x12
 1185 074e 24010000 		.4byte	.LASF103
 1186 0752 0D       		.byte	0xd
 1187 0753 4B01     		.2byte	0x14b
 1188 0755 56020000 		.4byte	0x256
 1189 0759 02       		.byte	0x2
 1190 075a 23       		.byte	0x23
 1191 075b 08       		.uleb128 0x8
 1192 075c 12       		.uleb128 0x12
 1193 075d 17030000 		.4byte	.LASF104
 1194 0761 0D       		.byte	0xd
ARM GAS  /tmp/cc1U3Bmh.s 			page 22


 1195 0762 5201     		.2byte	0x152
 1196 0764 95030000 		.4byte	0x395
 1197 0768 02       		.byte	0x2
 1198 0769 23       		.byte	0x23
 1199 076a 0C       		.uleb128 0xc
 1200 076b 0C       		.uleb128 0xc
 1201 076c 73706900 		.ascii	"spi\000"
 1202 0770 0D       		.byte	0xd
 1203 0771 5E01     		.2byte	0x15e
 1204 0773 38080000 		.4byte	0x838
 1205 0777 02       		.byte	0x2
 1206 0778 23       		.byte	0x23
 1207 0779 1C       		.uleb128 0x1c
 1208 077a 12       		.uleb128 0x12
 1209 077b 00000000 		.4byte	.LASF105
 1210 077f 0D       		.byte	0xd
 1211 0780 6201     		.2byte	0x162
 1212 0782 3E080000 		.4byte	0x83e
 1213 0786 02       		.byte	0x2
 1214 0787 23       		.byte	0x23
 1215 0788 20       		.uleb128 0x20
 1216 0789 12       		.uleb128 0x12
 1217 078a 61010000 		.4byte	.LASF106
 1218 078e 0D       		.byte	0xd
 1219 078f 6601     		.2byte	0x166
 1220 0791 3E080000 		.4byte	0x83e
 1221 0795 02       		.byte	0x2
 1222 0796 23       		.byte	0x23
 1223 0797 24       		.uleb128 0x24
 1224 0798 12       		.uleb128 0x12
 1225 0799 4A010000 		.4byte	.LASF107
 1226 079d 0D       		.byte	0xd
 1227 079e 6A01     		.2byte	0x16a
 1228 07a0 82000000 		.4byte	0x82
 1229 07a4 02       		.byte	0x2
 1230 07a5 23       		.byte	0x23
 1231 07a6 28       		.uleb128 0x28
 1232 07a7 12       		.uleb128 0x12
 1233 07a8 91020000 		.4byte	.LASF108
 1234 07ac 0D       		.byte	0xd
 1235 07ad 6E01     		.2byte	0x16e
 1236 07af 82000000 		.4byte	0x82
 1237 07b3 02       		.byte	0x2
 1238 07b4 23       		.byte	0x23
 1239 07b5 2C       		.uleb128 0x2c
 1240 07b6 00       		.byte	0
 1241 07b7 13       		.uleb128 0x13
 1242 07b8 FE000000 		.4byte	.LASF109
 1243 07bc 0D       		.byte	0xd
 1244 07bd 2201     		.2byte	0x122
 1245 07bf C3070000 		.4byte	0x7c3
 1246 07c3 09       		.uleb128 0x9
 1247 07c4 04       		.byte	0x4
 1248 07c5 C9070000 		.4byte	0x7c9
 1249 07c9 17       		.uleb128 0x17
 1250 07ca 01       		.byte	0x1
 1251 07cb D5070000 		.4byte	0x7d5
ARM GAS  /tmp/cc1U3Bmh.s 			page 23


 1252 07cf 18       		.uleb128 0x18
 1253 07d0 D5070000 		.4byte	0x7d5
 1254 07d4 00       		.byte	0
 1255 07d5 09       		.uleb128 0x9
 1256 07d6 04       		.byte	0x4
 1257 07d7 16070000 		.4byte	0x716
 1258 07db 11       		.uleb128 0x11
 1259 07dc 0C       		.byte	0xc
 1260 07dd 0D       		.byte	0xd
 1261 07de 2701     		.2byte	0x127
 1262 07e0 21080000 		.4byte	0x821
 1263 07e4 12       		.uleb128 0x12
 1264 07e5 43010000 		.4byte	.LASF110
 1265 07e9 0D       		.byte	0xd
 1266 07ea 2B01     		.2byte	0x12b
 1267 07ec B7070000 		.4byte	0x7b7
 1268 07f0 02       		.byte	0x2
 1269 07f1 23       		.byte	0x23
 1270 07f2 00       		.uleb128 0
 1271 07f3 12       		.uleb128 0x12
 1272 07f4 95000000 		.4byte	.LASF111
 1273 07f8 0D       		.byte	0xd
 1274 07f9 3001     		.2byte	0x130
 1275 07fb D3060000 		.4byte	0x6d3
 1276 07ff 02       		.byte	0x2
 1277 0800 23       		.byte	0x23
 1278 0801 04       		.uleb128 0x4
 1279 0802 12       		.uleb128 0x12
 1280 0803 B6000000 		.4byte	.LASF112
 1281 0807 0D       		.byte	0xd
 1282 0808 3401     		.2byte	0x134
 1283 080a 5E000000 		.4byte	0x5e
 1284 080e 02       		.byte	0x2
 1285 080f 23       		.byte	0x23
 1286 0810 08       		.uleb128 0x8
 1287 0811 0C       		.uleb128 0xc
 1288 0812 63723100 		.ascii	"cr1\000"
 1289 0816 0D       		.byte	0xd
 1290 0817 3801     		.2byte	0x138
 1291 0819 5E000000 		.4byte	0x5e
 1292 081d 02       		.byte	0x2
 1293 081e 23       		.byte	0x23
 1294 081f 0A       		.uleb128 0xa
 1295 0820 00       		.byte	0
 1296 0821 13       		.uleb128 0x13
 1297 0822 A2040000 		.4byte	.LASF113
 1298 0826 0D       		.byte	0xd
 1299 0827 3901     		.2byte	0x139
 1300 0829 DB070000 		.4byte	0x7db
 1301 082d 09       		.uleb128 0x9
 1302 082e 04       		.byte	0x4
 1303 082f 33080000 		.4byte	0x833
 1304 0833 10       		.uleb128 0x10
 1305 0834 21080000 		.4byte	0x821
 1306 0838 09       		.uleb128 0x9
 1307 0839 04       		.byte	0x4
 1308 083a 7C050000 		.4byte	0x57c
ARM GAS  /tmp/cc1U3Bmh.s 			page 24


 1309 083e 09       		.uleb128 0x9
 1310 083f 04       		.byte	0x4
 1311 0840 44080000 		.4byte	0x844
 1312 0844 10       		.uleb128 0x10
 1313 0845 E3050000 		.4byte	0x5e3
 1314 0849 19       		.uleb128 0x19
 1315 084a 01       		.byte	0x1
 1316 084b 64040000 		.4byte	.LASF123
 1317 084f 01       		.byte	0x1
 1318 0850 3C       		.byte	0x3c
 1319 0851 01       		.byte	0x1
 1320 0852 45000000 		.4byte	0x45
 1321 0856 00000000 		.4byte	.LFB118
 1322 085a 38000000 		.4byte	.LFE118
 1323 085e 00000000 		.4byte	.LLST0
 1324 0862 01       		.byte	0x1
 1325 0863 CF080000 		.4byte	0x8cf
 1326 0867 1A       		.uleb128 0x1a
 1327 0868 8F040000 		.4byte	.LASF114
 1328 086c 01       		.byte	0x1
 1329 086d 3C       		.byte	0x3c
 1330 086e D5070000 		.4byte	0x7d5
 1331 0872 20000000 		.4byte	.LLST1
 1332 0876 1B       		.uleb128 0x1b
 1333 0877 72656700 		.ascii	"reg\000"
 1334 087b 01       		.byte	0x1
 1335 087c 3C       		.byte	0x3c
 1336 087d 45000000 		.4byte	0x45
 1337 0881 3E000000 		.4byte	.LLST2
 1338 0885 1C       		.uleb128 0x1c
 1339 0886 12000000 		.4byte	.LVL1
 1340 088a 9E090000 		.4byte	0x99e
 1341 088e 99080000 		.4byte	0x899
 1342 0892 1D       		.uleb128 0x1d
 1343 0893 01       		.byte	0x1
 1344 0894 50       		.byte	0x50
 1345 0895 02       		.byte	0x2
 1346 0896 76       		.byte	0x76
 1347 0897 00       		.sleb128 0
 1348 0898 00       		.byte	0
 1349 0899 1C       		.uleb128 0x1c
 1350 089a 24000000 		.4byte	.LVL2
 1351 089e B3090000 		.4byte	0x9b3
 1352 08a2 BE080000 		.4byte	0x8be
 1353 08a6 1D       		.uleb128 0x1d
 1354 08a7 01       		.byte	0x1
 1355 08a8 53       		.byte	0x53
 1356 08a9 02       		.byte	0x2
 1357 08aa 75       		.byte	0x75
 1358 08ab 00       		.sleb128 0
 1359 08ac 1D       		.uleb128 0x1d
 1360 08ad 01       		.byte	0x1
 1361 08ae 52       		.byte	0x52
 1362 08af 02       		.byte	0x2
 1363 08b0 74       		.byte	0x74
 1364 08b1 00       		.sleb128 0
 1365 08b2 1D       		.uleb128 0x1d
ARM GAS  /tmp/cc1U3Bmh.s 			page 25


 1366 08b3 01       		.byte	0x1
 1367 08b4 51       		.byte	0x51
 1368 08b5 01       		.byte	0x1
 1369 08b6 32       		.byte	0x32
 1370 08b7 1D       		.uleb128 0x1d
 1371 08b8 01       		.byte	0x1
 1372 08b9 50       		.byte	0x50
 1373 08ba 02       		.byte	0x2
 1374 08bb 76       		.byte	0x76
 1375 08bc 00       		.sleb128 0
 1376 08bd 00       		.byte	0
 1377 08be 1E       		.uleb128 0x1e
 1378 08bf 2A000000 		.4byte	.LVL3
 1379 08c3 DE090000 		.4byte	0x9de
 1380 08c7 1D       		.uleb128 0x1d
 1381 08c8 01       		.byte	0x1
 1382 08c9 50       		.byte	0x50
 1383 08ca 02       		.byte	0x2
 1384 08cb 76       		.byte	0x76
 1385 08cc 00       		.sleb128 0
 1386 08cd 00       		.byte	0
 1387 08ce 00       		.byte	0
 1388 08cf 1F       		.uleb128 0x1f
 1389 08d0 01       		.byte	0x1
 1390 08d1 75000000 		.4byte	.LASF124
 1391 08d5 01       		.byte	0x1
 1392 08d6 4E       		.byte	0x4e
 1393 08d7 01       		.byte	0x1
 1394 08d8 00000000 		.4byte	.LFB119
 1395 08dc 44000000 		.4byte	.LFE119
 1396 08e0 5F000000 		.4byte	.LLST3
 1397 08e4 01       		.byte	0x1
 1398 08e5 5E090000 		.4byte	0x95e
 1399 08e9 1A       		.uleb128 0x1a
 1400 08ea 8F040000 		.4byte	.LASF114
 1401 08ee 01       		.byte	0x1
 1402 08ef 4E       		.byte	0x4e
 1403 08f0 D5070000 		.4byte	0x7d5
 1404 08f4 7F000000 		.4byte	.LLST4
 1405 08f8 1B       		.uleb128 0x1b
 1406 08f9 72656700 		.ascii	"reg\000"
 1407 08fd 01       		.byte	0x1
 1408 08fe 4E       		.byte	0x4e
 1409 08ff 45000000 		.4byte	0x45
 1410 0903 A8000000 		.4byte	.LLST5
 1411 0907 1A       		.uleb128 0x1a
 1412 0908 9E010000 		.4byte	.LASF115
 1413 090c 01       		.byte	0x1
 1414 090d 4E       		.byte	0x4e
 1415 090e 45000000 		.4byte	0x45
 1416 0912 C9000000 		.4byte	.LLST6
 1417 0916 1C       		.uleb128 0x1c
 1418 0917 1E000000 		.4byte	.LVL7
 1419 091b 9E090000 		.4byte	0x99e
 1420 091f 2A090000 		.4byte	0x92a
 1421 0923 1D       		.uleb128 0x1d
 1422 0924 01       		.byte	0x1
ARM GAS  /tmp/cc1U3Bmh.s 			page 26


 1423 0925 50       		.byte	0x50
 1424 0926 02       		.byte	0x2
 1425 0927 75       		.byte	0x75
 1426 0928 00       		.sleb128 0
 1427 0929 00       		.byte	0
 1428 092a 1C       		.uleb128 0x1c
 1429 092b 2E000000 		.4byte	.LVL8
 1430 092f F3090000 		.4byte	0x9f3
 1431 0933 4C090000 		.4byte	0x94c
 1432 0937 1D       		.uleb128 0x1d
 1433 0938 01       		.byte	0x1
 1434 0939 52       		.byte	0x52
 1435 093a 05       		.byte	0x5
 1436 093b 03       		.byte	0x3
 1437 093c 00000000 		.4byte	.LANCHOR0
 1438 0940 1D       		.uleb128 0x1d
 1439 0941 01       		.byte	0x1
 1440 0942 51       		.byte	0x51
 1441 0943 01       		.byte	0x1
 1442 0944 32       		.byte	0x32
 1443 0945 1D       		.uleb128 0x1d
 1444 0946 01       		.byte	0x1
 1445 0947 50       		.byte	0x50
 1446 0948 02       		.byte	0x2
 1447 0949 75       		.byte	0x75
 1448 094a 00       		.sleb128 0
 1449 094b 00       		.byte	0
 1450 094c 20       		.uleb128 0x20
 1451 094d 38000000 		.4byte	.LVL9
 1452 0951 01       		.byte	0x1
 1453 0952 DE090000 		.4byte	0x9de
 1454 0956 1D       		.uleb128 0x1d
 1455 0957 01       		.byte	0x1
 1456 0958 50       		.byte	0x50
 1457 0959 02       		.byte	0x2
 1458 095a 75       		.byte	0x75
 1459 095b 00       		.sleb128 0
 1460 095c 00       		.byte	0
 1461 095d 00       		.byte	0
 1462 095e 21       		.uleb128 0x21
 1463 095f 45000000 		.4byte	0x45
 1464 0963 6E090000 		.4byte	0x96e
 1465 0967 22       		.uleb128 0x22
 1466 0968 4C030000 		.4byte	0x34c
 1467 096c 01       		.byte	0x1
 1468 096d 00       		.byte	0
 1469 096e 23       		.uleb128 0x23
 1470 096f B1010000 		.4byte	.LASF116
 1471 0973 01       		.byte	0x1
 1472 0974 29       		.byte	0x29
 1473 0975 5E090000 		.4byte	0x95e
 1474 0979 05       		.byte	0x5
 1475 097a 03       		.byte	0x3
 1476 097b 00000000 		.4byte	txbuf
 1477 097f 23       		.uleb128 0x23
 1478 0980 A9000000 		.4byte	.LASF117
 1479 0984 01       		.byte	0x1
ARM GAS  /tmp/cc1U3Bmh.s 			page 27


 1480 0985 2A       		.byte	0x2a
 1481 0986 5E090000 		.4byte	0x95e
 1482 098a 05       		.byte	0x5
 1483 098b 03       		.byte	0x3
 1484 098c 00000000 		.4byte	rxbuf
 1485 0990 24       		.uleb128 0x24
 1486 0991 9C000000 		.4byte	.LASF125
 1487 0995 0E       		.byte	0xe
 1488 0996 9806     		.2byte	0x698
 1489 0998 F2030000 		.4byte	0x3f2
 1490 099c 01       		.byte	0x1
 1491 099d 01       		.byte	0x1
 1492 099e 25       		.uleb128 0x25
 1493 099f 01       		.byte	0x1
 1494 09a0 43040000 		.4byte	.LASF118
 1495 09a4 0C       		.byte	0xc
 1496 09a5 2B01     		.2byte	0x12b
 1497 09a7 01       		.byte	0x1
 1498 09a8 01       		.byte	0x1
 1499 09a9 B3090000 		.4byte	0x9b3
 1500 09ad 18       		.uleb128 0x18
 1501 09ae D5070000 		.4byte	0x7d5
 1502 09b2 00       		.byte	0
 1503 09b3 25       		.uleb128 0x25
 1504 09b4 01       		.byte	0x1
 1505 09b5 55020000 		.4byte	.LASF119
 1506 09b9 0C       		.byte	0xc
 1507 09ba 3401     		.2byte	0x134
 1508 09bc 01       		.byte	0x1
 1509 09bd 01       		.byte	0x1
 1510 09be D7090000 		.4byte	0x9d7
 1511 09c2 18       		.uleb128 0x18
 1512 09c3 D5070000 		.4byte	0x7d5
 1513 09c7 18       		.uleb128 0x18
 1514 09c8 2C000000 		.4byte	0x2c
 1515 09cc 18       		.uleb128 0x18
 1516 09cd D7090000 		.4byte	0x9d7
 1517 09d1 18       		.uleb128 0x18
 1518 09d2 94020000 		.4byte	0x294
 1519 09d6 00       		.byte	0
 1520 09d7 09       		.uleb128 0x9
 1521 09d8 04       		.byte	0x4
 1522 09d9 DD090000 		.4byte	0x9dd
 1523 09dd 26       		.uleb128 0x26
 1524 09de 25       		.uleb128 0x25
 1525 09df 01       		.byte	0x1
 1526 09e0 92010000 		.4byte	.LASF120
 1527 09e4 0C       		.byte	0xc
 1528 09e5 2C01     		.2byte	0x12c
 1529 09e7 01       		.byte	0x1
 1530 09e8 01       		.byte	0x1
 1531 09e9 F3090000 		.4byte	0x9f3
 1532 09ed 18       		.uleb128 0x18
 1533 09ee D5070000 		.4byte	0x7d5
 1534 09f2 00       		.byte	0
 1535 09f3 27       		.uleb128 0x27
 1536 09f4 01       		.byte	0x1
ARM GAS  /tmp/cc1U3Bmh.s 			page 28


 1537 09f5 6F010000 		.4byte	.LASF126
 1538 09f9 0C       		.byte	0xc
 1539 09fa 3501     		.2byte	0x135
 1540 09fc 01       		.byte	0x1
 1541 09fd 01       		.byte	0x1
 1542 09fe 18       		.uleb128 0x18
 1543 09ff D5070000 		.4byte	0x7d5
 1544 0a03 18       		.uleb128 0x18
 1545 0a04 2C000000 		.4byte	0x2c
 1546 0a08 18       		.uleb128 0x18
 1547 0a09 D7090000 		.4byte	0x9d7
 1548 0a0d 00       		.byte	0
 1549 0a0e 00       		.byte	0
 1550              		.section	.debug_abbrev,"",%progbits
 1551              	.Ldebug_abbrev0:
 1552 0000 01       		.uleb128 0x1
 1553 0001 11       		.uleb128 0x11
 1554 0002 01       		.byte	0x1
 1555 0003 25       		.uleb128 0x25
 1556 0004 0E       		.uleb128 0xe
 1557 0005 13       		.uleb128 0x13
 1558 0006 0B       		.uleb128 0xb
 1559 0007 03       		.uleb128 0x3
 1560 0008 0E       		.uleb128 0xe
 1561 0009 55       		.uleb128 0x55
 1562 000a 06       		.uleb128 0x6
 1563 000b 11       		.uleb128 0x11
 1564 000c 01       		.uleb128 0x1
 1565 000d 52       		.uleb128 0x52
 1566 000e 01       		.uleb128 0x1
 1567 000f 10       		.uleb128 0x10
 1568 0010 06       		.uleb128 0x6
 1569 0011 00       		.byte	0
 1570 0012 00       		.byte	0
 1571 0013 02       		.uleb128 0x2
 1572 0014 24       		.uleb128 0x24
 1573 0015 00       		.byte	0
 1574 0016 0B       		.uleb128 0xb
 1575 0017 0B       		.uleb128 0xb
 1576 0018 3E       		.uleb128 0x3e
 1577 0019 0B       		.uleb128 0xb
 1578 001a 03       		.uleb128 0x3
 1579 001b 08       		.uleb128 0x8
 1580 001c 00       		.byte	0
 1581 001d 00       		.byte	0
 1582 001e 03       		.uleb128 0x3
 1583 001f 16       		.uleb128 0x16
 1584 0020 00       		.byte	0
 1585 0021 03       		.uleb128 0x3
 1586 0022 0E       		.uleb128 0xe
 1587 0023 3A       		.uleb128 0x3a
 1588 0024 0B       		.uleb128 0xb
 1589 0025 3B       		.uleb128 0x3b
 1590 0026 0B       		.uleb128 0xb
 1591 0027 49       		.uleb128 0x49
 1592 0028 13       		.uleb128 0x13
 1593 0029 00       		.byte	0
ARM GAS  /tmp/cc1U3Bmh.s 			page 29


 1594 002a 00       		.byte	0
 1595 002b 04       		.uleb128 0x4
 1596 002c 24       		.uleb128 0x24
 1597 002d 00       		.byte	0
 1598 002e 0B       		.uleb128 0xb
 1599 002f 0B       		.uleb128 0xb
 1600 0030 3E       		.uleb128 0x3e
 1601 0031 0B       		.uleb128 0xb
 1602 0032 03       		.uleb128 0x3
 1603 0033 0E       		.uleb128 0xe
 1604 0034 00       		.byte	0
 1605 0035 00       		.byte	0
 1606 0036 05       		.uleb128 0x5
 1607 0037 13       		.uleb128 0x13
 1608 0038 01       		.byte	0x1
 1609 0039 03       		.uleb128 0x3
 1610 003a 0E       		.uleb128 0xe
 1611 003b 0B       		.uleb128 0xb
 1612 003c 0B       		.uleb128 0xb
 1613 003d 3A       		.uleb128 0x3a
 1614 003e 0B       		.uleb128 0xb
 1615 003f 3B       		.uleb128 0x3b
 1616 0040 0B       		.uleb128 0xb
 1617 0041 01       		.uleb128 0x1
 1618 0042 13       		.uleb128 0x13
 1619 0043 00       		.byte	0
 1620 0044 00       		.byte	0
 1621 0045 06       		.uleb128 0x6
 1622 0046 0D       		.uleb128 0xd
 1623 0047 00       		.byte	0
 1624 0048 03       		.uleb128 0x3
 1625 0049 0E       		.uleb128 0xe
 1626 004a 3A       		.uleb128 0x3a
 1627 004b 0B       		.uleb128 0xb
 1628 004c 3B       		.uleb128 0x3b
 1629 004d 0B       		.uleb128 0xb
 1630 004e 49       		.uleb128 0x49
 1631 004f 13       		.uleb128 0x13
 1632 0050 38       		.uleb128 0x38
 1633 0051 0A       		.uleb128 0xa
 1634 0052 00       		.byte	0
 1635 0053 00       		.byte	0
 1636 0054 07       		.uleb128 0x7
 1637 0055 0D       		.uleb128 0xd
 1638 0056 00       		.byte	0
 1639 0057 03       		.uleb128 0x3
 1640 0058 08       		.uleb128 0x8
 1641 0059 3A       		.uleb128 0x3a
 1642 005a 0B       		.uleb128 0xb
 1643 005b 3B       		.uleb128 0x3b
 1644 005c 0B       		.uleb128 0xb
 1645 005d 49       		.uleb128 0x49
 1646 005e 13       		.uleb128 0x13
 1647 005f 38       		.uleb128 0x38
 1648 0060 0A       		.uleb128 0xa
 1649 0061 00       		.byte	0
 1650 0062 00       		.byte	0
ARM GAS  /tmp/cc1U3Bmh.s 			page 30


 1651 0063 08       		.uleb128 0x8
 1652 0064 13       		.uleb128 0x13
 1653 0065 01       		.byte	0x1
 1654 0066 0B       		.uleb128 0xb
 1655 0067 0B       		.uleb128 0xb
 1656 0068 3A       		.uleb128 0x3a
 1657 0069 0B       		.uleb128 0xb
 1658 006a 3B       		.uleb128 0x3b
 1659 006b 0B       		.uleb128 0xb
 1660 006c 01       		.uleb128 0x1
 1661 006d 13       		.uleb128 0x13
 1662 006e 00       		.byte	0
 1663 006f 00       		.byte	0
 1664 0070 09       		.uleb128 0x9
 1665 0071 0F       		.uleb128 0xf
 1666 0072 00       		.byte	0
 1667 0073 0B       		.uleb128 0xb
 1668 0074 0B       		.uleb128 0xb
 1669 0075 49       		.uleb128 0x49
 1670 0076 13       		.uleb128 0x13
 1671 0077 00       		.byte	0
 1672 0078 00       		.byte	0
 1673 0079 0A       		.uleb128 0xa
 1674 007a 0F       		.uleb128 0xf
 1675 007b 00       		.byte	0
 1676 007c 0B       		.uleb128 0xb
 1677 007d 0B       		.uleb128 0xb
 1678 007e 00       		.byte	0
 1679 007f 00       		.byte	0
 1680 0080 0B       		.uleb128 0xb
 1681 0081 13       		.uleb128 0x13
 1682 0082 01       		.byte	0x1
 1683 0083 03       		.uleb128 0x3
 1684 0084 0E       		.uleb128 0xe
 1685 0085 0B       		.uleb128 0xb
 1686 0086 0B       		.uleb128 0xb
 1687 0087 3A       		.uleb128 0x3a
 1688 0088 0B       		.uleb128 0xb
 1689 0089 3B       		.uleb128 0x3b
 1690 008a 05       		.uleb128 0x5
 1691 008b 01       		.uleb128 0x1
 1692 008c 13       		.uleb128 0x13
 1693 008d 00       		.byte	0
 1694 008e 00       		.byte	0
 1695 008f 0C       		.uleb128 0xc
 1696 0090 0D       		.uleb128 0xd
 1697 0091 00       		.byte	0
 1698 0092 03       		.uleb128 0x3
 1699 0093 08       		.uleb128 0x8
 1700 0094 3A       		.uleb128 0x3a
 1701 0095 0B       		.uleb128 0xb
 1702 0096 3B       		.uleb128 0x3b
 1703 0097 05       		.uleb128 0x5
 1704 0098 49       		.uleb128 0x49
 1705 0099 13       		.uleb128 0x13
 1706 009a 38       		.uleb128 0x38
 1707 009b 0A       		.uleb128 0xa
ARM GAS  /tmp/cc1U3Bmh.s 			page 31


 1708 009c 00       		.byte	0
 1709 009d 00       		.byte	0
 1710 009e 0D       		.uleb128 0xd
 1711 009f 35       		.uleb128 0x35
 1712 00a0 00       		.byte	0
 1713 00a1 49       		.uleb128 0x49
 1714 00a2 13       		.uleb128 0x13
 1715 00a3 00       		.byte	0
 1716 00a4 00       		.byte	0
 1717 00a5 0E       		.uleb128 0xe
 1718 00a6 17       		.uleb128 0x17
 1719 00a7 01       		.byte	0x1
 1720 00a8 0B       		.uleb128 0xb
 1721 00a9 0B       		.uleb128 0xb
 1722 00aa 3A       		.uleb128 0x3a
 1723 00ab 0B       		.uleb128 0xb
 1724 00ac 3B       		.uleb128 0x3b
 1725 00ad 0B       		.uleb128 0xb
 1726 00ae 01       		.uleb128 0x1
 1727 00af 13       		.uleb128 0x13
 1728 00b0 00       		.byte	0
 1729 00b1 00       		.byte	0
 1730 00b2 0F       		.uleb128 0xf
 1731 00b3 0D       		.uleb128 0xd
 1732 00b4 00       		.byte	0
 1733 00b5 03       		.uleb128 0x3
 1734 00b6 0E       		.uleb128 0xe
 1735 00b7 3A       		.uleb128 0x3a
 1736 00b8 0B       		.uleb128 0xb
 1737 00b9 3B       		.uleb128 0x3b
 1738 00ba 0B       		.uleb128 0xb
 1739 00bb 49       		.uleb128 0x49
 1740 00bc 13       		.uleb128 0x13
 1741 00bd 00       		.byte	0
 1742 00be 00       		.byte	0
 1743 00bf 10       		.uleb128 0x10
 1744 00c0 26       		.uleb128 0x26
 1745 00c1 00       		.byte	0
 1746 00c2 49       		.uleb128 0x49
 1747 00c3 13       		.uleb128 0x13
 1748 00c4 00       		.byte	0
 1749 00c5 00       		.byte	0
 1750 00c6 11       		.uleb128 0x11
 1751 00c7 13       		.uleb128 0x13
 1752 00c8 01       		.byte	0x1
 1753 00c9 0B       		.uleb128 0xb
 1754 00ca 0B       		.uleb128 0xb
 1755 00cb 3A       		.uleb128 0x3a
 1756 00cc 0B       		.uleb128 0xb
 1757 00cd 3B       		.uleb128 0x3b
 1758 00ce 05       		.uleb128 0x5
 1759 00cf 01       		.uleb128 0x1
 1760 00d0 13       		.uleb128 0x13
 1761 00d1 00       		.byte	0
 1762 00d2 00       		.byte	0
 1763 00d3 12       		.uleb128 0x12
 1764 00d4 0D       		.uleb128 0xd
ARM GAS  /tmp/cc1U3Bmh.s 			page 32


 1765 00d5 00       		.byte	0
 1766 00d6 03       		.uleb128 0x3
 1767 00d7 0E       		.uleb128 0xe
 1768 00d8 3A       		.uleb128 0x3a
 1769 00d9 0B       		.uleb128 0xb
 1770 00da 3B       		.uleb128 0x3b
 1771 00db 05       		.uleb128 0x5
 1772 00dc 49       		.uleb128 0x49
 1773 00dd 13       		.uleb128 0x13
 1774 00de 38       		.uleb128 0x38
 1775 00df 0A       		.uleb128 0xa
 1776 00e0 00       		.byte	0
 1777 00e1 00       		.byte	0
 1778 00e2 13       		.uleb128 0x13
 1779 00e3 16       		.uleb128 0x16
 1780 00e4 00       		.byte	0
 1781 00e5 03       		.uleb128 0x3
 1782 00e6 0E       		.uleb128 0xe
 1783 00e7 3A       		.uleb128 0x3a
 1784 00e8 0B       		.uleb128 0xb
 1785 00e9 3B       		.uleb128 0x3b
 1786 00ea 05       		.uleb128 0x5
 1787 00eb 49       		.uleb128 0x49
 1788 00ec 13       		.uleb128 0x13
 1789 00ed 00       		.byte	0
 1790 00ee 00       		.byte	0
 1791 00ef 14       		.uleb128 0x14
 1792 00f0 0D       		.uleb128 0xd
 1793 00f1 00       		.byte	0
 1794 00f2 03       		.uleb128 0x3
 1795 00f3 08       		.uleb128 0x8
 1796 00f4 3A       		.uleb128 0x3a
 1797 00f5 0B       		.uleb128 0xb
 1798 00f6 3B       		.uleb128 0x3b
 1799 00f7 0B       		.uleb128 0xb
 1800 00f8 49       		.uleb128 0x49
 1801 00f9 13       		.uleb128 0x13
 1802 00fa 00       		.byte	0
 1803 00fb 00       		.byte	0
 1804 00fc 15       		.uleb128 0x15
 1805 00fd 04       		.uleb128 0x4
 1806 00fe 01       		.byte	0x1
 1807 00ff 0B       		.uleb128 0xb
 1808 0100 0B       		.uleb128 0xb
 1809 0101 3A       		.uleb128 0x3a
 1810 0102 0B       		.uleb128 0xb
 1811 0103 3B       		.uleb128 0x3b
 1812 0104 0B       		.uleb128 0xb
 1813 0105 01       		.uleb128 0x1
 1814 0106 13       		.uleb128 0x13
 1815 0107 00       		.byte	0
 1816 0108 00       		.byte	0
 1817 0109 16       		.uleb128 0x16
 1818 010a 28       		.uleb128 0x28
 1819 010b 00       		.byte	0
 1820 010c 03       		.uleb128 0x3
 1821 010d 0E       		.uleb128 0xe
ARM GAS  /tmp/cc1U3Bmh.s 			page 33


 1822 010e 1C       		.uleb128 0x1c
 1823 010f 0D       		.uleb128 0xd
 1824 0110 00       		.byte	0
 1825 0111 00       		.byte	0
 1826 0112 17       		.uleb128 0x17
 1827 0113 15       		.uleb128 0x15
 1828 0114 01       		.byte	0x1
 1829 0115 27       		.uleb128 0x27
 1830 0116 0C       		.uleb128 0xc
 1831 0117 01       		.uleb128 0x1
 1832 0118 13       		.uleb128 0x13
 1833 0119 00       		.byte	0
 1834 011a 00       		.byte	0
 1835 011b 18       		.uleb128 0x18
 1836 011c 05       		.uleb128 0x5
 1837 011d 00       		.byte	0
 1838 011e 49       		.uleb128 0x49
 1839 011f 13       		.uleb128 0x13
 1840 0120 00       		.byte	0
 1841 0121 00       		.byte	0
 1842 0122 19       		.uleb128 0x19
 1843 0123 2E       		.uleb128 0x2e
 1844 0124 01       		.byte	0x1
 1845 0125 3F       		.uleb128 0x3f
 1846 0126 0C       		.uleb128 0xc
 1847 0127 03       		.uleb128 0x3
 1848 0128 0E       		.uleb128 0xe
 1849 0129 3A       		.uleb128 0x3a
 1850 012a 0B       		.uleb128 0xb
 1851 012b 3B       		.uleb128 0x3b
 1852 012c 0B       		.uleb128 0xb
 1853 012d 27       		.uleb128 0x27
 1854 012e 0C       		.uleb128 0xc
 1855 012f 49       		.uleb128 0x49
 1856 0130 13       		.uleb128 0x13
 1857 0131 11       		.uleb128 0x11
 1858 0132 01       		.uleb128 0x1
 1859 0133 12       		.uleb128 0x12
 1860 0134 01       		.uleb128 0x1
 1861 0135 40       		.uleb128 0x40
 1862 0136 06       		.uleb128 0x6
 1863 0137 9742     		.uleb128 0x2117
 1864 0139 0C       		.uleb128 0xc
 1865 013a 01       		.uleb128 0x1
 1866 013b 13       		.uleb128 0x13
 1867 013c 00       		.byte	0
 1868 013d 00       		.byte	0
 1869 013e 1A       		.uleb128 0x1a
 1870 013f 05       		.uleb128 0x5
 1871 0140 00       		.byte	0
 1872 0141 03       		.uleb128 0x3
 1873 0142 0E       		.uleb128 0xe
 1874 0143 3A       		.uleb128 0x3a
 1875 0144 0B       		.uleb128 0xb
 1876 0145 3B       		.uleb128 0x3b
 1877 0146 0B       		.uleb128 0xb
 1878 0147 49       		.uleb128 0x49
ARM GAS  /tmp/cc1U3Bmh.s 			page 34


 1879 0148 13       		.uleb128 0x13
 1880 0149 02       		.uleb128 0x2
 1881 014a 06       		.uleb128 0x6
 1882 014b 00       		.byte	0
 1883 014c 00       		.byte	0
 1884 014d 1B       		.uleb128 0x1b
 1885 014e 05       		.uleb128 0x5
 1886 014f 00       		.byte	0
 1887 0150 03       		.uleb128 0x3
 1888 0151 08       		.uleb128 0x8
 1889 0152 3A       		.uleb128 0x3a
 1890 0153 0B       		.uleb128 0xb
 1891 0154 3B       		.uleb128 0x3b
 1892 0155 0B       		.uleb128 0xb
 1893 0156 49       		.uleb128 0x49
 1894 0157 13       		.uleb128 0x13
 1895 0158 02       		.uleb128 0x2
 1896 0159 06       		.uleb128 0x6
 1897 015a 00       		.byte	0
 1898 015b 00       		.byte	0
 1899 015c 1C       		.uleb128 0x1c
 1900 015d 898201   		.uleb128 0x4109
 1901 0160 01       		.byte	0x1
 1902 0161 11       		.uleb128 0x11
 1903 0162 01       		.uleb128 0x1
 1904 0163 31       		.uleb128 0x31
 1905 0164 13       		.uleb128 0x13
 1906 0165 01       		.uleb128 0x1
 1907 0166 13       		.uleb128 0x13
 1908 0167 00       		.byte	0
 1909 0168 00       		.byte	0
 1910 0169 1D       		.uleb128 0x1d
 1911 016a 8A8201   		.uleb128 0x410a
 1912 016d 00       		.byte	0
 1913 016e 02       		.uleb128 0x2
 1914 016f 0A       		.uleb128 0xa
 1915 0170 9142     		.uleb128 0x2111
 1916 0172 0A       		.uleb128 0xa
 1917 0173 00       		.byte	0
 1918 0174 00       		.byte	0
 1919 0175 1E       		.uleb128 0x1e
 1920 0176 898201   		.uleb128 0x4109
 1921 0179 01       		.byte	0x1
 1922 017a 11       		.uleb128 0x11
 1923 017b 01       		.uleb128 0x1
 1924 017c 31       		.uleb128 0x31
 1925 017d 13       		.uleb128 0x13
 1926 017e 00       		.byte	0
 1927 017f 00       		.byte	0
 1928 0180 1F       		.uleb128 0x1f
 1929 0181 2E       		.uleb128 0x2e
 1930 0182 01       		.byte	0x1
 1931 0183 3F       		.uleb128 0x3f
 1932 0184 0C       		.uleb128 0xc
 1933 0185 03       		.uleb128 0x3
 1934 0186 0E       		.uleb128 0xe
 1935 0187 3A       		.uleb128 0x3a
ARM GAS  /tmp/cc1U3Bmh.s 			page 35


 1936 0188 0B       		.uleb128 0xb
 1937 0189 3B       		.uleb128 0x3b
 1938 018a 0B       		.uleb128 0xb
 1939 018b 27       		.uleb128 0x27
 1940 018c 0C       		.uleb128 0xc
 1941 018d 11       		.uleb128 0x11
 1942 018e 01       		.uleb128 0x1
 1943 018f 12       		.uleb128 0x12
 1944 0190 01       		.uleb128 0x1
 1945 0191 40       		.uleb128 0x40
 1946 0192 06       		.uleb128 0x6
 1947 0193 9742     		.uleb128 0x2117
 1948 0195 0C       		.uleb128 0xc
 1949 0196 01       		.uleb128 0x1
 1950 0197 13       		.uleb128 0x13
 1951 0198 00       		.byte	0
 1952 0199 00       		.byte	0
 1953 019a 20       		.uleb128 0x20
 1954 019b 898201   		.uleb128 0x4109
 1955 019e 01       		.byte	0x1
 1956 019f 11       		.uleb128 0x11
 1957 01a0 01       		.uleb128 0x1
 1958 01a1 9542     		.uleb128 0x2115
 1959 01a3 0C       		.uleb128 0xc
 1960 01a4 31       		.uleb128 0x31
 1961 01a5 13       		.uleb128 0x13
 1962 01a6 00       		.byte	0
 1963 01a7 00       		.byte	0
 1964 01a8 21       		.uleb128 0x21
 1965 01a9 01       		.uleb128 0x1
 1966 01aa 01       		.byte	0x1
 1967 01ab 49       		.uleb128 0x49
 1968 01ac 13       		.uleb128 0x13
 1969 01ad 01       		.uleb128 0x1
 1970 01ae 13       		.uleb128 0x13
 1971 01af 00       		.byte	0
 1972 01b0 00       		.byte	0
 1973 01b1 22       		.uleb128 0x22
 1974 01b2 21       		.uleb128 0x21
 1975 01b3 00       		.byte	0
 1976 01b4 49       		.uleb128 0x49
 1977 01b5 13       		.uleb128 0x13
 1978 01b6 2F       		.uleb128 0x2f
 1979 01b7 0B       		.uleb128 0xb
 1980 01b8 00       		.byte	0
 1981 01b9 00       		.byte	0
 1982 01ba 23       		.uleb128 0x23
 1983 01bb 34       		.uleb128 0x34
 1984 01bc 00       		.byte	0
 1985 01bd 03       		.uleb128 0x3
 1986 01be 0E       		.uleb128 0xe
 1987 01bf 3A       		.uleb128 0x3a
 1988 01c0 0B       		.uleb128 0xb
 1989 01c1 3B       		.uleb128 0x3b
 1990 01c2 0B       		.uleb128 0xb
 1991 01c3 49       		.uleb128 0x49
 1992 01c4 13       		.uleb128 0x13
ARM GAS  /tmp/cc1U3Bmh.s 			page 36


 1993 01c5 02       		.uleb128 0x2
 1994 01c6 0A       		.uleb128 0xa
 1995 01c7 00       		.byte	0
 1996 01c8 00       		.byte	0
 1997 01c9 24       		.uleb128 0x24
 1998 01ca 34       		.uleb128 0x34
 1999 01cb 00       		.byte	0
 2000 01cc 03       		.uleb128 0x3
 2001 01cd 0E       		.uleb128 0xe
 2002 01ce 3A       		.uleb128 0x3a
 2003 01cf 0B       		.uleb128 0xb
 2004 01d0 3B       		.uleb128 0x3b
 2005 01d1 05       		.uleb128 0x5
 2006 01d2 49       		.uleb128 0x49
 2007 01d3 13       		.uleb128 0x13
 2008 01d4 3F       		.uleb128 0x3f
 2009 01d5 0C       		.uleb128 0xc
 2010 01d6 3C       		.uleb128 0x3c
 2011 01d7 0C       		.uleb128 0xc
 2012 01d8 00       		.byte	0
 2013 01d9 00       		.byte	0
 2014 01da 25       		.uleb128 0x25
 2015 01db 2E       		.uleb128 0x2e
 2016 01dc 01       		.byte	0x1
 2017 01dd 3F       		.uleb128 0x3f
 2018 01de 0C       		.uleb128 0xc
 2019 01df 03       		.uleb128 0x3
 2020 01e0 0E       		.uleb128 0xe
 2021 01e1 3A       		.uleb128 0x3a
 2022 01e2 0B       		.uleb128 0xb
 2023 01e3 3B       		.uleb128 0x3b
 2024 01e4 05       		.uleb128 0x5
 2025 01e5 27       		.uleb128 0x27
 2026 01e6 0C       		.uleb128 0xc
 2027 01e7 3C       		.uleb128 0x3c
 2028 01e8 0C       		.uleb128 0xc
 2029 01e9 01       		.uleb128 0x1
 2030 01ea 13       		.uleb128 0x13
 2031 01eb 00       		.byte	0
 2032 01ec 00       		.byte	0
 2033 01ed 26       		.uleb128 0x26
 2034 01ee 26       		.uleb128 0x26
 2035 01ef 00       		.byte	0
 2036 01f0 00       		.byte	0
 2037 01f1 00       		.byte	0
 2038 01f2 27       		.uleb128 0x27
 2039 01f3 2E       		.uleb128 0x2e
 2040 01f4 01       		.byte	0x1
 2041 01f5 3F       		.uleb128 0x3f
 2042 01f6 0C       		.uleb128 0xc
 2043 01f7 03       		.uleb128 0x3
 2044 01f8 0E       		.uleb128 0xe
 2045 01f9 3A       		.uleb128 0x3a
 2046 01fa 0B       		.uleb128 0xb
 2047 01fb 3B       		.uleb128 0x3b
 2048 01fc 05       		.uleb128 0x5
 2049 01fd 27       		.uleb128 0x27
ARM GAS  /tmp/cc1U3Bmh.s 			page 37


 2050 01fe 0C       		.uleb128 0xc
 2051 01ff 3C       		.uleb128 0x3c
 2052 0200 0C       		.uleb128 0xc
 2053 0201 00       		.byte	0
 2054 0202 00       		.byte	0
 2055 0203 00       		.byte	0
 2056              		.section	.debug_loc,"",%progbits
 2057              	.Ldebug_loc0:
 2058              	.LLST0:
 2059 0000 00000000 		.4byte	.LFB118
 2060 0004 02000000 		.4byte	.LCFI0
 2061 0008 0200     		.2byte	0x2
 2062 000a 7D       		.byte	0x7d
 2063 000b 00       		.sleb128 0
 2064 000c 02000000 		.4byte	.LCFI0
 2065 0010 38000000 		.4byte	.LFE118
 2066 0014 0200     		.2byte	0x2
 2067 0016 7D       		.byte	0x7d
 2068 0017 18       		.sleb128 24
 2069 0018 00000000 		.4byte	0
 2070 001c 00000000 		.4byte	0
 2071              	.LLST1:
 2072 0020 00000000 		.4byte	.LVL0
 2073 0024 11000000 		.4byte	.LVL1-1
 2074 0028 0100     		.2byte	0x1
 2075 002a 50       		.byte	0x50
 2076 002b 11000000 		.4byte	.LVL1-1
 2077 002f 38000000 		.4byte	.LFE118
 2078 0033 0100     		.2byte	0x1
 2079 0035 56       		.byte	0x56
 2080 0036 00000000 		.4byte	0
 2081 003a 00000000 		.4byte	0
 2082              	.LLST2:
 2083 003e 00000000 		.4byte	.LVL0
 2084 0042 11000000 		.4byte	.LVL1-1
 2085 0046 0100     		.2byte	0x1
 2086 0048 51       		.byte	0x51
 2087 0049 11000000 		.4byte	.LVL1-1
 2088 004d 38000000 		.4byte	.LFE118
 2089 0051 0400     		.2byte	0x4
 2090 0053 F3       		.byte	0xf3
 2091 0054 01       		.uleb128 0x1
 2092 0055 51       		.byte	0x51
 2093 0056 9F       		.byte	0x9f
 2094 0057 00000000 		.4byte	0
 2095 005b 00000000 		.4byte	0
 2096              	.LLST3:
 2097 005f 00000000 		.4byte	.LFB119
 2098 0063 06000000 		.4byte	.LCFI1
 2099 0067 0200     		.2byte	0x2
 2100 0069 7D       		.byte	0x7d
 2101 006a 00       		.sleb128 0
 2102 006b 06000000 		.4byte	.LCFI1
 2103 006f 44000000 		.4byte	.LFE119
 2104 0073 0200     		.2byte	0x2
 2105 0075 7D       		.byte	0x7d
 2106 0076 10       		.sleb128 16
ARM GAS  /tmp/cc1U3Bmh.s 			page 38


 2107 0077 00000000 		.4byte	0
 2108 007b 00000000 		.4byte	0
 2109              	.LLST4:
 2110 007f 00000000 		.4byte	.LVL4
 2111 0083 1D000000 		.4byte	.LVL7-1
 2112 0087 0100     		.2byte	0x1
 2113 0089 50       		.byte	0x50
 2114 008a 1D000000 		.4byte	.LVL7-1
 2115 008e 38000000 		.4byte	.LVL9
 2116 0092 0100     		.2byte	0x1
 2117 0094 55       		.byte	0x55
 2118 0095 38000000 		.4byte	.LVL9
 2119 0099 44000000 		.4byte	.LFE119
 2120 009d 0100     		.2byte	0x1
 2121 009f 50       		.byte	0x50
 2122 00a0 00000000 		.4byte	0
 2123 00a4 00000000 		.4byte	0
 2124              	.LLST5:
 2125 00a8 00000000 		.4byte	.LVL4
 2126 00ac 0A000000 		.4byte	.LVL5
 2127 00b0 0100     		.2byte	0x1
 2128 00b2 51       		.byte	0x51
 2129 00b3 0A000000 		.4byte	.LVL5
 2130 00b7 44000000 		.4byte	.LFE119
 2131 00bb 0400     		.2byte	0x4
 2132 00bd F3       		.byte	0xf3
 2133 00be 01       		.uleb128 0x1
 2134 00bf 51       		.byte	0x51
 2135 00c0 9F       		.byte	0x9f
 2136 00c1 00000000 		.4byte	0
 2137 00c5 00000000 		.4byte	0
 2138              	.LLST6:
 2139 00c9 00000000 		.4byte	.LVL4
 2140 00cd 14000000 		.4byte	.LVL6
 2141 00d1 0100     		.2byte	0x1
 2142 00d3 52       		.byte	0x52
 2143 00d4 14000000 		.4byte	.LVL6
 2144 00d8 44000000 		.4byte	.LFE119
 2145 00dc 0400     		.2byte	0x4
 2146 00de F3       		.byte	0xf3
 2147 00df 01       		.uleb128 0x1
 2148 00e0 52       		.byte	0x52
 2149 00e1 9F       		.byte	0x9f
 2150 00e2 00000000 		.4byte	0
 2151 00e6 00000000 		.4byte	0
 2152              		.section	.debug_aranges,"",%progbits
 2153 0000 24000000 		.4byte	0x24
 2154 0004 0200     		.2byte	0x2
 2155 0006 00000000 		.4byte	.Ldebug_info0
 2156 000a 04       		.byte	0x4
 2157 000b 00       		.byte	0
 2158 000c 0000     		.2byte	0
 2159 000e 0000     		.2byte	0
 2160 0010 00000000 		.4byte	.LFB118
 2161 0014 38000000 		.4byte	.LFE118-.LFB118
 2162 0018 00000000 		.4byte	.LFB119
 2163 001c 44000000 		.4byte	.LFE119-.LFB119
ARM GAS  /tmp/cc1U3Bmh.s 			page 39


 2164 0020 00000000 		.4byte	0
 2165 0024 00000000 		.4byte	0
 2166              		.section	.debug_ranges,"",%progbits
 2167              	.Ldebug_ranges0:
 2168 0000 00000000 		.4byte	.LFB118
 2169 0004 38000000 		.4byte	.LFE118
 2170 0008 00000000 		.4byte	.LFB119
 2171 000c 44000000 		.4byte	.LFE119
 2172 0010 00000000 		.4byte	0
 2173 0014 00000000 		.4byte	0
 2174              		.section	.debug_line,"",%progbits
 2175              	.Ldebug_line0:
 2176 0000 F8030000 		.section	.debug_str,"MS",%progbits,1
 2176      0200B703 
 2176      00000201 
 2176      FB0E0D00 
 2176      01010101 
 2177              	.LASF105:
 2178 0000 646D6172 		.ascii	"dmarx\000"
 2178      7800
 2179              	.LASF59:
 2180 0006 4D304152 		.ascii	"M0AR\000"
 2180      00
 2181              	.LASF2:
 2182 000b 73697A65 		.ascii	"size_t\000"
 2182      5F7400
 2183              	.LASF53:
 2184 0012 7264796D 		.ascii	"rdymsg\000"
 2184      736700
 2185              	.LASF85:
 2186 0019 4F545950 		.ascii	"OTYPER\000"
 2186      455200
 2187              	.LASF97:
 2188 0020 5350495F 		.ascii	"SPI_ACTIVE\000"
 2188      41435449 
 2188      564500
 2189              	.LASF77:
 2190 002b 73747265 		.ascii	"stream\000"
 2190      616D00
 2191              	.LASF84:
 2192 0032 4D4F4445 		.ascii	"MODER\000"
 2192      5200
 2193              	.LASF13:
 2194 0038 6C6F6E67 		.ascii	"long long unsigned int\000"
 2194      206C6F6E 
 2194      6720756E 
 2194      7369676E 
 2194      65642069 
 2195              	.LASF96:
 2196 004f 5350495F 		.ascii	"SPI_READY\000"
 2196      52454144 
 2196      5900
 2197              	.LASF66:
 2198 0059 43524350 		.ascii	"CRCPR\000"
 2198      5200
 2199              	.LASF87:
 2200 005f 50555044 		.ascii	"PUPDR\000"
ARM GAS  /tmp/cc1U3Bmh.s 			page 40


 2200      5200
 2201              	.LASF54:
 2202 0065 65786974 		.ascii	"exitcode\000"
 2202      636F6465 
 2202      00
 2203              	.LASF81:
 2204 006e 76656374 		.ascii	"vector\000"
 2204      6F7200
 2205              	.LASF124:
 2206 0075 6C697333 		.ascii	"lis302dlWriteRegister\000"
 2206      3032646C 
 2206      57726974 
 2206      65526567 
 2206      69737465 
 2207              	.LASF100:
 2208 008b 53504944 		.ascii	"SPIDriver\000"
 2208      72697665 
 2208      7200
 2209              	.LASF111:
 2210 0095 7373706F 		.ascii	"ssport\000"
 2210      727400
 2211              	.LASF125:
 2212 009c 49544D5F 		.ascii	"ITM_RxBuffer\000"
 2212      52784275 
 2212      66666572 
 2212      00
 2213              	.LASF117:
 2214 00a9 72786275 		.ascii	"rxbuf\000"
 2214      6600
 2215              	.LASF26:
 2216 00af 705F7072 		.ascii	"p_prio\000"
 2216      696F00
 2217              	.LASF112:
 2218 00b6 73737061 		.ascii	"sspad\000"
 2218      6400
 2219              	.LASF12:
 2220 00bc 6C6F6E67 		.ascii	"long long int\000"
 2220      206C6F6E 
 2220      6720696E 
 2220      7400
 2221              	.LASF1:
 2222 00ca 7369676E 		.ascii	"signed char\000"
 2222      65642063 
 2222      68617200 
 2223              	.LASF88:
 2224 00d6 42535252 		.ascii	"BSRR\000"
 2224      00
 2225              	.LASF95:
 2226 00db 5350495F 		.ascii	"SPI_STOP\000"
 2226      53544F50 
 2226      00
 2227              	.LASF72:
 2228 00e4 49325343 		.ascii	"I2SCFGR\000"
 2228      46475200 
 2229              	.LASF50:
 2230 00ec 6D5F7175 		.ascii	"m_queue\000"
 2230      65756500 
ARM GAS  /tmp/cc1U3Bmh.s 			page 41


 2231              	.LASF18:
 2232 00f4 74736C69 		.ascii	"tslices_t\000"
 2232      6365735F 
 2232      7400
 2233              	.LASF109:
 2234 00fe 73706963 		.ascii	"spicallback_t\000"
 2234      616C6C62 
 2234      61636B5F 
 2234      7400
 2235              	.LASF101:
 2236 010c 73746174 		.ascii	"state\000"
 2236      6500
 2237              	.LASF9:
 2238 0112 6C6F6E67 		.ascii	"long int\000"
 2238      20696E74 
 2238      00
 2239              	.LASF16:
 2240 011b 74737461 		.ascii	"tstate_t\000"
 2240      74655F74 
 2240      00
 2241              	.LASF103:
 2242 0124 74687265 		.ascii	"thread\000"
 2242      616400
 2243              	.LASF6:
 2244 012b 75696E74 		.ascii	"uint16_t\000"
 2244      31365F74 
 2244      00
 2245              	.LASF35:
 2246 0134 705F7469 		.ascii	"p_time\000"
 2246      6D6500
 2247              	.LASF28:
 2248 013b 705F6E65 		.ascii	"p_newer\000"
 2248      77657200 
 2249              	.LASF110:
 2250 0143 656E645F 		.ascii	"end_cb\000"
 2250      636200
 2251              	.LASF107:
 2252 014a 7278646D 		.ascii	"rxdmamode\000"
 2252      616D6F64 
 2252      6500
 2253              	.LASF92:
 2254 0154 4750494F 		.ascii	"GPIO_TypeDef\000"
 2254      5F547970 
 2254      65446566 
 2254      00
 2255              	.LASF106:
 2256 0161 646D6174 		.ascii	"dmatx\000"
 2256      7800
 2257              	.LASF86:
 2258 0167 4F535045 		.ascii	"OSPEEDR\000"
 2258      45445200 
 2259              	.LASF126:
 2260 016f 73706953 		.ascii	"spiSend\000"
 2260      656E6400 
 2261              	.LASF42:
 2262 0177 705F6D70 		.ascii	"p_mpool\000"
 2262      6F6F6C00 
ARM GAS  /tmp/cc1U3Bmh.s 			page 42


 2263              	.LASF45:
 2264 017f 72656761 		.ascii	"regarm_t\000"
 2264      726D5F74 
 2264      00
 2265              	.LASF80:
 2266 0188 73656C66 		.ascii	"selfindex\000"
 2266      696E6465 
 2266      7800
 2267              	.LASF120:
 2268 0192 73706955 		.ascii	"spiUnselect\000"
 2268      6E73656C 
 2268      65637400 
 2269              	.LASF115:
 2270 019e 76616C75 		.ascii	"value\000"
 2270      6500
 2271              	.LASF0:
 2272 01a4 756E7369 		.ascii	"unsigned int\000"
 2272      676E6564 
 2272      20696E74 
 2272      00
 2273              	.LASF116:
 2274 01b1 74786275 		.ascii	"txbuf\000"
 2274      6600
 2275              	.LASF37:
 2276 01b7 705F6D73 		.ascii	"p_msgqueue\000"
 2276      67717565 
 2276      756500
 2277              	.LASF89:
 2278 01c2 4C434B52 		.ascii	"LCKR\000"
 2278      00
 2279              	.LASF79:
 2280 01c7 69736869 		.ascii	"ishift\000"
 2280      667400
 2281              	.LASF7:
 2282 01ce 73686F72 		.ascii	"short unsigned int\000"
 2282      7420756E 
 2282      7369676E 
 2282      65642069 
 2282      6E7400
 2283              	.LASF122:
 2284 01e1 2F686F6D 		.ascii	"/home/dpeter/devel/sources/ChibiOS-RT/os/various/de"
 2284      652F6470 
 2284      65746572 
 2284      2F646576 
 2284      656C2F73 
 2285 0214 76696365 		.ascii	"vices_lib/accel/lis302dl.c\000"
 2285      735F6C69 
 2285      622F6163 
 2285      63656C2F 
 2285      6C697333 
 2286              	.LASF20:
 2287 022f 6D73675F 		.ascii	"msg_t\000"
 2287      7400
 2288              	.LASF15:
 2289 0235 746D6F64 		.ascii	"tmode_t\000"
 2289      655F7400 
 2290              	.LASF44:
ARM GAS  /tmp/cc1U3Bmh.s 			page 43


 2291 023d 54687265 		.ascii	"ThreadsList\000"
 2291      6164734C 
 2291      69737400 
 2292              	.LASF21:
 2293 0249 6576656E 		.ascii	"eventmask_t\000"
 2293      746D6173 
 2293      6B5F7400 
 2294              	.LASF119:
 2295 0255 73706945 		.ascii	"spiExchange\000"
 2295      78636861 
 2295      6E676500 
 2296              	.LASF74:
 2297 0261 49325350 		.ascii	"I2SPR\000"
 2297      5200
 2298              	.LASF48:
 2299 0267 73697A65 		.ascii	"sizetype\000"
 2299      74797065 
 2299      00
 2300              	.LASF83:
 2301 0270 636C6561 		.ascii	"clear\000"
 2301      7200
 2302              	.LASF49:
 2303 0276 4D757465 		.ascii	"Mutex\000"
 2303      7800
 2304              	.LASF29:
 2305 027c 705F6F6C 		.ascii	"p_older\000"
 2305      64657200 
 2306              	.LASF43:
 2307 0284 54687265 		.ascii	"ThreadsQueue\000"
 2307      61647351 
 2307      75657565 
 2307      00
 2308              	.LASF108:
 2309 0291 7478646D 		.ascii	"txdmamode\000"
 2309      616D6F64 
 2309      6500
 2310              	.LASF121:
 2311 029b 474E5520 		.ascii	"GNU C 4.7.3\000"
 2311      4320342E 
 2311      372E3300 
 2312              	.LASF91:
 2313 02a7 41465248 		.ascii	"AFRH\000"
 2313      00
 2314              	.LASF90:
 2315 02ac 4146524C 		.ascii	"AFRL\000"
 2315      00
 2316              	.LASF70:
 2317 02b1 54584352 		.ascii	"TXCRCR\000"
 2317      435200
 2318              	.LASF62:
 2319 02b8 52455345 		.ascii	"RESERVED0\000"
 2319      52564544 
 2319      3000
 2320              	.LASF63:
 2321 02c2 52455345 		.ascii	"RESERVED1\000"
 2321      52564544 
 2321      3100
ARM GAS  /tmp/cc1U3Bmh.s 			page 44


 2322              	.LASF64:
 2323 02cc 52455345 		.ascii	"RESERVED2\000"
 2323      52564544 
 2323      3200
 2324              	.LASF65:
 2325 02d6 52455345 		.ascii	"RESERVED3\000"
 2325      52564544 
 2325      3300
 2326              	.LASF67:
 2327 02e0 52455345 		.ascii	"RESERVED4\000"
 2327      52564544 
 2327      3400
 2328              	.LASF25:
 2329 02ea 705F7072 		.ascii	"p_prev\000"
 2329      657600
 2330              	.LASF71:
 2331 02f1 52455345 		.ascii	"RESERVED6\000"
 2331      52564544 
 2331      3600
 2332              	.LASF73:
 2333 02fb 52455345 		.ascii	"RESERVED7\000"
 2333      52564544 
 2333      3700
 2334              	.LASF75:
 2335 0305 52455345 		.ascii	"RESERVED8\000"
 2335      52564544 
 2335      3800
 2336              	.LASF19:
 2337 030f 74707269 		.ascii	"tprio_t\000"
 2337      6F5F7400 
 2338              	.LASF104:
 2339 0317 6D757465 		.ascii	"mutex\000"
 2339      7800
 2340              	.LASF14:
 2341 031d 5F426F6F 		.ascii	"_Bool\000"
 2341      6C00
 2342              	.LASF8:
 2343 0323 696E7433 		.ascii	"int32_t\000"
 2343      325F7400 
 2344              	.LASF4:
 2345 032b 756E7369 		.ascii	"unsigned char\000"
 2345      676E6564 
 2345      20636861 
 2345      7200
 2346              	.LASF82:
 2347 0339 73746D33 		.ascii	"stm32_dma_stream_t\000"
 2347      325F646D 
 2347      615F7374 
 2347      7265616D 
 2347      5F7400
 2348              	.LASF40:
 2349 034c 705F6D74 		.ascii	"p_mtxlist\000"
 2349      786C6973 
 2349      7400
 2350              	.LASF5:
 2351 0356 73686F72 		.ascii	"short int\000"
 2351      7420696E 
ARM GAS  /tmp/cc1U3Bmh.s 			page 45


 2351      7400
 2352              	.LASF31:
 2353 0360 705F7374 		.ascii	"p_state\000"
 2353      61746500 
 2354              	.LASF34:
 2355 0368 705F7072 		.ascii	"p_preempt\000"
 2355      65656D70 
 2355      7400
 2356              	.LASF56:
 2357 0372 65776D61 		.ascii	"ewmask\000"
 2357      736B00
 2358              	.LASF24:
 2359 0379 705F6E65 		.ascii	"p_next\000"
 2359      787400
 2360              	.LASF32:
 2361 0380 705F666C 		.ascii	"p_flags\000"
 2361      61677300 
 2362              	.LASF23:
 2363 0388 54687265 		.ascii	"Thread\000"
 2363      616400
 2364              	.LASF39:
 2365 038f 705F6570 		.ascii	"p_epending\000"
 2365      656E6469 
 2365      6E6700
 2366              	.LASF78:
 2367 039a 69666372 		.ascii	"ifcr\000"
 2367      00
 2368              	.LASF69:
 2369 039f 52455345 		.ascii	"RESERVED5\000"
 2369      52564544 
 2369      3500
 2370              	.LASF10:
 2371 03a9 75696E74 		.ascii	"uint32_t\000"
 2371      33325F74 
 2371      00
 2372              	.LASF17:
 2373 03b2 74726566 		.ascii	"trefs_t\000"
 2373      735F7400 
 2374              	.LASF11:
 2375 03ba 6C6F6E67 		.ascii	"long unsigned int\000"
 2375      20756E73 
 2375      69676E65 
 2375      6420696E 
 2375      7400
 2376              	.LASF76:
 2377 03cc 5350495F 		.ascii	"SPI_TypeDef\000"
 2377      54797065 
 2377      44656600 
 2378              	.LASF57:
 2379 03d8 63686172 		.ascii	"char\000"
 2379      00
 2380              	.LASF98:
 2381 03dd 5350495F 		.ascii	"SPI_COMPLETE\000"
 2381      434F4D50 
 2381      4C455445 
 2381      00
 2382              	.LASF102:
ARM GAS  /tmp/cc1U3Bmh.s 			page 46


 2383 03ea 636F6E66 		.ascii	"config\000"
 2383      696700
 2384              	.LASF99:
 2385 03f1 73706973 		.ascii	"spistate_t\000"
 2385      74617465 
 2385      5F7400
 2386              	.LASF52:
 2387 03fc 6D5F6E65 		.ascii	"m_next\000"
 2387      787400
 2388              	.LASF22:
 2389 0403 73797374 		.ascii	"systime_t\000"
 2389      696D655F 
 2389      7400
 2390              	.LASF41:
 2391 040d 705F7265 		.ascii	"p_realprio\000"
 2391      616C7072 
 2391      696F00
 2392              	.LASF58:
 2393 0418 4E445452 		.ascii	"NDTR\000"
 2393      00
 2394              	.LASF61:
 2395 041d 444D415F 		.ascii	"DMA_Stream_TypeDef\000"
 2395      53747265 
 2395      616D5F54 
 2395      79706544 
 2395      656600
 2396              	.LASF93:
 2397 0430 696F706F 		.ascii	"ioportid_t\000"
 2397      72746964 
 2397      5F7400
 2398              	.LASF47:
 2399 043b 636F6E74 		.ascii	"context\000"
 2399      65787400 
 2400              	.LASF118:
 2401 0443 73706953 		.ascii	"spiSelect\000"
 2401      656C6563 
 2401      7400
 2402              	.LASF46:
 2403 044d 696E7463 		.ascii	"intctx\000"
 2403      747800
 2404              	.LASF60:
 2405 0454 4D314152 		.ascii	"M1AR\000"
 2405      00
 2406              	.LASF94:
 2407 0459 5350495F 		.ascii	"SPI_UNINIT\000"
 2407      554E494E 
 2407      495400
 2408              	.LASF123:
 2409 0464 6C697333 		.ascii	"lis302dlReadRegister\000"
 2409      3032646C 
 2409      52656164 
 2409      52656769 
 2409      73746572 
 2410              	.LASF33:
 2411 0479 705F7265 		.ascii	"p_refs\000"
 2411      667300
 2412              	.LASF68:
ARM GAS  /tmp/cc1U3Bmh.s 			page 47


 2413 0480 52584352 		.ascii	"RXCRCR\000"
 2413      435200
 2414              	.LASF3:
 2415 0487 75696E74 		.ascii	"uint8_t\000"
 2415      385F7400 
 2416              	.LASF114:
 2417 048f 73706970 		.ascii	"spip\000"
 2417      00
 2418              	.LASF55:
 2419 0494 77746F62 		.ascii	"wtobjp\000"
 2419      6A7000
 2420              	.LASF30:
 2421 049b 705F6E61 		.ascii	"p_name\000"
 2421      6D6500
 2422              	.LASF113:
 2423 04a2 53504943 		.ascii	"SPIConfig\000"
 2423      6F6E6669 
 2423      6700
 2424              	.LASF38:
 2425 04ac 705F6D73 		.ascii	"p_msg\000"
 2425      6700
 2426              	.LASF51:
 2427 04b2 6D5F6F77 		.ascii	"m_owner\000"
 2427      6E657200 
 2428              	.LASF27:
 2429 04ba 705F6374 		.ascii	"p_ctx\000"
 2429      7800
 2430              	.LASF36:
 2431 04c0 705F7761 		.ascii	"p_waiting\000"
 2431      6974696E 
 2431      6700
 2432              		.ident	"GCC: (Sourcery CodeBench Lite 2013.05-23) 4.7.3"
ARM GAS  /tmp/cc1U3Bmh.s 			page 48


DEFINED SYMBOLS
                            *ABS*:00000000 lis302dl.c
     /tmp/cc1U3Bmh.s:19     .text.lis302dlReadRegister:00000000 $t
     /tmp/cc1U3Bmh.s:25     .text.lis302dlReadRegister:00000000 lis302dlReadRegister
     /tmp/cc1U3Bmh.s:77     .text.lis302dlReadRegister:00000030 $d
     /tmp/cc1U3Bmh.s:83     .text.lis302dlWriteRegister:00000000 $t
     /tmp/cc1U3Bmh.s:89     .text.lis302dlWriteRegister:00000000 lis302dlWriteRegister
     /tmp/cc1U3Bmh.s:150    .text.lis302dlWriteRegister:0000003c $d
     /tmp/cc1U3Bmh.s:156    .bss.rxbuf:00000000 $d
     /tmp/cc1U3Bmh.s:160    .bss.rxbuf:00000000 rxbuf
     /tmp/cc1U3Bmh.s:163    .bss.txbuf:00000000 $d
     /tmp/cc1U3Bmh.s:167    .bss.txbuf:00000000 txbuf
                     .debug_frame:00000010 $d
     /tmp/cc1U3Bmh.s:82     .text.lis302dlReadRegister:00000038 $t
     /tmp/cc1U3Bmh.s:155    .text.lis302dlWriteRegister:00000044 $t

UNDEFINED SYMBOLS
spiSelect
spiExchange
spiUnselect
spiSend
