ARM GAS  /tmp/ccOfNLmc.s 			page 1


   1              		.syntax unified
   2              		.cpu cortex-m4
   3              		.fpu softvfp
   4              		.eabi_attribute 20, 1
   5              		.eabi_attribute 21, 1
   6              		.eabi_attribute 23, 3
   7              		.eabi_attribute 24, 1
   8              		.eabi_attribute 25, 1
   9              		.eabi_attribute 26, 1
  10              		.eabi_attribute 30, 2
  11              		.eabi_attribute 34, 1
  12              		.eabi_attribute 18, 4
  13              		.thumb
  14              		.file	"pal_lld.c"
  15              		.text
  16              	.Ltext0:
  17              		.cfi_sections	.debug_frame
  18              		.section	.text._pal_lld_init,"ax",%progbits
  19              		.align	2
  20              		.p2align 4,,15
  21              		.global	_pal_lld_init
  22              		.thumb
  23              		.thumb_func
  24              		.type	_pal_lld_init, %function
  25              	_pal_lld_init:
  26              	.LFB119:
  27              		.file 1 "/home/dpeter/devel/sources/ChibiOS-RT/os/hal/platforms/STM32/GPIOv2/pal_lld.c"
  28              		.loc 1 104 0
  29              		.cfi_startproc
  30              		@ args = 0, pretend = 0, frame = 0
  31              		@ frame_needed = 0, uses_anonymous_args = 0
  32              		@ link register save eliminated.
  33              	.LVL0:
  34 0000 2DE9F00F 		push	{r4, r5, r6, r7, r8, r9, sl, fp}
  35              	.LCFI0:
  36              		.cfi_def_cfa_offset 32
  37              		.cfi_offset 4, -32
  38              		.cfi_offset 5, -28
  39              		.cfi_offset 6, -24
  40              		.cfi_offset 7, -20
  41              		.cfi_offset 8, -16
  42              		.cfi_offset 9, -12
  43              		.cfi_offset 10, -8
  44              		.cfi_offset 11, -4
  45              		.loc 1 117 0
  46 0004 DFF8BC91 		ldr	r9, .L2+24
  47              	.LBB20:
  48              	.LBB21:
  49              		.loc 1 79 0
  50 0008 DFF8BC81 		ldr	r8, .L2+28
  51              	.LBE21:
  52              	.LBE20:
  53              		.loc 1 117 0
  54 000c D9F830A0 		ldr	sl, [r9, #48]
  55              	.LBB23:
  56              	.LBB24:
  57              		.loc 1 79 0
ARM GAS  /tmp/ccOfNLmc.s 			page 2


  58 0010 DFF8B8C1 		ldr	ip, .L2+32
  59              	.LBE24:
  60              	.LBE23:
  61              	.LBB26:
  62              	.LBB27:
  63 0014 654F     		ldr	r7, .L2
  64              	.LBE27:
  65              	.LBE26:
  66              	.LBB29:
  67              	.LBB30:
  68 0016 664E     		ldr	r6, .L2+4
  69              	.LBE30:
  70              	.LBE29:
  71              	.LBB32:
  72              	.LBB33:
  73 0018 664D     		ldr	r5, .L2+8
  74              	.LBE33:
  75              	.LBE32:
  76              	.LBB35:
  77              	.LBB36:
  78 001a 674C     		ldr	r4, .L2+12
  79              	.LBE36:
  80              	.LBE35:
  81              	.LBB38:
  82              	.LBB39:
  83 001c 6749     		ldr	r1, .L2+16
  84              	.LBE39:
  85              	.LBE38:
  86              	.LBB41:
  87              	.LBB42:
  88 001e 684A     		ldr	r2, .L2+20
  89              	.LBE42:
  90              	.LBE41:
  91              	.LBB44:
  92              	.LBB45:
  93 0020 DFF8ACB1 		ldr	fp, .L2+36
  94              	.LBE45:
  95              	.LBE44:
  96              		.loc 1 117 0
  97 0024 6FEA5A2A 		mvn	sl, sl, lsr #9
  98 0028 6FEA4A2A 		mvn	sl, sl, lsl #9
  99 002c C9F830A0 		str	sl, [r9, #48]
 100              		.loc 1 118 0
 101 0030 D9F850A0 		ldr	sl, [r9, #80]
 102 0034 6FEA5A2A 		mvn	sl, sl, lsr #9
 103 0038 6FEA4A2A 		mvn	sl, sl, lsl #9
 104 003c C9F850A0 		str	sl, [r9, #80]
 105              	.LVL1:
 106              	.LBB47:
 107              	.LBB22:
 108              		.loc 1 79 0
 109 0040 4368     		ldr	r3, [r0, #4]
 110 0042 C8F80430 		str	r3, [r8, #4]
 111              		.loc 1 80 0
 112 0046 8368     		ldr	r3, [r0, #8]
 113 0048 C8F80830 		str	r3, [r8, #8]
 114              		.loc 1 81 0
ARM GAS  /tmp/ccOfNLmc.s 			page 3


 115 004c C368     		ldr	r3, [r0, #12]
 116 004e C8F80C30 		str	r3, [r8, #12]
 117              		.loc 1 82 0
 118 0052 0369     		ldr	r3, [r0, #16]
 119 0054 C8F81430 		str	r3, [r8, #20]
 120              		.loc 1 83 0
 121 0058 4369     		ldr	r3, [r0, #20]
 122 005a C8F82030 		str	r3, [r8, #32]
 123              		.loc 1 84 0
 124 005e 8369     		ldr	r3, [r0, #24]
 125 0060 C8F82430 		str	r3, [r8, #36]
 126              		.loc 1 85 0
 127 0064 0368     		ldr	r3, [r0, #0]
 128 0066 C8F80030 		str	r3, [r8, #0]
 129              	.LVL2:
 130              	.LBE22:
 131              	.LBE47:
 132              	.LBB48:
 133              	.LBB25:
 134              		.loc 1 79 0
 135 006a 036A     		ldr	r3, [r0, #32]
 136 006c CCF80430 		str	r3, [ip, #4]
 137              		.loc 1 80 0
 138 0070 436A     		ldr	r3, [r0, #36]
 139 0072 CCF80830 		str	r3, [ip, #8]
 140              		.loc 1 81 0
 141 0076 836A     		ldr	r3, [r0, #40]
 142 0078 CCF80C30 		str	r3, [ip, #12]
 143              		.loc 1 82 0
 144 007c C36A     		ldr	r3, [r0, #44]
 145 007e CCF81430 		str	r3, [ip, #20]
 146              		.loc 1 83 0
 147 0082 036B     		ldr	r3, [r0, #48]
 148 0084 CCF82030 		str	r3, [ip, #32]
 149              		.loc 1 84 0
 150 0088 436B     		ldr	r3, [r0, #52]
 151 008a CCF82430 		str	r3, [ip, #36]
 152              		.loc 1 85 0
 153 008e C369     		ldr	r3, [r0, #28]
 154 0090 CCF80030 		str	r3, [ip, #0]
 155              	.LVL3:
 156              	.LBE25:
 157              	.LBE48:
 158              	.LBB49:
 159              	.LBB28:
 160              		.loc 1 79 0
 161 0094 C36B     		ldr	r3, [r0, #60]
 162 0096 7B60     		str	r3, [r7, #4]
 163              		.loc 1 80 0
 164 0098 036C     		ldr	r3, [r0, #64]
 165 009a BB60     		str	r3, [r7, #8]
 166              		.loc 1 81 0
 167 009c 436C     		ldr	r3, [r0, #68]
 168 009e FB60     		str	r3, [r7, #12]
 169              		.loc 1 82 0
 170 00a0 836C     		ldr	r3, [r0, #72]
 171 00a2 7B61     		str	r3, [r7, #20]
ARM GAS  /tmp/ccOfNLmc.s 			page 4


 172              		.loc 1 83 0
 173 00a4 C36C     		ldr	r3, [r0, #76]
 174 00a6 3B62     		str	r3, [r7, #32]
 175              		.loc 1 84 0
 176 00a8 036D     		ldr	r3, [r0, #80]
 177 00aa 7B62     		str	r3, [r7, #36]
 178              		.loc 1 85 0
 179 00ac 836B     		ldr	r3, [r0, #56]
 180 00ae 3B60     		str	r3, [r7, #0]
 181              	.LVL4:
 182              	.LBE28:
 183              	.LBE49:
 184              	.LBB50:
 185              	.LBB31:
 186              		.loc 1 79 0
 187 00b0 876D     		ldr	r7, [r0, #88]
 188 00b2 7760     		str	r7, [r6, #4]
 189              		.loc 1 80 0
 190 00b4 C76D     		ldr	r7, [r0, #92]
 191 00b6 B760     		str	r7, [r6, #8]
 192              		.loc 1 81 0
 193 00b8 076E     		ldr	r7, [r0, #96]
 194 00ba F760     		str	r7, [r6, #12]
 195              		.loc 1 82 0
 196 00bc 476E     		ldr	r7, [r0, #100]
 197 00be 7761     		str	r7, [r6, #20]
 198              		.loc 1 83 0
 199 00c0 876E     		ldr	r7, [r0, #104]
 200 00c2 3762     		str	r7, [r6, #32]
 201              		.loc 1 84 0
 202 00c4 C76E     		ldr	r7, [r0, #108]
 203 00c6 7762     		str	r7, [r6, #36]
 204              		.loc 1 85 0
 205 00c8 476D     		ldr	r7, [r0, #84]
 206 00ca 3760     		str	r7, [r6, #0]
 207              	.LVL5:
 208              	.LBE31:
 209              	.LBE50:
 210              	.LBB51:
 211              	.LBB34:
 212              		.loc 1 79 0
 213 00cc 466F     		ldr	r6, [r0, #116]
 214 00ce 6E60     		str	r6, [r5, #4]
 215              		.loc 1 80 0
 216 00d0 866F     		ldr	r6, [r0, #120]
 217 00d2 AE60     		str	r6, [r5, #8]
 218              		.loc 1 81 0
 219 00d4 C66F     		ldr	r6, [r0, #124]
 220 00d6 EE60     		str	r6, [r5, #12]
 221              		.loc 1 82 0
 222 00d8 D0F88060 		ldr	r6, [r0, #128]
 223 00dc 6E61     		str	r6, [r5, #20]
 224              		.loc 1 83 0
 225 00de D0F88460 		ldr	r6, [r0, #132]
 226 00e2 2E62     		str	r6, [r5, #32]
 227              		.loc 1 84 0
 228 00e4 D0F88860 		ldr	r6, [r0, #136]
ARM GAS  /tmp/ccOfNLmc.s 			page 5


 229 00e8 6E62     		str	r6, [r5, #36]
 230              		.loc 1 85 0
 231 00ea 066F     		ldr	r6, [r0, #112]
 232 00ec 2E60     		str	r6, [r5, #0]
 233              	.LVL6:
 234              	.LBE34:
 235              	.LBE51:
 236              	.LBB52:
 237              	.LBB37:
 238              		.loc 1 79 0
 239 00ee D0F89050 		ldr	r5, [r0, #144]
 240 00f2 6560     		str	r5, [r4, #4]
 241              		.loc 1 80 0
 242 00f4 D0F89450 		ldr	r5, [r0, #148]
 243 00f8 A560     		str	r5, [r4, #8]
 244              		.loc 1 81 0
 245 00fa D0F89850 		ldr	r5, [r0, #152]
 246 00fe E560     		str	r5, [r4, #12]
 247              		.loc 1 82 0
 248 0100 D0F89C50 		ldr	r5, [r0, #156]
 249 0104 6561     		str	r5, [r4, #20]
 250              		.loc 1 83 0
 251 0106 D0F8A050 		ldr	r5, [r0, #160]
 252 010a 2562     		str	r5, [r4, #32]
 253              		.loc 1 84 0
 254 010c D0F8A450 		ldr	r5, [r0, #164]
 255 0110 6562     		str	r5, [r4, #36]
 256              		.loc 1 85 0
 257 0112 D0F88C50 		ldr	r5, [r0, #140]
 258 0116 2560     		str	r5, [r4, #0]
 259              	.LVL7:
 260              	.LBE37:
 261              	.LBE52:
 262              	.LBB53:
 263              	.LBB40:
 264              		.loc 1 79 0
 265 0118 D0F8AC40 		ldr	r4, [r0, #172]
 266 011c 4C60     		str	r4, [r1, #4]
 267              		.loc 1 80 0
 268 011e D0F8B040 		ldr	r4, [r0, #176]
 269 0122 8C60     		str	r4, [r1, #8]
 270              		.loc 1 81 0
 271 0124 D0F8B440 		ldr	r4, [r0, #180]
 272 0128 CC60     		str	r4, [r1, #12]
 273              		.loc 1 82 0
 274 012a D0F8B840 		ldr	r4, [r0, #184]
 275 012e 4C61     		str	r4, [r1, #20]
 276              		.loc 1 83 0
 277 0130 D0F8BC40 		ldr	r4, [r0, #188]
 278 0134 0C62     		str	r4, [r1, #32]
 279              		.loc 1 84 0
 280 0136 D0F8C040 		ldr	r4, [r0, #192]
 281 013a 4C62     		str	r4, [r1, #36]
 282              		.loc 1 85 0
 283 013c D0F8A840 		ldr	r4, [r0, #168]
 284 0140 0C60     		str	r4, [r1, #0]
 285              	.LVL8:
ARM GAS  /tmp/ccOfNLmc.s 			page 6


 286              	.LBE40:
 287              	.LBE53:
 288              	.LBB54:
 289              	.LBB43:
 290              		.loc 1 79 0
 291 0142 D0F8C810 		ldr	r1, [r0, #200]
 292 0146 5160     		str	r1, [r2, #4]
 293              		.loc 1 80 0
 294 0148 D0F8CC10 		ldr	r1, [r0, #204]
 295 014c 9160     		str	r1, [r2, #8]
 296              		.loc 1 81 0
 297 014e D0F8D010 		ldr	r1, [r0, #208]
 298 0152 D160     		str	r1, [r2, #12]
 299              		.loc 1 82 0
 300 0154 D0F8D410 		ldr	r1, [r0, #212]
 301 0158 5161     		str	r1, [r2, #20]
 302              		.loc 1 83 0
 303 015a D0F8D810 		ldr	r1, [r0, #216]
 304 015e 1162     		str	r1, [r2, #32]
 305              		.loc 1 84 0
 306 0160 D0F8DC10 		ldr	r1, [r0, #220]
 307 0164 5162     		str	r1, [r2, #36]
 308              		.loc 1 85 0
 309 0166 D0F8C410 		ldr	r1, [r0, #196]
 310 016a 1160     		str	r1, [r2, #0]
 311              	.LVL9:
 312              	.LBE43:
 313              	.LBE54:
 314              	.LBB55:
 315              	.LBB46:
 316              		.loc 1 79 0
 317 016c D0F8E420 		ldr	r2, [r0, #228]
 318 0170 CBF80420 		str	r2, [fp, #4]
 319              		.loc 1 80 0
 320 0174 D0F8E820 		ldr	r2, [r0, #232]
 321 0178 CBF80820 		str	r2, [fp, #8]
 322              		.loc 1 81 0
 323 017c D0F8EC20 		ldr	r2, [r0, #236]
 324 0180 CBF80C20 		str	r2, [fp, #12]
 325              		.loc 1 82 0
 326 0184 D0F8F020 		ldr	r2, [r0, #240]
 327 0188 CBF81420 		str	r2, [fp, #20]
 328              		.loc 1 83 0
 329 018c D0F8F420 		ldr	r2, [r0, #244]
 330 0190 CBF82020 		str	r2, [fp, #32]
 331              		.loc 1 84 0
 332 0194 D0F8F820 		ldr	r2, [r0, #248]
 333 0198 CBF82420 		str	r2, [fp, #36]
 334              		.loc 1 85 0
 335 019c D0F8E020 		ldr	r2, [r0, #224]
 336 01a0 CBF80020 		str	r2, [fp, #0]
 337              	.LBE46:
 338              	.LBE55:
 339              		.loc 1 143 0
 340 01a4 BDE8F00F 		pop	{r4, r5, r6, r7, r8, r9, sl, fp}
 341 01a8 7047     		bx	lr
 342              	.L3:
ARM GAS  /tmp/ccOfNLmc.s 			page 7


 343 01aa 00BF     		.align	2
 344              	.L2:
 345 01ac 00080240 		.word	1073874944
 346 01b0 000C0240 		.word	1073875968
 347 01b4 00100240 		.word	1073876992
 348 01b8 00140240 		.word	1073878016
 349 01bc 00180240 		.word	1073879040
 350 01c0 001C0240 		.word	1073880064
 351 01c4 00380240 		.word	1073887232
 352 01c8 00000240 		.word	1073872896
 353 01cc 00040240 		.word	1073873920
 354 01d0 00200240 		.word	1073881088
 355              		.cfi_endproc
 356              	.LFE119:
 357              		.size	_pal_lld_init, .-_pal_lld_init
 358 01d4 AFF30080 		.section	.text._pal_lld_setgroupmode,"ax",%progbits
 358      AFF30080 
 358      AFF30080 
 359              		.align	2
 360              		.p2align 4,,15
 361              		.global	_pal_lld_setgroupmode
 362              		.thumb
 363              		.thumb_func
 364              		.type	_pal_lld_setgroupmode, %function
 365              	_pal_lld_setgroupmode:
 366              	.LFB120:
 367              		.loc 1 161 0
 368              		.cfi_startproc
 369              		@ args = 0, pretend = 0, frame = 0
 370              		@ frame_needed = 0, uses_anonymous_args = 0
 371              		@ link register save eliminated.
 372              	.LVL10:
 373 0000 2DE9F00F 		push	{r4, r5, r6, r7, r8, r9, sl, fp}
 374              	.LCFI1:
 375              		.cfi_def_cfa_offset 32
 376              		.cfi_offset 4, -32
 377              		.cfi_offset 5, -28
 378              		.cfi_offset 6, -24
 379              		.cfi_offset 7, -20
 380              		.cfi_offset 8, -16
 381              		.cfi_offset 9, -12
 382              		.cfi_offset 10, -8
 383              		.cfi_offset 11, -4
 384              		.loc 1 168 0
 385 0004 0023     		movs	r3, #0
 386              		.loc 1 163 0
 387 0006 02F00307 		and	r7, r2, #3
 388              	.LVL11:
 389              		.loc 1 164 0
 390 000a C2F38006 		ubfx	r6, r2, #2, #1
 391              	.LVL12:
 392              		.loc 1 165 0
 393 000e C2F3C105 		ubfx	r5, r2, #3, #2
 394              	.LVL13:
 395              		.loc 1 166 0
 396 0012 C2F34114 		ubfx	r4, r2, #5, #2
 397              	.LVL14:
ARM GAS  /tmp/ccOfNLmc.s 			page 8


 398              	.LBB56:
 399              		.loc 1 174 0
 400 0016 4FF00F09 		mov	r9, #15
 401              	.LBE56:
 402              		.loc 1 167 0
 403 001a C2F3C312 		ubfx	r2, r2, #7, #4
 404              	.LVL15:
 405              	.LBB57:
 406              		.loc 1 179 0
 407 001e 4FF0010A 		mov	sl, #1
 408 0022 38E0     		b	.L9
 409              	.LVL16:
 410              	.L14:
 411              		.loc 1 176 0
 412 0024 D0F820B0 		ldr	fp, [r0, #32]
 413 0028 2BEA0C0C 		bic	ip, fp, ip
 414              	.LVL17:
 415 002c 4CEA0808 		orr	r8, ip, r8
 416              	.LVL18:
 417 0030 C0F82080 		str	r8, [r0, #32]
 418              	.L7:
 419              	.LVL19:
 420              		.loc 1 180 0
 421 0034 D0F804C0 		ldr	ip, [r0, #4]
 422              		.loc 1 179 0
 423 0038 0AFA03F8 		lsl	r8, sl, r3
 424              		.loc 1 180 0
 425 003c 2CEA080C 		bic	ip, ip, r8
 426 0040 4CEA060C 		orr	ip, ip, r6
 427 0044 C0F804C0 		str	ip, [r0, #4]
 428              	.LVL20:
 429              		.loc 1 181 0
 430 0048 4FF0030B 		mov	fp, #3
 431              		.loc 1 159 0
 432 004c 4FEA430C 		lsl	ip, r3, #1
 433              		.loc 1 182 0
 434 0050 D0F80880 		ldr	r8, [r0, #8]
 435              		.loc 1 181 0
 436 0054 0BFA0CFC 		lsl	ip, fp, ip
 437              	.LVL21:
 438              		.loc 1 182 0
 439 0058 6FEA0C0C 		mvn	ip, ip
 440              	.LVL22:
 441 005c 0CEA0808 		and	r8, ip, r8
 442 0060 48EA0508 		orr	r8, r8, r5
 443 0064 C0F80880 		str	r8, [r0, #8]
 444              		.loc 1 183 0
 445 0068 D0F80C80 		ldr	r8, [r0, #12]
 446 006c 0CEA0808 		and	r8, ip, r8
 447 0070 48EA0408 		orr	r8, r8, r4
 448 0074 C0F80C80 		str	r8, [r0, #12]
 449              		.loc 1 184 0
 450 0078 D0F80080 		ldr	r8, [r0, #0]
 451 007c 0CEA080C 		and	ip, ip, r8
 452              	.LVL23:
 453 0080 4CEA070C 		orr	ip, ip, r7
 454 0084 C0F800C0 		str	ip, [r0, #0]
ARM GAS  /tmp/ccOfNLmc.s 			page 9


 455              	.LVL24:
 456              	.L5:
 457              	.LBE57:
 458              		.loc 1 187 0
 459 0088 4908     		lsrs	r1, r1, #1
 460              	.LVL25:
 461 008a 1AD0     		beq	.L4
 462              		.loc 1 189 0
 463 008c 7600     		lsls	r6, r6, #1
 464              	.LVL26:
 465              		.loc 1 190 0
 466 008e AD00     		lsls	r5, r5, #2
 467              	.LVL27:
 468              		.loc 1 191 0
 469 0090 A400     		lsls	r4, r4, #2
 470              	.LVL28:
 471              		.loc 1 192 0
 472 0092 BF00     		lsls	r7, r7, #2
 473              	.LVL29:
 474              		.loc 1 193 0
 475 0094 0133     		adds	r3, r3, #1
 476              	.LVL30:
 477              	.L9:
 478              	.LBB58:
 479              		.loc 1 173 0
 480 0096 03F0070C 		and	ip, r3, #7
 481 009a 4FEA8C0C 		lsl	ip, ip, #2
 482              	.LBE58:
 483              		.loc 1 170 0
 484 009e 11F0010F 		tst	r1, #1
 485              	.LBB59:
 486              		.loc 1 173 0
 487 00a2 02FA0CF8 		lsl	r8, r2, ip
 488              	.LVL31:
 489              		.loc 1 174 0
 490 00a6 09FA0CFC 		lsl	ip, r9, ip
 491              	.LVL32:
 492              	.LBE59:
 493              		.loc 1 170 0
 494 00aa EDD0     		beq	.L5
 495              	.LBB60:
 496              		.loc 1 175 0
 497 00ac 072B     		cmp	r3, #7
 498 00ae B9D9     		bls	.L14
 499              		.loc 1 178 0
 500 00b0 D0F824B0 		ldr	fp, [r0, #36]
 501 00b4 2BEA0C0C 		bic	ip, fp, ip
 502              	.LVL33:
 503 00b8 4CEA0808 		orr	r8, ip, r8
 504              	.LVL34:
 505 00bc C0F82480 		str	r8, [r0, #36]
 506 00c0 B8E7     		b	.L7
 507              	.L4:
 508              	.LBE60:
 509              		.loc 1 195 0
 510 00c2 BDE8F00F 		pop	{r4, r5, r6, r7, r8, r9, sl, fp}
 511 00c6 7047     		bx	lr
ARM GAS  /tmp/ccOfNLmc.s 			page 10


 512              		.cfi_endproc
 513              	.LFE120:
 514              		.size	_pal_lld_setgroupmode, .-_pal_lld_setgroupmode
 515 00c8 AFF30080 		.text
 515      AFF30080 
 516              	.Letext0:
 517              		.file 2 "/home/dpeter/CodeSourcery/Sourcery_CodeBench_Lite_for_ARM_EABI/bin/../lib/gcc/arm-none-ea
 518              		.file 3 "/home/dpeter/devel/sources/ChibiOS-RT/os/hal/platforms/STM32F4xx/stm32f4xx.h"
 519              		.file 4 "/home/dpeter/devel/sources/ChibiOS-RT/os/hal/platforms/STM32/GPIOv2/pal_lld.h"
 520              		.file 5 "/home/dpeter/devel/sources/ChibiOS-RT/os/ports/common/ARMCMx/CMSIS/include/core_cm4.h"
 521              		.section	.debug_info,"",%progbits
 522              	.Ldebug_info0:
 523 0000 64070000 		.4byte	0x764
 524 0004 0200     		.2byte	0x2
 525 0006 00000000 		.4byte	.Ldebug_abbrev0
 526 000a 04       		.byte	0x4
 527 000b 01       		.uleb128 0x1
 528 000c C7010000 		.4byte	.LASF84
 529 0010 01       		.byte	0x1
 530 0011 8F020000 		.4byte	.LASF85
 531 0015 08010000 		.4byte	.Ldebug_ranges0+0x108
 532 0019 00000000 		.4byte	0
 533 001d 00000000 		.4byte	0
 534 0021 00000000 		.4byte	.Ldebug_line0
 535 0025 02       		.uleb128 0x2
 536 0026 04       		.byte	0x4
 537 0027 05       		.byte	0x5
 538 0028 696E7400 		.ascii	"int\000"
 539 002c 03       		.uleb128 0x3
 540 002d 04       		.byte	0x4
 541 002e 07       		.byte	0x7
 542 002f 32030000 		.4byte	.LASF0
 543 0033 03       		.uleb128 0x3
 544 0034 01       		.byte	0x1
 545 0035 06       		.byte	0x6
 546 0036 82010000 		.4byte	.LASF1
 547 003a 03       		.uleb128 0x3
 548 003b 01       		.byte	0x1
 549 003c 08       		.byte	0x8
 550 003d 6C010000 		.4byte	.LASF2
 551 0041 03       		.uleb128 0x3
 552 0042 02       		.byte	0x2
 553 0043 05       		.byte	0x5
 554 0044 60000000 		.4byte	.LASF3
 555 0048 04       		.uleb128 0x4
 556 0049 BE010000 		.4byte	.LASF5
 557 004d 02       		.byte	0x2
 558 004e 36       		.byte	0x36
 559 004f 53000000 		.4byte	0x53
 560 0053 03       		.uleb128 0x3
 561 0054 02       		.byte	0x2
 562 0055 07       		.byte	0x7
 563 0056 E5010000 		.4byte	.LASF4
 564 005a 04       		.uleb128 0x4
 565 005b 07020000 		.4byte	.LASF6
 566 005f 02       		.byte	0x2
 567 0060 4F       		.byte	0x4f
ARM GAS  /tmp/ccOfNLmc.s 			page 11


 568 0061 65000000 		.4byte	0x65
 569 0065 03       		.uleb128 0x3
 570 0066 04       		.byte	0x4
 571 0067 05       		.byte	0x5
 572 0068 10010000 		.4byte	.LASF7
 573 006c 04       		.uleb128 0x4
 574 006d A5010000 		.4byte	.LASF8
 575 0071 02       		.byte	0x2
 576 0072 50       		.byte	0x50
 577 0073 77000000 		.4byte	0x77
 578 0077 03       		.uleb128 0x3
 579 0078 04       		.byte	0x4
 580 0079 07       		.byte	0x7
 581 007a 2C010000 		.4byte	.LASF9
 582 007e 03       		.uleb128 0x3
 583 007f 08       		.byte	0x8
 584 0080 05       		.byte	0x5
 585 0081 F4000000 		.4byte	.LASF10
 586 0085 03       		.uleb128 0x3
 587 0086 08       		.byte	0x8
 588 0087 07       		.byte	0x7
 589 0088 8E010000 		.4byte	.LASF11
 590 008c 03       		.uleb128 0x3
 591 008d 01       		.byte	0x1
 592 008e 02       		.byte	0x2
 593 008f 19020000 		.4byte	.LASF12
 594 0093 05       		.uleb128 0x5
 595 0094 6C000000 		.4byte	0x6c
 596 0098 03       		.uleb128 0x3
 597 0099 04       		.byte	0x4
 598 009a 07       		.byte	0x7
 599 009b 73000000 		.4byte	.LASF13
 600 009f 03       		.uleb128 0x3
 601 00a0 01       		.byte	0x1
 602 00a1 08       		.byte	0x8
 603 00a2 02020000 		.4byte	.LASF14
 604 00a6 06       		.uleb128 0x6
 605 00a7 6C000000 		.4byte	0x6c
 606 00ab B6000000 		.4byte	0xb6
 607 00af 07       		.uleb128 0x7
 608 00b0 98000000 		.4byte	0x98
 609 00b4 01       		.byte	0x1
 610 00b5 00       		.byte	0
 611 00b6 05       		.uleb128 0x5
 612 00b7 5A000000 		.4byte	0x5a
 613 00bb 08       		.uleb128 0x8
 614 00bc 90       		.byte	0x90
 615 00bd 03       		.byte	0x3
 616 00be 5804     		.2byte	0x458
 617 00c0 A8020000 		.4byte	0x2a8
 618 00c4 09       		.uleb128 0x9
 619 00c5 435200   		.ascii	"CR\000"
 620 00c8 03       		.byte	0x3
 621 00c9 5A04     		.2byte	0x45a
 622 00cb 93000000 		.4byte	0x93
 623 00cf 02       		.byte	0x2
 624 00d0 23       		.byte	0x23
ARM GAS  /tmp/ccOfNLmc.s 			page 12


 625 00d1 00       		.uleb128 0
 626 00d2 0A       		.uleb128 0xa
 627 00d3 D8010000 		.4byte	.LASF15
 628 00d7 03       		.byte	0x3
 629 00d8 5B04     		.2byte	0x45b
 630 00da 93000000 		.4byte	0x93
 631 00de 02       		.byte	0x2
 632 00df 23       		.byte	0x23
 633 00e0 04       		.uleb128 0x4
 634 00e1 0A       		.uleb128 0xa
 635 00e2 3F030000 		.4byte	.LASF16
 636 00e6 03       		.byte	0x3
 637 00e7 5C04     		.2byte	0x45c
 638 00e9 93000000 		.4byte	0x93
 639 00ed 02       		.byte	0x2
 640 00ee 23       		.byte	0x23
 641 00ef 08       		.uleb128 0x8
 642 00f0 09       		.uleb128 0x9
 643 00f1 43495200 		.ascii	"CIR\000"
 644 00f5 03       		.byte	0x3
 645 00f6 5D04     		.2byte	0x45d
 646 00f8 93000000 		.4byte	0x93
 647 00fc 02       		.byte	0x2
 648 00fd 23       		.byte	0x23
 649 00fe 0C       		.uleb128 0xc
 650 00ff 0A       		.uleb128 0xa
 651 0100 F8020000 		.4byte	.LASF17
 652 0104 03       		.byte	0x3
 653 0105 5E04     		.2byte	0x45e
 654 0107 93000000 		.4byte	0x93
 655 010b 02       		.byte	0x2
 656 010c 23       		.byte	0x23
 657 010d 10       		.uleb128 0x10
 658 010e 0A       		.uleb128 0xa
 659 010f B5010000 		.4byte	.LASF18
 660 0113 03       		.byte	0x3
 661 0114 5F04     		.2byte	0x45f
 662 0116 93000000 		.4byte	0x93
 663 011a 02       		.byte	0x2
 664 011b 23       		.byte	0x23
 665 011c 14       		.uleb128 0x14
 666 011d 0A       		.uleb128 0xa
 667 011e 0E030000 		.4byte	.LASF19
 668 0122 03       		.byte	0x3
 669 0123 6004     		.2byte	0x460
 670 0125 93000000 		.4byte	0x93
 671 0129 02       		.byte	0x2
 672 012a 23       		.byte	0x23
 673 012b 18       		.uleb128 0x18
 674 012c 0A       		.uleb128 0xa
 675 012d 3A020000 		.4byte	.LASF20
 676 0131 03       		.byte	0x3
 677 0132 6104     		.2byte	0x461
 678 0134 6C000000 		.4byte	0x6c
 679 0138 02       		.byte	0x2
 680 0139 23       		.byte	0x23
 681 013a 1C       		.uleb128 0x1c
ARM GAS  /tmp/ccOfNLmc.s 			page 13


 682 013b 0A       		.uleb128 0xa
 683 013c 27000000 		.4byte	.LASF21
 684 0140 03       		.byte	0x3
 685 0141 6204     		.2byte	0x462
 686 0143 93000000 		.4byte	0x93
 687 0147 02       		.byte	0x2
 688 0148 23       		.byte	0x23
 689 0149 20       		.uleb128 0x20
 690 014a 0A       		.uleb128 0xa
 691 014b 44010000 		.4byte	.LASF22
 692 014f 03       		.byte	0x3
 693 0150 6304     		.2byte	0x463
 694 0152 93000000 		.4byte	0x93
 695 0156 02       		.byte	0x2
 696 0157 23       		.byte	0x23
 697 0158 24       		.uleb128 0x24
 698 0159 0A       		.uleb128 0xa
 699 015a 44020000 		.4byte	.LASF23
 700 015e 03       		.byte	0x3
 701 015f 6404     		.2byte	0x464
 702 0161 A6000000 		.4byte	0xa6
 703 0165 02       		.byte	0x2
 704 0166 23       		.byte	0x23
 705 0167 28       		.uleb128 0x28
 706 0168 0A       		.uleb128 0xa
 707 0169 87020000 		.4byte	.LASF24
 708 016d 03       		.byte	0x3
 709 016e 6504     		.2byte	0x465
 710 0170 93000000 		.4byte	0x93
 711 0174 02       		.byte	0x2
 712 0175 23       		.byte	0x23
 713 0176 30       		.uleb128 0x30
 714 0177 0A       		.uleb128 0xa
 715 0178 30000000 		.4byte	.LASF25
 716 017c 03       		.byte	0x3
 717 017d 6604     		.2byte	0x466
 718 017f 93000000 		.4byte	0x93
 719 0183 02       		.byte	0x2
 720 0184 23       		.byte	0x23
 721 0185 34       		.uleb128 0x34
 722 0186 0A       		.uleb128 0xa
 723 0187 E4000000 		.4byte	.LASF26
 724 018b 03       		.byte	0x3
 725 018c 6704     		.2byte	0x467
 726 018e 93000000 		.4byte	0x93
 727 0192 02       		.byte	0x2
 728 0193 23       		.byte	0x23
 729 0194 38       		.uleb128 0x38
 730 0195 0A       		.uleb128 0xa
 731 0196 4E020000 		.4byte	.LASF27
 732 019a 03       		.byte	0x3
 733 019b 6804     		.2byte	0x468
 734 019d 6C000000 		.4byte	0x6c
 735 01a1 02       		.byte	0x2
 736 01a2 23       		.byte	0x23
 737 01a3 3C       		.uleb128 0x3c
 738 01a4 0A       		.uleb128 0xa
ARM GAS  /tmp/ccOfNLmc.s 			page 14


 739 01a5 C0000000 		.4byte	.LASF28
 740 01a9 03       		.byte	0x3
 741 01aa 6904     		.2byte	0x469
 742 01ac 93000000 		.4byte	0x93
 743 01b0 02       		.byte	0x2
 744 01b1 23       		.byte	0x23
 745 01b2 40       		.uleb128 0x40
 746 01b3 0A       		.uleb128 0xa
 747 01b4 7A010000 		.4byte	.LASF29
 748 01b8 03       		.byte	0x3
 749 01b9 6A04     		.2byte	0x46a
 750 01bb 93000000 		.4byte	0x93
 751 01bf 02       		.byte	0x2
 752 01c0 23       		.byte	0x23
 753 01c1 44       		.uleb128 0x44
 754 01c2 0A       		.uleb128 0xa
 755 01c3 58020000 		.4byte	.LASF30
 756 01c7 03       		.byte	0x3
 757 01c8 6B04     		.2byte	0x46b
 758 01ca A6000000 		.4byte	0xa6
 759 01ce 02       		.byte	0x2
 760 01cf 23       		.byte	0x23
 761 01d0 48       		.uleb128 0x48
 762 01d1 0A       		.uleb128 0xa
 763 01d2 00000000 		.4byte	.LASF31
 764 01d6 03       		.byte	0x3
 765 01d7 6C04     		.2byte	0x46c
 766 01d9 93000000 		.4byte	0x93
 767 01dd 02       		.byte	0x2
 768 01de 23       		.byte	0x23
 769 01df 50       		.uleb128 0x50
 770 01e0 0A       		.uleb128 0xa
 771 01e1 24020000 		.4byte	.LASF32
 772 01e5 03       		.byte	0x3
 773 01e6 6D04     		.2byte	0x46d
 774 01e8 93000000 		.4byte	0x93
 775 01ec 02       		.byte	0x2
 776 01ed 23       		.byte	0x23
 777 01ee 54       		.uleb128 0x54
 778 01ef 0A       		.uleb128 0xa
 779 01f0 A6000000 		.4byte	.LASF33
 780 01f4 03       		.byte	0x3
 781 01f5 6E04     		.2byte	0x46e
 782 01f7 93000000 		.4byte	0x93
 783 01fb 02       		.byte	0x2
 784 01fc 23       		.byte	0x23
 785 01fd 58       		.uleb128 0x58
 786 01fe 0A       		.uleb128 0xa
 787 01ff 62020000 		.4byte	.LASF34
 788 0203 03       		.byte	0x3
 789 0204 6F04     		.2byte	0x46f
 790 0206 6C000000 		.4byte	0x6c
 791 020a 02       		.byte	0x2
 792 020b 23       		.byte	0x23
 793 020c 5C       		.uleb128 0x5c
 794 020d 0A       		.uleb128 0xa
 795 020e F8010000 		.4byte	.LASF35
ARM GAS  /tmp/ccOfNLmc.s 			page 15


 796 0212 03       		.byte	0x3
 797 0213 7004     		.2byte	0x470
 798 0215 93000000 		.4byte	0x93
 799 0219 02       		.byte	0x2
 800 021a 23       		.byte	0x23
 801 021b 60       		.uleb128 0x60
 802 021c 0A       		.uleb128 0xa
 803 021d 54030000 		.4byte	.LASF36
 804 0221 03       		.byte	0x3
 805 0222 7104     		.2byte	0x471
 806 0224 93000000 		.4byte	0x93
 807 0228 02       		.byte	0x2
 808 0229 23       		.byte	0x23
 809 022a 64       		.uleb128 0x64
 810 022b 0A       		.uleb128 0xa
 811 022c 6C020000 		.4byte	.LASF37
 812 0230 03       		.byte	0x3
 813 0231 7204     		.2byte	0x472
 814 0233 A6000000 		.4byte	0xa6
 815 0237 02       		.byte	0x2
 816 0238 23       		.byte	0x23
 817 0239 68       		.uleb128 0x68
 818 023a 0A       		.uleb128 0xa
 819 023b 7C000000 		.4byte	.LASF38
 820 023f 03       		.byte	0x3
 821 0240 7304     		.2byte	0x473
 822 0242 93000000 		.4byte	0x93
 823 0246 02       		.byte	0x2
 824 0247 23       		.byte	0x23
 825 0248 70       		.uleb128 0x70
 826 0249 09       		.uleb128 0x9
 827 024a 43535200 		.ascii	"CSR\000"
 828 024e 03       		.byte	0x3
 829 024f 7404     		.2byte	0x474
 830 0251 93000000 		.4byte	0x93
 831 0255 02       		.byte	0x2
 832 0256 23       		.byte	0x23
 833 0257 74       		.uleb128 0x74
 834 0258 0A       		.uleb128 0xa
 835 0259 76020000 		.4byte	.LASF39
 836 025d 03       		.byte	0x3
 837 025e 7504     		.2byte	0x475
 838 0260 A6000000 		.4byte	0xa6
 839 0264 02       		.byte	0x2
 840 0265 23       		.byte	0x23
 841 0266 78       		.uleb128 0x78
 842 0267 0A       		.uleb128 0xa
 843 0268 99000000 		.4byte	.LASF40
 844 026c 03       		.byte	0x3
 845 026d 7604     		.2byte	0x476
 846 026f 93000000 		.4byte	0x93
 847 0273 03       		.byte	0x3
 848 0274 23       		.byte	0x23
 849 0275 8001     		.uleb128 0x80
 850 0277 0A       		.uleb128 0xa
 851 0278 88000000 		.4byte	.LASF41
 852 027c 03       		.byte	0x3
ARM GAS  /tmp/ccOfNLmc.s 			page 16


 853 027d 7704     		.2byte	0x477
 854 027f 93000000 		.4byte	0x93
 855 0283 03       		.byte	0x3
 856 0284 23       		.byte	0x23
 857 0285 8401     		.uleb128 0x84
 858 0287 0A       		.uleb128 0xa
 859 0288 44030000 		.4byte	.LASF42
 860 028c 03       		.byte	0x3
 861 028d 7804     		.2byte	0x478
 862 028f 93000000 		.4byte	0x93
 863 0293 03       		.byte	0x3
 864 0294 23       		.byte	0x23
 865 0295 8801     		.uleb128 0x88
 866 0297 0A       		.uleb128 0xa
 867 0298 DC000000 		.4byte	.LASF43
 868 029c 03       		.byte	0x3
 869 029d 7904     		.2byte	0x479
 870 029f 93000000 		.4byte	0x93
 871 02a3 03       		.byte	0x3
 872 02a4 23       		.byte	0x23
 873 02a5 8C01     		.uleb128 0x8c
 874 02a7 00       		.byte	0
 875 02a8 0B       		.uleb128 0xb
 876 02a9 20010000 		.4byte	.LASF44
 877 02ad 03       		.byte	0x3
 878 02ae 7B04     		.2byte	0x47b
 879 02b0 BB000000 		.4byte	0xbb
 880 02b4 0C       		.uleb128 0xc
 881 02b5 04       		.byte	0x4
 882 02b6 04       		.byte	0x4
 883 02b7 96       		.byte	0x96
 884 02b8 D9020000 		.4byte	0x2d9
 885 02bc 0D       		.uleb128 0xd
 886 02bd 73657400 		.ascii	"set\000"
 887 02c1 04       		.byte	0x4
 888 02c2 97       		.byte	0x97
 889 02c3 48000000 		.4byte	0x48
 890 02c7 02       		.byte	0x2
 891 02c8 23       		.byte	0x23
 892 02c9 00       		.uleb128 0
 893 02ca 0E       		.uleb128 0xe
 894 02cb 4D010000 		.4byte	.LASF45
 895 02cf 04       		.byte	0x4
 896 02d0 98       		.byte	0x98
 897 02d1 48000000 		.4byte	0x48
 898 02d5 02       		.byte	0x2
 899 02d6 23       		.byte	0x23
 900 02d7 02       		.uleb128 0x2
 901 02d8 00       		.byte	0
 902 02d9 0F       		.uleb128 0xf
 903 02da 04       		.byte	0x4
 904 02db 04       		.byte	0x4
 905 02dc 94       		.byte	0x94
 906 02dd F4020000 		.4byte	0x2f4
 907 02e1 10       		.uleb128 0x10
 908 02e2 5700     		.ascii	"W\000"
 909 02e4 04       		.byte	0x4
ARM GAS  /tmp/ccOfNLmc.s 			page 17


 910 02e5 95       		.byte	0x95
 911 02e6 6C000000 		.4byte	0x6c
 912 02ea 10       		.uleb128 0x10
 913 02eb 4800     		.ascii	"H\000"
 914 02ed 04       		.byte	0x4
 915 02ee 99       		.byte	0x99
 916 02ef B4020000 		.4byte	0x2b4
 917 02f3 00       		.byte	0
 918 02f4 0C       		.uleb128 0xc
 919 02f5 28       		.byte	0x28
 920 02f6 04       		.byte	0x4
 921 02f7 8C       		.byte	0x8c
 922 02f8 89030000 		.4byte	0x389
 923 02fc 0E       		.uleb128 0xe
 924 02fd 3E010000 		.4byte	.LASF46
 925 0301 04       		.byte	0x4
 926 0302 8E       		.byte	0x8e
 927 0303 93000000 		.4byte	0x93
 928 0307 02       		.byte	0x2
 929 0308 23       		.byte	0x23
 930 0309 00       		.uleb128 0
 931 030a 0E       		.uleb128 0xe
 932 030b D5000000 		.4byte	.LASF47
 933 030f 04       		.byte	0x4
 934 0310 8F       		.byte	0x8f
 935 0311 93000000 		.4byte	0x93
 936 0315 02       		.byte	0x2
 937 0316 23       		.byte	0x23
 938 0317 04       		.uleb128 0x4
 939 0318 0E       		.uleb128 0xe
 940 0319 EC000000 		.4byte	.LASF48
 941 031d 04       		.byte	0x4
 942 031e 90       		.byte	0x90
 943 031f 93000000 		.4byte	0x93
 944 0323 02       		.byte	0x2
 945 0324 23       		.byte	0x23
 946 0325 08       		.uleb128 0x8
 947 0326 0E       		.uleb128 0xe
 948 0327 02010000 		.4byte	.LASF49
 949 032b 04       		.byte	0x4
 950 032c 91       		.byte	0x91
 951 032d 93000000 		.4byte	0x93
 952 0331 02       		.byte	0x2
 953 0332 23       		.byte	0x23
 954 0333 0C       		.uleb128 0xc
 955 0334 0D       		.uleb128 0xd
 956 0335 49445200 		.ascii	"IDR\000"
 957 0339 04       		.byte	0x4
 958 033a 92       		.byte	0x92
 959 033b 93000000 		.4byte	0x93
 960 033f 02       		.byte	0x2
 961 0340 23       		.byte	0x23
 962 0341 10       		.uleb128 0x10
 963 0342 0D       		.uleb128 0xd
 964 0343 4F445200 		.ascii	"ODR\000"
 965 0347 04       		.byte	0x4
 966 0348 93       		.byte	0x93
ARM GAS  /tmp/ccOfNLmc.s 			page 18


 967 0349 93000000 		.4byte	0x93
 968 034d 02       		.byte	0x2
 969 034e 23       		.byte	0x23
 970 034f 14       		.uleb128 0x14
 971 0350 0E       		.uleb128 0xe
 972 0351 5E030000 		.4byte	.LASF50
 973 0355 04       		.byte	0x4
 974 0356 9A       		.byte	0x9a
 975 0357 89030000 		.4byte	0x389
 976 035b 02       		.byte	0x2
 977 035c 23       		.byte	0x23
 978 035d 18       		.uleb128 0x18
 979 035e 0E       		.uleb128 0xe
 980 035f 4F030000 		.4byte	.LASF51
 981 0363 04       		.byte	0x4
 982 0364 9B       		.byte	0x9b
 983 0365 93000000 		.4byte	0x93
 984 0369 02       		.byte	0x2
 985 036a 23       		.byte	0x23
 986 036b 1C       		.uleb128 0x1c
 987 036c 0E       		.uleb128 0xe
 988 036d E0010000 		.4byte	.LASF52
 989 0371 04       		.byte	0x4
 990 0372 9C       		.byte	0x9c
 991 0373 93000000 		.4byte	0x93
 992 0377 02       		.byte	0x2
 993 0378 23       		.byte	0x23
 994 0379 20       		.uleb128 0x20
 995 037a 0E       		.uleb128 0xe
 996 037b D3010000 		.4byte	.LASF53
 997 037f 04       		.byte	0x4
 998 0380 9D       		.byte	0x9d
 999 0381 93000000 		.4byte	0x93
 1000 0385 02       		.byte	0x2
 1001 0386 23       		.byte	0x23
 1002 0387 24       		.uleb128 0x24
 1003 0388 00       		.byte	0
 1004 0389 05       		.uleb128 0x5
 1005 038a D9020000 		.4byte	0x2d9
 1006 038e 04       		.uleb128 0x4
 1007 038f 01030000 		.4byte	.LASF54
 1008 0393 04       		.byte	0x4
 1009 0394 9E       		.byte	0x9e
 1010 0395 F4020000 		.4byte	0x2f4
 1011 0399 0C       		.uleb128 0xc
 1012 039a 1C       		.byte	0x1c
 1013 039b 04       		.byte	0x4
 1014 039c A3       		.byte	0xa3
 1015 039d 04040000 		.4byte	0x404
 1016 03a1 0E       		.uleb128 0xe
 1017 03a2 F2020000 		.4byte	.LASF55
 1018 03a6 04       		.byte	0x4
 1019 03a7 A5       		.byte	0xa5
 1020 03a8 6C000000 		.4byte	0x6c
 1021 03ac 02       		.byte	0x2
 1022 03ad 23       		.byte	0x23
 1023 03ae 00       		.uleb128 0
ARM GAS  /tmp/ccOfNLmc.s 			page 19


 1024 03af 0E       		.uleb128 0xe
 1025 03b0 AE010000 		.4byte	.LASF56
 1026 03b4 04       		.byte	0x4
 1027 03b5 A7       		.byte	0xa7
 1028 03b6 6C000000 		.4byte	0x6c
 1029 03ba 02       		.byte	0x2
 1030 03bb 23       		.byte	0x23
 1031 03bc 04       		.uleb128 0x4
 1032 03bd 0E       		.uleb128 0xe
 1033 03be 08010000 		.4byte	.LASF57
 1034 03c2 04       		.byte	0x4
 1035 03c3 A9       		.byte	0xa9
 1036 03c4 6C000000 		.4byte	0x6c
 1037 03c8 02       		.byte	0x2
 1038 03c9 23       		.byte	0x23
 1039 03ca 08       		.uleb128 0x8
 1040 03cb 0E       		.uleb128 0xe
 1041 03cc E2020000 		.4byte	.LASF58
 1042 03d0 04       		.byte	0x4
 1043 03d1 AB       		.byte	0xab
 1044 03d2 6C000000 		.4byte	0x6c
 1045 03d6 02       		.byte	0x2
 1046 03d7 23       		.byte	0x23
 1047 03d8 0C       		.uleb128 0xc
 1048 03d9 0D       		.uleb128 0xd
 1049 03da 6F647200 		.ascii	"odr\000"
 1050 03de 04       		.byte	0x4
 1051 03df AD       		.byte	0xad
 1052 03e0 6C000000 		.4byte	0x6c
 1053 03e4 02       		.byte	0x2
 1054 03e5 23       		.byte	0x23
 1055 03e6 10       		.uleb128 0x10
 1056 03e7 0E       		.uleb128 0xe
 1057 03e8 ED020000 		.4byte	.LASF59
 1058 03ec 04       		.byte	0x4
 1059 03ed AF       		.byte	0xaf
 1060 03ee 6C000000 		.4byte	0x6c
 1061 03f2 02       		.byte	0x2
 1062 03f3 23       		.byte	0x23
 1063 03f4 14       		.uleb128 0x14
 1064 03f5 0E       		.uleb128 0xe
 1065 03f6 E8020000 		.4byte	.LASF60
 1066 03fa 04       		.byte	0x4
 1067 03fb B1       		.byte	0xb1
 1068 03fc 6C000000 		.4byte	0x6c
 1069 0400 02       		.byte	0x2
 1070 0401 23       		.byte	0x23
 1071 0402 18       		.uleb128 0x18
 1072 0403 00       		.byte	0
 1073 0404 04       		.uleb128 0x4
 1074 0405 38000000 		.4byte	.LASF61
 1075 0409 04       		.byte	0x4
 1076 040a B2       		.byte	0xb2
 1077 040b 99030000 		.4byte	0x399
 1078 040f 0C       		.uleb128 0xc
 1079 0410 FC       		.byte	0xfc
 1080 0411 04       		.byte	0x4
ARM GAS  /tmp/ccOfNLmc.s 			page 20


 1081 0412 BB       		.byte	0xbb
 1082 0413 9A040000 		.4byte	0x49a
 1083 0417 0E       		.uleb128 0xe
 1084 0418 5A010000 		.4byte	.LASF62
 1085 041c 04       		.byte	0x4
 1086 041d BD       		.byte	0xbd
 1087 041e 04040000 		.4byte	0x404
 1088 0422 02       		.byte	0x2
 1089 0423 23       		.byte	0x23
 1090 0424 00       		.uleb128 0
 1091 0425 0E       		.uleb128 0xe
 1092 0426 9F000000 		.4byte	.LASF63
 1093 042a 04       		.byte	0x4
 1094 042b BF       		.byte	0xbf
 1095 042c 04040000 		.4byte	0x404
 1096 0430 02       		.byte	0x2
 1097 0431 23       		.byte	0x23
 1098 0432 1C       		.uleb128 0x1c
 1099 0433 0E       		.uleb128 0xe
 1100 0434 0A000000 		.4byte	.LASF64
 1101 0438 04       		.byte	0x4
 1102 0439 C1       		.byte	0xc1
 1103 043a 04040000 		.4byte	0x404
 1104 043e 02       		.byte	0x2
 1105 043f 23       		.byte	0x23
 1106 0440 38       		.uleb128 0x38
 1107 0441 0E       		.uleb128 0xe
 1108 0442 19010000 		.4byte	.LASF65
 1109 0446 04       		.byte	0x4
 1110 0447 C3       		.byte	0xc3
 1111 0448 04040000 		.4byte	0x404
 1112 044c 02       		.byte	0x2
 1113 044d 23       		.byte	0x23
 1114 044e 54       		.uleb128 0x54
 1115 044f 0E       		.uleb128 0xe
 1116 0450 33020000 		.4byte	.LASF66
 1117 0454 04       		.byte	0x4
 1118 0455 C6       		.byte	0xc6
 1119 0456 04040000 		.4byte	0x404
 1120 045a 02       		.byte	0x2
 1121 045b 23       		.byte	0x23
 1122 045c 70       		.uleb128 0x70
 1123 045d 0E       		.uleb128 0xe
 1124 045e 4B000000 		.4byte	.LASF67
 1125 0462 04       		.byte	0x4
 1126 0463 CA       		.byte	0xca
 1127 0464 04040000 		.4byte	0x404
 1128 0468 03       		.byte	0x3
 1129 0469 23       		.byte	0x23
 1130 046a 8C01     		.uleb128 0x8c
 1131 046c 0E       		.uleb128 0xe
 1132 046d 53010000 		.4byte	.LASF68
 1133 0471 04       		.byte	0x4
 1134 0472 CE       		.byte	0xce
 1135 0473 04040000 		.4byte	0x404
 1136 0477 03       		.byte	0x3
 1137 0478 23       		.byte	0x23
ARM GAS  /tmp/ccOfNLmc.s 			page 21


 1138 0479 A801     		.uleb128 0xa8
 1139 047b 0E       		.uleb128 0xe
 1140 047c 80020000 		.4byte	.LASF69
 1141 0480 04       		.byte	0x4
 1142 0481 D2       		.byte	0xd2
 1143 0482 04040000 		.4byte	0x404
 1144 0486 03       		.byte	0x3
 1145 0487 23       		.byte	0x23
 1146 0488 C401     		.uleb128 0xc4
 1147 048a 0E       		.uleb128 0xe
 1148 048b 81000000 		.4byte	.LASF70
 1149 048f 04       		.byte	0x4
 1150 0490 D6       		.byte	0xd6
 1151 0491 04040000 		.4byte	0x404
 1152 0495 03       		.byte	0x3
 1153 0496 23       		.byte	0x23
 1154 0497 E001     		.uleb128 0xe0
 1155 0499 00       		.byte	0
 1156 049a 04       		.uleb128 0x4
 1157 049b 0F020000 		.4byte	.LASF71
 1158 049f 04       		.byte	0x4
 1159 04a0 D8       		.byte	0xd8
 1160 04a1 0F040000 		.4byte	0x40f
 1161 04a5 04       		.uleb128 0x4
 1162 04a6 C8000000 		.4byte	.LASF72
 1163 04aa 04       		.byte	0x4
 1164 04ab E8       		.byte	0xe8
 1165 04ac 6C000000 		.4byte	0x6c
 1166 04b0 04       		.uleb128 0x4
 1167 04b1 B7000000 		.4byte	.LASF73
 1168 04b5 04       		.byte	0x4
 1169 04b6 ED       		.byte	0xed
 1170 04b7 6C000000 		.4byte	0x6c
 1171 04bb 04       		.uleb128 0x4
 1172 04bc 61010000 		.4byte	.LASF74
 1173 04c0 04       		.byte	0x4
 1174 04c1 F5       		.byte	0xf5
 1175 04c2 C6040000 		.4byte	0x4c6
 1176 04c6 11       		.uleb128 0x11
 1177 04c7 04       		.byte	0x4
 1178 04c8 8E030000 		.4byte	0x38e
 1179 04cc 12       		.uleb128 0x12
 1180 04cd 6A000000 		.4byte	.LASF86
 1181 04d1 01       		.byte	0x1
 1182 04d2 4D       		.byte	0x4d
 1183 04d3 01       		.byte	0x1
 1184 04d4 01       		.byte	0x1
 1185 04d5 F0040000 		.4byte	0x4f0
 1186 04d9 13       		.uleb128 0x13
 1187 04da 93000000 		.4byte	.LASF75
 1188 04de 01       		.byte	0x1
 1189 04df 4D       		.byte	0x4d
 1190 04e0 C6040000 		.4byte	0x4c6
 1191 04e4 13       		.uleb128 0x13
 1192 04e5 B0000000 		.4byte	.LASF76
 1193 04e9 01       		.byte	0x1
 1194 04ea 4D       		.byte	0x4d
ARM GAS  /tmp/ccOfNLmc.s 			page 22


 1195 04eb F0040000 		.4byte	0x4f0
 1196 04ef 00       		.byte	0
 1197 04f0 11       		.uleb128 0x11
 1198 04f1 04       		.byte	0x4
 1199 04f2 F6040000 		.4byte	0x4f6
 1200 04f6 14       		.uleb128 0x14
 1201 04f7 04040000 		.4byte	0x404
 1202 04fb 15       		.uleb128 0x15
 1203 04fc 01       		.byte	0x1
 1204 04fd 52000000 		.4byte	.LASF77
 1205 0501 01       		.byte	0x1
 1206 0502 68       		.byte	0x68
 1207 0503 01       		.byte	0x1
 1208 0504 00000000 		.4byte	.LFB119
 1209 0508 D4010000 		.4byte	.LFE119
 1210 050c 00000000 		.4byte	.LLST0
 1211 0510 01       		.byte	0x1
 1212 0511 79060000 		.4byte	0x679
 1213 0515 16       		.uleb128 0x16
 1214 0516 B0000000 		.4byte	.LASF76
 1215 051a 01       		.byte	0x1
 1216 051b 68       		.byte	0x68
 1217 051c 79060000 		.4byte	0x679
 1218 0520 01       		.byte	0x1
 1219 0521 50       		.byte	0x50
 1220 0522 17       		.uleb128 0x17
 1221 0523 CC040000 		.4byte	0x4cc
 1222 0527 08000000 		.4byte	.LBB20
 1223 052b 00000000 		.4byte	.Ldebug_ranges0+0
 1224 052f 01       		.byte	0x1
 1225 0530 7C       		.byte	0x7c
 1226 0531 46050000 		.4byte	0x546
 1227 0535 18       		.uleb128 0x18
 1228 0536 E4040000 		.4byte	0x4e4
 1229 053a 01       		.byte	0x1
 1230 053b 50       		.byte	0x50
 1231 053c 19       		.uleb128 0x19
 1232 053d D9040000 		.4byte	0x4d9
 1233 0541 00000240 		.4byte	0x40020000
 1234 0545 00       		.byte	0
 1235 0546 17       		.uleb128 0x17
 1236 0547 CC040000 		.4byte	0x4cc
 1237 054b 10000000 		.4byte	.LBB23
 1238 054f 18000000 		.4byte	.Ldebug_ranges0+0x18
 1239 0553 01       		.byte	0x1
 1240 0554 7D       		.byte	0x7d
 1241 0555 6C050000 		.4byte	0x56c
 1242 0559 18       		.uleb128 0x18
 1243 055a E4040000 		.4byte	0x4e4
 1244 055e 03       		.byte	0x3
 1245 055f 70       		.byte	0x70
 1246 0560 1C       		.sleb128 28
 1247 0561 9F       		.byte	0x9f
 1248 0562 19       		.uleb128 0x19
 1249 0563 D9040000 		.4byte	0x4d9
 1250 0567 00040240 		.4byte	0x40020400
 1251 056b 00       		.byte	0
ARM GAS  /tmp/ccOfNLmc.s 			page 23


 1252 056c 17       		.uleb128 0x17
 1253 056d CC040000 		.4byte	0x4cc
 1254 0571 14000000 		.4byte	.LBB26
 1255 0575 30000000 		.4byte	.Ldebug_ranges0+0x30
 1256 0579 01       		.byte	0x1
 1257 057a 7E       		.byte	0x7e
 1258 057b 92050000 		.4byte	0x592
 1259 057f 18       		.uleb128 0x18
 1260 0580 E4040000 		.4byte	0x4e4
 1261 0584 03       		.byte	0x3
 1262 0585 70       		.byte	0x70
 1263 0586 38       		.sleb128 56
 1264 0587 9F       		.byte	0x9f
 1265 0588 19       		.uleb128 0x19
 1266 0589 D9040000 		.4byte	0x4d9
 1267 058d 00080240 		.4byte	0x40020800
 1268 0591 00       		.byte	0
 1269 0592 17       		.uleb128 0x17
 1270 0593 CC040000 		.4byte	0x4cc
 1271 0597 16000000 		.4byte	.LBB29
 1272 059b 48000000 		.4byte	.Ldebug_ranges0+0x48
 1273 059f 01       		.byte	0x1
 1274 05a0 7F       		.byte	0x7f
 1275 05a1 B9050000 		.4byte	0x5b9
 1276 05a5 18       		.uleb128 0x18
 1277 05a6 E4040000 		.4byte	0x4e4
 1278 05aa 04       		.byte	0x4
 1279 05ab 70       		.byte	0x70
 1280 05ac D400     		.sleb128 84
 1281 05ae 9F       		.byte	0x9f
 1282 05af 19       		.uleb128 0x19
 1283 05b0 D9040000 		.4byte	0x4d9
 1284 05b4 000C0240 		.4byte	0x40020c00
 1285 05b8 00       		.byte	0
 1286 05b9 17       		.uleb128 0x17
 1287 05ba CC040000 		.4byte	0x4cc
 1288 05be 18000000 		.4byte	.LBB32
 1289 05c2 60000000 		.4byte	.Ldebug_ranges0+0x60
 1290 05c6 01       		.byte	0x1
 1291 05c7 81       		.byte	0x81
 1292 05c8 E0050000 		.4byte	0x5e0
 1293 05cc 18       		.uleb128 0x18
 1294 05cd E4040000 		.4byte	0x4e4
 1295 05d1 04       		.byte	0x4
 1296 05d2 70       		.byte	0x70
 1297 05d3 F000     		.sleb128 112
 1298 05d5 9F       		.byte	0x9f
 1299 05d6 19       		.uleb128 0x19
 1300 05d7 D9040000 		.4byte	0x4d9
 1301 05db 00100240 		.4byte	0x40021000
 1302 05df 00       		.byte	0
 1303 05e0 17       		.uleb128 0x17
 1304 05e1 CC040000 		.4byte	0x4cc
 1305 05e5 1A000000 		.4byte	.LBB35
 1306 05e9 78000000 		.4byte	.Ldebug_ranges0+0x78
 1307 05ed 01       		.byte	0x1
 1308 05ee 84       		.byte	0x84
ARM GAS  /tmp/ccOfNLmc.s 			page 24


 1309 05ef 07060000 		.4byte	0x607
 1310 05f3 18       		.uleb128 0x18
 1311 05f4 E4040000 		.4byte	0x4e4
 1312 05f8 04       		.byte	0x4
 1313 05f9 70       		.byte	0x70
 1314 05fa 8C01     		.sleb128 140
 1315 05fc 9F       		.byte	0x9f
 1316 05fd 19       		.uleb128 0x19
 1317 05fe D9040000 		.4byte	0x4d9
 1318 0602 00140240 		.4byte	0x40021400
 1319 0606 00       		.byte	0
 1320 0607 17       		.uleb128 0x17
 1321 0608 CC040000 		.4byte	0x4cc
 1322 060c 1C000000 		.4byte	.LBB38
 1323 0610 90000000 		.4byte	.Ldebug_ranges0+0x90
 1324 0614 01       		.byte	0x1
 1325 0615 87       		.byte	0x87
 1326 0616 2E060000 		.4byte	0x62e
 1327 061a 18       		.uleb128 0x18
 1328 061b E4040000 		.4byte	0x4e4
 1329 061f 04       		.byte	0x4
 1330 0620 70       		.byte	0x70
 1331 0621 A801     		.sleb128 168
 1332 0623 9F       		.byte	0x9f
 1333 0624 19       		.uleb128 0x19
 1334 0625 D9040000 		.4byte	0x4d9
 1335 0629 00180240 		.4byte	0x40021800
 1336 062d 00       		.byte	0
 1337 062e 17       		.uleb128 0x17
 1338 062f CC040000 		.4byte	0x4cc
 1339 0633 1E000000 		.4byte	.LBB41
 1340 0637 A8000000 		.4byte	.Ldebug_ranges0+0xa8
 1341 063b 01       		.byte	0x1
 1342 063c 8A       		.byte	0x8a
 1343 063d 55060000 		.4byte	0x655
 1344 0641 18       		.uleb128 0x18
 1345 0642 E4040000 		.4byte	0x4e4
 1346 0646 04       		.byte	0x4
 1347 0647 70       		.byte	0x70
 1348 0648 C401     		.sleb128 196
 1349 064a 9F       		.byte	0x9f
 1350 064b 19       		.uleb128 0x19
 1351 064c D9040000 		.4byte	0x4d9
 1352 0650 001C0240 		.4byte	0x40021c00
 1353 0654 00       		.byte	0
 1354 0655 1A       		.uleb128 0x1a
 1355 0656 CC040000 		.4byte	0x4cc
 1356 065a 20000000 		.4byte	.LBB44
 1357 065e C0000000 		.4byte	.Ldebug_ranges0+0xc0
 1358 0662 01       		.byte	0x1
 1359 0663 8D       		.byte	0x8d
 1360 0664 18       		.uleb128 0x18
 1361 0665 E4040000 		.4byte	0x4e4
 1362 0669 04       		.byte	0x4
 1363 066a 70       		.byte	0x70
 1364 066b E001     		.sleb128 224
 1365 066d 9F       		.byte	0x9f
ARM GAS  /tmp/ccOfNLmc.s 			page 25


 1366 066e 19       		.uleb128 0x19
 1367 066f D9040000 		.4byte	0x4d9
 1368 0673 00200240 		.4byte	0x40022000
 1369 0677 00       		.byte	0
 1370 0678 00       		.byte	0
 1371 0679 11       		.uleb128 0x11
 1372 067a 04       		.byte	0x4
 1373 067b 7F060000 		.4byte	0x67f
 1374 067f 14       		.uleb128 0x14
 1375 0680 9A040000 		.4byte	0x49a
 1376 0684 15       		.uleb128 0x15
 1377 0685 01       		.byte	0x1
 1378 0686 11000000 		.4byte	.LASF78
 1379 068a 01       		.byte	0x1
 1380 068b 9F       		.byte	0x9f
 1381 068c 01       		.byte	0x1
 1382 068d 00000000 		.4byte	.LFB120
 1383 0691 C8000000 		.4byte	.LFE120
 1384 0695 20000000 		.4byte	.LLST1
 1385 0699 01       		.byte	0x1
 1386 069a 59070000 		.4byte	0x759
 1387 069e 16       		.uleb128 0x16
 1388 069f 2E020000 		.4byte	.LASF79
 1389 06a3 01       		.byte	0x1
 1390 06a4 9F       		.byte	0x9f
 1391 06a5 BB040000 		.4byte	0x4bb
 1392 06a9 01       		.byte	0x1
 1393 06aa 50       		.byte	0x50
 1394 06ab 1B       		.uleb128 0x1b
 1395 06ac DD020000 		.4byte	.LASF80
 1396 06b0 01       		.byte	0x1
 1397 06b1 A0       		.byte	0xa0
 1398 06b2 A5040000 		.4byte	0x4a5
 1399 06b6 40000000 		.4byte	.LLST2
 1400 06ba 1B       		.uleb128 0x1b
 1401 06bb 1F020000 		.4byte	.LASF81
 1402 06bf 01       		.byte	0x1
 1403 06c0 A1       		.byte	0xa1
 1404 06c1 B0040000 		.4byte	0x4b0
 1405 06c5 6D000000 		.4byte	.LLST3
 1406 06c9 1C       		.uleb128 0x1c
 1407 06ca F2020000 		.4byte	.LASF55
 1408 06ce 01       		.byte	0x1
 1409 06cf A3       		.byte	0xa3
 1410 06d0 6C000000 		.4byte	0x6c
 1411 06d4 01       		.byte	0x1
 1412 06d5 57       		.byte	0x57
 1413 06d6 1C       		.uleb128 0x1c
 1414 06d7 AE010000 		.4byte	.LASF56
 1415 06db 01       		.byte	0x1
 1416 06dc A4       		.byte	0xa4
 1417 06dd 6C000000 		.4byte	0x6c
 1418 06e1 01       		.byte	0x1
 1419 06e2 56       		.byte	0x56
 1420 06e3 1C       		.uleb128 0x1c
 1421 06e4 08010000 		.4byte	.LASF57
 1422 06e8 01       		.byte	0x1
ARM GAS  /tmp/ccOfNLmc.s 			page 26


 1423 06e9 A5       		.byte	0xa5
 1424 06ea 6C000000 		.4byte	0x6c
 1425 06ee 01       		.byte	0x1
 1426 06ef 55       		.byte	0x55
 1427 06f0 1C       		.uleb128 0x1c
 1428 06f1 E2020000 		.4byte	.LASF58
 1429 06f5 01       		.byte	0x1
 1430 06f6 A6       		.byte	0xa6
 1431 06f7 6C000000 		.4byte	0x6c
 1432 06fb 01       		.byte	0x1
 1433 06fc 54       		.byte	0x54
 1434 06fd 1C       		.uleb128 0x1c
 1435 06fe 17030000 		.4byte	.LASF82
 1436 0702 01       		.byte	0x1
 1437 0703 A7       		.byte	0xa7
 1438 0704 6C000000 		.4byte	0x6c
 1439 0708 01       		.byte	0x1
 1440 0709 52       		.byte	0x52
 1441 070a 1D       		.uleb128 0x1d
 1442 070b 62697400 		.ascii	"bit\000"
 1443 070f 01       		.byte	0x1
 1444 0710 A8       		.byte	0xa8
 1445 0711 6C000000 		.4byte	0x6c
 1446 0715 8E000000 		.4byte	.LLST4
 1447 0719 1E       		.uleb128 0x1e
 1448 071a D8000000 		.4byte	.Ldebug_ranges0+0xd8
 1449 071e 1F       		.uleb128 0x1f
 1450 071f 29030000 		.4byte	.LASF83
 1451 0723 01       		.byte	0x1
 1452 0724 AB       		.byte	0xab
 1453 0725 6C000000 		.4byte	0x6c
 1454 0729 AD000000 		.4byte	.LLST5
 1455 072d 1D       		.uleb128 0x1d
 1456 072e 6D3100   		.ascii	"m1\000"
 1457 0731 01       		.byte	0x1
 1458 0732 AB       		.byte	0xab
 1459 0733 6C000000 		.4byte	0x6c
 1460 0737 F3000000 		.4byte	.LLST6
 1461 073b 1D       		.uleb128 0x1d
 1462 073c 6D3200   		.ascii	"m2\000"
 1463 073f 01       		.byte	0x1
 1464 0740 AB       		.byte	0xab
 1465 0741 6C000000 		.4byte	0x6c
 1466 0745 0A010000 		.4byte	.LLST7
 1467 0749 1D       		.uleb128 0x1d
 1468 074a 6D3400   		.ascii	"m4\000"
 1469 074d 01       		.byte	0x1
 1470 074e AB       		.byte	0xab
 1471 074f 6C000000 		.4byte	0x6c
 1472 0753 4D010000 		.4byte	.LLST8
 1473 0757 00       		.byte	0
 1474 0758 00       		.byte	0
 1475 0759 20       		.uleb128 0x20
 1476 075a 1C030000 		.4byte	.LASF87
 1477 075e 05       		.byte	0x5
 1478 075f 9806     		.2byte	0x698
 1479 0761 B6000000 		.4byte	0xb6
ARM GAS  /tmp/ccOfNLmc.s 			page 27


 1480 0765 01       		.byte	0x1
 1481 0766 01       		.byte	0x1
 1482 0767 00       		.byte	0
 1483              		.section	.debug_abbrev,"",%progbits
 1484              	.Ldebug_abbrev0:
 1485 0000 01       		.uleb128 0x1
 1486 0001 11       		.uleb128 0x11
 1487 0002 01       		.byte	0x1
 1488 0003 25       		.uleb128 0x25
 1489 0004 0E       		.uleb128 0xe
 1490 0005 13       		.uleb128 0x13
 1491 0006 0B       		.uleb128 0xb
 1492 0007 03       		.uleb128 0x3
 1493 0008 0E       		.uleb128 0xe
 1494 0009 55       		.uleb128 0x55
 1495 000a 06       		.uleb128 0x6
 1496 000b 11       		.uleb128 0x11
 1497 000c 01       		.uleb128 0x1
 1498 000d 52       		.uleb128 0x52
 1499 000e 01       		.uleb128 0x1
 1500 000f 10       		.uleb128 0x10
 1501 0010 06       		.uleb128 0x6
 1502 0011 00       		.byte	0
 1503 0012 00       		.byte	0
 1504 0013 02       		.uleb128 0x2
 1505 0014 24       		.uleb128 0x24
 1506 0015 00       		.byte	0
 1507 0016 0B       		.uleb128 0xb
 1508 0017 0B       		.uleb128 0xb
 1509 0018 3E       		.uleb128 0x3e
 1510 0019 0B       		.uleb128 0xb
 1511 001a 03       		.uleb128 0x3
 1512 001b 08       		.uleb128 0x8
 1513 001c 00       		.byte	0
 1514 001d 00       		.byte	0
 1515 001e 03       		.uleb128 0x3
 1516 001f 24       		.uleb128 0x24
 1517 0020 00       		.byte	0
 1518 0021 0B       		.uleb128 0xb
 1519 0022 0B       		.uleb128 0xb
 1520 0023 3E       		.uleb128 0x3e
 1521 0024 0B       		.uleb128 0xb
 1522 0025 03       		.uleb128 0x3
 1523 0026 0E       		.uleb128 0xe
 1524 0027 00       		.byte	0
 1525 0028 00       		.byte	0
 1526 0029 04       		.uleb128 0x4
 1527 002a 16       		.uleb128 0x16
 1528 002b 00       		.byte	0
 1529 002c 03       		.uleb128 0x3
 1530 002d 0E       		.uleb128 0xe
 1531 002e 3A       		.uleb128 0x3a
 1532 002f 0B       		.uleb128 0xb
 1533 0030 3B       		.uleb128 0x3b
 1534 0031 0B       		.uleb128 0xb
 1535 0032 49       		.uleb128 0x49
 1536 0033 13       		.uleb128 0x13
ARM GAS  /tmp/ccOfNLmc.s 			page 28


 1537 0034 00       		.byte	0
 1538 0035 00       		.byte	0
 1539 0036 05       		.uleb128 0x5
 1540 0037 35       		.uleb128 0x35
 1541 0038 00       		.byte	0
 1542 0039 49       		.uleb128 0x49
 1543 003a 13       		.uleb128 0x13
 1544 003b 00       		.byte	0
 1545 003c 00       		.byte	0
 1546 003d 06       		.uleb128 0x6
 1547 003e 01       		.uleb128 0x1
 1548 003f 01       		.byte	0x1
 1549 0040 49       		.uleb128 0x49
 1550 0041 13       		.uleb128 0x13
 1551 0042 01       		.uleb128 0x1
 1552 0043 13       		.uleb128 0x13
 1553 0044 00       		.byte	0
 1554 0045 00       		.byte	0
 1555 0046 07       		.uleb128 0x7
 1556 0047 21       		.uleb128 0x21
 1557 0048 00       		.byte	0
 1558 0049 49       		.uleb128 0x49
 1559 004a 13       		.uleb128 0x13
 1560 004b 2F       		.uleb128 0x2f
 1561 004c 0B       		.uleb128 0xb
 1562 004d 00       		.byte	0
 1563 004e 00       		.byte	0
 1564 004f 08       		.uleb128 0x8
 1565 0050 13       		.uleb128 0x13
 1566 0051 01       		.byte	0x1
 1567 0052 0B       		.uleb128 0xb
 1568 0053 0B       		.uleb128 0xb
 1569 0054 3A       		.uleb128 0x3a
 1570 0055 0B       		.uleb128 0xb
 1571 0056 3B       		.uleb128 0x3b
 1572 0057 05       		.uleb128 0x5
 1573 0058 01       		.uleb128 0x1
 1574 0059 13       		.uleb128 0x13
 1575 005a 00       		.byte	0
 1576 005b 00       		.byte	0
 1577 005c 09       		.uleb128 0x9
 1578 005d 0D       		.uleb128 0xd
 1579 005e 00       		.byte	0
 1580 005f 03       		.uleb128 0x3
 1581 0060 08       		.uleb128 0x8
 1582 0061 3A       		.uleb128 0x3a
 1583 0062 0B       		.uleb128 0xb
 1584 0063 3B       		.uleb128 0x3b
 1585 0064 05       		.uleb128 0x5
 1586 0065 49       		.uleb128 0x49
 1587 0066 13       		.uleb128 0x13
 1588 0067 38       		.uleb128 0x38
 1589 0068 0A       		.uleb128 0xa
 1590 0069 00       		.byte	0
 1591 006a 00       		.byte	0
 1592 006b 0A       		.uleb128 0xa
 1593 006c 0D       		.uleb128 0xd
ARM GAS  /tmp/ccOfNLmc.s 			page 29


 1594 006d 00       		.byte	0
 1595 006e 03       		.uleb128 0x3
 1596 006f 0E       		.uleb128 0xe
 1597 0070 3A       		.uleb128 0x3a
 1598 0071 0B       		.uleb128 0xb
 1599 0072 3B       		.uleb128 0x3b
 1600 0073 05       		.uleb128 0x5
 1601 0074 49       		.uleb128 0x49
 1602 0075 13       		.uleb128 0x13
 1603 0076 38       		.uleb128 0x38
 1604 0077 0A       		.uleb128 0xa
 1605 0078 00       		.byte	0
 1606 0079 00       		.byte	0
 1607 007a 0B       		.uleb128 0xb
 1608 007b 16       		.uleb128 0x16
 1609 007c 00       		.byte	0
 1610 007d 03       		.uleb128 0x3
 1611 007e 0E       		.uleb128 0xe
 1612 007f 3A       		.uleb128 0x3a
 1613 0080 0B       		.uleb128 0xb
 1614 0081 3B       		.uleb128 0x3b
 1615 0082 05       		.uleb128 0x5
 1616 0083 49       		.uleb128 0x49
 1617 0084 13       		.uleb128 0x13
 1618 0085 00       		.byte	0
 1619 0086 00       		.byte	0
 1620 0087 0C       		.uleb128 0xc
 1621 0088 13       		.uleb128 0x13
 1622 0089 01       		.byte	0x1
 1623 008a 0B       		.uleb128 0xb
 1624 008b 0B       		.uleb128 0xb
 1625 008c 3A       		.uleb128 0x3a
 1626 008d 0B       		.uleb128 0xb
 1627 008e 3B       		.uleb128 0x3b
 1628 008f 0B       		.uleb128 0xb
 1629 0090 01       		.uleb128 0x1
 1630 0091 13       		.uleb128 0x13
 1631 0092 00       		.byte	0
 1632 0093 00       		.byte	0
 1633 0094 0D       		.uleb128 0xd
 1634 0095 0D       		.uleb128 0xd
 1635 0096 00       		.byte	0
 1636 0097 03       		.uleb128 0x3
 1637 0098 08       		.uleb128 0x8
 1638 0099 3A       		.uleb128 0x3a
 1639 009a 0B       		.uleb128 0xb
 1640 009b 3B       		.uleb128 0x3b
 1641 009c 0B       		.uleb128 0xb
 1642 009d 49       		.uleb128 0x49
 1643 009e 13       		.uleb128 0x13
 1644 009f 38       		.uleb128 0x38
 1645 00a0 0A       		.uleb128 0xa
 1646 00a1 00       		.byte	0
 1647 00a2 00       		.byte	0
 1648 00a3 0E       		.uleb128 0xe
 1649 00a4 0D       		.uleb128 0xd
 1650 00a5 00       		.byte	0
ARM GAS  /tmp/ccOfNLmc.s 			page 30


 1651 00a6 03       		.uleb128 0x3
 1652 00a7 0E       		.uleb128 0xe
 1653 00a8 3A       		.uleb128 0x3a
 1654 00a9 0B       		.uleb128 0xb
 1655 00aa 3B       		.uleb128 0x3b
 1656 00ab 0B       		.uleb128 0xb
 1657 00ac 49       		.uleb128 0x49
 1658 00ad 13       		.uleb128 0x13
 1659 00ae 38       		.uleb128 0x38
 1660 00af 0A       		.uleb128 0xa
 1661 00b0 00       		.byte	0
 1662 00b1 00       		.byte	0
 1663 00b2 0F       		.uleb128 0xf
 1664 00b3 17       		.uleb128 0x17
 1665 00b4 01       		.byte	0x1
 1666 00b5 0B       		.uleb128 0xb
 1667 00b6 0B       		.uleb128 0xb
 1668 00b7 3A       		.uleb128 0x3a
 1669 00b8 0B       		.uleb128 0xb
 1670 00b9 3B       		.uleb128 0x3b
 1671 00ba 0B       		.uleb128 0xb
 1672 00bb 01       		.uleb128 0x1
 1673 00bc 13       		.uleb128 0x13
 1674 00bd 00       		.byte	0
 1675 00be 00       		.byte	0
 1676 00bf 10       		.uleb128 0x10
 1677 00c0 0D       		.uleb128 0xd
 1678 00c1 00       		.byte	0
 1679 00c2 03       		.uleb128 0x3
 1680 00c3 08       		.uleb128 0x8
 1681 00c4 3A       		.uleb128 0x3a
 1682 00c5 0B       		.uleb128 0xb
 1683 00c6 3B       		.uleb128 0x3b
 1684 00c7 0B       		.uleb128 0xb
 1685 00c8 49       		.uleb128 0x49
 1686 00c9 13       		.uleb128 0x13
 1687 00ca 00       		.byte	0
 1688 00cb 00       		.byte	0
 1689 00cc 11       		.uleb128 0x11
 1690 00cd 0F       		.uleb128 0xf
 1691 00ce 00       		.byte	0
 1692 00cf 0B       		.uleb128 0xb
 1693 00d0 0B       		.uleb128 0xb
 1694 00d1 49       		.uleb128 0x49
 1695 00d2 13       		.uleb128 0x13
 1696 00d3 00       		.byte	0
 1697 00d4 00       		.byte	0
 1698 00d5 12       		.uleb128 0x12
 1699 00d6 2E       		.uleb128 0x2e
 1700 00d7 01       		.byte	0x1
 1701 00d8 03       		.uleb128 0x3
 1702 00d9 0E       		.uleb128 0xe
 1703 00da 3A       		.uleb128 0x3a
 1704 00db 0B       		.uleb128 0xb
 1705 00dc 3B       		.uleb128 0x3b
 1706 00dd 0B       		.uleb128 0xb
 1707 00de 27       		.uleb128 0x27
ARM GAS  /tmp/ccOfNLmc.s 			page 31


 1708 00df 0C       		.uleb128 0xc
 1709 00e0 20       		.uleb128 0x20
 1710 00e1 0B       		.uleb128 0xb
 1711 00e2 01       		.uleb128 0x1
 1712 00e3 13       		.uleb128 0x13
 1713 00e4 00       		.byte	0
 1714 00e5 00       		.byte	0
 1715 00e6 13       		.uleb128 0x13
 1716 00e7 05       		.uleb128 0x5
 1717 00e8 00       		.byte	0
 1718 00e9 03       		.uleb128 0x3
 1719 00ea 0E       		.uleb128 0xe
 1720 00eb 3A       		.uleb128 0x3a
 1721 00ec 0B       		.uleb128 0xb
 1722 00ed 3B       		.uleb128 0x3b
 1723 00ee 0B       		.uleb128 0xb
 1724 00ef 49       		.uleb128 0x49
 1725 00f0 13       		.uleb128 0x13
 1726 00f1 00       		.byte	0
 1727 00f2 00       		.byte	0
 1728 00f3 14       		.uleb128 0x14
 1729 00f4 26       		.uleb128 0x26
 1730 00f5 00       		.byte	0
 1731 00f6 49       		.uleb128 0x49
 1732 00f7 13       		.uleb128 0x13
 1733 00f8 00       		.byte	0
 1734 00f9 00       		.byte	0
 1735 00fa 15       		.uleb128 0x15
 1736 00fb 2E       		.uleb128 0x2e
 1737 00fc 01       		.byte	0x1
 1738 00fd 3F       		.uleb128 0x3f
 1739 00fe 0C       		.uleb128 0xc
 1740 00ff 03       		.uleb128 0x3
 1741 0100 0E       		.uleb128 0xe
 1742 0101 3A       		.uleb128 0x3a
 1743 0102 0B       		.uleb128 0xb
 1744 0103 3B       		.uleb128 0x3b
 1745 0104 0B       		.uleb128 0xb
 1746 0105 27       		.uleb128 0x27
 1747 0106 0C       		.uleb128 0xc
 1748 0107 11       		.uleb128 0x11
 1749 0108 01       		.uleb128 0x1
 1750 0109 12       		.uleb128 0x12
 1751 010a 01       		.uleb128 0x1
 1752 010b 40       		.uleb128 0x40
 1753 010c 06       		.uleb128 0x6
 1754 010d 9742     		.uleb128 0x2117
 1755 010f 0C       		.uleb128 0xc
 1756 0110 01       		.uleb128 0x1
 1757 0111 13       		.uleb128 0x13
 1758 0112 00       		.byte	0
 1759 0113 00       		.byte	0
 1760 0114 16       		.uleb128 0x16
 1761 0115 05       		.uleb128 0x5
 1762 0116 00       		.byte	0
 1763 0117 03       		.uleb128 0x3
 1764 0118 0E       		.uleb128 0xe
ARM GAS  /tmp/ccOfNLmc.s 			page 32


 1765 0119 3A       		.uleb128 0x3a
 1766 011a 0B       		.uleb128 0xb
 1767 011b 3B       		.uleb128 0x3b
 1768 011c 0B       		.uleb128 0xb
 1769 011d 49       		.uleb128 0x49
 1770 011e 13       		.uleb128 0x13
 1771 011f 02       		.uleb128 0x2
 1772 0120 0A       		.uleb128 0xa
 1773 0121 00       		.byte	0
 1774 0122 00       		.byte	0
 1775 0123 17       		.uleb128 0x17
 1776 0124 1D       		.uleb128 0x1d
 1777 0125 01       		.byte	0x1
 1778 0126 31       		.uleb128 0x31
 1779 0127 13       		.uleb128 0x13
 1780 0128 52       		.uleb128 0x52
 1781 0129 01       		.uleb128 0x1
 1782 012a 55       		.uleb128 0x55
 1783 012b 06       		.uleb128 0x6
 1784 012c 58       		.uleb128 0x58
 1785 012d 0B       		.uleb128 0xb
 1786 012e 59       		.uleb128 0x59
 1787 012f 0B       		.uleb128 0xb
 1788 0130 01       		.uleb128 0x1
 1789 0131 13       		.uleb128 0x13
 1790 0132 00       		.byte	0
 1791 0133 00       		.byte	0
 1792 0134 18       		.uleb128 0x18
 1793 0135 05       		.uleb128 0x5
 1794 0136 00       		.byte	0
 1795 0137 31       		.uleb128 0x31
 1796 0138 13       		.uleb128 0x13
 1797 0139 02       		.uleb128 0x2
 1798 013a 0A       		.uleb128 0xa
 1799 013b 00       		.byte	0
 1800 013c 00       		.byte	0
 1801 013d 19       		.uleb128 0x19
 1802 013e 05       		.uleb128 0x5
 1803 013f 00       		.byte	0
 1804 0140 31       		.uleb128 0x31
 1805 0141 13       		.uleb128 0x13
 1806 0142 1C       		.uleb128 0x1c
 1807 0143 06       		.uleb128 0x6
 1808 0144 00       		.byte	0
 1809 0145 00       		.byte	0
 1810 0146 1A       		.uleb128 0x1a
 1811 0147 1D       		.uleb128 0x1d
 1812 0148 01       		.byte	0x1
 1813 0149 31       		.uleb128 0x31
 1814 014a 13       		.uleb128 0x13
 1815 014b 52       		.uleb128 0x52
 1816 014c 01       		.uleb128 0x1
 1817 014d 55       		.uleb128 0x55
 1818 014e 06       		.uleb128 0x6
 1819 014f 58       		.uleb128 0x58
 1820 0150 0B       		.uleb128 0xb
 1821 0151 59       		.uleb128 0x59
ARM GAS  /tmp/ccOfNLmc.s 			page 33


 1822 0152 0B       		.uleb128 0xb
 1823 0153 00       		.byte	0
 1824 0154 00       		.byte	0
 1825 0155 1B       		.uleb128 0x1b
 1826 0156 05       		.uleb128 0x5
 1827 0157 00       		.byte	0
 1828 0158 03       		.uleb128 0x3
 1829 0159 0E       		.uleb128 0xe
 1830 015a 3A       		.uleb128 0x3a
 1831 015b 0B       		.uleb128 0xb
 1832 015c 3B       		.uleb128 0x3b
 1833 015d 0B       		.uleb128 0xb
 1834 015e 49       		.uleb128 0x49
 1835 015f 13       		.uleb128 0x13
 1836 0160 02       		.uleb128 0x2
 1837 0161 06       		.uleb128 0x6
 1838 0162 00       		.byte	0
 1839 0163 00       		.byte	0
 1840 0164 1C       		.uleb128 0x1c
 1841 0165 34       		.uleb128 0x34
 1842 0166 00       		.byte	0
 1843 0167 03       		.uleb128 0x3
 1844 0168 0E       		.uleb128 0xe
 1845 0169 3A       		.uleb128 0x3a
 1846 016a 0B       		.uleb128 0xb
 1847 016b 3B       		.uleb128 0x3b
 1848 016c 0B       		.uleb128 0xb
 1849 016d 49       		.uleb128 0x49
 1850 016e 13       		.uleb128 0x13
 1851 016f 02       		.uleb128 0x2
 1852 0170 0A       		.uleb128 0xa
 1853 0171 00       		.byte	0
 1854 0172 00       		.byte	0
 1855 0173 1D       		.uleb128 0x1d
 1856 0174 34       		.uleb128 0x34
 1857 0175 00       		.byte	0
 1858 0176 03       		.uleb128 0x3
 1859 0177 08       		.uleb128 0x8
 1860 0178 3A       		.uleb128 0x3a
 1861 0179 0B       		.uleb128 0xb
 1862 017a 3B       		.uleb128 0x3b
 1863 017b 0B       		.uleb128 0xb
 1864 017c 49       		.uleb128 0x49
 1865 017d 13       		.uleb128 0x13
 1866 017e 02       		.uleb128 0x2
 1867 017f 06       		.uleb128 0x6
 1868 0180 00       		.byte	0
 1869 0181 00       		.byte	0
 1870 0182 1E       		.uleb128 0x1e
 1871 0183 0B       		.uleb128 0xb
 1872 0184 01       		.byte	0x1
 1873 0185 55       		.uleb128 0x55
 1874 0186 06       		.uleb128 0x6
 1875 0187 00       		.byte	0
 1876 0188 00       		.byte	0
 1877 0189 1F       		.uleb128 0x1f
 1878 018a 34       		.uleb128 0x34
ARM GAS  /tmp/ccOfNLmc.s 			page 34


 1879 018b 00       		.byte	0
 1880 018c 03       		.uleb128 0x3
 1881 018d 0E       		.uleb128 0xe
 1882 018e 3A       		.uleb128 0x3a
 1883 018f 0B       		.uleb128 0xb
 1884 0190 3B       		.uleb128 0x3b
 1885 0191 0B       		.uleb128 0xb
 1886 0192 49       		.uleb128 0x49
 1887 0193 13       		.uleb128 0x13
 1888 0194 02       		.uleb128 0x2
 1889 0195 06       		.uleb128 0x6
 1890 0196 00       		.byte	0
 1891 0197 00       		.byte	0
 1892 0198 20       		.uleb128 0x20
 1893 0199 34       		.uleb128 0x34
 1894 019a 00       		.byte	0
 1895 019b 03       		.uleb128 0x3
 1896 019c 0E       		.uleb128 0xe
 1897 019d 3A       		.uleb128 0x3a
 1898 019e 0B       		.uleb128 0xb
 1899 019f 3B       		.uleb128 0x3b
 1900 01a0 05       		.uleb128 0x5
 1901 01a1 49       		.uleb128 0x49
 1902 01a2 13       		.uleb128 0x13
 1903 01a3 3F       		.uleb128 0x3f
 1904 01a4 0C       		.uleb128 0xc
 1905 01a5 3C       		.uleb128 0x3c
 1906 01a6 0C       		.uleb128 0xc
 1907 01a7 00       		.byte	0
 1908 01a8 00       		.byte	0
 1909 01a9 00       		.byte	0
 1910              		.section	.debug_loc,"",%progbits
 1911              	.Ldebug_loc0:
 1912              	.LLST0:
 1913 0000 00000000 		.4byte	.LFB119
 1914 0004 04000000 		.4byte	.LCFI0
 1915 0008 0200     		.2byte	0x2
 1916 000a 7D       		.byte	0x7d
 1917 000b 00       		.sleb128 0
 1918 000c 04000000 		.4byte	.LCFI0
 1919 0010 D4010000 		.4byte	.LFE119
 1920 0014 0200     		.2byte	0x2
 1921 0016 7D       		.byte	0x7d
 1922 0017 20       		.sleb128 32
 1923 0018 00000000 		.4byte	0
 1924 001c 00000000 		.4byte	0
 1925              	.LLST1:
 1926 0020 00000000 		.4byte	.LFB120
 1927 0024 04000000 		.4byte	.LCFI1
 1928 0028 0200     		.2byte	0x2
 1929 002a 7D       		.byte	0x7d
 1930 002b 00       		.sleb128 0
 1931 002c 04000000 		.4byte	.LCFI1
 1932 0030 C8000000 		.4byte	.LFE120
 1933 0034 0200     		.2byte	0x2
 1934 0036 7D       		.byte	0x7d
 1935 0037 20       		.sleb128 32
ARM GAS  /tmp/ccOfNLmc.s 			page 35


 1936 0038 00000000 		.4byte	0
 1937 003c 00000000 		.4byte	0
 1938              	.LLST2:
 1939 0040 00000000 		.4byte	.LVL10
 1940 0044 88000000 		.4byte	.LVL24
 1941 0048 0100     		.2byte	0x1
 1942 004a 51       		.byte	0x51
 1943 004b 88000000 		.4byte	.LVL24
 1944 004f 8A000000 		.4byte	.LVL25
 1945 0053 0500     		.2byte	0x5
 1946 0055 71       		.byte	0x71
 1947 0056 00       		.sleb128 0
 1948 0057 31       		.byte	0x31
 1949 0058 25       		.byte	0x25
 1950 0059 9F       		.byte	0x9f
 1951 005a 8A000000 		.4byte	.LVL25
 1952 005e C8000000 		.4byte	.LFE120
 1953 0062 0100     		.2byte	0x1
 1954 0064 51       		.byte	0x51
 1955 0065 00000000 		.4byte	0
 1956 0069 00000000 		.4byte	0
 1957              	.LLST3:
 1958 006d 00000000 		.4byte	.LVL10
 1959 0071 1E000000 		.4byte	.LVL15
 1960 0075 0100     		.2byte	0x1
 1961 0077 52       		.byte	0x52
 1962 0078 1E000000 		.4byte	.LVL15
 1963 007c C8000000 		.4byte	.LFE120
 1964 0080 0400     		.2byte	0x4
 1965 0082 F3       		.byte	0xf3
 1966 0083 01       		.uleb128 0x1
 1967 0084 52       		.byte	0x52
 1968 0085 9F       		.byte	0x9f
 1969 0086 00000000 		.4byte	0
 1970 008a 00000000 		.4byte	0
 1971              	.LLST4:
 1972 008e 1E000000 		.4byte	.LVL15
 1973 0092 24000000 		.4byte	.LVL16
 1974 0096 0200     		.2byte	0x2
 1975 0098 30       		.byte	0x30
 1976 0099 9F       		.byte	0x9f
 1977 009a 24000000 		.4byte	.LVL16
 1978 009e C8000000 		.4byte	.LFE120
 1979 00a2 0100     		.2byte	0x1
 1980 00a4 53       		.byte	0x53
 1981 00a5 00000000 		.4byte	0
 1982 00a9 00000000 		.4byte	0
 1983              	.LLST5:
 1984 00ad 24000000 		.4byte	.LVL16
 1985 00b1 30000000 		.4byte	.LVL18
 1986 00b5 0100     		.2byte	0x1
 1987 00b7 58       		.byte	0x58
 1988 00b8 30000000 		.4byte	.LVL18
 1989 00bc 96000000 		.4byte	.LVL30
 1990 00c0 0A00     		.2byte	0xa
 1991 00c2 72       		.byte	0x72
 1992 00c3 00       		.sleb128 0
ARM GAS  /tmp/ccOfNLmc.s 			page 36


 1993 00c4 73       		.byte	0x73
 1994 00c5 00       		.sleb128 0
 1995 00c6 37       		.byte	0x37
 1996 00c7 1A       		.byte	0x1a
 1997 00c8 32       		.byte	0x32
 1998 00c9 24       		.byte	0x24
 1999 00ca 24       		.byte	0x24
 2000 00cb 9F       		.byte	0x9f
 2001 00cc A6000000 		.4byte	.LVL31
 2002 00d0 BC000000 		.4byte	.LVL34
 2003 00d4 0100     		.2byte	0x1
 2004 00d6 58       		.byte	0x58
 2005 00d7 BC000000 		.4byte	.LVL34
 2006 00db C8000000 		.4byte	.LFE120
 2007 00df 0A00     		.2byte	0xa
 2008 00e1 72       		.byte	0x72
 2009 00e2 00       		.sleb128 0
 2010 00e3 73       		.byte	0x73
 2011 00e4 00       		.sleb128 0
 2012 00e5 37       		.byte	0x37
 2013 00e6 1A       		.byte	0x1a
 2014 00e7 32       		.byte	0x32
 2015 00e8 24       		.byte	0x24
 2016 00e9 24       		.byte	0x24
 2017 00ea 9F       		.byte	0x9f
 2018 00eb 00000000 		.4byte	0
 2019 00ef 00000000 		.4byte	0
 2020              	.LLST6:
 2021 00f3 34000000 		.4byte	.LVL19
 2022 00f7 88000000 		.4byte	.LVL24
 2023 00fb 0500     		.2byte	0x5
 2024 00fd 31       		.byte	0x31
 2025 00fe 73       		.byte	0x73
 2026 00ff 00       		.sleb128 0
 2027 0100 24       		.byte	0x24
 2028 0101 9F       		.byte	0x9f
 2029 0102 00000000 		.4byte	0
 2030 0106 00000000 		.4byte	0
 2031              	.LLST7:
 2032 010a 48000000 		.4byte	.LVL20
 2033 010e 58000000 		.4byte	.LVL21
 2034 0112 0700     		.2byte	0x7
 2035 0114 33       		.byte	0x33
 2036 0115 73       		.byte	0x73
 2037 0116 00       		.sleb128 0
 2038 0117 31       		.byte	0x31
 2039 0118 24       		.byte	0x24
 2040 0119 24       		.byte	0x24
 2041 011a 9F       		.byte	0x9f
 2042 011b 58000000 		.4byte	.LVL21
 2043 011f 5C000000 		.4byte	.LVL22
 2044 0123 0100     		.2byte	0x1
 2045 0125 5C       		.byte	0x5c
 2046 0126 5C000000 		.4byte	.LVL22
 2047 012a 80000000 		.4byte	.LVL23
 2048 012e 0400     		.2byte	0x4
 2049 0130 7C       		.byte	0x7c
ARM GAS  /tmp/ccOfNLmc.s 			page 37


 2050 0131 00       		.sleb128 0
 2051 0132 20       		.byte	0x20
 2052 0133 9F       		.byte	0x9f
 2053 0134 80000000 		.4byte	.LVL23
 2054 0138 88000000 		.4byte	.LVL24
 2055 013c 0700     		.2byte	0x7
 2056 013e 33       		.byte	0x33
 2057 013f 73       		.byte	0x73
 2058 0140 00       		.sleb128 0
 2059 0141 31       		.byte	0x31
 2060 0142 24       		.byte	0x24
 2061 0143 24       		.byte	0x24
 2062 0144 9F       		.byte	0x9f
 2063 0145 00000000 		.4byte	0
 2064 0149 00000000 		.4byte	0
 2065              	.LLST8:
 2066 014d 24000000 		.4byte	.LVL16
 2067 0151 2C000000 		.4byte	.LVL17
 2068 0155 0100     		.2byte	0x1
 2069 0157 5C       		.byte	0x5c
 2070 0158 2C000000 		.4byte	.LVL17
 2071 015c 96000000 		.4byte	.LVL30
 2072 0160 0A00     		.2byte	0xa
 2073 0162 79       		.byte	0x79
 2074 0163 00       		.sleb128 0
 2075 0164 73       		.byte	0x73
 2076 0165 00       		.sleb128 0
 2077 0166 37       		.byte	0x37
 2078 0167 1A       		.byte	0x1a
 2079 0168 32       		.byte	0x32
 2080 0169 24       		.byte	0x24
 2081 016a 24       		.byte	0x24
 2082 016b 9F       		.byte	0x9f
 2083 016c AA000000 		.4byte	.LVL32
 2084 0170 B8000000 		.4byte	.LVL33
 2085 0174 0100     		.2byte	0x1
 2086 0176 5C       		.byte	0x5c
 2087 0177 B8000000 		.4byte	.LVL33
 2088 017b C8000000 		.4byte	.LFE120
 2089 017f 0A00     		.2byte	0xa
 2090 0181 79       		.byte	0x79
 2091 0182 00       		.sleb128 0
 2092 0183 73       		.byte	0x73
 2093 0184 00       		.sleb128 0
 2094 0185 37       		.byte	0x37
 2095 0186 1A       		.byte	0x1a
 2096 0187 32       		.byte	0x32
 2097 0188 24       		.byte	0x24
 2098 0189 24       		.byte	0x24
 2099 018a 9F       		.byte	0x9f
 2100 018b 00000000 		.4byte	0
 2101 018f 00000000 		.4byte	0
 2102              		.section	.debug_aranges,"",%progbits
 2103 0000 24000000 		.4byte	0x24
 2104 0004 0200     		.2byte	0x2
 2105 0006 00000000 		.4byte	.Ldebug_info0
 2106 000a 04       		.byte	0x4
ARM GAS  /tmp/ccOfNLmc.s 			page 38


 2107 000b 00       		.byte	0
 2108 000c 0000     		.2byte	0
 2109 000e 0000     		.2byte	0
 2110 0010 00000000 		.4byte	.LFB119
 2111 0014 D4010000 		.4byte	.LFE119-.LFB119
 2112 0018 00000000 		.4byte	.LFB120
 2113 001c C8000000 		.4byte	.LFE120-.LFB120
 2114 0020 00000000 		.4byte	0
 2115 0024 00000000 		.4byte	0
 2116              		.section	.debug_ranges,"",%progbits
 2117              	.Ldebug_ranges0:
 2118 0000 08000000 		.4byte	.LBB20
 2119 0004 0C000000 		.4byte	.LBE20
 2120 0008 40000000 		.4byte	.LBB47
 2121 000c 6A000000 		.4byte	.LBE47
 2122 0010 00000000 		.4byte	0
 2123 0014 00000000 		.4byte	0
 2124 0018 10000000 		.4byte	.LBB23
 2125 001c 14000000 		.4byte	.LBE23
 2126 0020 6A000000 		.4byte	.LBB48
 2127 0024 94000000 		.4byte	.LBE48
 2128 0028 00000000 		.4byte	0
 2129 002c 00000000 		.4byte	0
 2130 0030 14000000 		.4byte	.LBB26
 2131 0034 16000000 		.4byte	.LBE26
 2132 0038 94000000 		.4byte	.LBB49
 2133 003c B0000000 		.4byte	.LBE49
 2134 0040 00000000 		.4byte	0
 2135 0044 00000000 		.4byte	0
 2136 0048 16000000 		.4byte	.LBB29
 2137 004c 18000000 		.4byte	.LBE29
 2138 0050 B0000000 		.4byte	.LBB50
 2139 0054 CC000000 		.4byte	.LBE50
 2140 0058 00000000 		.4byte	0
 2141 005c 00000000 		.4byte	0
 2142 0060 18000000 		.4byte	.LBB32
 2143 0064 1A000000 		.4byte	.LBE32
 2144 0068 CC000000 		.4byte	.LBB51
 2145 006c EE000000 		.4byte	.LBE51
 2146 0070 00000000 		.4byte	0
 2147 0074 00000000 		.4byte	0
 2148 0078 1A000000 		.4byte	.LBB35
 2149 007c 1C000000 		.4byte	.LBE35
 2150 0080 EE000000 		.4byte	.LBB52
 2151 0084 18010000 		.4byte	.LBE52
 2152 0088 00000000 		.4byte	0
 2153 008c 00000000 		.4byte	0
 2154 0090 1C000000 		.4byte	.LBB38
 2155 0094 1E000000 		.4byte	.LBE38
 2156 0098 18010000 		.4byte	.LBB53
 2157 009c 42010000 		.4byte	.LBE53
 2158 00a0 00000000 		.4byte	0
 2159 00a4 00000000 		.4byte	0
 2160 00a8 1E000000 		.4byte	.LBB41
 2161 00ac 20000000 		.4byte	.LBE41
 2162 00b0 42010000 		.4byte	.LBB54
 2163 00b4 6C010000 		.4byte	.LBE54
ARM GAS  /tmp/ccOfNLmc.s 			page 39


 2164 00b8 00000000 		.4byte	0
 2165 00bc 00000000 		.4byte	0
 2166 00c0 20000000 		.4byte	.LBB44
 2167 00c4 24000000 		.4byte	.LBE44
 2168 00c8 6C010000 		.4byte	.LBB55
 2169 00cc A4010000 		.4byte	.LBE55
 2170 00d0 00000000 		.4byte	0
 2171 00d4 00000000 		.4byte	0
 2172 00d8 16000000 		.4byte	.LBB56
 2173 00dc 1A000000 		.4byte	.LBE56
 2174 00e0 1E000000 		.4byte	.LBB57
 2175 00e4 88000000 		.4byte	.LBE57
 2176 00e8 96000000 		.4byte	.LBB58
 2177 00ec 9E000000 		.4byte	.LBE58
 2178 00f0 A2000000 		.4byte	.LBB59
 2179 00f4 AA000000 		.4byte	.LBE59
 2180 00f8 AC000000 		.4byte	.LBB60
 2181 00fc C2000000 		.4byte	.LBE60
 2182 0100 00000000 		.4byte	0
 2183 0104 00000000 		.4byte	0
 2184 0108 00000000 		.4byte	.LFB119
 2185 010c D4010000 		.4byte	.LFE119
 2186 0110 00000000 		.4byte	.LFB120
 2187 0114 C8000000 		.4byte	.LFE120
 2188 0118 00000000 		.4byte	0
 2189 011c 00000000 		.4byte	0
 2190              		.section	.debug_line,"",%progbits
 2191              	.Ldebug_line0:
 2192 0000 61020000 		.section	.debug_str,"MS",%progbits,1
 2192      0200AA01 
 2192      00000201 
 2192      FB0E0D00 
 2192      01010101 
 2193              	.LASF31:
 2194 0000 41484231 		.ascii	"AHB1LPENR\000"
 2194      4C50454E 
 2194      5200
 2195              	.LASF64:
 2196 000a 50434461 		.ascii	"PCData\000"
 2196      746100
 2197              	.LASF78:
 2198 0011 5F70616C 		.ascii	"_pal_lld_setgroupmode\000"
 2198      5F6C6C64 
 2198      5F736574 
 2198      67726F75 
 2198      706D6F64 
 2199              	.LASF21:
 2200 0027 41504231 		.ascii	"APB1RSTR\000"
 2200      52535452 
 2200      00
 2201              	.LASF25:
 2202 0030 41484232 		.ascii	"AHB2ENR\000"
 2202      454E5200 
 2203              	.LASF61:
 2204 0038 73746D33 		.ascii	"stm32_gpio_setup_t\000"
 2204      325F6770 
 2204      696F5F73 
ARM GAS  /tmp/ccOfNLmc.s 			page 40


 2204      65747570 
 2204      5F7400
 2205              	.LASF67:
 2206 004b 50464461 		.ascii	"PFData\000"
 2206      746100
 2207              	.LASF77:
 2208 0052 5F70616C 		.ascii	"_pal_lld_init\000"
 2208      5F6C6C64 
 2208      5F696E69 
 2208      7400
 2209              	.LASF3:
 2210 0060 73686F72 		.ascii	"short int\000"
 2210      7420696E 
 2210      7400
 2211              	.LASF86:
 2212 006a 696E6974 		.ascii	"initgpio\000"
 2212      6770696F 
 2212      00
 2213              	.LASF13:
 2214 0073 73697A65 		.ascii	"sizetype\000"
 2214      74797065 
 2214      00
 2215              	.LASF38:
 2216 007c 42444352 		.ascii	"BDCR\000"
 2216      00
 2217              	.LASF70:
 2218 0081 50494461 		.ascii	"PIData\000"
 2218      746100
 2219              	.LASF41:
 2220 0088 504C4C49 		.ascii	"PLLI2SCFGR\000"
 2220      32534346 
 2220      475200
 2221              	.LASF75:
 2222 0093 6770696F 		.ascii	"gpiop\000"
 2222      7000
 2223              	.LASF40:
 2224 0099 53534347 		.ascii	"SSCGR\000"
 2224      5200
 2225              	.LASF63:
 2226 009f 50424461 		.ascii	"PBData\000"
 2226      746100
 2227              	.LASF33:
 2228 00a6 41484233 		.ascii	"AHB3LPENR\000"
 2228      4C50454E 
 2228      5200
 2229              	.LASF76:
 2230 00b0 636F6E66 		.ascii	"config\000"
 2230      696700
 2231              	.LASF73:
 2232 00b7 696F6D6F 		.ascii	"iomode_t\000"
 2232      64655F74 
 2232      00
 2233              	.LASF28:
 2234 00c0 41504231 		.ascii	"APB1ENR\000"
 2234      454E5200 
 2235              	.LASF72:
 2236 00c8 696F706F 		.ascii	"ioportmask_t\000"
ARM GAS  /tmp/ccOfNLmc.s 			page 41


 2236      72746D61 
 2236      736B5F74 
 2236      00
 2237              	.LASF47:
 2238 00d5 4F545950 		.ascii	"OTYPER\000"
 2238      455200
 2239              	.LASF43:
 2240 00dc 44434B43 		.ascii	"DCKCFGR\000"
 2240      46475200 
 2241              	.LASF26:
 2242 00e4 41484233 		.ascii	"AHB3ENR\000"
 2242      454E5200 
 2243              	.LASF48:
 2244 00ec 4F535045 		.ascii	"OSPEEDR\000"
 2244      45445200 
 2245              	.LASF10:
 2246 00f4 6C6F6E67 		.ascii	"long long int\000"
 2246      206C6F6E 
 2246      6720696E 
 2246      7400
 2247              	.LASF49:
 2248 0102 50555044 		.ascii	"PUPDR\000"
 2248      5200
 2249              	.LASF57:
 2250 0108 6F737065 		.ascii	"ospeedr\000"
 2250      65647200 
 2251              	.LASF7:
 2252 0110 6C6F6E67 		.ascii	"long int\000"
 2252      20696E74 
 2252      00
 2253              	.LASF65:
 2254 0119 50444461 		.ascii	"PDData\000"
 2254      746100
 2255              	.LASF44:
 2256 0120 5243435F 		.ascii	"RCC_TypeDef\000"
 2256      54797065 
 2256      44656600 
 2257              	.LASF9:
 2258 012c 6C6F6E67 		.ascii	"long unsigned int\000"
 2258      20756E73 
 2258      69676E65 
 2258      6420696E 
 2258      7400
 2259              	.LASF46:
 2260 013e 4D4F4445 		.ascii	"MODER\000"
 2260      5200
 2261              	.LASF22:
 2262 0144 41504232 		.ascii	"APB2RSTR\000"
 2262      52535452 
 2262      00
 2263              	.LASF45:
 2264 014d 636C6561 		.ascii	"clear\000"
 2264      7200
 2265              	.LASF68:
 2266 0153 50474461 		.ascii	"PGData\000"
 2266      746100
 2267              	.LASF62:
ARM GAS  /tmp/ccOfNLmc.s 			page 42


 2268 015a 50414461 		.ascii	"PAData\000"
 2268      746100
 2269              	.LASF74:
 2270 0161 696F706F 		.ascii	"ioportid_t\000"
 2270      72746964 
 2270      5F7400
 2271              	.LASF2:
 2272 016c 756E7369 		.ascii	"unsigned char\000"
 2272      676E6564 
 2272      20636861 
 2272      7200
 2273              	.LASF29:
 2274 017a 41504232 		.ascii	"APB2ENR\000"
 2274      454E5200 
 2275              	.LASF1:
 2276 0182 7369676E 		.ascii	"signed char\000"
 2276      65642063 
 2276      68617200 
 2277              	.LASF11:
 2278 018e 6C6F6E67 		.ascii	"long long unsigned int\000"
 2278      206C6F6E 
 2278      6720756E 
 2278      7369676E 
 2278      65642069 
 2279              	.LASF8:
 2280 01a5 75696E74 		.ascii	"uint32_t\000"
 2280      33325F74 
 2280      00
 2281              	.LASF56:
 2282 01ae 6F747970 		.ascii	"otyper\000"
 2282      657200
 2283              	.LASF18:
 2284 01b5 41484232 		.ascii	"AHB2RSTR\000"
 2284      52535452 
 2284      00
 2285              	.LASF5:
 2286 01be 75696E74 		.ascii	"uint16_t\000"
 2286      31365F74 
 2286      00
 2287              	.LASF84:
 2288 01c7 474E5520 		.ascii	"GNU C 4.7.3\000"
 2288      4320342E 
 2288      372E3300 
 2289              	.LASF53:
 2290 01d3 41465248 		.ascii	"AFRH\000"
 2290      00
 2291              	.LASF15:
 2292 01d8 504C4C43 		.ascii	"PLLCFGR\000"
 2292      46475200 
 2293              	.LASF52:
 2294 01e0 4146524C 		.ascii	"AFRL\000"
 2294      00
 2295              	.LASF4:
 2296 01e5 73686F72 		.ascii	"short unsigned int\000"
 2296      7420756E 
 2296      7369676E 
 2296      65642069 
ARM GAS  /tmp/ccOfNLmc.s 			page 43


 2296      6E7400
 2297              	.LASF35:
 2298 01f8 41504231 		.ascii	"APB1LPENR\000"
 2298      4C50454E 
 2298      5200
 2299              	.LASF14:
 2300 0202 63686172 		.ascii	"char\000"
 2300      00
 2301              	.LASF6:
 2302 0207 696E7433 		.ascii	"int32_t\000"
 2302      325F7400 
 2303              	.LASF71:
 2304 020f 50414C43 		.ascii	"PALConfig\000"
 2304      6F6E6669 
 2304      6700
 2305              	.LASF12:
 2306 0219 5F426F6F 		.ascii	"_Bool\000"
 2306      6C00
 2307              	.LASF81:
 2308 021f 6D6F6465 		.ascii	"mode\000"
 2308      00
 2309              	.LASF32:
 2310 0224 41484232 		.ascii	"AHB2LPENR\000"
 2310      4C50454E 
 2310      5200
 2311              	.LASF79:
 2312 022e 706F7274 		.ascii	"port\000"
 2312      00
 2313              	.LASF66:
 2314 0233 50454461 		.ascii	"PEData\000"
 2314      746100
 2315              	.LASF20:
 2316 023a 52455345 		.ascii	"RESERVED0\000"
 2316      52564544 
 2316      3000
 2317              	.LASF23:
 2318 0244 52455345 		.ascii	"RESERVED1\000"
 2318      52564544 
 2318      3100
 2319              	.LASF27:
 2320 024e 52455345 		.ascii	"RESERVED2\000"
 2320      52564544 
 2320      3200
 2321              	.LASF30:
 2322 0258 52455345 		.ascii	"RESERVED3\000"
 2322      52564544 
 2322      3300
 2323              	.LASF34:
 2324 0262 52455345 		.ascii	"RESERVED4\000"
 2324      52564544 
 2324      3400
 2325              	.LASF37:
 2326 026c 52455345 		.ascii	"RESERVED5\000"
 2326      52564544 
 2326      3500
 2327              	.LASF39:
 2328 0276 52455345 		.ascii	"RESERVED6\000"
ARM GAS  /tmp/ccOfNLmc.s 			page 44


 2328      52564544 
 2328      3600
 2329              	.LASF69:
 2330 0280 50484461 		.ascii	"PHData\000"
 2330      746100
 2331              	.LASF24:
 2332 0287 41484231 		.ascii	"AHB1ENR\000"
 2332      454E5200 
 2333              	.LASF85:
 2334 028f 2F686F6D 		.ascii	"/home/dpeter/devel/sources/ChibiOS-RT/os/hal/platfo"
 2334      652F6470 
 2334      65746572 
 2334      2F646576 
 2334      656C2F73 
 2335 02c2 726D732F 		.ascii	"rms/STM32/GPIOv2/pal_lld.c\000"
 2335      53544D33 
 2335      322F4750 
 2335      494F7632 
 2335      2F70616C 
 2336              	.LASF80:
 2337 02dd 6D61736B 		.ascii	"mask\000"
 2337      00
 2338              	.LASF58:
 2339 02e2 70757064 		.ascii	"pupdr\000"
 2339      7200
 2340              	.LASF60:
 2341 02e8 61667268 		.ascii	"afrh\000"
 2341      00
 2342              	.LASF59:
 2343 02ed 6166726C 		.ascii	"afrl\000"
 2343      00
 2344              	.LASF55:
 2345 02f2 6D6F6465 		.ascii	"moder\000"
 2345      7200
 2346              	.LASF17:
 2347 02f8 41484231 		.ascii	"AHB1RSTR\000"
 2347      52535452 
 2347      00
 2348              	.LASF54:
 2349 0301 4750494F 		.ascii	"GPIO_TypeDef\000"
 2349      5F547970 
 2349      65446566 
 2349      00
 2350              	.LASF19:
 2351 030e 41484233 		.ascii	"AHB3RSTR\000"
 2351      52535452 
 2351      00
 2352              	.LASF82:
 2353 0317 616C7472 		.ascii	"altr\000"
 2353      00
 2354              	.LASF87:
 2355 031c 49544D5F 		.ascii	"ITM_RxBuffer\000"
 2355      52784275 
 2355      66666572 
 2355      00
 2356              	.LASF83:
 2357 0329 616C7472 		.ascii	"altrmask\000"
ARM GAS  /tmp/ccOfNLmc.s 			page 45


 2357      6D61736B 
 2357      00
 2358              	.LASF0:
 2359 0332 756E7369 		.ascii	"unsigned int\000"
 2359      676E6564 
 2359      20696E74 
 2359      00
 2360              	.LASF16:
 2361 033f 43464752 		.ascii	"CFGR\000"
 2361      00
 2362              	.LASF42:
 2363 0344 504C4C53 		.ascii	"PLLSAICFGR\000"
 2363      41494346 
 2363      475200
 2364              	.LASF51:
 2365 034f 4C434B52 		.ascii	"LCKR\000"
 2365      00
 2366              	.LASF36:
 2367 0354 41504232 		.ascii	"APB2LPENR\000"
 2367      4C50454E 
 2367      5200
 2368              	.LASF50:
 2369 035e 42535252 		.ascii	"BSRR\000"
 2369      00
 2370              		.ident	"GCC: (Sourcery CodeBench Lite 2013.05-23) 4.7.3"
ARM GAS  /tmp/ccOfNLmc.s 			page 46


DEFINED SYMBOLS
                            *ABS*:00000000 pal_lld.c
     /tmp/ccOfNLmc.s:19     .text._pal_lld_init:00000000 $t
     /tmp/ccOfNLmc.s:25     .text._pal_lld_init:00000000 _pal_lld_init
     /tmp/ccOfNLmc.s:345    .text._pal_lld_init:000001ac $d
     /tmp/ccOfNLmc.s:359    .text._pal_lld_setgroupmode:00000000 $t
     /tmp/ccOfNLmc.s:365    .text._pal_lld_setgroupmode:00000000 _pal_lld_setgroupmode
                     .debug_frame:00000010 $d
     /tmp/ccOfNLmc.s:358    .text._pal_lld_init:000001d4 $t

NO UNDEFINED SYMBOLS
